<?xml version="1.0" encoding="UTF-8"?>
<testsuite xmlns:xsi="http://www.w3.org/2001/XMLSchema-instance" xsi:noNamespaceSchemaLocation="https://maven.apache.org/surefire/maven-surefire-plugin/xsd/surefire-test-report-3.0.xsd" version="3.0" name="TestSuite" time="63.864" tests="1" errors="0" skipped="0" failures="0">
  <properties>
    <property name="sun.desktop" value="windows"/>
    <property name="awt.toolkit" value="sun.awt.windows.WToolkit"/>
    <property name="java.specification.version" value="11"/>
    <property name="sun.cpu.isalist" value="amd64"/>
    <property name="sun.jnu.encoding" value="Cp1252"/>
    <property name="java.class.path" value="C:\Users\T1170\IdeaProjects\Mobile_test_automation\target\test-classes;C:\Users\T1170\IdeaProjects\Mobile_test_automation\target\classes;C:\Users\T1170\.m2\repository\com\aventstack\extentreports\4.0.0\extentreports-4.0.0.jar;C:\Users\T1170\.m2\repository\org\freemarker\freemarker\2.3.23\freemarker-2.3.23.jar;C:\Users\T1170\.m2\repository\org\mongodb\mongodb-driver\3.3.0\mongodb-driver-3.3.0.jar;C:\Users\T1170\.m2\repository\org\mongodb\mongodb-driver-core\3.3.0\mongodb-driver-core-3.3.0.jar;C:\Users\T1170\.m2\repository\org\mongodb\bson\3.3.0\bson-3.3.0.jar;C:\Users\T1170\.m2\repository\org\apache\httpcomponents\httpclient\4.5.2\httpclient-4.5.2.jar;C:\Users\T1170\.m2\repository\org\apache\httpcomponents\httpcore\4.4.4\httpcore-4.4.4.jar;C:\Users\T1170\.m2\repository\commons-codec\commons-codec\1.9\commons-codec-1.9.jar;C:\Users\T1170\.m2\repository\org\apache\httpcomponents\httpmime\4.5.2\httpmime-4.5.2.jar;C:\Users\T1170\.m2\repository\com\google\code\gson\gson\2.8.5\gson-2.8.5.jar;C:\Users\T1170\.m2\repository\commons-validator\commons-validator\1.7\commons-validator-1.7.jar;C:\Users\T1170\.m2\repository\commons-beanutils\commons-beanutils\1.9.4\commons-beanutils-1.9.4.jar;C:\Users\T1170\.m2\repository\commons-digester\commons-digester\2.1\commons-digester-2.1.jar;C:\Users\T1170\.m2\repository\commons-logging\commons-logging\1.2\commons-logging-1.2.jar;C:\Users\T1170\.m2\repository\commons-collections\commons-collections\3.2.2\commons-collections-3.2.2.jar;C:\Users\T1170\.m2\repository\commons-io\commons-io\2.7\commons-io-2.7.jar;C:\Users\T1170\.m2\repository\org\apache\commons\commons-lang3\3.11\commons-lang3-3.11.jar;C:\Users\T1170\.m2\repository\org\slf4j\slf4j-api\1.7.30\slf4j-api-1.7.30.jar;C:\Users\T1170\.m2\repository\org\slf4j\slf4j-simple\1.7.30\slf4j-simple-1.7.30.jar;C:\Users\T1170\.m2\repository\org\testng\testng\6.14.3\testng-6.14.3.jar;C:\Users\T1170\.m2\repository\com\beust\jcommander\1.72\jcommander-1.72.jar;C:\Users\T1170\.m2\repository\org\apache-extras\beanshell\bsh\2.0b6\bsh-2.0b6.jar;C:\Users\T1170\.m2\repository\io\appium\java-client\7.3.0\java-client-7.3.0.jar;C:\Users\T1170\.m2\repository\org\seleniumhq\selenium\selenium-support\3.141.59\selenium-support-3.141.59.jar;C:\Users\T1170\.m2\repository\org\seleniumhq\selenium\selenium-api\3.141.59\selenium-api-3.141.59.jar;C:\Users\T1170\.m2\repository\cglib\cglib\3.2.12\cglib-3.2.12.jar;C:\Users\T1170\.m2\repository\org\ow2\asm\asm\7.1\asm-7.1.jar;C:\Users\T1170\.m2\repository\org\springframework\spring-context\5.1.8.RELEASE\spring-context-5.1.8.RELEASE.jar;C:\Users\T1170\.m2\repository\org\springframework\spring-aop\5.1.8.RELEASE\spring-aop-5.1.8.RELEASE.jar;C:\Users\T1170\.m2\repository\org\springframework\spring-beans\5.1.8.RELEASE\spring-beans-5.1.8.RELEASE.jar;C:\Users\T1170\.m2\repository\org\springframework\spring-core\5.1.8.RELEASE\spring-core-5.1.8.RELEASE.jar;C:\Users\T1170\.m2\repository\org\springframework\spring-jcl\5.1.8.RELEASE\spring-jcl-5.1.8.RELEASE.jar;C:\Users\T1170\.m2\repository\org\springframework\spring-expression\5.1.8.RELEASE\spring-expression-5.1.8.RELEASE.jar;C:\Users\T1170\.m2\repository\org\aspectj\aspectjweaver\1.9.4\aspectjweaver-1.9.4.jar;C:\Users\T1170\.m2\repository\org\seleniumhq\selenium\selenium-java\3.141.59\selenium-java-3.141.59.jar;C:\Users\T1170\.m2\repository\org\seleniumhq\selenium\selenium-chrome-driver\3.141.59\selenium-chrome-driver-3.141.59.jar;C:\Users\T1170\.m2\repository\org\seleniumhq\selenium\selenium-edge-driver\3.141.59\selenium-edge-driver-3.141.59.jar;C:\Users\T1170\.m2\repository\org\seleniumhq\selenium\selenium-firefox-driver\3.141.59\selenium-firefox-driver-3.141.59.jar;C:\Users\T1170\.m2\repository\org\seleniumhq\selenium\selenium-ie-driver\3.141.59\selenium-ie-driver-3.141.59.jar;C:\Users\T1170\.m2\repository\org\seleniumhq\selenium\selenium-opera-driver\3.141.59\selenium-opera-driver-3.141.59.jar;C:\Users\T1170\.m2\repository\org\seleniumhq\selenium\selenium-remote-driver\3.141.59\selenium-remote-driver-3.141.59.jar;C:\Users\T1170\.m2\repository\org\seleniumhq\selenium\selenium-safari-driver\3.141.59\selenium-safari-driver-3.141.59.jar;C:\Users\T1170\.m2\repository\net\bytebuddy\byte-buddy\1.8.15\byte-buddy-1.8.15.jar;C:\Users\T1170\.m2\repository\org\apache\commons\commons-exec\1.3\commons-exec-1.3.jar;C:\Users\T1170\.m2\repository\com\google\guava\guava\25.0-jre\guava-25.0-jre.jar;C:\Users\T1170\.m2\repository\com\google\code\findbugs\jsr305\1.3.9\jsr305-1.3.9.jar;C:\Users\T1170\.m2\repository\org\checkerframework\checker-compat-qual\2.0.0\checker-compat-qual-2.0.0.jar;C:\Users\T1170\.m2\repository\com\google\errorprone\error_prone_annotations\2.1.3\error_prone_annotations-2.1.3.jar;C:\Users\T1170\.m2\repository\com\google\j2objc\j2objc-annotations\1.1\j2objc-annotations-1.1.jar;C:\Users\T1170\.m2\repository\org\codehaus\mojo\animal-sniffer-annotations\1.14\animal-sniffer-annotations-1.14.jar;C:\Users\T1170\.m2\repository\com\squareup\okhttp3\okhttp\3.11.0\okhttp-3.11.0.jar;C:\Users\T1170\.m2\repository\com\squareup\okio\okio\1.14.0\okio-1.14.0.jar;"/>
    <property name="java.vm.vendor" value="Oracle Corporation"/>
    <property name="sun.arch.data.model" value="64"/>
    <property name="user.variant" value=""/>
    <property name="java.vendor.url" value="https://openjdk.java.net/"/>
    <property name="user.timezone" value="Europe/Helsinki"/>
    <property name="user.country.format" value="LT"/>
    <property name="java.vm.specification.version" value="11"/>
    <property name="os.name" value="Windows 10"/>
    <property name="sun.java.launcher" value="SUN_STANDARD"/>
    <property name="user.country" value="US"/>
    <property name="sun.boot.library.path" value="C:\Program Files\Java\jdk-11.0.8\bin"/>
    <property name="sun.java.command" value="C:\Users\T1170\AppData\Local\Temp\surefire9599068599625279688\surefirebooter17038800588618705592.jar C:\Users\T1170\AppData\Local\Temp\surefire9599068599625279688 2020-09-08T11-01-56_933-jvmRun1 surefire3396960538988247704tmp surefire_04542468469931579295tmp"/>
    <property name="jdk.debug" value="release"/>
    <property name="surefire.test.class.path" value="C:\Users\T1170\IdeaProjects\Mobile_test_automation\target\test-classes;C:\Users\T1170\IdeaProjects\Mobile_test_automation\target\classes;C:\Users\T1170\.m2\repository\com\aventstack\extentreports\4.0.0\extentreports-4.0.0.jar;C:\Users\T1170\.m2\repository\org\freemarker\freemarker\2.3.23\freemarker-2.3.23.jar;C:\Users\T1170\.m2\repository\org\mongodb\mongodb-driver\3.3.0\mongodb-driver-3.3.0.jar;C:\Users\T1170\.m2\repository\org\mongodb\mongodb-driver-core\3.3.0\mongodb-driver-core-3.3.0.jar;C:\Users\T1170\.m2\repository\org\mongodb\bson\3.3.0\bson-3.3.0.jar;C:\Users\T1170\.m2\repository\org\apache\httpcomponents\httpclient\4.5.2\httpclient-4.5.2.jar;C:\Users\T1170\.m2\repository\org\apache\httpcomponents\httpcore\4.4.4\httpcore-4.4.4.jar;C:\Users\T1170\.m2\repository\commons-codec\commons-codec\1.9\commons-codec-1.9.jar;C:\Users\T1170\.m2\repository\org\apache\httpcomponents\httpmime\4.5.2\httpmime-4.5.2.jar;C:\Users\T1170\.m2\repository\com\google\code\gson\gson\2.8.5\gson-2.8.5.jar;C:\Users\T1170\.m2\repository\commons-validator\commons-validator\1.7\commons-validator-1.7.jar;C:\Users\T1170\.m2\repository\commons-beanutils\commons-beanutils\1.9.4\commons-beanutils-1.9.4.jar;C:\Users\T1170\.m2\repository\commons-digester\commons-digester\2.1\commons-digester-2.1.jar;C:\Users\T1170\.m2\repository\commons-logging\commons-logging\1.2\commons-logging-1.2.jar;C:\Users\T1170\.m2\repository\commons-collections\commons-collections\3.2.2\commons-collections-3.2.2.jar;C:\Users\T1170\.m2\repository\commons-io\commons-io\2.7\commons-io-2.7.jar;C:\Users\T1170\.m2\repository\org\apache\commons\commons-lang3\3.11\commons-lang3-3.11.jar;C:\Users\T1170\.m2\repository\org\slf4j\slf4j-api\1.7.30\slf4j-api-1.7.30.jar;C:\Users\T1170\.m2\repository\org\slf4j\slf4j-simple\1.7.30\slf4j-simple-1.7.30.jar;C:\Users\T1170\.m2\repository\org\testng\testng\6.14.3\testng-6.14.3.jar;C:\Users\T1170\.m2\repository\com\beust\jcommander\1.72\jcommander-1.72.jar;C:\Users\T1170\.m2\repository\org\apache-extras\beanshell\bsh\2.0b6\bsh-2.0b6.jar;C:\Users\T1170\.m2\repository\io\appium\java-client\7.3.0\java-client-7.3.0.jar;C:\Users\T1170\.m2\repository\org\seleniumhq\selenium\selenium-support\3.141.59\selenium-support-3.141.59.jar;C:\Users\T1170\.m2\repository\org\seleniumhq\selenium\selenium-api\3.141.59\selenium-api-3.141.59.jar;C:\Users\T1170\.m2\repository\cglib\cglib\3.2.12\cglib-3.2.12.jar;C:\Users\T1170\.m2\repository\org\ow2\asm\asm\7.1\asm-7.1.jar;C:\Users\T1170\.m2\repository\org\springframework\spring-context\5.1.8.RELEASE\spring-context-5.1.8.RELEASE.jar;C:\Users\T1170\.m2\repository\org\springframework\spring-aop\5.1.8.RELEASE\spring-aop-5.1.8.RELEASE.jar;C:\Users\T1170\.m2\repository\org\springframework\spring-beans\5.1.8.RELEASE\spring-beans-5.1.8.RELEASE.jar;C:\Users\T1170\.m2\repository\org\springframework\spring-core\5.1.8.RELEASE\spring-core-5.1.8.RELEASE.jar;C:\Users\T1170\.m2\repository\org\springframework\spring-jcl\5.1.8.RELEASE\spring-jcl-5.1.8.RELEASE.jar;C:\Users\T1170\.m2\repository\org\springframework\spring-expression\5.1.8.RELEASE\spring-expression-5.1.8.RELEASE.jar;C:\Users\T1170\.m2\repository\org\aspectj\aspectjweaver\1.9.4\aspectjweaver-1.9.4.jar;C:\Users\T1170\.m2\repository\org\seleniumhq\selenium\selenium-java\3.141.59\selenium-java-3.141.59.jar;C:\Users\T1170\.m2\repository\org\seleniumhq\selenium\selenium-chrome-driver\3.141.59\selenium-chrome-driver-3.141.59.jar;C:\Users\T1170\.m2\repository\org\seleniumhq\selenium\selenium-edge-driver\3.141.59\selenium-edge-driver-3.141.59.jar;C:\Users\T1170\.m2\repository\org\seleniumhq\selenium\selenium-firefox-driver\3.141.59\selenium-firefox-driver-3.141.59.jar;C:\Users\T1170\.m2\repository\org\seleniumhq\selenium\selenium-ie-driver\3.141.59\selenium-ie-driver-3.141.59.jar;C:\Users\T1170\.m2\repository\org\seleniumhq\selenium\selenium-opera-driver\3.141.59\selenium-opera-driver-3.141.59.jar;C:\Users\T1170\.m2\repository\org\seleniumhq\selenium\selenium-remote-driver\3.141.59\selenium-remote-driver-3.141.59.jar;C:\Users\T1170\.m2\repository\org\seleniumhq\selenium\selenium-safari-driver\3.141.59\selenium-safari-driver-3.141.59.jar;C:\Users\T1170\.m2\repository\net\bytebuddy\byte-buddy\1.8.15\byte-buddy-1.8.15.jar;C:\Users\T1170\.m2\repository\org\apache\commons\commons-exec\1.3\commons-exec-1.3.jar;C:\Users\T1170\.m2\repository\com\google\guava\guava\25.0-jre\guava-25.0-jre.jar;C:\Users\T1170\.m2\repository\com\google\code\findbugs\jsr305\1.3.9\jsr305-1.3.9.jar;C:\Users\T1170\.m2\repository\org\checkerframework\checker-compat-qual\2.0.0\checker-compat-qual-2.0.0.jar;C:\Users\T1170\.m2\repository\com\google\errorprone\error_prone_annotations\2.1.3\error_prone_annotations-2.1.3.jar;C:\Users\T1170\.m2\repository\com\google\j2objc\j2objc-annotations\1.1\j2objc-annotations-1.1.jar;C:\Users\T1170\.m2\repository\org\codehaus\mojo\animal-sniffer-annotations\1.14\animal-sniffer-annotations-1.14.jar;C:\Users\T1170\.m2\repository\com\squareup\okhttp3\okhttp\3.11.0\okhttp-3.11.0.jar;C:\Users\T1170\.m2\repository\com\squareup\okio\okio\1.14.0\okio-1.14.0.jar;"/>
    <property name="sun.cpu.endian" value="little"/>
    <property name="user.home" value="C:\Users\T1170"/>
    <property name="user.language" value="en"/>
    <property name="java.specification.vendor" value="Oracle Corporation"/>
    <property name="java.version.date" value="2020-07-14"/>
    <property name="java.home" value="C:\Program Files\Java\jdk-11.0.8"/>
    <property name="file.separator" value="\"/>
    <property name="basedir" value="C:\Users\T1170\IdeaProjects\Mobile_test_automation"/>
    <property name="java.vm.compressedOopsMode" value="Zero based"/>
    <property name="line.separator" value="&#10;"/>
    <property name="java.specification.name" value="Java Platform API Specification"/>
    <property name="java.vm.specification.vendor" value="Oracle Corporation"/>
    <property name="java.awt.graphicsenv" value="sun.awt.Win32GraphicsEnvironment"/>
    <property name="surefire.real.class.path" value="C:\Users\T1170\AppData\Local\Temp\surefire9599068599625279688\surefirebooter17038800588618705592.jar"/>
    <property name="user.script" value=""/>
    <property name="sun.management.compiler" value="HotSpot 64-Bit Tiered Compilers"/>
    <property name="java.runtime.version" value="11.0.8+10-LTS"/>
    <property name="user.name" value="T1170"/>
    <property name="path.separator" value=";"/>
    <property name="os.version" value="10.0"/>
    <property name="java.runtime.name" value="Java(TM) SE Runtime Environment"/>
    <property name="file.encoding" value="Cp1252"/>
    <property name="java.vm.name" value="Java HotSpot(TM) 64-Bit Server VM"/>
    <property name="java.vendor.version" value="18.9"/>
    <property name="localRepository" value="C:\Users\T1170\.m2\repository"/>
    <property name="java.vendor.url.bug" value="https://bugreport.java.com/bugreport/"/>
    <property name="java.io.tmpdir" value="C:\Users\T1170\AppData\Local\Temp\"/>
    <property name="java.version" value="11.0.8"/>
    <property name="user.dir" value="C:\Users\T1170\IdeaProjects\Mobile_test_automation"/>
    <property name="os.arch" value="amd64"/>
    <property name="java.vm.specification.name" value="Java Virtual Machine Specification"/>
    <property name="java.awt.printerjob" value="sun.awt.windows.WPrinterJob"/>
    <property name="user.language.format" value="lt"/>
    <property name="sun.os.patch.level" value=""/>
    <property name="java.library.path" value="C:\Program Files\Java\jdk-11.0.8\bin;C:\WINDOWS\Sun\Java\bin;C:\WINDOWS\system32;C:\WINDOWS;C:\Python38\Scripts\;C:\Python38\;C:\Program Files\Common Files\Oracle\Java\javapath;C:\WINDOWS\system32;C:\WINDOWS;C:\WINDOWS\System32\Wbem;C:\WINDOWS\System32\WindowsPowerShell\v1.0\;C:\WINDOWS\System32\OpenSSH\;C:\Program Files\Git\cmd;C:\Program Files (x86)\Yarn\bin\;C:\Users\T1170\AppData\Local\Android\Sdk\platform-tools;C:\Users\T1170\AppData\Local\Android\Sdk\tools;C:\Users\T1170\AppData\Local\Android\Sdk\tools\bin;C:\Program Files\CMake\bin;C:\Users\T1170\apache-maven-3.6.3\bin;C:\Program Files\Java\jdk-11.0.8\bin;C:\ProgramData\chocolatey\bin;C:\Program Files\nodejs\;C:\Users\T1170\.windows-build-tools\python27\;C:\Users\T1170\.windows-build-tools\python27\;C:\Users\T1170\AppData\Local\Microsoft\WindowsApps;C:\Users\T1170\AppData\Local\Yarn\bin;C:\ffmpeg\bin;C:\gstreamer\1.0\x86_64\bin;C:\Users\T1170\AppData\Local\Microsoft\WindowsApps;C:\Program Files\JetBrains\IntelliJ IDEA Community Edition 2020.1.2\bin;;C:\Users\T1170\apache-maven-3.6.3\bin;C:\Users\T1170\AppData\Roaming\npm;."/>
    <property name="java.vendor" value="Oracle Corporation"/>
    <property name="java.vm.info" value="mixed mode"/>
    <property name="java.vm.version" value="11.0.8+10-LTS"/>
    <property name="sun.io.unicode.encoding" value="UnicodeLittle"/>
    <property name="java.class.version" value="55.0"/>
  </properties>
  <testcase name="SecureNoteTest" classname="practise.SecureNoteItem_Create_Edit_Delete" time="59.763">
    <system-out><![CDATA[[TestNGContentHandler] [WARN] It is strongly recommended to add "<!DOCTYPE suite SYSTEM "http://testng.org/testng-1.0.dtd" >" at the top of your file, otherwise TestNG may fail or not work as expected.
&amp#27;[35m[Appium]&amp#27;[39m Welcome to Appium v1.18.0
&amp#27;[35m[Appium]&amp#27;[39m Appium REST http interface listener started on 0.0.0.0:4723
&amp#27;[35m[HTTP]&amp#27;[39m &amp#27;[37m-->&amp#27;[39m &amp#27;[37mGET&amp#27;[39m &amp#27;[37m/wd/hub/status&amp#27;[39m
&amp#27;[35m[HTTP]&amp#27;[39m &amp#27;[90m{}&amp#27;[39m
[debug] &amp#27;[35m[GENERIC]&amp#27;[39m Calling AppiumDriver.getStatus() with args: []
[debug] &amp#27;[35m[GENERIC]&amp#27;[39m Responding to client with driver.getStatus() result: {"build":{"version":"1.18.0"}}
&amp#27;[35m[HTTP]&amp#27;[39m &amp#27;[37m<-- GET /wd/hub/status &amp#27;[39m&amp#27;[32m200&amp#27;[39m &amp#27;[90m4 ms - 68&amp#27;[39m
&amp#27;[35m[HTTP]&amp#27;[39m &amp#27;[90m&amp#27;[39m
Starting Emulator
&amp#27;[35m[HTTP]&amp#27;[39m &amp#27;[37m-->&amp#27;[39m &amp#27;[37mPOST&amp#27;[39m &amp#27;[37m/wd/hub/session&amp#27;[39m
&amp#27;[35m[HTTP]&amp#27;[39m &amp#27;[90m{"desiredCapabilities":{"app":"C:\\Users\\T1170\\IdeaProjects\\Mobile_test_automation\\src\\Nordpass.apk","appActivity":"com.nordpass.android.ui.splash.SplashActivity","appPackage":"com.nordpass.android.app.password.manager","noReset":"false","platformName":"android","deviceName":"emulator-5553"},"capabilities":{"firstMatch":[{"appium:app":"C:\\Users\\T1170\\IdeaProjects\\Mobile_test_automation\\src\\Nordpass.apk","appium:appActivity":"com.nordpass.android.ui.splash.SplashActivity","appium:appPackage":"com.nordpass.android.app.password.manager","appium:deviceName":"emulator-5553","appium:noReset":"false","platformName":"android"}]}}&amp#27;[39m
[debug] &amp#27;[35m[W3C]&amp#27;[39m Calling AppiumDriver.createSession() with args: [{"app":"C:\\Users\\T1170\\IdeaProjects\\Mobile_test_automation\\src\\Nordpass.apk","appActivity":"com.nordpass.android.ui.splash.SplashActivity","appPackage":"com.nordpass.android.app.password.manager","noReset":"false","platformName":"android","deviceName":"emulator-5553"},null,{"firstMatch":[{"appium:app":"C:\\Users\\T1170\\IdeaProjects\\Mobile_test_automation\\src\\Nordpass.apk","appium:appActivity":"com.nordpass.android.ui.splash.SplashActivity","appium:appPackage":"com.nordpass.android.app.password.manager","appium:deviceName":"emulator-5553","appium:noReset":"false","platformName":"android"}]}]
[debug] &amp#27;[35m[BaseDriver]&amp#27;[39m Event 'newSessionRequested' logged at 1599552129300 (11:02:09 GMT+0300 (GMT+03:00))
&amp#27;[35m[Appium]&amp#27;[39m 
&amp#27;[35m[Appium]&amp#27;[39m ======================================================================
&amp#27;[35m[Appium]&amp#27;[39m   DEPRECATION WARNING:
&amp#27;[35m[Appium]&amp#27;[39m 
&amp#27;[35m[Appium]&amp#27;[39m   The 'automationName' capability was not provided in the desired 
&amp#27;[35m[Appium]&amp#27;[39m   capabilities for this Android session
&amp#27;[35m[Appium]&amp#27;[39m 
&amp#27;[35m[Appium]&amp#27;[39m   Setting 'automationName=UiAutomator2' by default and using the 
&amp#27;[35m[Appium]&amp#27;[39m   UiAutomator2 Driver
&amp#27;[35m[Appium]&amp#27;[39m 
&amp#27;[35m[Appium]&amp#27;[39m   The next major version of Appium (2.x) will **require** the 
&amp#27;[35m[Appium]&amp#27;[39m   'automationName' capability to be set for all sessions on all 
&amp#27;[35m[Appium]&amp#27;[39m   platforms
&amp#27;[35m[Appium]&amp#27;[39m 
&amp#27;[35m[Appium]&amp#27;[39m   In previous versions (Appium <= 1.13.x), the default was 
&amp#27;[35m[Appium]&amp#27;[39m   'automationName=UiAutomator1'
&amp#27;[35m[Appium]&amp#27;[39m 
&amp#27;[35m[Appium]&amp#27;[39m   If you wish to use that automation instead of UiAutomator2, please 
&amp#27;[35m[Appium]&amp#27;[39m   add 'automationName=UiAutomator1' to your desired capabilities
&amp#27;[35m[Appium]&amp#27;[39m 
&amp#27;[35m[Appium]&amp#27;[39m   For more information about drivers, please visit 
&amp#27;[35m[Appium]&amp#27;[39m   http://appium.io/docs/en/about-appium/intro/ and explore the 
&amp#27;[35m[Appium]&amp#27;[39m   'Drivers' menu
&amp#27;[35m[Appium]&amp#27;[39m 
&amp#27;[35m[Appium]&amp#27;[39m ======================================================================
&amp#27;[35m[Appium]&amp#27;[39m 
&amp#27;[35m[Appium]&amp#27;[39m Appium v1.18.0 creating new AndroidUiautomator2Driver (v1.56.1) session
[debug] &amp#27;[35m[BaseDriver]&amp#27;[39m W3C capabilities and MJSONWP desired capabilities were provided
[debug] &amp#27;[35m[BaseDriver]&amp#27;[39m Creating session with W3C capabilities: {
[debug] &amp#27;[35m[BaseDriver]&amp#27;[39m   "alwaysMatch": {
[debug] &amp#27;[35m[BaseDriver]&amp#27;[39m     "platformName": "android",
[debug] &amp#27;[35m[BaseDriver]&amp#27;[39m     "appium:app": "C:\\Users\\T1170\\IdeaProjects\\Mobile_test_automation\\src\\Nordpass.apk",
[debug] &amp#27;[35m[BaseDriver]&amp#27;[39m     "appium:appActivity": "com.nordpass.android.ui.splash.SplashActivity",
[debug] &amp#27;[35m[BaseDriver]&amp#27;[39m     "appium:appPackage": "com.nordpass.android.app.password.manager",
[debug] &amp#27;[35m[BaseDriver]&amp#27;[39m     "appium:deviceName": "emulator-5553",
[debug] &amp#27;[35m[BaseDriver]&amp#27;[39m     "appium:noReset": "false"
[debug] &amp#27;[35m[BaseDriver]&amp#27;[39m   },
[debug] &amp#27;[35m[BaseDriver]&amp#27;[39m   "firstMatch": [
[debug] &amp#27;[35m[BaseDriver]&amp#27;[39m     {}
[debug] &amp#27;[35m[BaseDriver]&amp#27;[39m   ]
[debug] &amp#27;[35m[BaseDriver]&amp#27;[39m }
&amp#27;[35m[BaseDriver]&amp#27;[39m Capability 'noReset' changed from string to boolean. This may cause unexpected behavior
&amp#27;[35m[BaseDriver]&amp#27;[39m Session created with session id: 63091ffb-25ba-4690-9602-bf41739ac2c6
&amp#27;[35m[BaseDriver]&amp#27;[39m Using local app 'C:\Users\T1170\IdeaProjects\Mobile_test_automation\src\Nordpass.apk'
[debug] &amp#27;[35m[UiAutomator2]&amp#27;[39m Checking whether app is actually present
&amp#27;[35m[ADB]&amp#27;[39m Found 3 'build-tools' folders under 'C:\Users\T1170\AppData\Local\Android\Sdk' (newest first):
&amp#27;[35m[ADB]&amp#27;[39m     C:/Users/T1170/AppData/Local/Android/Sdk/build-tools/30.0.0
&amp#27;[35m[ADB]&amp#27;[39m     C:/Users/T1170/AppData/Local/Android/Sdk/build-tools/29.0.3
&amp#27;[35m[ADB]&amp#27;[39m     C:/Users/T1170/AppData/Local/Android/Sdk/build-tools/25.0.3
&amp#27;[35m[ADB]&amp#27;[39m Using 'adb.exe' from 'C:\Users\T1170\AppData\Local\Android\Sdk\platform-tools\adb.exe'
[debug] &amp#27;[35m[ADB]&amp#27;[39m Running 'C:\Users\T1170\AppData\Local\Android\Sdk\platform-tools\adb.exe -P 5037 start-server'
&amp#27;[35m[AndroidDriver]&amp#27;[39m Retrieving device list
[debug] &amp#27;[35m[ADB]&amp#27;[39m Trying to find a connected android device
[debug] &amp#27;[35m[ADB]&amp#27;[39m Getting connected devices
[debug] &amp#27;[35m[ADB]&amp#27;[39m Connected devices: [{"udid":"emulator-5554","state":"device"}]
&amp#27;[35m[AndroidDriver]&amp#27;[39m Using device: emulator-5554
&amp#27;[35m[ADB]&amp#27;[39m Using 'adb.exe' from 'C:\Users\T1170\AppData\Local\Android\Sdk\platform-tools\adb.exe'
[debug] &amp#27;[35m[ADB]&amp#27;[39m Running 'C:\Users\T1170\AppData\Local\Android\Sdk\platform-tools\adb.exe -P 5037 start-server'
[debug] &amp#27;[35m[ADB]&amp#27;[39m Setting device id to emulator-5554
[debug] &amp#27;[35m[ADB]&amp#27;[39m Running 'C:\Users\T1170\AppData\Local\Android\Sdk\platform-tools\adb.exe -P 5037 -s emulator-5554 shell getprop ro.build.version.sdk'
[debug] &amp#27;[35m[ADB]&amp#27;[39m Current device property 'ro.build.version.sdk': 29
&amp#27;[35m[ADB]&amp#27;[39m Getting device platform version
[debug] &amp#27;[35m[ADB]&amp#27;[39m Running 'C:\Users\T1170\AppData\Local\Android\Sdk\platform-tools\adb.exe -P 5037 -s emulator-5554 shell getprop ro.build.version.release'
[debug] &amp#27;[35m[ADB]&amp#27;[39m Current device property 'ro.build.version.release': 10
[debug] &amp#27;[35m[ADB]&amp#27;[39m Device API level: 29
&amp#27;[35m[UiAutomator2]&amp#27;[39m Relaxing hidden api policy
[debug] &amp#27;[35m[ADB]&amp#27;[39m Running 'C:\Users\T1170\AppData\Local\Android\Sdk\platform-tools\adb.exe -P 5037 -s emulator-5554 shell 'settings put global hidden_api_policy_pre_p_apps 1;settings put global hidden_api_policy_p_apps 1;settings put global hidden_api_policy 1''
[debug] &amp#27;[35m[ADB]&amp#27;[39m Running 'C:\Users\T1170\AppData\Local\Android\Sdk\platform-tools\adb.exe -P 5037 -s emulator-5554 wait-for-device'
[debug] &amp#27;[35m[ADB]&amp#27;[39m Running 'C:\Users\T1170\AppData\Local\Android\Sdk\platform-tools\adb.exe -P 5037 -s emulator-5554 shell echo ping'
[debug] &amp#27;[35m[AndroidDriver]&amp#27;[39m Pushing settings apk to device...
[debug] &amp#27;[35m[ADB]&amp#27;[39m Getting install status for io.appium.settings
[debug] &amp#27;[35m[ADB]&amp#27;[39m Running 'C:\Users\T1170\AppData\Local\Android\Sdk\platform-tools\adb.exe -P 5037 -s emulator-5554 shell dumpsys package io.appium.settings'
[debug] &amp#27;[35m[ADB]&amp#27;[39m 'io.appium.settings' is installed
[debug] &amp#27;[35m[ADB]&amp#27;[39m Getting package info for 'io.appium.settings'
[debug] &amp#27;[35m[ADB]&amp#27;[39m Running 'C:\Users\T1170\AppData\Local\Android\Sdk\platform-tools\adb.exe -P 5037 -s emulator-5554 shell dumpsys package io.appium.settings'
[debug] &amp#27;[35m[ADB]&amp#27;[39m The version name of the installed 'io.appium.settings' is greater or equal to the application version name ('3.2.0' >= '3.2.0')
[debug] &amp#27;[35m[ADB]&amp#27;[39m There is no need to install/upgrade 'C:\Users\T1170\AppData\Roaming\npm\node_modules\appium\node_modules\io.appium.settings\apks\settings_apk-debug.apk'
[debug] &amp#27;[35m[ADB]&amp#27;[39m Getting IDs of all 'io.appium.settings' processes
[debug] &amp#27;[35m[ADB]&amp#27;[39m Running 'C:\Users\T1170\AppData\Local\Android\Sdk\platform-tools\adb.exe -P 5037 -s emulator-5554 shell 'pgrep --help; echo $?''
[debug] &amp#27;[35m[ADB]&amp#27;[39m Running 'C:\Users\T1170\AppData\Local\Android\Sdk\platform-tools\adb.exe -P 5037 -s emulator-5554 shell pgrep -f io\\.appium\\.settings'
[debug] &amp#27;[35m[AndroidDriver]&amp#27;[39m io.appium.settings is already running. There is no need to reset its permissions.
[debug] &amp#27;[35m[Logcat]&amp#27;[39m Starting logs capture with command: C:\\Users\\T1170\\AppData\\Local\\Android\\Sdk\\platform-tools\\adb.exe -P 5037 -s emulator-5554 logcat -v threadtime
[debug] &amp#27;[35m[UiAutomator2]&amp#27;[39m Forwarding UiAutomator2 Server port 6790 to 8200
[debug] &amp#27;[35m[ADB]&amp#27;[39m Forwarding system: 8200 to device: 6790
[debug] &amp#27;[35m[ADB]&amp#27;[39m Running 'C:\Users\T1170\AppData\Local\Android\Sdk\platform-tools\adb.exe -P 5037 -s emulator-5554 forward tcp\:8200 tcp\:6790'
[debug] &amp#27;[35m[ADB]&amp#27;[39m Getting install status for io.appium.uiautomator2.server
[debug] &amp#27;[35m[ADB]&amp#27;[39m Running 'C:\Users\T1170\AppData\Local\Android\Sdk\platform-tools\adb.exe -P 5037 -s emulator-5554 shell dumpsys package io.appium.uiautomator2.server'
[debug] &amp#27;[35m[ADB]&amp#27;[39m 'io.appium.uiautomator2.server' is installed
[debug] &amp#27;[35m[ADB]&amp#27;[39m Getting package info for 'io.appium.uiautomator2.server'
[debug] &amp#27;[35m[ADB]&amp#27;[39m Running 'C:\Users\T1170\AppData\Local\Android\Sdk\platform-tools\adb.exe -P 5037 -s emulator-5554 shell dumpsys package io.appium.uiautomator2.server'
[debug] &amp#27;[35m[ADB]&amp#27;[39m The version name of the installed 'io.appium.uiautomator2.server' is greater or equal to the application version name ('4.11.0' >= '4.11.0')
[debug] &amp#27;[35m[UiAutomator2]&amp#27;[39m io.appium.uiautomator2.server installation state: sameVersionInstalled
[debug] &amp#27;[35m[ADB]&amp#27;[39m Checking app cert for C:\Users\T1170\AppData\Roaming\npm\node_modules\appium\node_modules\appium-uiautomator2-server\apks\appium-uiautomator2-server-v4.11.0.apk
&amp#27;[35m[ADB]&amp#27;[39m Using 'apksigner.jar' from 'C:\Users\T1170\AppData\Local\Android\Sdk\build-tools\30.0.0\lib\apksigner.jar'
[debug] &amp#27;[35m[ADB]&amp#27;[39m Starting apksigner: 'C:\\Program Files\\Java\\jdk-11.0.8\\bin\\java.exe' -Xmx1024M -Xss1m -jar C:\\Users\\T1170\\AppData\\Local\\Android\\Sdk\\build-tools\\30.0.0\\lib\\apksigner.jar verify --print-certs C:\\Users\\T1170\\AppData\\Roaming\\npm\\node_modules\\appium\\node_modules\\appium-uiautomator2-server\\apks\\appium-uiautomator2-server-v4.11.0.apk
[debug] &amp#27;[35m[ADB]&amp#27;[39m apksigner stdout: Signer #1 certificate DN: EMAILADDRESS=android@android.com, CN=Android, OU=Android, O=Android, L=Mountain View, ST=California, C=US
[debug] &amp#27;[35m[ADB]&amp#27;[39m Signer #1 certificate SHA-256 digest: a40da80a59d170caa950cf15c18c454d47a39b26989d8b640ecd745ba71bf5dc
[debug] &amp#27;[35m[ADB]&amp#27;[39m Signer #1 certificate SHA-1 digest: 61ed377e85d386a8dfee6b864bd85b0bfaa5af81
[debug] &amp#27;[35m[ADB]&amp#27;[39m Signer #1 certificate MD5 digest: e89b158e4bcf988ebd09eb83f5378e87
[debug] &amp#27;[35m[ADB]&amp#27;[39m 
[debug] &amp#27;[35m[ADB]&amp#27;[39m 'C:\Users\T1170\AppData\Roaming\npm\node_modules\appium\node_modules\appium-uiautomator2-server\apks\appium-uiautomator2-server-v4.11.0.apk' is signed with the default certificate
[debug] &amp#27;[35m[ADB]&amp#27;[39m Getting install status for io.appium.uiautomator2.server.test
[debug] &amp#27;[35m[ADB]&amp#27;[39m Running 'C:\Users\T1170\AppData\Local\Android\Sdk\platform-tools\adb.exe -P 5037 -s emulator-5554 shell dumpsys package io.appium.uiautomator2.server.test'
[debug] &amp#27;[35m[ADB]&amp#27;[39m 'io.appium.uiautomator2.server.test' is installed
[debug] &amp#27;[35m[ADB]&amp#27;[39m Checking app cert for C:\Users\T1170\AppData\Roaming\npm\node_modules\appium\node_modules\appium-uiautomator2-server\apks\appium-uiautomator2-server-debug-androidTest.apk
[debug] &amp#27;[35m[ADB]&amp#27;[39m Starting apksigner: 'C:\\Program Files\\Java\\jdk-11.0.8\\bin\\java.exe' -Xmx1024M -Xss1m -jar C:\\Users\\T1170\\AppData\\Local\\Android\\Sdk\\build-tools\\30.0.0\\lib\\apksigner.jar verify --print-certs C:\\Users\\T1170\\AppData\\Roaming\\npm\\node_modules\\appium\\node_modules\\appium-uiautomator2-server\\apks\\appium-uiautomator2-server-debug-androidTest.apk
[debug] &amp#27;[35m[ADB]&amp#27;[39m apksigner stdout: Signer #1 certificate DN: EMAILADDRESS=android@android.com, CN=Android, OU=Android, O=Android, L=Mountain View, ST=California, C=US
[debug] &amp#27;[35m[ADB]&amp#27;[39m Signer #1 certificate SHA-256 digest: a40da80a59d170caa950cf15c18c454d47a39b26989d8b640ecd745ba71bf5dc
[debug] &amp#27;[35m[ADB]&amp#27;[39m Signer #1 certificate SHA-1 digest: 61ed377e85d386a8dfee6b864bd85b0bfaa5af81
[debug] &amp#27;[35m[ADB]&amp#27;[39m Signer #1 certificate MD5 digest: e89b158e4bcf988ebd09eb83f5378e87
[debug] &amp#27;[35m[ADB]&amp#27;[39m 
[debug] &amp#27;[35m[ADB]&amp#27;[39m 'C:\Users\T1170\AppData\Roaming\npm\node_modules\appium\node_modules\appium-uiautomator2-server\apks\appium-uiautomator2-server-debug-androidTest.apk' is signed with the default certificate
&amp#27;[35m[UiAutomator2]&amp#27;[39m Server packages are not going to be (re)installed
[debug] &amp#27;[35m[UiAutomator2]&amp#27;[39m Waiting up to 30000ms for services to be available
[debug] &amp#27;[35m[ADB]&amp#27;[39m Running 'C:\Users\T1170\AppData\Local\Android\Sdk\platform-tools\adb.exe -P 5037 -s emulator-5554 shell pm list instrumentation'
[debug] &amp#27;[35m[UiAutomator2]&amp#27;[39m Instrumentation target 'io.appium.uiautomator2.server.test/androidx.test.runner.AndroidJUnitRunner' is available
[debug] &amp#27;[35m[ADB]&amp#27;[39m Checking app cert for C:\Users\T1170\IdeaProjects\Mobile_test_automation\src\Nordpass.apk
[debug] &amp#27;[35m[ADB]&amp#27;[39m Starting apksigner: 'C:\\Program Files\\Java\\jdk-11.0.8\\bin\\java.exe' -Xmx1024M -Xss1m -jar C:\\Users\\T1170\\AppData\\Local\\Android\\Sdk\\build-tools\\30.0.0\\lib\\apksigner.jar verify --print-certs C:\\Users\\T1170\\IdeaProjects\\Mobile_test_automation\\src\\Nordpass.apk
[debug] &amp#27;[35m[ADB]&amp#27;[39m apksigner stdout: Signer #1 certificate DN: O=NordPass
[debug] &amp#27;[35m[ADB]&amp#27;[39m Signer #1 certificate SHA-256 digest: 0be5956d40deb2111ade05fa72b9258f4f278e4da9ec09ad0c004dae957f2047
[debug] &amp#27;[35m[ADB]&amp#27;[39m Signer #1 certificate SHA-1 digest: 3cb64e297626bafbbc6c09e9af914c8734a9d284
[debug] &amp#27;[35m[ADB]&amp#27;[39m Signer #1 certificate MD5 digest: 70e0574d50d474091ceda75ac3f67694
[debug] &amp#27;[35m[ADB]&amp#27;[39m 
[debug] &amp#27;[35m[ADB]&amp#27;[39m 'C:\Users\T1170\IdeaProjects\Mobile_test_automation\src\Nordpass.apk' is signed with a non-default certificate
[debug] &amp#27;[35m[ADB]&amp#27;[39m Getting install status for com.nordpass.android.app.password.manager
[debug] &amp#27;[35m[ADB]&amp#27;[39m Running 'C:\Users\T1170\AppData\Local\Android\Sdk\platform-tools\adb.exe -P 5037 -s emulator-5554 shell dumpsys package com.nordpass.android.app.password.manager'
[debug] &amp#27;[35m[ADB]&amp#27;[39m 'com.nordpass.android.app.password.manager' is installed
[debug] &amp#27;[35m[ADB]&amp#27;[39m Getting package info for 'com.nordpass.android.app.password.manager'
[debug] &amp#27;[35m[ADB]&amp#27;[39m Running 'C:\Users\T1170\AppData\Local\Android\Sdk\platform-tools\adb.exe -P 5037 -s emulator-5554 shell dumpsys package com.nordpass.android.app.password.manager'
[debug] &amp#27;[35m[ADB]&amp#27;[39m The version name of the installed 'com.nordpass.android.app.password.manager' is greater or equal to the application version name ('2.4.0' >= '2.4.0')
[debug] &amp#27;[35m[ADB]&amp#27;[39m There is no need to install/upgrade 'C:\Users\T1170\IdeaProjects\Mobile_test_automation\src\Nordpass.apk'
&amp#27;[35m[AndroidDriver]&amp#27;[39m Performing fast reset on 'com.nordpass.android.app.password.manager'
[debug] &amp#27;[35m[ADB]&amp#27;[39m Getting install status for com.nordpass.android.app.password.manager
[debug] &amp#27;[35m[ADB]&amp#27;[39m Running 'C:\Users\T1170\AppData\Local\Android\Sdk\platform-tools\adb.exe -P 5037 -s emulator-5554 shell dumpsys package com.nordpass.android.app.password.manager'
[debug] &amp#27;[35m[ADB]&amp#27;[39m 'com.nordpass.android.app.password.manager' is installed
[debug] &amp#27;[35m[ADB]&amp#27;[39m Running 'C:\Users\T1170\AppData\Local\Android\Sdk\platform-tools\adb.exe -P 5037 -s emulator-5554 shell am force-stop com.nordpass.android.app.password.manager'
[debug] &amp#27;[35m[ADB]&amp#27;[39m Running 'C:\Users\T1170\AppData\Local\Android\Sdk\platform-tools\adb.exe -P 5037 -s emulator-5554 shell pm clear com.nordpass.android.app.password.manager'
[debug] &amp#27;[35m[AndroidDriver]&amp#27;[39m Performed fast reset on the installed 'com.nordpass.android.app.password.manager' application (stop and clear)
[debug] &amp#27;[35m[UiAutomator2]&amp#27;[39m Performing shallow cleanup of automation leftovers
[debug] &amp#27;[35m[UiAutomator2]&amp#27;[39m The following obsolete sessions are still running: [null]
[debug] &amp#27;[35m[UiAutomator2]&amp#27;[39m Cleaning up the obsolete sessions
[debug] &amp#27;[35m[ADB]&amp#27;[39m Running 'C:\Users\T1170\AppData\Local\Android\Sdk\platform-tools\adb.exe -P 5037 -s emulator-5554 shell am force-stop io.appium.uiautomator2.server.test'
&amp#27;[35m[UiAutomator2]&amp#27;[39m Starting UIAutomator2 server 4.11.0
&amp#27;[35m[UiAutomator2]&amp#27;[39m Using UIAutomator2 server from 'C:\Users\T1170\AppData\Roaming\npm\node_modules\appium\node_modules\appium-uiautomator2-server\apks\appium-uiautomator2-server-v4.11.0.apk' and test from 'C:\Users\T1170\AppData\Roaming\npm\node_modules\appium\node_modules\appium-uiautomator2-server\apks\appium-uiautomator2-server-debug-androidTest.apk'
&amp#27;[35m[UiAutomator2]&amp#27;[39m Waiting up to 30000ms for UiAutomator2 to be online...
[debug] &amp#27;[35m[ADB]&amp#27;[39m Creating ADB subprocess with args: ["-P",5037,"-s","emulator-5554","shell","am","instrument","-w","io.appium.uiautomator2.server.test/androidx.test.runner.AndroidJUnitRunner"]
[debug] &amp#27;[35m[Instrumentation]&amp#27;[39m io.appium.uiautomator2.server.test.AppiumUiAutomator2Server:
[debug] &amp#27;[35m[WD Proxy]&amp#27;[39m Matched '/status' to command name 'getStatus'
[debug] &amp#27;[35m[WD Proxy]&amp#27;[39m Proxying [GET /status] to [GET http://127.0.0.1:8200/wd/hub/status] with no body
&amp#27;[35m[WD Proxy]&amp#27;[39m socket hang up
[debug] &amp#27;[35m[WD Proxy]&amp#27;[39m Matched '/status' to command name 'getStatus'
[debug] &amp#27;[35m[WD Proxy]&amp#27;[39m Proxying [GET /status] to [GET http://127.0.0.1:8200/wd/hub/status] with no body
[debug] &amp#27;[35m[WD Proxy]&amp#27;[39m Got response with status 200: {"sessionId":"None","value":{"message":"UiAutomator2 Server is ready to accept commands","ready":true}}
[debug] &amp#27;[35m[UiAutomator2]&amp#27;[39m The initialization of the instrumentation process took 2081ms
[debug] &amp#27;[35m[WD Proxy]&amp#27;[39m Matched '/session' to command name 'createSession'
[debug] &amp#27;[35m[WD Proxy]&amp#27;[39m Proxying [POST /session] to [POST http://127.0.0.1:8200/wd/hub/session] with body: {"capabilities":{"firstMatch":[{"platform":"LINUX","webStorageEnabled":false,"takesScreenshot":true,"javascriptEnabled":true,"databaseEnabled":false,"networkConnectionEnabled":true,"locationContextEnabled":false,"warnings":{},"desired":{"platformName":"android","app":"C:\\Users\\T1170\\IdeaProjects\\Mobile_test_automation\\src\\Nordpass.apk","appActivity":"com.nordpass.android.ui.splash.SplashActivity","appPackage":"com.nordpass.android.app.password.manager","deviceName":"emulator-5553","noReset":false},"platformName":"android","app":"C:\\Users\\T1170\\IdeaProjects\\Mobile_test_automation\\src\\Nordpass.apk","appActivity":"com.nordpass.android.ui.splash.SplashActivity","appPackage":"com.nordpass.android.app.password.manager","deviceName":"emulator-5554","noReset":false,"deviceUDID":"emulator-5554"}],"alwaysMatch":{}}}
[debug] &amp#27;[35m[WD Proxy]&amp#27;[39m Got response with status 200: {"sessionId":"48554810-727f-4111-b250-ae9349bb7ba5","value":{"capabilities":{"firstMatch":[{"platform":"LINUX","webStorageEnabled":false,"takesScreenshot":true,"javascriptEnabled":true,"databaseEnabled":false,"networkConnectionEnabled":true,"locationContextEnabled":false,"warnings":{},"desired":{"platformName":"android","app":"C:\\Users\\T1170\\IdeaProjects\\Mobile_test_automation\\src\\Nordpass.apk","appActivity":"com.nordpass.android.ui.splash.SplashActivity","appPackage":"com.nordpass.android.app.password.manager","deviceName":"emulator-5553","noReset":false},"platformName":"android","app":"C:\\Users\\T1170\\IdeaProjects\\Mobile_test_automation\\src\\Nordpass.apk","appActivity":"com.nordpass.android.ui.splash.SplashActivity","appPackage":"com.nordpass.android.app.password.manager","deviceName":"emulator-5554","noReset":false,"deviceUDID":"emulator-5554"}],"alwaysMatch":{}},"sessionId":"48554810-727f-4111-b250-ae9349bb7ba5"}}
&amp#27;[35m[WD Proxy]&amp#27;[39m Determined the downstream protocol as 'W3C'
[debug] &amp#27;[35m[WD Proxy]&amp#27;[39m Proxying [GET /appium/device/info] to [GET http://127.0.0.1:8200/wd/hub/session/48554810-727f-4111-b250-ae9349bb7ba5/appium/device/info] with no body
[debug] &amp#27;[35m[WD Proxy]&amp#27;[39m Got response with status 200: {"sessionId":"48554810-727f-4111-b250-ae9349bb7ba5","value":{"androidId":"df60478679680af7","apiVersion":"29","bluetooth":null,"brand":"google","carrierName":"Android","displayDensity":560,"locale":"en_US","manufacturer":"Google","model":"Android SDK built for x86_64","networks":[{"capabilities":{"SSID":null,"linkDownBandwidthKbps":102400,"linkUpstreamBandwidthKbps":51200,"networkCapabilities":"NET_CAPABILITY_MMS,NET_CAPABILITY_SUPL,NET_CAPABILITY_DUN,NET_CAPABILITY_FOTA,NET_CAPABILITY_IMS,NET_CAPABILITY_CBS,NET_CAPABILITY_INTERNET,NET_CAPABILITY_NOT_RESTRICTED,NET_CAPABILITY_TRUSTED,NET_CAPABILITY_NOT_VPN,NET_CAPABILITY_VALIDATED,NET_CAPABILITY_NOT_ROAMING,NET_CAPABILITY_NOT_CONGESTED,NET_CAPABILITY_NOT_SUSPENDED","signalStrength":-2147483648,"transportTypes":"TRANSPORT_CELLULAR"},"detailedState":"CONNECTED","extraInfo":"epc.tmobile.com","isAvailable":true,"isConnected":true,"isFailover":false,"isRoaming":false,"state":"CONNECTED","subtype":13,"subtypeName":"LTE","type":0,"typeName":"MOBILE"},{"capabiliti...
[debug] &amp#27;[35m[ADB]&amp#27;[39m Running 'C:\Users\T1170\AppData\Local\Android\Sdk\platform-tools\adb.exe -P 5037 -s emulator-5554 shell dumpsys window'
&amp#27;[35m[AndroidDriver]&amp#27;[39m Screen already unlocked, doing nothing
&amp#27;[35m[UiAutomator2]&amp#27;[39m Starting 'com.nordpass.android.app.password.manager/com.nordpass.android.ui.splash.SplashActivity and waiting for 'com.nordpass.android.app.password.manager/com.nordpass.android.ui.splash.SplashActivity'
[debug] &amp#27;[35m[ADB]&amp#27;[39m Running 'C:\Users\T1170\AppData\Local\Android\Sdk\platform-tools\adb.exe -P 5037 -s emulator-5554 shell am start -W -n com.nordpass.android.app.password.manager/com.nordpass.android.ui.splash.SplashActivity -S -a android.intent.action.MAIN -c android.intent.category.LAUNCHER -f 0x10200000'
[debug] &amp#27;[35m[WD Proxy]&amp#27;[39m Proxying [GET /appium/device/pixel_ratio] to [GET http://127.0.0.1:8200/wd/hub/session/48554810-727f-4111-b250-ae9349bb7ba5/appium/device/pixel_ratio] with no body
[debug] &amp#27;[35m[WD Proxy]&amp#27;[39m Got response with status 200: {"sessionId":"48554810-727f-4111-b250-ae9349bb7ba5","value":3.5}
[debug] &amp#27;[35m[WD Proxy]&amp#27;[39m Matched '/appium/device/system_bars' to command name 'getSystemBars'
[debug] &amp#27;[35m[WD Proxy]&amp#27;[39m Proxying [GET /appium/device/system_bars] to [GET http://127.0.0.1:8200/wd/hub/session/48554810-727f-4111-b250-ae9349bb7ba5/appium/device/system_bars] with no body
[debug] &amp#27;[35m[WD Proxy]&amp#27;[39m Got response with status 200: {"sessionId":"48554810-727f-4111-b250-ae9349bb7ba5","value":{"statusBar":84}}
[debug] &amp#27;[35m[WD Proxy]&amp#27;[39m Matched '/window/current/size' to command name 'getWindowSize'
[debug] &amp#27;[35m[WD Proxy]&amp#27;[39m Proxying [GET /window/current/size] to [GET http://127.0.0.1:8200/wd/hub/session/48554810-727f-4111-b250-ae9349bb7ba5/window/current/size] with no body
[debug] &amp#27;[35m[WD Proxy]&amp#27;[39m Got response with status 200: {"sessionId":"48554810-727f-4111-b250-ae9349bb7ba5","value":{"height":2392,"width":1440}}
&amp#27;[35m[Appium]&amp#27;[39m New AndroidUiautomator2Driver session created successfully, session 63091ffb-25ba-4690-9602-bf41739ac2c6 added to master session list
[debug] &amp#27;[35m[BaseDriver]&amp#27;[39m Event 'newSessionStarted' logged at 1599552139546 (11:02:19 GMT+0300 (GMT+03:00))
[debug] &amp#27;[35m[W3C (63091ffb)]&amp#27;[39m Cached the protocol value 'W3C' for the new session 63091ffb-25ba-4690-9602-bf41739ac2c6
[debug] &amp#27;[35m[W3C (63091ffb)]&amp#27;[39m Responding to client with driver.createSession() result: {"capabilities":{"platform":"LINUX","webStorageEnabled":false,"takesScreenshot":true,"javascriptEnabled":true,"databaseEnabled":false,"networkConnectionEnabled":true,"locationContextEnabled":false,"warnings":{},"desired":{"platformName":"android","app":"C:\\Users\\T1170\\IdeaProjects\\Mobile_test_automation\\src\\Nordpass.apk","appActivity":"com.nordpass.android.ui.splash.SplashActivity","appPackage":"com.nordpass.android.app.password.manager","deviceName":"emulator-5553","noReset":false},"platformName":"android","app":"C:\\Users\\T1170\\IdeaProjects\\Mobile_test_automation\\src\\Nordpass.apk","appActivity":"com.nordpass.android.ui.splash.SplashActivity","appPackage":"com.nordpass.android.app.password.manager","deviceName":"emulator-5554","noReset":false,"deviceUDID":"emulator-5554","deviceApiLevel":29,"platformVersion":"10","deviceScreenSize":"1440x2560","deviceScreenDensity":560,"deviceModel":"Android SDK built for x86_64","deviceManufacturer":"Google","pixelRatio":3.5,"statBarHeight":84,"viewportRect":{...
&amp#27;[35m[HTTP]&amp#27;[39m &amp#27;[37m<-- POST /wd/hub/session &amp#27;[39m&amp#27;[32m200&amp#27;[39m &amp#27;[90m10249 ms - 1129&amp#27;[39m
&amp#27;[35m[HTTP]&amp#27;[39m &amp#27;[90m&amp#27;[39m
&amp#27;[35m[HTTP]&amp#27;[39m &amp#27;[37m-->&amp#27;[39m &amp#27;[37mPOST&amp#27;[39m &amp#27;[37m/wd/hub/session/63091ffb-25ba-4690-9602-bf41739ac2c6/timeouts&amp#27;[39m
&amp#27;[35m[HTTP]&amp#27;[39m &amp#27;[90m{"implicit":10000}&amp#27;[39m
[debug] &amp#27;[35m[W3C (63091ffb)]&amp#27;[39m Calling AppiumDriver.timeouts() with args: [null,null,null,null,10000,"63091ffb-25ba-4690-9602-bf41739ac2c6"]
[debug] &amp#27;[35m[BaseDriver]&amp#27;[39m W3C timeout argument: {"implicit":10000}}
[debug] &amp#27;[35m[BaseDriver]&amp#27;[39m Set implicit wait to 10000ms
[debug] &amp#27;[35m[W3C (63091ffb)]&amp#27;[39m Responding to client with driver.timeouts() result: null
&amp#27;[35m[HTTP]&amp#27;[39m &amp#27;[37m<-- POST /wd/hub/session/63091ffb-25ba-4690-9602-bf41739ac2c6/timeouts &amp#27;[39m&amp#27;[32m200&amp#27;[39m &amp#27;[90m6 ms - 14&amp#27;[39m
&amp#27;[35m[HTTP]&amp#27;[39m &amp#27;[90m&amp#27;[39m
&amp#27;[35m[HTTP]&amp#27;[39m &amp#27;[37m-->&amp#27;[39m &amp#27;[37mPOST&amp#27;[39m &amp#27;[37m/wd/hub/session/63091ffb-25ba-4690-9602-bf41739ac2c6/element&amp#27;[39m
&amp#27;[35m[HTTP]&amp#27;[39m &amp#27;[90m{"using":"id","value":"com.nordpass.android.app.password.manager:id/addItemButton"}&amp#27;[39m
[debug] &amp#27;[35m[W3C (63091ffb)]&amp#27;[39m Calling AppiumDriver.findElement() with args: ["id","com.nordpass.android.app.password.manager:id/addItemButton","63091ffb-25ba-4690-9602-bf41739ac2c6"]
[debug] &amp#27;[35m[BaseDriver]&amp#27;[39m Valid locator strategies for this request: xpath, id, class name, accessibility id, -android uiautomator
[debug] &amp#27;[35m[BaseDriver]&amp#27;[39m Waiting up to 10000 ms for condition
[debug] &amp#27;[35m[WD Proxy]&amp#27;[39m Matched '/element' to command name 'findElement'
[debug] &amp#27;[35m[WD Proxy]&amp#27;[39m Proxying [POST /element] to [POST http://127.0.0.1:8200/wd/hub/session/48554810-727f-4111-b250-ae9349bb7ba5/element] with body: {"strategy":"id","selector":"com.nordpass.android.app.password.manager:id/addItemButton","context":"","multiple":false}
&amp#27;[35m[WD Proxy]&amp#27;[39m Got response with status 404: {"sessionId":"48554810-727f-4111-b250-ae9349bb7ba5","value":{"error":"no such element","message":"An element could not be located on the page using the given search parameters","stacktrace":"io.appium.uiautomator2.common.exceptions.ElementNotFoundException: An element could not be located on the page using the given search parameters\n\tat io.appium.uiautomator2.handler.FindElement.safeHandle(FindElement.java:73)\n\tat io.appium.uiautomator2.handler.request.SafeRequestHandler.handle(SafeRequestHandler.java:41)\n\tat io.appium.uiautomator2.server.AppiumServlet.handleRequest(AppiumServlet.java:257)\n\tat io.appium.uiautomator2.server.AppiumServlet.handleHttpRequest(AppiumServlet.java:247)\n\tat io.appium.uiautomator2.http.ServerHandler.channelRead(ServerHandler.java:50)\n\tat io.netty.channel.AbstractChannelHandlerContext.invokeChannelRead(AbstractChannelHandlerContext.java:366)\n\tat io.netty.channel.AbstractChannelHandlerContext.invokeChannelRead(AbstractChannelHandlerContext.java:352)\n\tat io.netty.chann...
[debug] &amp#27;[35m[W3C]&amp#27;[39m Matched W3C error code 'no such element' to NoSuchElementError
[debug] &amp#27;[35m[BaseDriver]&amp#27;[39m Waited for 42 ms so far
[debug] &amp#27;[35m[WD Proxy]&amp#27;[39m Matched '/element' to command name 'findElement'
[debug] &amp#27;[35m[WD Proxy]&amp#27;[39m Proxying [POST /element] to [POST http://127.0.0.1:8200/wd/hub/session/48554810-727f-4111-b250-ae9349bb7ba5/element] with body: {"strategy":"id","selector":"com.nordpass.android.app.password.manager:id/addItemButton","context":"","multiple":false}
&amp#27;[35m[WD Proxy]&amp#27;[39m Got response with status 404: {"sessionId":"48554810-727f-4111-b250-ae9349bb7ba5","value":{"error":"no such element","message":"An element could not be located on the page using the given search parameters","stacktrace":"io.appium.uiautomator2.common.exceptions.ElementNotFoundException: An element could not be located on the page using the given search parameters\n\tat io.appium.uiautomator2.handler.FindElement.safeHandle(FindElement.java:73)\n\tat io.appium.uiautomator2.handler.request.SafeRequestHandler.handle(SafeRequestHandler.java:41)\n\tat io.appium.uiautomator2.server.AppiumServlet.handleRequest(AppiumServlet.java:257)\n\tat io.appium.uiautomator2.server.AppiumServlet.handleHttpRequest(AppiumServlet.java:247)\n\tat io.appium.uiautomator2.http.ServerHandler.channelRead(ServerHandler.java:50)\n\tat io.netty.channel.AbstractChannelHandlerContext.invokeChannelRead(AbstractChannelHandlerContext.java:366)\n\tat io.netty.channel.AbstractChannelHandlerContext.invokeChannelRead(AbstractChannelHandlerContext.java:352)\n\tat io.netty.chann...
[debug] &amp#27;[35m[W3C]&amp#27;[39m Matched W3C error code 'no such element' to NoSuchElementError
[debug] &amp#27;[35m[BaseDriver]&amp#27;[39m Waited for 554 ms so far
[debug] &amp#27;[35m[WD Proxy]&amp#27;[39m Matched '/element' to command name 'findElement'
[debug] &amp#27;[35m[WD Proxy]&amp#27;[39m Proxying [POST /element] to [POST http://127.0.0.1:8200/wd/hub/session/48554810-727f-4111-b250-ae9349bb7ba5/element] with body: {"strategy":"id","selector":"com.nordpass.android.app.password.manager:id/addItemButton","context":"","multiple":false}
&amp#27;[35m[WD Proxy]&amp#27;[39m Got response with status 404: {"sessionId":"48554810-727f-4111-b250-ae9349bb7ba5","value":{"error":"no such element","message":"An element could not be located on the page using the given search parameters","stacktrace":"io.appium.uiautomator2.common.exceptions.ElementNotFoundException: An element could not be located on the page using the given search parameters\n\tat io.appium.uiautomator2.handler.FindElement.safeHandle(FindElement.java:73)\n\tat io.appium.uiautomator2.handler.request.SafeRequestHandler.handle(SafeRequestHandler.java:41)\n\tat io.appium.uiautomator2.server.AppiumServlet.handleRequest(AppiumServlet.java:257)\n\tat io.appium.uiautomator2.server.AppiumServlet.handleHttpRequest(AppiumServlet.java:247)\n\tat io.appium.uiautomator2.http.ServerHandler.channelRead(ServerHandler.java:50)\n\tat io.netty.channel.AbstractChannelHandlerContext.invokeChannelRead(AbstractChannelHandlerContext.java:366)\n\tat io.netty.channel.AbstractChannelHandlerContext.invokeChannelRead(AbstractChannelHandlerContext.java:352)\n\tat io.netty.chann...
[debug] &amp#27;[35m[W3C]&amp#27;[39m Matched W3C error code 'no such element' to NoSuchElementError
[debug] &amp#27;[35m[BaseDriver]&amp#27;[39m Waited for 1389 ms so far
[debug] &amp#27;[35m[WD Proxy]&amp#27;[39m Matched '/element' to command name 'findElement'
[debug] &amp#27;[35m[WD Proxy]&amp#27;[39m Proxying [POST /element] to [POST http://127.0.0.1:8200/wd/hub/session/48554810-727f-4111-b250-ae9349bb7ba5/element] with body: {"strategy":"id","selector":"com.nordpass.android.app.password.manager:id/addItemButton","context":"","multiple":false}
[debug] &amp#27;[35m[WD Proxy]&amp#27;[39m Got response with status 200: {"sessionId":"48554810-727f-4111-b250-ae9349bb7ba5","value":{"ELEMENT":"b0fdee86-4c88-4764-8adc-196ef7476b89","element-6066-11e4-a52e-4f735466cecf":"b0fdee86-4c88-4764-8adc-196ef7476b89"}}
[debug] &amp#27;[35m[W3C (63091ffb)]&amp#27;[39m Responding to client with driver.findElement() result: {"element-6066-11e4-a52e-4f735466cecf":"b0fdee86-4c88-4764-8adc-196ef7476b89","ELEMENT":"b0fdee86-4c88-4764-8adc-196ef7476b89"}
&amp#27;[35m[HTTP]&amp#27;[39m &amp#27;[37m<-- POST /wd/hub/session/63091ffb-25ba-4690-9602-bf41739ac2c6/element &amp#27;[39m&amp#27;[32m200&amp#27;[39m &amp#27;[90m2914 ms - 137&amp#27;[39m
&amp#27;[35m[HTTP]&amp#27;[39m &amp#27;[90m&amp#27;[39m
&amp#27;[35m[HTTP]&amp#27;[39m &amp#27;[37m-->&amp#27;[39m &amp#27;[37mGET&amp#27;[39m &amp#27;[37m/wd/hub/session/63091ffb-25ba-4690-9602-bf41739ac2c6/element/b0fdee86-4c88-4764-8adc-196ef7476b89/displayed&amp#27;[39m
&amp#27;[35m[HTTP]&amp#27;[39m &amp#27;[90m{}&amp#27;[39m
[debug] &amp#27;[35m[W3C (63091ffb)]&amp#27;[39m Calling AppiumDriver.elementDisplayed() with args: ["b0fdee86-4c88-4764-8adc-196ef7476b89","63091ffb-25ba-4690-9602-bf41739ac2c6"]
[debug] &amp#27;[35m[WD Proxy]&amp#27;[39m Matched '/element/b0fdee86-4c88-4764-8adc-196ef7476b89/attribute/displayed' to command name 'getAttribute'
[debug] &amp#27;[35m[WD Proxy]&amp#27;[39m Proxying [GET /element/b0fdee86-4c88-4764-8adc-196ef7476b89/attribute/displayed] to [GET http://127.0.0.1:8200/wd/hub/session/48554810-727f-4111-b250-ae9349bb7ba5/element/b0fdee86-4c88-4764-8adc-196ef7476b89/attribute/displayed] with no body
[debug] &amp#27;[35m[WD Proxy]&amp#27;[39m Got response with status 200: {"sessionId":"48554810-727f-4111-b250-ae9349bb7ba5","value":"true"}
[debug] &amp#27;[35m[W3C (63091ffb)]&amp#27;[39m Responding to client with driver.elementDisplayed() result: true
&amp#27;[35m[HTTP]&amp#27;[39m &amp#27;[37m<-- GET /wd/hub/session/63091ffb-25ba-4690-9602-bf41739ac2c6/element/b0fdee86-4c88-4764-8adc-196ef7476b89/displayed &amp#27;[39m&amp#27;[32m200&amp#27;[39m &amp#27;[90m15 ms - 14&amp#27;[39m
&amp#27;[Searching for Browse button
35m[HTTP]&amp#27;[39m &amp#27;[90m&amp#27;[39m
&amp#27;[35m[HTTP]&amp#27;[39m &amp#27;[37m-->&amp#27;[39m &amp#27;[37mGET&amp#27;[39m &amp#27;[37m/wd/hub/session/63091ffb-25ba-4690-9602-bf41739ac2c6/context&amp#27;[39m
&amp#27;[35m[HTTP]&amp#27;[39m &amp#27;[90m{}&amp#27;[39m
[debug] &amp#27;[35m[W3C (63091ffb)]&amp#27;[39m Calling AppiumDriver.getCurrentContext() with args: ["63091ffb-25ba-4690-9602-bf41739ac2c6"]
[debug] &amp#27;[35m[W3C (63091ffb)]&amp#27;[39m Responding to client with driver.getCurrentContext() result: "NATIVE_APP"
&amp#27;[35m[HTTP]&amp#27;[39m &amp#27;[37m<-- GET /wd/hub/session/63091ffb-25ba-4690-9602-bf41739ac2c6/context &amp#27;[39m&amp#27;[32m200&amp#27;[39m &amp#27;[90m4 ms - 22&amp#27;[39m
&amp#27;[35m[HTTP]&amp#27;[39m &amp#27;[90m&amp#27;[39m
&amp#27;[35m[HTTP]&amp#27;[39m &amp#27;[37m-->&amp#27;[39m &amp#27;[37mPOST&amp#27;[39m &amp#27;[37m/wd/hub/session/63091ffb-25ba-4690-9602-bf41739ac2c6/element&amp#27;[39m
&amp#27;[35m[HTTP]&amp#27;[39m &amp#27;[90m{"using":"accessibility id","value":"Browse"}&amp#27;[39m
[debug] &amp#27;[35m[W3C (63091ffb)]&amp#27;[39m Calling AppiumDriver.findElement() with args: ["accessibility id","Browse","63091ffb-25ba-4690-9602-bf41739ac2c6"]
[debug] &amp#27;[35m[BaseDriver]&amp#27;[39m Valid locator strategies for this request: xpath, id, class name, accessibility id, -android uiautomator
[debug] &amp#27;[35m[BaseDriver]&amp#27;[39m Waiting up to 10000 ms for condition
[debug] &amp#27;[35m[WD Proxy]&amp#27;[39m Matched '/element' to command name 'findElement'
[debug] &amp#27;[35m[WD Proxy]&amp#27;[39m Proxying [POST /element] to [POST http://127.0.0.1:8200/wd/hub/session/48554810-727f-4111-b250-ae9349bb7ba5/element] with body: {"strategy":"accessibility id","selector":"Browse","context":"","multiple":false}
[debug] &amp#27;[35m[WD Proxy]&amp#27;[39m Got response with status 200: {"sessionId":"48554810-727f-4111-b250-ae9349bb7ba5","value":{"ELEMENT":"b644597b-bed1-4f32-bdf8-ec506020f7be","element-6066-11e4-a52e-4f735466cecf":"b644597b-bed1-4f32-bdf8-ec506020f7be"}}
[debug] &amp#27;[35m[W3C (63091ffb)]&amp#27;[39m Responding to client with driver.findElement() result: {"element-6066-11e4-a52e-4f735466cecf":"b644597b-bed1-4f32-bdf8-ec506020f7be","ELEMENT":"b644597b-bed1-4f32-bdf8-ec506020f7be"}
&amp#27;[35m[HTTP]&amp#27;[39m &amp#27;[37m<-- POST /wd/hub/session/63091ffb-25ba-4690-9602-bf41739ac2c6/element &amp#27;[39m&amp#27;[32m200&amp#27;[39m &amp#27;[90m29 ms - 137&amp#27;[39m
&amp#27;[35m[HTTP]&amp#27;[39m &amp#27;[90m&amp#27;[39m
&amp#27;[35m[HTTP]&amp#27;[39m &amp#27;[37m-->&amp#27;[39m &amp#27;[37mPOST&amp#27;[39m &amp#27;[37m/wd/hub/session/63091ffb-25ba-4690-9602-bf41739ac2c6/element/b644597b-bed1-4f32-bdf8-ec506020f7be/click&amp#27;[39m
&amp#27;[35m[HTTP]&amp#27;[39m &amp#27;[90m{"id":"b644597b-bed1-4f32-bdf8-ec506020f7be"}&amp#27;[39m
[debug] &amp#27;[35m[W3C (63091ffb)]&amp#27;[39m Calling AppiumDriver.click() with args: ["b644597b-bed1-4f32-bdf8-ec506020f7be","63091ffb-25ba-4690-9602-bf41739ac2c6"]
[debug] &amp#27;[35m[WD Proxy]&amp#27;[39m Matched '/element/b644597b-bed1-4f32-bdf8-ec506020f7be/click' to command name 'click'
[debug] &amp#27;[35m[WD Proxy]&amp#27;[39m Proxying [POST /element/b644597b-bed1-4f32-bdf8-ec506020f7be/click] to [POST http://127.0.0.1:8200/wd/hub/session/48554810-727f-4111-b250-ae9349bb7ba5/element/b644597b-bed1-4f32-bdf8-ec506020f7be/click] with body: {"element":"b644597b-bed1-4f32-bdf8-ec506020f7be"}
[debug] &amp#27;[35m[WD Proxy]&amp#27;[39m Got response with status 200: {"sessionId":"48554810-727f-4111-b250-ae9349bb7ba5","value":null}
[debug] &amp#27;[35m[W3C (63091ffb)]&amp#27;[39m Responding to client with driver.click() result: null
&amp#27;[35m[HTTP]&amp#27;[39m &amp#27;[37m<-- POST /wd/hub/session/63091ffb-25ba-4690-9602-bf41739ac2c6/element/b644597b-bed1-4f32-bdf8-ec506020f7be/click &amp#27;[39m&amp#27;[32m200&amp#27;[39m &amp#27;[90m47 ms - 14&amp#27;[39m
&amp#27;[35m[HTTP]&amp#27;[39m &amp#27;[90m&amp#27;[39m
&amp#27;[35m[HTTP]&amp#27;[39m &amp#27;[37m-->&amp#27;[39m &amp#27;[37mPOST&amp#27;[39m &amp#27;[37m/wd/hub/session/63091ffb-25ba-4690-9602-bf41739ac2c6/element&amp#27;[39m
&amp#27;[35m[HTTP]&amp#27;[39m &amp#27;[90m{"using":"xpath","value":"/hierarchy/android.widget.FrameLayout/android.widget.LinearLayout/android.widget.FrameLayout/android.widget.LinearLayout/android.widget.FrameLayout/android.view.ViewGroup/android.widget.LinearLayout/android.widget.FrameLayout[1]/android.widget.FrameLayout/android.view.ViewGroup/androidx.recyclerview.widget.RecyclerView/android.widget.LinearLayout[2]"}&amp#27;[39m
[debug] &amp#27;[35m[W3C (63091ffb)]&amp#27;[39m Calling AppiumDriver.findElement() with args: ["xpath","/hierarchy/android.widget.FrameLayout/android.widget.LinearLayout/android.widget.FrameLayout/android.widget.LinearLayout/android.widget.FrameLayout/android.view.ViewGroup/android.widget.LinearLayout/android.widget.FrameLayout[1]/android.widget.FrameLayout/android.view.ViewGroup/androidx.recyclerview.widget.RecyclerView/android.widget.LinearLayout[2]","63091ffb-25ba-4690-9602-bf41739ac2c6"]
[debug] &amp#27;[35m[BaseDriver]&amp#27;[39m Valid locator strategies for this request: xpath, id, class name, accessibility id, -android uiautomator
[debug] &amp#27;[35m[BaseDriver]&amp#27;[39m Waiting up to 10000 ms for condition
[debug] &amp#27;[35m[WD Proxy]&amp#27;[39m Matched '/element' to command name 'findElement'
[debug] &amp#27;[35m[WD Proxy]&amp#27;[39m Proxying [POST /element] to [POST http://127.0.0.1:8200/wd/hub/session/48554810-727f-4111-b250-ae9349bb7ba5/element] with body: {"strategy":"xpath","selector":"/hierarchy/android.widget.FrameLayout/android.widget.LinearLayout/android.widget.FrameLayout/android.widget.LinearLayout/android.widget.FrameLayout/android.view.ViewGroup/android.widget.LinearLayout/android.widget.FrameLayout[1]/android.widget.FrameLayout/android.view.ViewGroup/androidx.recyclerview.widget.RecyclerView/android.widget.LinearLayout[2]","context":"","multiple":false}
[debug] &amp#27;[35m[WD Proxy]&amp#27;[39m Got response with status 200: {"sessionId":"48554810-727f-4111-b250-ae9349bb7ba5","value":{"ELEMENT":"d83fa419-285e-4e9e-a733-1e631f403fdf","element-6066-11e4-a52e-4f735466cecf":"d83fa419-285e-4e9e-a733-1e631f403fdf"}}
[debug] &amp#27;[35m[W3C (63091ffb)]&amp#27;[39m Responding to client with driver.findElement() result: {"element-6066-11e4-a52e-4f735466cecf":"d83fa419-285e-4e9e-a733-1e631f403fdf","ELEMENT":"d83fa419-285e-4e9e-a733-1e631f403fdf"}
&amp#27;[35m[HTTP]&amp#27;[39m &amp#27;[37m<-- POST /wd/hub/session/63091ffb-25ba-4690-9602-bf41739ac2c6/element &amp#27;[39m&amp#27;[32m200&amp#27;[39m &amp#27;[90m878 ms - 137&amp#27;[39m
&amp#27;[35m[HTTP]&amp#27;[39m &amp#27;[90m&amp#27;[39m
&amp#27;[35m[HTTP]&amp#27;[39m &amp#27;[37m-->&amp#27;[39m &amp#27;[37mGET&amp#27;[39m &amp#27;[37m/wd/hub/session/63091ffb-25ba-4690-9602-bf41739ac2c6/element/d83fa419-285e-4e9e-a733-1e631f403fdf/displayed&amp#27;[39m
&amp#27;[35m[HTTP]&amp#27;[39m &amp#27;[90m{}&amp#27;[39m
[debug] &amp#27;[35m[W3C (63091ffb)]&amp#27;[39m Calling AppiumDriver.elementDisplayed() with args: ["d83fa419-285e-4e9e-a733-1e631f403fdf","63091ffb-25ba-4690-9602-bf41739ac2c6"]
[debug] &amp#27;[35m[WD Proxy]&amp#27;[39m Matched '/element/d83fa419-285e-4e9e-a733-1e631f403fdf/attribute/displayed' to command name 'getAttribute'
[debug] &amp#27;[35m[WD Proxy]&amp#27;[39m Proxying [GET /element/d83fa419-285e-4e9e-a733-1e631f403fdf/attribute/displayed] to [GET http://127.0.0.1:8200/wd/hub/session/48554810-727f-4111-b250-ae9349bb7ba5/element/d83fa419-285e-4e9e-a733-1e631f403fdf/attribute/displayed] with no body
[debug] &amp#27;[35m[WD Proxy]&amp#27;[39m Got response with status 200: {"sessionId":"48554810-727f-4111-b250-ae9349bb7ba5","value":"true"}
[debug] &amp#27;[35m[W3C (63091ffb)]&amp#27;[39m Responding to client with driver.elementDisplayed() result: true
&amp#27;[35m[HTTP]&amp#27;[39m &amp#27;[37m<-- GET /wd/hub/session/63091ffb-25ba-4690-9602-bf41739ac2c6/element/d83fa419-285e-4e9e-a733-1e631f403fdf/displayed &amp#27;[39m&amp#27;[32m200&amp#27;[39m &amp#27;[90m10 ms - 14&amp#27;[39m
&amp#27;[35m[HTTP]&amp#27;[39m &amp#27;[90m&amp#27;[39m
&amp#27;[35m[HTTP]&amp#27;[39m &amp#27;[37m-->&amp#27;[39m &amp#27;[37mGET&amp#27;[39m &amp#27;[37m/wd/hub/session/63091ffb-25ba-4690-9602-bf41739ac2c6/screenshot&amp#27;[39m
&amp#27;[35m[HTTP]&amp#27;[39m &amp#27;[90m{}&amp#27;[39m
[debug] &amp#27;[35m[W3C (63091ffb)]&amp#27;[39m Calling AppiumDriver.getScreenshot() with args: ["63091ffb-25ba-4690-9602-bf41739ac2c6"]
[debug] &amp#27;[35m[WD Proxy]&amp#27;[39m Matched '/screenshot' to command name 'getScreenshot'
[debug] &amp#27;[35m[WD Proxy]&amp#27;[39m Proxying [GET /screenshot] to [GET http://127.0.0.1:8200/wd/hub/session/48554810-727f-4111-b250-ae9349bb7ba5/screenshot] with no body
[debug] &amp#27;[35m[WD Proxy]&amp#27;[39m Got response with status 200: {"sessionId":"48554810-727f-4111-b250-ae9349bb7ba5","value":"iVBORw0KGgoAAAANSUhEUgAABaAAAAoACAYAAABH9IXPAAAAAXNSR0IArs4c6QAAAARzQklUCAgI\nCHwIZIgAACAASURBVHic7MEBAQAAAICQ/q/uCAoAAAAAAAAAAAAAAAAAAAAAAAAAAAAAAAAAAAAA\nAAAAAAAAAAAAAAAAAAAAAAAAAAAAAAAAAAAAAAAAAAAAAAAAAAAAAAAAAAAAAAAAAAAAAAAAAAAA\nAAAAAAAAAAAAAAAAAAAAAAAAAAAAAAAAAAAAAAAAAAAAAAAAAAAAAAAAAAAAAAAAAAAAAAAAAAAA\nAAAAAAAAAAAAAAAAAAAAAAAAAAAAAAAAAAAAAAAAAAAAAAAAAAAAAAAAAAAAAAAAAAAAAAAAAAAA\nAAAAAAAAAAAAAAAAAAAAAAAAAAAAAAAAAAAAAAAAAAAAAAAAAAAAAAAAAAAAAAAAAAAAAAAAAAAA\nAAAAAAAAAAAAAAAAAAAAAAAAAAAAAAAAAAAAAAAAAAAAAAAAAAAAAAAAAAAAAAAAAAAAAAAAAAAA\nAAAAAAAAAAAAAAAAAAAAAAAAAAAAAAAAAAAAAAAAAAAAAAAAAAAAAAAAAAAAAAAAAAAAAAAAAAAA\nAAAAAAAAAAAAAAAAAAAAAAAAAAAAAAAAAAAAAAAAAAAAAAAAAAAAAAAAAAAAAAAAAAAAAAAAAAAA\nAAAAAAAAAAAAAAAAAAAAAAAAAAAAAAAAAAAAAAAAAAAAAAAAAAAAAAAAAAAAAAAAAAAAAAAAAAAA\nAAAAAAAAAAAAAAAAAAAAAAAAAAAAAAAAAAAAAAAAAAAAAAAAAAAAAAAAAAAAAAAAAAAAAAAAAAAA\nAAAAAAAAAAAAAAAAAAAAAAAAAAAAAAAAAAAAAAAAAAAAAAAAAAAAAAAAAAAAAAAAAAAAAAAAAAAA\nAAAAAAAAAAAAAAAAAAAAAAAA...
[debug] &amp#27;[35m[W3C (63091ffb)]&amp#27;[39m Responding to client with driver.getScreenshot() result: "iVBORw0KGgoAAAANSUhEUgAABaAAAAoACAYAAABH9IXPAAAAAXNSR0IArs4c6QAAAARzQklUCAgI\nCHwIZIgAACAASURBVHic7MEBAQAAAICQ/q/uCAoAAAAAAAAAAAAAAAAAAAAAAAAAAAAAAAAAAAAA\nAAAAAAAAAAAAAAAAAAAAAAAAAAAAAAAAAAAAAAAAAAAAAAAAAAAAAAAAAAAAAAAAAAAAAAAAAAAA\nAAAAAAAAAAAAAAAAAAAAAAAAAAAAAAAAAAAAAAAAAAAAAAAAAAAAAAAAAAAAAAAAAAAAAAAAAAAA\nAAAAAAAAAAAAAAAAAAAAAAAAAAAAAAAAAAAAAAAAAAAAAAAAAAAAAAAAAAAAAAAAAAAAAAAAAAAA\nAAAAAAAAAAAAAAAAAAAAAAAAAAAAAAAAAAAAAAAAAAAAAAAAAAAAAAAAAAAAAAAAAAAAAAAAAAAA\nAAAAAAAAAAAAAAAAAAAAAAAAAAAAAAAAAAAAAAAAAAAAAAAAAAAAAAAAAAAAAAAAAAAAAAAAAAAA\nAAAAAAAAAAAAAAAAAAAAAAAAAAAAAAAAAAAAAAAAAAAAAAAAAAAAAAAAAAAAAAAAAAAAAAAAAAAA\nAAAAAAAAAAAAAAAAAAAAAAAAAAAAAAAAAAAAAAAAAAAAAAAAAAAAAAAAAAAAAAAAAAAAAAAAAAAA\nAAAAAAAAAAAAAAAAAAAAAAAAAAAAAAAAAAAAAAAAAAAAAAAAAAAAAAAAAAAAAAAAAAAAAAAAAAAA\nAAAAAAAAAAAAAAAAAAAAAAAAAAAAAAAAAAAAAAAAAAAAAAAAAAAAAAAAAAAAAAAAAAAAAAAAAAAA\nAAAAAAAAAAAAAAAAAAAAAAAAAAAAAAAAAAAAAAAAAAAAAAAAAAAAAAAAAAAAAAAAAAAAAAAAAAAA\nAAAAAAAAAAAAAAAAAAAAAAAAAAAAAAAAAAAAAAAAAAAAAAAAAAAAAAAAAAAAAAAAAAAAAAAAAAAA\nAAAAAA...
&amp#27;[35m[HTTP]&amp#27;[39m &amp#27;[37m<-- GET /wd/hub/session/63091ffb-25ba-4690-9602-bf41739ac2c6/screenshot &amp#27;[39m&amp#27;[32m200&amp#27;[39m &amp#27;[90m358 ms - 19788&amp#27;[39m
&amp#27;[35m[HTTP]&amp#27;[39m &amp#27;[90m&amp#27;[39m
&amp#27;[35m[HTTP]&amp#27;[39m &amp#27;[37m-->&amp#27;[39m &amp#27;[37mPOST&amp#27;[39m &amp#27;[37m/wd/hub/session/63091ffb-25ba-4690-9602-bf41739ac2c6/appium/compare_images&amp#27;[39m
&amp#27;[35m[HTTP]&amp#27;[39m &amp#27;[90m{"mode":"getSimilarity","firstImage":"iVBORw0KGgoAAAANSUhEUgAABaAAAAoACAYAAABH9IXPAAAAAXNSR0IArs4c6QAAAARzQklUCAgICHwIZIgAACAASURBVHic7MEBAQAAAICQ/q/uCAoAAAAAAAAAAAAAAAAAAAAAAAAAAAAAAAAAAAAAAAAAAAAAAAAAAAAAAAAAAAAAAAAAAAAAAAAAAAAAAAAAAAAAAAAAAAAAAAAAAAAAAAAAAAAAAAAAAAAAAAAAAAAAAAAAAAAAAAAAAAAAAAAAAAAAAAAAAAAAAAAAAAAAAAAAAAAAAAAAAAAAAAAAAAAAAAAAAAAAAAAAAAAAAAAAAAAAAAAAAAAAAAAAAAAAAAAAAAAAAAAAAAAAAAAAAAAAAAAAAAAAAAAAAAAAAAAAAAAAAAAAAAAAAAAAAAAAAAAAAAAAAAAAAAAAAAAAAAAAAAAAAAAAAAAAAAAAAAAAAAAAAAAAAAAAAAAAAAAAAAAAAAAAAAAAAAAAAAAAAAAAAAAAAAAAAAAAAAAAAAAAAAAAAAAAAAAAAAAAAAAAAAAAAAAAAAAAAAAAAAAAAAAAAAAAAAAAAAAAAAAAAAAAAAAAAAAAAAAAAAAAAAAAAAAAAAAAAAAAAAAAAAAAAAAAAAAAAAAAAAAAAAAAAAAAAAAAAAAAAAAAAAAAAAAAAAAAAAAAAAAAAAAAAAAAAAAAAAAAAAAAAAAAAAAAAAAAAAAAAAAAAAAAAAAAAAAAAAAAAAAAAAAAAAAAAAAAAAAAAAAAAAAAAAAAAAAAAAAAAAAAAAAAAAAAAAAAAAAAAAAAAAAAAAAAAAAAAAAAAAAAAAAAAAAAAAAAAAAAAAAAAAAAAAAAAAAAAAAAAAAAAAAAAAAAAAAAAAAAAAAAAAAAAAAAAAAAAAAAAAAAAAAAAAAAAAAAAAAAAAAAAAAAAAAAAAAAAAAAAAAAAAAAAAAAAAAAAAAAAAAAAAAAAAAAAAAAAAAAAAAAAAAAAAA...&amp#27;[39m
[debug] &amp#27;[35m[W3C (63091ffb)]&amp#27;[39m Calling AppiumDriver.compareImages() with args: ["getSimilarity","iVBORw0KGgoAAAANSUhEUgAABaAAAAoACAYAAABH9IXPAAAAAXNSR0IArs4c6QAAAARzQklUCAgICHwIZIgAACAASURBVHic7MEBAQAAAICQ/q/uCAoAAAAAAAAAAAAAAAAAAAAAAAAAAAAAAAAAAAAAAAAAAAAAAAAAAAAAAAAAAAAAAAAAAAAAAAAAAAAAAAAAAAAAAAAAAAAAAAAAAAAAAAAAAAAAAAAAAAAAAAAAAAAAAAAAAAAAAAAAAAAAAAAAAAAAAAAAAAAAAAAAAAAAAAAAAAAAAAAAAAAAAAAAAAAAAAAAAAAAAAAAAAAAAAAAAAAAAAAAAAAAAAAAAAAAAAAAAAAAAAAAAAAAAAAAAAAAAAAAAAAAAAAAAAAAAAAAAAAAAAAAAAAAAAAAAAAAAAAAAAAAAAAAAAAAAAAAAAAAAAAAAAAAAAAAAAAAAAAAAAAAAAAAAAAAAAAAAAAAAAAAAAAAAAAAAAAAAAAAAAAAAAAAAAAAAAAAAAAAAAAAAAAAAAAAAAAAAAAAAAAAAAAAAAAAAAAAAAAAAAAAAAAAAAAAAAAAAAAAAAAAAAAAAAAAAAAAAAAAAAAAAAAAAAAAAAAAAAAAAAAAAAAAAAAAAAAAAAAAAAAAAAAAAAAAAAAAAAAAAAAAAAAAAAAAAAAAAAAAAAAAAAAAAAAAAAAAAAAAAAAAAAAAAAAAAAAAAAAAAAAAAAAAAAAAAAAAAAAAAAAAAAAAAAAAAAAAAAAAAAAAAAAAAAAAAAAAAAAAAAAAAAAAAAAAAAAAAAAAAAAAAAAAAAAAAAAAAAAAAAAAAAAAAAAAAAAAAAAAAAAAAAAAAAAAAAAAAAAAAAAAAAAAAAAAAAAAAAAAAAAAAAAAAAAAAAAAAAAAAAAAAAAAAAAAAAAAAAAAAAAAAAAAAAAAAAAAAAAAAAAAAAAAAAAAAAAAAAAAAAAAAAAAAAAAAAAAAAAAAAAAAAAAAAAAAAAAAAAAAAAAAAAAAAA...
[debug] &amp#27;[35m[Support]&amp#27;[39m Initializing opencv
[debug] &amp#27;[35m[Support]&amp#27;[39m Loading local package 'opencv4nodejs'
[debug] &amp#27;[35m[W3C (63091ffb)]&amp#27;[39m Responding to client with driver.compareImages() result: {"score":1,"visualization":"iVBORw0KGgoAAAANSUhEUgAAC0AAAAoACAIAAACtAjTvAAAgAElEQVR4AezBIQEAAAACIP1/2hkWoAEAAAAAAAAA4KoBAAAAAAAAAOCqAQAAAAAAAADgqgEAAAAAAAAA4KoBAAAAAAAAAOCqAQAAAAAAAADgqgEAAAAAAAAA4KoBAAAAAAAAAOCqAQAAAAAAAADgqgEAAAAAAAAA4KoBAAAAAAAAAOCqAQAAAAAAAADgqgEAAAAAAAAA4KoBAAAAAAAAAOCqAQAAAAAAAADgqgEAAAAAAAAA4KoBAAAAAAAAAOCqAQAAAAAAAADgqgEAAAAAAAAA4KoBAAAAAAAAAOCqAQAAAAAAAADgqgEAAAAAAAAA4KoBAAAAAAAAAOCqAQAAAAAAAADgqgEAAAAAAAAA4KoBAAAAAAAAAOCqAQAAAAAAAADgqgEAAAAAAAAA4KoBAAAAAAAAAOCqAQAAAAAAAADgqgEAAAAAAAAA4KoBAAAAAAAAAOCqAQAAAAAAAADgqgEAAAAAAAAA4KoBAAAAAAAAAOCqAQAAAAAAAADgqgEAAAAAAAAA4KoBAAAAAAAAAOCqAQAAAAAAAADgqgEAAAAAAAAA4KoBAAAAAAAAAOCqAQAAAAAAAADgqgEAAAAAAAAA4KoBAAAAAAAAAOCqAQAAAAAAAADgqgEAAAAAAAAA4KoBAAAAAAAAAOCqAQAAAAAAAADgqgEAAAAAAAAA4KoBAAAAAAAAAOCqAQAAAAAAAADgqgEAAAAAAAAA4KoBAAAAAAAAAOCqAQAAAAAAAADgqgEAAAAAAAAA4KoBAAAAAAAAAOCqAQAAAAAAAADgqgEAAAAAAAAA4KoBAAAAAAAAAOCqAQAAAAAAAADgqgEAAAAAAAAA4KoBAAAAAAAAAOCqAQAAAAAAAADgqgEAAAAAAAAA4KoBAAAAAAAAAOCqAQAAAAAAAADgqgEAAAAAAAAA4KoBAAAAAAAAAOCqAQAAAAAAA...
&amp#27;[35m[HTTP]&amp#27;[39m &amp#27;[37m<-- POST /wd/hub/session/63091ffb-25ba-4690-9602-bf41739ac2c6/appium/compare_images &amp#27;[39m&amp#27;[32m200&amp#27;[39m &amp#27;[90m467 ms - 34428&amp#27;[39m
&amp#27;[35m[HTTP]&amp#27;[39m &amp#27;[90m&amp#27;[39m
Visual check of 'Start' passed; similarity match was 1,000000
Searching for Secure Notes section
&amp#27;[35m[HTTP]&amp#27;[39m &amp#27;[37m-->&amp#27;[39m &amp#27;[37mGET&amp#27;[39m &amp#27;[37m/wd/hub/session/63091ffb-25ba-4690-9602-bf41739ac2c6/context&amp#27;[39m
&amp#27;[35m[HTTP]&amp#27;[39m &amp#27;[90m{}&amp#27;[39m
[debug] &amp#27;[35m[W3C (63091ffb)]&amp#27;[39m Calling AppiumDriver.getCurrentContext() with args: ["63091ffb-25ba-4690-9602-bf41739ac2c6"]
[debug] &amp#27;[35m[W3C (63091ffb)]&amp#27;[39m Responding to client with driver.getCurrentContext() result: "NATIVE_APP"
&amp#27;[35m[HTTP]&amp#27;[39m &amp#27;[37m<-- GET /wd/hub/session/63091ffb-25ba-4690-9602-bf41739ac2c6/context &amp#27;[39m&amp#27;[32m200&amp#27;[39m &amp#27;[90m1 ms - 22&amp#27;[39m
&amp#27;[35m[HTTP]&amp#27;[39m &amp#27;[90m&amp#27;[39m
&amp#27;[35m[HTTP]&amp#27;[39m &amp#27;[37m-->&amp#27;[39m &amp#27;[37mPOST&amp#27;[39m &amp#27;[37m/wd/hub/session/63091ffb-25ba-4690-9602-bf41739ac2c6/element&amp#27;[39m
&amp#27;[35m[HTTP]&amp#27;[39m &amp#27;[90m{"using":"xpath","value":"/hierarchy/android.widget.FrameLayout/android.widget.LinearLayout/android.widget.FrameLayout/android.widget.LinearLayout/android.widget.FrameLayout/android.view.ViewGroup/android.widget.LinearLayout/android.widget.FrameLayout[1]/android.widget.FrameLayout/android.view.ViewGroup/androidx.recyclerview.widget.RecyclerView/android.widget.LinearLayout[2]"}&amp#27;[39m
[debug] &amp#27;[35m[W3C (63091ffb)]&amp#27;[39m Calling AppiumDriver.findElement() with args: ["xpath","/hierarchy/android.widget.FrameLayout/android.widget.LinearLayout/android.widget.FrameLayout/android.widget.LinearLayout/android.widget.FrameLayout/android.view.ViewGroup/android.widget.LinearLayout/android.widget.FrameLayout[1]/android.widget.FrameLayout/android.view.ViewGroup/androidx.recyclerview.widget.RecyclerView/android.widget.LinearLayout[2]","63091ffb-25ba-4690-9602-bf41739ac2c6"]
[debug] &amp#27;[35m[BaseDriver]&amp#27;[39m Valid locator strategies for this request: xpath, id, class name, accessibility id, -android uiautomator
[debug] &amp#27;[35m[BaseDriver]&amp#27;[39m Waiting up to 10000 ms for condition
[debug] &amp#27;[35m[WD Proxy]&amp#27;[39m Matched '/element' to command name 'findElement'
[debug] &amp#27;[35m[WD Proxy]&amp#27;[39m Proxying [POST /element] to [POST http://127.0.0.1:8200/wd/hub/session/48554810-727f-4111-b250-ae9349bb7ba5/element] with body: {"strategy":"xpath","selector":"/hierarchy/android.widget.FrameLayout/android.widget.LinearLayout/android.widget.FrameLayout/android.widget.LinearLayout/android.widget.FrameLayout/android.view.ViewGroup/android.widget.LinearLayout/android.widget.FrameLayout[1]/android.widget.FrameLayout/android.view.ViewGroup/androidx.recyclerview.widget.RecyclerView/android.widget.LinearLayout[2]","context":"","multiple":false}
[debug] &amp#27;[35m[WD Proxy]&amp#27;[39m Got response with status 200: {"sessionId":"48554810-727f-4111-b250-ae9349bb7ba5","value":{"ELEMENT":"7214df42-de9e-4202-988e-1f1e20c6bb82","element-6066-11e4-a52e-4f735466cecf":"7214df42-de9e-4202-988e-1f1e20c6bb82"}}
[debug] &amp#27;[35m[W3C (63091ffb)]&amp#27;[39m Responding to client with driver.findElement() result: {"element-6066-11e4-a52e-4f735466cecf":"7214df42-de9e-4202-988e-1f1e20c6bb82","ELEMENT":"7214df42-de9e-4202-988e-1f1e20c6bb82"}
&amp#27;[35m[HTTP]&amp#27;[39m &amp#27;[37m<-- POST /wd/hub/session/63091ffb-25ba-4690-9602-bf41739ac2c6/element &amp#27;[39m&amp#27;[32m200&amp#27;[39m &amp#27;[90m195 ms - 137&amp#27;[39m
&amp#27;[35m[HTTP]&amp#27;[39m &amp#27;[90m&amp#27;[39m
&amp#27;[35m[HTTP]&amp#27;[39m &amp#27;[37m-->&amp#27;[39m &amp#27;[37mPOST&amp#27;[39m &amp#27;[37m/wd/hub/session/63091ffb-25ba-4690-9602-bf41739ac2c6/element/7214df42-de9e-4202-988e-1f1e20c6bb82/click&amp#27;[39m
&amp#27;[35m[HTTP]&amp#27;[39m &amp#27;[90m{"id":"7214df42-de9e-4202-988e-1f1e20c6bb82"}&amp#27;[39m
[debug] &amp#27;[35m[W3C (63091ffb)]&amp#27;[39m Calling AppiumDriver.click() with args: ["7214df42-de9e-4202-988e-1f1e20c6bb82","63091ffb-25ba-4690-9602-bf41739ac2c6"]
[debug] &amp#27;[35m[WD Proxy]&amp#27;[39m Matched '/element/7214df42-de9e-4202-988e-1f1e20c6bb82/click' to command name 'click'
[debug] &amp#27;[35m[WD Proxy]&amp#27;[39m Proxying [POST /element/7214df42-de9e-4202-988e-1f1e20c6bb82/click] to [POST http://127.0.0.1:8200/wd/hub/session/48554810-727f-4111-b250-ae9349bb7ba5/element/7214df42-de9e-4202-988e-1f1e20c6bb82/click] with body: {"element":"7214df42-de9e-4202-988e-1f1e20c6bb82"}
[debug] &amp#27;[35m[WD Proxy]&amp#27;[39m Got response with status 200: {"sessionId":"48554810-727f-4111-b250-ae9349bb7ba5","value":null}
[debug] &amp#27;[35m[W3C (63091ffb)]&amp#27;[39m Responding to client with driver.click() result: null
&amp#27;[35m[HTTP]&amp#27;[39m &amp#27;[37m<-- POST /wd/hub/session/63091ffb-25ba-4690-9602-bf41739ac2c6/element/7214df42-de9e-4202-988e-1f1e20c6bb82/click &amp#27;[39m&amp#27;[32m200&amp#27;[39m &amp#27;[90m38 ms - 14&amp#27;[39m
&amp#27;[35m[HTTP]&amp#27;[39m &amp#27;[90m&amp#27;[39m
Searching for addItemButton
&amp#27;[35m[HTTP]&amp#27;[39m &amp#27;[37m-->&amp#27;[39m &amp#27;[37mGET&amp#27;[39m &amp#27;[37m/wd/hub/session/63091ffb-25ba-4690-9602-bf41739ac2c6/context&amp#27;[39m
&amp#27;[35m[HTTP]&amp#27;[39m &amp#27;[90m{}&amp#27;[39m
[debug] &amp#27;[35m[W3C (63091ffb)]&amp#27;[39m Calling AppiumDriver.getCurrentContext() with args: ["63091ffb-25ba-4690-9602-bf41739ac2c6"]
[debug] &amp#27;[35m[W3C (63091ffb)]&amp#27;[39m Responding to client with driver.getCurrentContext() result: "NATIVE_APP"
&amp#27;[35m[HTTP]&amp#27;[39m &amp#27;[37m<-- GET /wd/hub/session/63091ffb-25ba-4690-9602-bf41739ac2c6/context &amp#27;[39m&amp#27;[32m200&amp#27;[39m &amp#27;[90m1 ms - 22&amp#27;[39m
&amp#27;[35m[HTTP]&amp#27;[39m &amp#27;[90m&amp#27;[39m
&amp#27;[35m[HTTP]&amp#27;[39m &amp#27;[37m-->&amp#27;[39m &amp#27;[37mPOST&amp#27;[39m &amp#27;[37m/wd/hub/session/63091ffb-25ba-4690-9602-bf41739ac2c6/element&amp#27;[39m
&amp#27;[35m[HTTP]&amp#27;[39m &amp#27;[90m{"using":"id","value":"com.nordpass.android.app.password.manager:id/addItemButton"}&amp#27;[39m
[debug] &amp#27;[35m[W3C (63091ffb)]&amp#27;[39m Calling AppiumDriver.findElement() with args: ["id","com.nordpass.android.app.password.manager:id/addItemButton","63091ffb-25ba-4690-9602-bf41739ac2c6"]
[debug] &amp#27;[35m[BaseDriver]&amp#27;[39m Valid locator strategies for this request: xpath, id, class name, accessibility id, -android uiautomator
[debug] &amp#27;[35m[BaseDriver]&amp#27;[39m Waiting up to 10000 ms for condition
[debug] &amp#27;[35m[WD Proxy]&amp#27;[39m Matched '/element' to command name 'findElement'
[debug] &amp#27;[35m[WD Proxy]&amp#27;[39m Proxying [POST /element] to [POST http://127.0.0.1:8200/wd/hub/session/48554810-727f-4111-b250-ae9349bb7ba5/element] with body: {"strategy":"id","selector":"com.nordpass.android.app.password.manager:id/addItemButton","context":"","multiple":false}
[debug] &amp#27;[35m[WD Proxy]&amp#27;[39m Got response with status 200: {"sessionId":"48554810-727f-4111-b250-ae9349bb7ba5","value":{"ELEMENT":"941ceefd-7b0f-46e6-93cd-d17b0d9e388c","element-6066-11e4-a52e-4f735466cecf":"941ceefd-7b0f-46e6-93cd-d17b0d9e388c"}}
[debug] &amp#27;[35m[W3C (63091ffb)]&amp#27;[39m Responding to client with driver.findElement() result: {"element-6066-11e4-a52e-4f735466cecf":"941ceefd-7b0f-46e6-93cd-d17b0d9e388c","ELEMENT":"941ceefd-7b0f-46e6-93cd-d17b0d9e388c"}
&amp#27;[35m[HTTP]&amp#27;[39m &amp#27;[37m<-- POST /wd/hub/session/63091ffb-25ba-4690-9602-bf41739ac2c6/element &amp#27;[39m&amp#27;[32m200&amp#27;[39m &amp#27;[90m110 ms - 137&amp#27;[39m
&amp#27;[35m[HTTP]&amp#27;[39m &amp#27;[90m&amp#27;[39m
&amp#27;[35m[HTTP]&amp#27;[39m &amp#27;[37m-->&amp#27;[39m &amp#27;[37mPOST&amp#27;[39m &amp#27;[37m/wd/hub/session/63091ffb-25ba-4690-9602-bf41739ac2c6/element/941ceefd-7b0f-46e6-93cd-d17b0d9e388c/click&amp#27;[39m
&amp#27;[35m[HTTP]&amp#27;[39m &amp#27;[90m{"id":"941ceefd-7b0f-46e6-93cd-d17b0d9e388c"}&amp#27;[39m
[debug] &amp#27;[35m[W3C (63091ffb)]&amp#27;[39m Calling AppiumDriver.click() with args: ["941ceefd-7b0f-46e6-93cd-d17b0d9e388c","63091ffb-25ba-4690-9602-bf41739ac2c6"]
[debug] &amp#27;[35m[WD Proxy]&amp#27;[39m Matched '/element/941ceefd-7b0f-46e6-93cd-d17b0d9e388c/click' to command name 'click'
[debug] &amp#27;[35m[WD Proxy]&amp#27;[39m Proxying [POST /element/941ceefd-7b0f-46e6-93cd-d17b0d9e388c/click] to [POST http://127.0.0.1:8200/wd/hub/session/48554810-727f-4111-b250-ae9349bb7ba5/element/941ceefd-7b0f-46e6-93cd-d17b0d9e388c/click] with body: {"element":"941ceefd-7b0f-46e6-93cd-d17b0d9e388c"}
[debug] &amp#27;[35m[WD Proxy]&amp#27;[39m Got response with status 200: {"sessionId":"48554810-727f-4111-b250-ae9349bb7ba5","value":null}
[debug] &amp#27;[35m[W3C (63091ffb)]&amp#27;[39m Responding to client with driver.click() result: null
&amp#27;[35m[HTTP]&amp#27;[39m &amp#27;[37m<-- POST /wd/hub/session/63091ffb-25ba-4690-9602-bf41739ac2c6/element/941ceefd-7b0f-46e6-93cd-d17b0d9e388c/click &amp#27;[39m&amp#27;[32m200&amp#27;[39m &amp#27;[90m669 ms - 14&amp#27;[39m
&amp#27;[35m[HTTP]&amp#27;[39m &amp#27;[90m&amp#27;[39m
Searching for NoteTitleField
&amp#27;[35m[HTTP]&amp#27;[39m &amp#27;[37m-->&amp#27;[39m &amp#27;[37mGET&amp#27;[39m &amp#27;[37m/wd/hub/session/63091ffb-25ba-4690-9602-bf41739ac2c6/context&amp#27;[39m
&amp#27;[35m[HTTP]&amp#27;[39m &amp#27;[90m{}&amp#27;[39m
[debug] &amp#27;[35m[W3C (63091ffb)]&amp#27;[39m Calling AppiumDriver.getCurrentContext() with args: ["63091ffb-25ba-4690-9602-bf41739ac2c6"]
[debug] &amp#27;[35m[W3C (63091ffb)]&amp#27;[39m Responding to client with driver.getCurrentContext() result: "NATIVE_APP"
&amp#27;[35m[HTTP]&amp#27;[39m &amp#27;[37m<-- GET /wd/hub/session/63091ffb-25ba-4690-9602-bf41739ac2c6/context &amp#27;[39m&amp#27;[32m200&amp#27;[39m &amp#27;[90m1 ms - 22&amp#27;[39m
&amp#27;[35m[HTTP]&amp#27;[39m &amp#27;[90m&amp#27;[39m
&amp#27;[35m[HTTP]&amp#27;[39m &amp#27;[37m-->&amp#27;[39m &amp#27;[37mPOST&amp#27;[39m &amp#27;[37m/wd/hub/session/63091ffb-25ba-4690-9602-bf41739ac2c6/element&amp#27;[39m
&amp#27;[35m[HTTP]&amp#27;[39m &amp#27;[90m{"using":"id","value":"com.nordpass.android.app.password.manager:id/noteTitle"}&amp#27;[39m
[debug] &amp#27;[35m[W3C (63091ffb)]&amp#27;[39m Calling AppiumDriver.findElement() with args: ["id","com.nordpass.android.app.password.manager:id/noteTitle","63091ffb-25ba-4690-9602-bf41739ac2c6"]
[debug] &amp#27;[35m[BaseDriver]&amp#27;[39m Valid locator strategies for this request: xpath, id, class name, accessibility id, -android uiautomator
[debug] &amp#27;[35m[BaseDriver]&amp#27;[39m Waiting up to 10000 ms for condition
[debug] &amp#27;[35m[WD Proxy]&amp#27;[39m Matched '/element' to command name 'findElement'
[debug] &amp#27;[35m[WD Proxy]&amp#27;[39m Proxying [POST /element] to [POST http://127.0.0.1:8200/wd/hub/session/48554810-727f-4111-b250-ae9349bb7ba5/element] with body: {"strategy":"id","selector":"com.nordpass.android.app.password.manager:id/noteTitle","context":"","multiple":false}
[debug] &amp#27;[35m[WD Proxy]&amp#27;[39m Got response with status 200: {"sessionId":"48554810-727f-4111-b250-ae9349bb7ba5","value":{"ELEMENT":"c686535f-267e-4fd9-ab96-84e277464c44","element-6066-11e4-a52e-4f735466cecf":"c686535f-267e-4fd9-ab96-84e277464c44"}}
[debug] &amp#27;[35m[W3C (63091ffb)]&amp#27;[39m Responding to client with driver.findElement() result: {"element-6066-11e4-a52e-4f735466cecf":"c686535f-267e-4fd9-ab96-84e277464c44","ELEMENT":"c686535f-267e-4fd9-ab96-84e277464c44"}
&amp#27;[35m[HTTP]&amp#27;[39m &amp#27;[37m<-- POST /wd/hub/session/63091ffb-25ba-4690-9602-bf41739ac2c6/element &amp#27;[39m&amp#27;[32m200&amp#27;[39m &amp#27;[90m84 ms - 137&amp#27;[39m
&amp#27;[35m[HTTP]&amp#27;[39m &amp#27;[90m&amp#27;[39m
&amp#27;[35m[HTTP]&amp#27;[39m &amp#27;[37m-->&amp#27;[39m &amp#27;[37mPOST&amp#27;[39m &amp#27;[37m/wd/hub/session/63091ffb-25ba-4690-9602-bf41739ac2c6/element/c686535f-267e-4fd9-ab96-84e277464c44/click&amp#27;[39m
&amp#27;[35m[HTTP]&amp#27;[39m &amp#27;[90m{"id":"c686535f-267e-4fd9-ab96-84e277464c44"}&amp#27;[39m
[debug] &amp#27;[35m[W3C (63091ffb)]&amp#27;[39m Calling AppiumDriver.click() with args: ["c686535f-267e-4fd9-ab96-84e277464c44","63091ffb-25ba-4690-9602-bf41739ac2c6"]
[debug] &amp#27;[35m[WD Proxy]&amp#27;[39m Matched '/element/c686535f-267e-4fd9-ab96-84e277464c44/click' to command name 'click'
[debug] &amp#27;[35m[WD Proxy]&amp#27;[39m Proxying [POST /element/c686535f-267e-4fd9-ab96-84e277464c44/click] to [POST http://127.0.0.1:8200/wd/hub/session/48554810-727f-4111-b250-ae9349bb7ba5/element/c686535f-267e-4fd9-ab96-84e277464c44/click] with body: {"element":"c686535f-267e-4fd9-ab96-84e277464c44"}
[debug] &amp#27;[35m[WD Proxy]&amp#27;[39m Got response with status 200: {"sessionId":"48554810-727f-4111-b250-ae9349bb7ba5","value":null}
[debug] &amp#27;[35m[W3C (63091ffb)]&amp#27;[39m Responding to client with driver.click() result: null
&amp#27;[35m[HTTP]&amp#27;[39m &amp#27;[37m<-- POST /wd/hub/session/63091ffb-25ba-4690-9602-bf41739ac2c6/element/c686535f-267e-4fd9-ab96-84e277464c44/click &amp#27;[39m&amp#27;[32m200&amp#27;[39m &amp#27;[90m1322 ms - 14&amp#27;[39m
&amp#27;[35m[HTTP]&amp#27;[39m &amp#27;[90m&amp#27;[39m
&amp#27;[35m[HTTP]&amp#27;[39m &amp#27;[37m-->&amp#27;[39m &amp#27;[37mGET&amp#27;[39m &amp#27;[37m/wd/hub/session/63091ffb-25ba-4690-9602-bf41739ac2c6/appium/device/is_keyboard_shown&amp#27;[39m
&amp#27;[35m[HTTP]&amp#27;[39m &amp#27;[90m{}&amp#27;[39m
[debug] &amp#27;[35m[W3C (63091ffb)]&amp#27;[39m Calling AppiumDriver.isKeyboardShown() with args: ["63091ffb-25ba-4690-9602-bf41739ac2c6"]
[debug] &amp#27;[35m[ADB]&amp#27;[39m Running 'C:\Users\T1170\AppData\Local\Android\Sdk\platform-tools\adb.exe -P 5037 -s emulator-5554 shell dumpsys input_method'
[debug] &amp#27;[35m[W3C (63091ffb)]&amp#27;[39m Responding to client with driver.isKeyboardShown() result: true
&amp#27;[35m[HTTP]&amp#27;[39m &amp#27;[37m<-- GET /wd/hub/session/63091ffb-25ba-4690-9602-bf41739ac2c6/appium/device/is_keyboard_shown &amp#27;[39m&amp#27;[32m200&amp#27;[39m &amp#27;[90m127 ms - 14&amp#27;[39m
&amp#27;[35m[HTTP]&amp#27;[39m &amp#27;[90m&amp#27;[39m
Searching for NoteTitleField
&amp#27;[35m[HTTP]&amp#27;[39m &amp#27;[37m-->&amp#27;[39m &amp#27;[37mGET&amp#27;[39m &amp#27;[37m/wd/hub/session/63091ffb-25ba-4690-9602-bf41739ac2c6/context&amp#27;[39m
&amp#27;[35m[HTTP]&amp#27;[39m &amp#27;[90m{}&amp#27;[39m
[debug] &amp#27;[35m[W3C (63091ffb)]&amp#27;[39m Calling AppiumDriver.getCurrentContext() with args: ["63091ffb-25ba-4690-9602-bf41739ac2c6"]
[debug] &amp#27;[35m[W3C (63091ffb)]&amp#27;[39m Responding to client with driver.getCurrentContext() result: "NATIVE_APP"
&amp#27;[35m[HTTP]&amp#27;[39m &amp#27;[37m<-- GET /wd/hub/session/63091ffb-25ba-4690-9602-bf41739ac2c6/context &amp#27;[39m&amp#27;[32m200&amp#27;[39m &amp#27;[90m1 ms - 22&amp#27;[39m
&amp#27;[35m[HTTP]&amp#27;[39m &amp#27;[90m&amp#27;[39m
&amp#27;[35m[HTTP]&amp#27;[39m &amp#27;[37m-->&amp#27;[39m &amp#27;[37mPOST&amp#27;[39m &amp#27;[37m/wd/hub/session/63091ffb-25ba-4690-9602-bf41739ac2c6/element&amp#27;[39m
&amp#27;[35m[HTTP]&amp#27;[39m &amp#27;[90m{"using":"id","value":"com.nordpass.android.app.password.manager:id/noteTitle"}&amp#27;[39m
[debug] &amp#27;[35m[W3C (63091ffb)]&amp#27;[39m Calling AppiumDriver.findElement() with args: ["id","com.nordpass.android.app.password.manager:id/noteTitle","63091ffb-25ba-4690-9602-bf41739ac2c6"]
[debug] &amp#27;[35m[BaseDriver]&amp#27;[39m Valid locator strategies for this request: xpath, id, class name, accessibility id, -android uiautomator
[debug] &amp#27;[35m[BaseDriver]&amp#27;[39m Waiting up to 10000 ms for condition
[debug] &amp#27;[35m[WD Proxy]&amp#27;[39m Matched '/element' to command name 'findElement'
[debug] &amp#27;[35m[WD Proxy]&amp#27;[39m Proxying [POST /element] to [POST http://127.0.0.1:8200/wd/hub/session/48554810-727f-4111-b250-ae9349bb7ba5/element] with body: {"strategy":"id","selector":"com.nordpass.android.app.password.manager:id/noteTitle","context":"","multiple":false}
[debug] &amp#27;[35m[WD Proxy]&amp#27;[39m Got response with status 200: {"sessionId":"48554810-727f-4111-b250-ae9349bb7ba5","value":{"ELEMENT":"7d2c317c-7b50-4a90-9f18-3e3089814d95","element-6066-11e4-a52e-4f735466cecf":"7d2c317c-7b50-4a90-9f18-3e3089814d95"}}
[debug] &amp#27;[35m[W3C (63091ffb)]&amp#27;[39m Responding to client with driver.findElement() result: {"element-6066-11e4-a52e-4f735466cecf":"7d2c317c-7b50-4a90-9f18-3e3089814d95","ELEMENT":"7d2c317c-7b50-4a90-9f18-3e3089814d95"}
&amp#27;[35m[HTTP]&amp#27;[39m &amp#27;[37m<-- POST /wd/hub/session/63091ffb-25ba-4690-9602-bf41739ac2c6/element &amp#27;[39m&amp#27;[32m200&amp#27;[39m &amp#27;[90m13 ms - 137&amp#27;[39m
&amp#27;[35m[HTTP]&amp#27;[39m &amp#27;[90m&amp#27;[39m
&amp#27;[35m[HTTP]&amp#27;[39m &amp#27;[37m-->&amp#27;[39m &amp#27;[37mPOST&amp#27;[39m &amp#27;[37m/wd/hub/session/63091ffb-25ba-4690-9602-bf41739ac2c6/element/7d2c317c-7b50-4a90-9f18-3e3089814d95/value&amp#27;[39m
&amp#27;[35m[HTTP]&amp#27;[39m &amp#27;[90m{"id":"7d2c317c-7b50-4a90-9f18-3e3089814d95","text":"This secure note text is 51 characters looooooooong","value":["T","h","i","s"," ","s","e","c","u","r","e"," ","n","o","t","e"," ","t","e","x","t"," ","i","s"," ","5","1"," ","c","h","a","r","a","c","t","e","r","s"," ","l","o","o","o","o","o","o","o","o","o","n","g"]}&amp#27;[39m
[debug] &amp#27;[35m[W3C (63091ffb)]&amp#27;[39m Calling AppiumDriver.setValue() with args: [["T","h","i","s"," ","s","e","c","u","r","e"," ","n","o","t","e"," ","t","e","x","t"," ","i","s"," ","5","1"," ","c","h","a","r","a","c","t","e","r","s"," ","l","o","o","o","o","o","o","o","o","o","n","g"],"7d2c317c-7b50-4a90-9f18-3e3089814d95","63091ffb-25ba-4690-9602-bf41739ac2c6"]
[debug] &amp#27;[35m[WD Proxy]&amp#27;[39m Matched '/element/7d2c317c-7b50-4a90-9f18-3e3089814d95/value' to command name 'setValue'
[debug] &amp#27;[35m[Protocol Converter]&amp#27;[39m Added 'value' property ["T","h","i","s"," ","s","e","c","u","r","e"," ","n","o","t","e"," ","t","e","x","t"," ","i","s"," ","5","1"," ","c","h","a","r","a","c","t","e","r","s"," ","l","o","o","o","o","o","o","o","o","o","n","g"] to 'setValue' request body
[debug] &amp#27;[35m[WD Proxy]&amp#27;[39m Proxying [POST /element/7d2c317c-7b50-4a90-9f18-3e3089814d95/value] to [POST http://127.0.0.1:8200/wd/hub/session/48554810-727f-4111-b250-ae9349bb7ba5/element/7d2c317c-7b50-4a90-9f18-3e3089814d95/value] with body: {"elementId":"7d2c317c-7b50-4a90-9f18-3e3089814d95","text":"This secure note text is 51 characters looooooooong","replace":false,"value":["T","h","i","s"," ","s","e","c","u","r","e"," ","n","o","t","e"," ","t","e","x","t"," ","i","s"," ","5","1"," ","c","h","a","r","a","c","t","e","r","s"," ","l","o","o","o","o","o","o","o","o","o","n","g"]}
[debug] &amp#27;[35m[WD Proxy]&amp#27;[39m Got response with status 200: {"sessionId":"48554810-727f-4111-b250-ae9349bb7ba5","value":null}
[debug] &amp#27;[35m[W3C (63091ffb)]&amp#27;[39m Responding to client with driver.setValue() result: null
&amp#27;[35m[HTTP]&amp#27;[39m &amp#27;[37m<-- POST /wd/hub/session/63091ffb-25ba-4690-9602-bf41739ac2c6/element/7d2c317c-7b50-4a90-9f18-3e3089814d95/value &amp#27;[39m&amp#27;[32m200&amp#27;[39m &amp#27;[90m644 ms - 14&amp#27;[39m
&amp#27;[35m[HTTP]&amp#27;[39m &amp#27;[90m&amp#27;[39m
&amp#27;[35m[HTTP]&amp#27;[39m &amp#27;[37m-->&amp#27;[39m &amp#27;[37mPOST&amp#27;[39m &amp#27;[37m/wd/hub/session/63091ffb-25ba-4690-9602-bf41739ac2c6/appium/device/hide_keyboard&amp#27;[39m
&amp#27;[35m[HTTP]&amp#27;[39m &amp#27;[90m{}&amp#27;[39m
[debug] &amp#27;[35m[W3C (63091ffb)]&amp#27;[39m Calling AppiumDriver.hideKeyboard() with args: [null,null,null,null,"63091ffb-25ba-4690-9602-bf41739ac2c6"]
[debug] &amp#27;[35m[ADB]&amp#27;[39m Running 'C:\Users\T1170\AppData\Local\Android\Sdk\platform-tools\adb.exe -P 5037 -s emulator-5554 shell dumpsys input_method'
[debug] &amp#27;[35m[ADB]&amp#27;[39m Running 'C:\Users\T1170\AppData\Local\Android\Sdk\platform-tools\adb.exe -P 5037 -s emulator-5554 shell input keyevent 111'
[debug] &amp#27;[35m[ADB]&amp#27;[39m Running 'C:\Users\T1170\AppData\Local\Android\Sdk\platform-tools\adb.exe -P 5037 -s emulator-5554 shell dumpsys input_method'
[debug] &amp#27;[35m[W3C (63091ffb)]&amp#27;[39m Responding to client with driver.hideKeyboard() result: true
&amp#27;[35m[HTTP]&amp#27;[39m &amp#27;[37m<-- POST /wd/hub/session/63091ffb-25ba-4690-9602-bf41739ac2c6/appium/device/hide_keyboard &amp#27;[39m&amp#27;[32m200&amp#27;[39m &amp#27;[90m489 ms - 14&amp#27;[39m
&amp#27;[35m[HTTP]&amp#27;[39m &amp#27;[90m&amp#27;[39m
&amp#27;[35m[HTTP]&amp#27;[39m &amp#27;[37m-->&amp#27;[39m &amp#27;[37mGET&amp#27;[39m &amp#27;[37m/wd/hub/session/63091ffb-25ba-4690-9602-bf41739ac2c6/screenshot&amp#27;[39m
&amp#27;[35m[HTTP]&amp#27;[39m &amp#27;[90m{}&amp#27;[39m
[debug] &amp#27;[35m[W3C (63091ffb)]&amp#27;[39m Calling AppiumDriver.getScreenshot() with args: ["63091ffb-25ba-4690-9602-bf41739ac2c6"]
[debug] &amp#27;[35m[WD Proxy]&amp#27;[39m Matched '/screenshot' to command name 'getScreenshot'
[debug] &amp#27;[35m[WD Proxy]&amp#27;[39m Proxying [GET /screenshot] to [GET http://127.0.0.1:8200/wd/hub/session/48554810-727f-4111-b250-ae9349bb7ba5/screenshot] with no body
[debug] &amp#27;[35m[WD Proxy]&amp#27;[39m Got response with status 200: {"sessionId":"48554810-727f-4111-b250-ae9349bb7ba5","value":"iVBORw0KGgoAAAANSUhEUgAABaAAAAoACAYAAABH9IXPAAAAAXNSR0IArs4c6QAAAARzQklUCAgI\nCHwIZIgAACAASURBVHic7N15vJdj/j/w9+kcrZKIGsy0EJkwRsZYQpZRSQiJiWYsjSUztom+jSXL\n194IyWDka0xIJVJUtqjJDJGRqCGUJL5N+2k5dTq/P/zybdRnOed87rP1fD4eHo+Zc7/v63rTdU71\n+lz3dedFREkAAAAAAECO1arsBgAAAAAAqJkE0AAAAAAAJEIADQAAAABAIgTQAAAAAAAkQgANAAAA\nAEAiBNAAAAAAACRCAA0AAAAAQCIE0AAAAAAAJEIADQAAAABAIgTQAAAAAAAkQgANAAAAAEAiBNAA\nAAAAACRCAA0AAAAAQCIE0AAAAAAAJEIADQAAAABAIgTQAAAAAAAkQgANAAAAAEAiBNAAAAAAACSi\noLIbAAAAAACoilq0aBGff/55ZbcR119/fda1jz32WJXoeaO8iCip7CYAAAAAAKqS3r17x/777x99\n+vSp7FaipCT7CPeoo46KSZMmJddMKTmCAwAAAABgE+eff3489NBDld1GjSCABgAAAAD4/84///x4\n+OGHK7uNGkMADQAAAAAQwuckCKABAAAAgK1enz59KjV8vvvuu2PJkiVRUlKy2T+l8dprr212/2ef\nfVaqFxnmUkGlzAoAAAAAUEX06dMnBg8eXGnzDxo0KC699NLExm/RokUMGDAg8vLyYsCAAYnNsyV2\nQAMAAAAAW63KDp8jIn71q1/VqHk2JYAGAAAAALZKVSF8jojYfvvtK2SeFi1aVMg8mxJAAwAAAABb\nnaoSPtd0AmgAAAAAYKsifK44AmgAAAAAYKtxxRVXbDF8LiwsjCVLlvzH10pKSiqqrRpLAA0AAAAA\nbBX69OkTAwcO3OzrK1eujKOP...
[debug] &amp#27;[35m[W3C (63091ffb)]&amp#27;[39m Responding to client with driver.getScreenshot() result: "iVBORw0KGgoAAAANSUhEUgAABaAAAAoACAYAAABH9IXPAAAAAXNSR0IArs4c6QAAAARzQklUCAgI\nCHwIZIgAACAASURBVHic7N15vJdj/j/w9+kcrZKIGsy0EJkwRsZYQpZRSQiJiWYsjSUztom+jSXL\n194IyWDka0xIJVJUtqjJDJGRqCGUJL5N+2k5dTq/P/zybdRnOed87rP1fD4eHo+Zc7/v63rTdU71\n+lz3dedFREkAAAAAAECO1arsBgAAAAAAqJkE0AAAAAAAJEIADQAAAABAIgTQAAAAAAAkQgANAAAA\nAEAiBNAAAAAAACRCAA0AAAAAQCIE0AAAAAAAJEIADQAAAABAIgTQAAAAAAAkQgANAAAAAEAiBNAA\nAAAAACRCAA0AAAAAQCIE0AAAAAAAJEIADQAAAABAIgTQAAAAAAAkQgANAAAAAEAiBNAAAAAAACSi\noLIbAAAAAACoilq0aBGff/55ZbcR119/fda1jz32WJXoeaO8iCip7CYAAAAAAKqS3r17x/777x99\n+vSp7FaipCT7CPeoo46KSZMmJddMKTmCAwAAAABgE+eff3489NBDld1GjSCABgAAAAD4/84///x4\n+OGHK7uNGkMADQAAAAAQwuckCKABAAAAgK1enz59KjV8vvvuu2PJkiVRUlKy2T+l8dprr212/2ef\nfVaqFxnmUkGlzAoAAAAAUEX06dMnBg8eXGnzDxo0KC699NLExm/RokUMGDAg8vLyYsCAAYnNsyV2\nQAMAAAAAW63KDp8jIn71q1/VqHk2JYAGAAAAALZKVSF8jojYfvvtK2SeFi1aVMg8mxJAAwAAAABb\nnaoSPtd0AmgAAAAAYKsifK44AmgAAAAAYKtxxRVXbDF8LiwsjCVLlvzH10pKSiqqrRpLAA0AAAAA\nbBX69OkTAwcO3OzrK1eujKOPPjoWLlz4H1/Py8urqNZqLAE0AAAAAFDjXXnllVvc+bxy5co45phj\n4q233q...
&amp#27;[35m[HTTP]&amp#27;[39m &amp#27;[37m<-- GET /wd/hub/session/63091ffb-25ba-4690-9602-bf41739ac2c6/screenshot &amp#27;[39m&amp#27;[32m200&amp#27;[39m &amp#27;[90m313 ms - 121348&amp#27;[39m
&amp#27;[35m[HTTP]&amp#27;[39m &amp#27;[90m&amp#27;[39m
&amp#27;[35m[HTTP]&amp#27;[39m &amp#27;[37m-->&amp#27;[39m &amp#27;[37mPOST&amp#27;[39m &amp#27;[37m/wd/hub/session/63091ffb-25ba-4690-9602-bf41739ac2c6/appium/compare_images&amp#27;[39m
&amp#27;[35m[HTTP]&amp#27;[39m &amp#27;[90m{"mode":"getSimilarity","firstImage":"iVBORw0KGgoAAAANSUhEUgAABaAAAAoACAYAAABH9IXPAAAAAXNSR0IArs4c6QAAAARzQklUCAgICHwIZIgAACAASURBVHic7N15vJdj/j/w9+kcrZKIGsy0EJkwRsZYQpZRSQiJiWYsjSUztom+jSXL194IyWDka0xIJVJUtqjJDJGRqCGUJL5N+2k5dTq/P/zybdRnOed87rP1fD4eHo+Zc7/v63rTdU71+lz3dedFREkAAAAAAECO1arsBgAAAAAAqJkE0AAAAAAAJEIADQAAAABAIgTQAAAAAAAkQgANAAAAAEAiBNAAAAAAACRCAA0AAAAAQCIE0AAAAAAAJEIADQAAAABAIgTQAAAAAAAkQgANAAAAAEAiBNAAAAAAACRCAA0AAAAAQCIE0AAAAAAAJEIADQAAAABAIgTQAAAAAAAkQgANAAAAAEAiBNAAAAAAACSioLIbAAAAAACoilq0aBGff/55ZbcR119/fda1jz32WJXoeaO8iCip7CYAAAAAAKqS3r17x/777x99+vSp7FaipCT7CPeoo46KSZMmJddMKTmCAwAAAABgE+eff3489NBDld1GjSCABgAAAAD4/84///x4+OGHK7uNGkMADQAAAAAQwuckCKABAAAAgK1enz59KjV8vvvuu2PJkiVRUlKy2T+l8dprr212/2effVaqFxnmUkGlzAoAAAAAUEX06dMnBg8eXGnzDxo0KC699NLExm/RokUMGDAg8vLyYsCAAYnNsyV2QAMAAAAAW63KDp8jIn71q1/VqHk2JYAGAAAAALZKVSF8jojYfvvtK2SeFi1aVMg8mxJAAwAAAABbnaoSPtd0AmgAAAAAYKsifK44AmgAAAAAYKtxxRVXbDF8LiwsjCVLlvzH10pKSiqqrRpLAA0AAAAAbBX69OkTAwcO3OzrK1eujKOPPjoWLlz4H1/Py8urqNZqLAE0AAAAAFDjXXnllVvc+bxy5co...&amp#27;[39m
[debug] &amp#27;[35m[W3C (63091ffb)]&amp#27;[39m Calling AppiumDriver.compareImages() with args: ["getSimilarity","iVBORw0KGgoAAAANSUhEUgAABaAAAAoACAYAAABH9IXPAAAAAXNSR0IArs4c6QAAAARzQklUCAgICHwIZIgAACAASURBVHic7N15vJdj/j/w9+kcrZKIGsy0EJkwRsZYQpZRSQiJiWYsjSUztom+jSXL194IyWDka0xIJVJUtqjJDJGRqCGUJL5N+2k5dTq/P/zybdRnOed87rP1fD4eHo+Zc7/v63rTdU71+lz3dedFREkAAAAAAECO1arsBgAAAAAAqJkE0AAAAAAAJEIADQAAAABAIgTQAAAAAAAkQgANAAAAAEAiBNAAAAAAACRCAA0AAAAAQCIE0AAAAAAAJEIADQAAAABAIgTQAAAAAAAkQgANAAAAAEAiBNAAAAAAACRCAA0AAAAAQCIE0AAAAAAAJEIADQAAAABAIgTQAAAAAAAkQgANAAAAAEAiBNAAAAAAACSioLIbAAAAAACoilq0aBGff/55ZbcR119/fda1jz32WJXoeaO8iCip7CYAAAAAAKqS3r17x/777x99+vSp7FaipCT7CPeoo46KSZMmJddMKTmCAwAAAABgE+eff3489NBDld1GjSCABgAAAAD4/84///x4+OGHK7uNGkMADQAAAAAQwuckCKABAAAAgK1enz59KjV8vvvuu2PJkiVRUlKy2T+l8dprr212/2effVaqFxnmUkGlzAoAAAAAUEX06dMnBg8eXGnzDxo0KC699NLExm/RokUMGDAg8vLyYsCAAYnNsyV2QAMAAAAAW63KDp8jIn71q1/VqHk2JYAGAAAAALZKVSF8jojYfvvtK2SeFi1aVMg8mxJAAwAAAABbnaoSPtd0AmgAAAAAYKsifK44AmgAAAAAYKtxxRVXbDF8LiwsjCVLlvzH10pKSiqqrRpLAA0AAAAAbBX69OkTAwcO3OzrK1eujKOPPjoWLlz4H1/Py8urqNZqLAE0AAAAAFDjXXnllVvc+bxy5co45phj4q233qqErmo+ATQ...
[debug] &amp#27;[35m[W3C (63091ffb)]&amp#27;[39m Responding to client with driver.compareImages() result: {"score":0.9984572529792786,"visualization":"iVBORw0KGgoAAAANSUhEUgAAC0AAAAoACAIAAACtAjTvAAAgAElEQVR4AezBD2ycdeHH8c8XtvGnWzbMkmcExo8/udKjQYlICQWeXT1g3nSmaiMwY+VPyYEPAq7iJcDWYgwYrKGW7oGAFEwoxAhk4Jh4OWAFwhMOkWVrrpyCbvMZYkzoBjcYG9fvL2lCsqXXcYOnu257v15GAAAAAAAAAAAAAAAAqCkjAAAAAAAAAAAAAAAA1JQRAAAAAAAAAAAAAAAAasoIAAAAAAAAAAAAAAAANWUEAAAAAAAAAAAAAACAmjICAAAAAAAAAAAAAABATRkBAAAAAAAAAAAAAACgpowAAAAAAAAAAAAAAABQU0YAAAAAAAAAAAAAAACoKSMAAAAAAAAAAAAAAADUlBEAAAAAAAAAAAAAAABqyggAAAAAAAAAAAAAAAA1ZQQAAAAAAAAAAAAAAICaMgIAAAAAAAAAAAAAAEBNGQEAAAAAAAAAAAAAAKCmjAAAAAAAAAAAAAAAAFBTRgAAAAAAAAAAAAAAAKgpIwAAAAAAAAAAAAAAANSUEQAAAAAAAAAAAAAAAGrKCAAAAAAAHFpOPvnkTZs2aYp1dXVpn37/+99v2rRJAAAAAAAA++/kk0/etGmTplhXV5f26fe///2mTZt0QBgBAAAAAIBDyDXXXHPWWWd5nqcpZq3VPrW0tKxbt04AAAAAAAD76ZprrjnrrLM8z9MUs9Zqn1paWtatW6cDwggAAAAAABwqOjo6HnjgAd/3Pc/TFLPWap9aWlrWrVsnAAAAAACA/dHR0fHAAw/4vu95nqaYtVb71NLSsm7dOh0QRgAAAAAA4JDQ0dHxwAMPSPJ93/M8TTFrrfappaVl3bp1AgAAAAAAqFpHR8cDDzwgyfd9z/M0xay12qeWlpZ169bpgDACAAAAAAAHv46OjgceeEDjfN/3PE9TzFqrfWppaVm3bp0AAAAAAACq...
&amp#27;[35m[HTTP]&amp#27;[39m &amp#27;[37m<-- POST /wd/hub/session/63091ffb-25ba-4690-9602-bf41739ac2c6/appium/compare_images &amp#27;[39m&amp#27;[32m200&amp#27;[39m &amp#27;[90m394 ms - 392773&amp#27;[39m
&amp#27;[35m[HTTP]&amp#27;[39m &amp#27;[90m&amp#27;[39m
Visual check of 'Secure Note title enter' passed; similarity match was 0,998457
Searching for Note Field
&amp#27;[35m[HTTP]&amp#27;[39m &amp#27;[37m-->&amp#27;[39m &amp#27;[37mGET&amp#27;[39m &amp#27;[37m/wd/hub/session/63091ffb-25ba-4690-9602-bf41739ac2c6/context&amp#27;[39m
&amp#27;[35m[HTTP]&amp#27;[39m &amp#27;[90m{}&amp#27;[39m
[debug] &amp#27;[35m[W3C (63091ffb)]&amp#27;[39m Calling AppiumDriver.getCurrentContext() with args: ["63091ffb-25ba-4690-9602-bf41739ac2c6"]
[debug] &amp#27;[35m[W3C (63091ffb)]&amp#27;[39m Responding to client with driver.getCurrentContext() result: "NATIVE_APP"
&amp#27;[35m[HTTP]&amp#27;[39m &amp#27;[37m<-- GET /wd/hub/session/63091ffb-25ba-4690-9602-bf41739ac2c6/context &amp#27;[39m&amp#27;[32m200&amp#27;[39m &amp#27;[90m1 ms - 22&amp#27;[39m
&amp#27;[35m[HTTP]&amp#27;[39m &amp#27;[90m&amp#27;[39m
&amp#27;[35m[HTTP]&amp#27;[39m &amp#27;[37m-->&amp#27;[39m &amp#27;[37mPOST&amp#27;[39m &amp#27;[37m/wd/hub/session/63091ffb-25ba-4690-9602-bf41739ac2c6/element&amp#27;[39m
&amp#27;[35m[HTTP]&amp#27;[39m &amp#27;[90m{"using":"id","value":"com.nordpass.android.app.password.manager:id/note"}&amp#27;[39m
[debug] &amp#27;[35m[W3C (63091ffb)]&amp#27;[39m Calling AppiumDriver.findElement() with args: ["id","com.nordpass.android.app.password.manager:id/note","63091ffb-25ba-4690-9602-bf41739ac2c6"]
[debug] &amp#27;[35m[BaseDriver]&amp#27;[39m Valid locator strategies for this request: xpath, id, class name, accessibility id, -android uiautomator
[debug] &amp#27;[35m[BaseDriver]&amp#27;[39m Waiting up to 10000 ms for condition
[debug] &amp#27;[35m[WD Proxy]&amp#27;[39m Matched '/element' to command name 'findElement'
[debug] &amp#27;[35m[WD Proxy]&amp#27;[39m Proxying [POST /element] to [POST http://127.0.0.1:8200/wd/hub/session/48554810-727f-4111-b250-ae9349bb7ba5/element] with body: {"strategy":"id","selector":"com.nordpass.android.app.password.manager:id/note","context":"","multiple":false}
[debug] &amp#27;[35m[WD Proxy]&amp#27;[39m Got response with status 200: {"sessionId":"48554810-727f-4111-b250-ae9349bb7ba5","value":{"ELEMENT":"dbd19637-5cba-423a-8995-0612d918f980","element-6066-11e4-a52e-4f735466cecf":"dbd19637-5cba-423a-8995-0612d918f980"}}
[debug] &amp#27;[35m[W3C (63091ffb)]&amp#27;[39m Responding to client with driver.findElement() result: {"element-6066-11e4-a52e-4f735466cecf":"dbd19637-5cba-423a-8995-0612d918f980","ELEMENT":"dbd19637-5cba-423a-8995-0612d918f980"}
&amp#27;[35m[HTTP]&amp#27;[39m &amp#27;[37m<-- POST /wd/hub/session/63091ffb-25ba-4690-9602-bf41739ac2c6/element &amp#27;[39m&amp#27;[32m200&amp#27;[39m &amp#27;[90m22 ms - 137&amp#27;[39m
&amp#27;[35m[HTTP]&amp#27;[39m &amp#27;[90m&amp#27;[39m
&amp#27;[35m[HTTP]&amp#27;[39m &amp#27;[37m-->&amp#27;[39m &amp#27;[37mPOST&amp#27;[39m &amp#27;[37m/wd/hub/session/63091ffb-25ba-4690-9602-bf41739ac2c6/element/dbd19637-5cba-423a-8995-0612d918f980/click&amp#27;[39m
&amp#27;[35m[HTTP]&amp#27;[39m &amp#27;[90m{"id":"dbd19637-5cba-423a-8995-0612d918f980"}&amp#27;[39m
[debug] &amp#27;[35m[W3C (63091ffb)]&amp#27;[39m Calling AppiumDriver.click() with args: ["dbd19637-5cba-423a-8995-0612d918f980","63091ffb-25ba-4690-9602-bf41739ac2c6"]
[debug] &amp#27;[35m[WD Proxy]&amp#27;[39m Matched '/element/dbd19637-5cba-423a-8995-0612d918f980/click' to command name 'click'
[debug] &amp#27;[35m[WD Proxy]&amp#27;[39m Proxying [POST /element/dbd19637-5cba-423a-8995-0612d918f980/click] to [POST http://127.0.0.1:8200/wd/hub/session/48554810-727f-4111-b250-ae9349bb7ba5/element/dbd19637-5cba-423a-8995-0612d918f980/click] with body: {"element":"dbd19637-5cba-423a-8995-0612d918f980"}
[debug] &amp#27;[35m[WD Proxy]&amp#27;[39m Got response with status 200: {"sessionId":"48554810-727f-4111-b250-ae9349bb7ba5","value":null}
[debug] &amp#27;[35m[W3C (63091ffb)]&amp#27;[39m Responding to client with driver.click() result: null
&amp#27;[35m[HTTP]&amp#27;[39m &amp#27;[37m<-- POST /wd/hub/session/63091ffb-25ba-4690-9602-bf41739ac2c6/element/dbd19637-5cba-423a-8995-0612d918f980/click &amp#27;[39m&amp#27;[32m200&amp#27;[39m &amp#27;[90m51 ms - 14&amp#27;[39m
&amp#27;[35m[HTTP]&amp#27;[39m &amp#27;[90m&amp#27;[39m
Searching for Note Field
&amp#27;[35m[HTTP]&amp#27;[39m &amp#27;[37m-->&amp#27;[39m &amp#27;[37mGET&amp#27;[39m &amp#27;[37m/wd/hub/session/63091ffb-25ba-4690-9602-bf41739ac2c6/context&amp#27;[39m
&amp#27;[35m[HTTP]&amp#27;[39m &amp#27;[90m{}&amp#27;[39m
[debug] &amp#27;[35m[W3C (63091ffb)]&amp#27;[39m Calling AppiumDriver.getCurrentContext() with args: ["63091ffb-25ba-4690-9602-bf41739ac2c6"]
[debug] &amp#27;[35m[W3C (63091ffb)]&amp#27;[39m Responding to client with driver.getCurrentContext() result: "NATIVE_APP"
&amp#27;[35m[HTTP]&amp#27;[39m &amp#27;[37m<-- GET /wd/hub/session/63091ffb-25ba-4690-9602-bf41739ac2c6/context &amp#27;[39m&amp#27;[32m200&amp#27;[39m &amp#27;[90m1 ms - 22&amp#27;[39m
&amp#27;[35m[HTTP]&amp#27;[39m &amp#27;[90m&amp#27;[39m
&amp#27;[35m[HTTP]&amp#27;[39m &amp#27;[37m-->&amp#27;[39m &amp#27;[37mPOST&amp#27;[39m &amp#27;[37m/wd/hub/session/63091ffb-25ba-4690-9602-bf41739ac2c6/element&amp#27;[39m
&amp#27;[35m[HTTP]&amp#27;[39m &amp#27;[90m{"using":"id","value":"com.nordpass.android.app.password.manager:id/note"}&amp#27;[39m
[debug] &amp#27;[35m[W3C (63091ffb)]&amp#27;[39m Calling AppiumDriver.findElement() with args: ["id","com.nordpass.android.app.password.manager:id/note","63091ffb-25ba-4690-9602-bf41739ac2c6"]
[debug] &amp#27;[35m[BaseDriver]&amp#27;[39m Valid locator strategies for this request: xpath, id, class name, accessibility id, -android uiautomator
[debug] &amp#27;[35m[BaseDriver]&amp#27;[39m Waiting up to 10000 ms for condition
[debug] &amp#27;[35m[WD Proxy]&amp#27;[39m Matched '/element' to command name 'findElement'
[debug] &amp#27;[35m[WD Proxy]&amp#27;[39m Proxying [POST /element] to [POST http://127.0.0.1:8200/wd/hub/session/48554810-727f-4111-b250-ae9349bb7ba5/element] with body: {"strategy":"id","selector":"com.nordpass.android.app.password.manager:id/note","context":"","multiple":false}
[debug] &amp#27;[35m[WD Proxy]&amp#27;[39m Got response with status 200: {"sessionId":"48554810-727f-4111-b250-ae9349bb7ba5","value":{"ELEMENT":"026876cb-5bb9-4ec3-b123-580493acd5d6","element-6066-11e4-a52e-4f735466cecf":"026876cb-5bb9-4ec3-b123-580493acd5d6"}}
[debug] &amp#27;[35m[W3C (63091ffb)]&amp#27;[39m Responding to client with driver.findElement() result: {"element-6066-11e4-a52e-4f735466cecf":"026876cb-5bb9-4ec3-b123-580493acd5d6","ELEMENT":"026876cb-5bb9-4ec3-b123-580493acd5d6"}
&amp#27;[35m[HTTP]&amp#27;[39m &amp#27;[37m<-- POST /wd/hub/session/63091ffb-25ba-4690-9602-bf41739ac2c6/element &amp#27;[39m&amp#27;[32m200&amp#27;[39m &amp#27;[90m642 ms - 137&amp#27;[39m
&amp#27;[35m[HTTP]&amp#27;[39m &amp#27;[90m&amp#27;[39m
&amp#27;[35m[HTTP]&amp#27;[39m &amp#27;[37m-->&amp#27;[39m &amp#27;[37mPOST&amp#27;[39m &amp#27;[37m/wd/hub/session/63091ffb-25ba-4690-9602-bf41739ac2c6/element/026876cb-5bb9-4ec3-b123-580493acd5d6/value&amp#27;[39m
&amp#27;[35m[HTTP]&amp#27;[39m &amp#27;[90m{"id":"026876cb-5bb9-4ec3-b123-580493acd5d6","text":"**hey**\n_italics_\n`code`\n```preformatted```\n>quote\nLorem ipsum dolor sit amet, consectetur adipiscing elit. Vivamus ac libero in metus ullamcorper tincidunt. Aliquam hendrerit, ipsum eget auctor ultrices, nibh massa ultricies lacus, sed sollicitudin sapien dolor et turpis. Integer nec lacus vitae justo gravida gravida. Quisque tempor ex luctus iaculis pretium. Pellentesque lectus mi, pellentesque vel sem vitae, semper tristique tortor. Fusce et convallis magna, rhoncus accumsan enim. Curabitur non egestas orci. Interdum et malesuada fames ac ante ipsum primis in faucibus. Vivamus tincidunt dolor ut convallis efficitur. Praesent hendrerit porttitor turpis. Praesent vel lectus fringilla, imperdiet velit ac, elementum dolor. Sed varius orci et ex imperdiet sodales. Nullam finibus dignissim nisi vel fringilla. Donec nec cursus urna, vitae malesuada purus. Ut vel sapien nec ex condimentum tincidunt a in felis. Pellentesque ac egestas mi.","value":["*","*...&amp#27;[39m
[debug] &amp#27;[35m[W3C (63091ffb)]&amp#27;[39m Calling AppiumDriver.setValue() with args: [["*","*","h","e","y","*","*","\n","_","i","t","a","l","i","c","s","_","\n","`","c","o","d","e","`","\n","`","`","`","p","r","e","f","o","r","m","a","t","t","e","d","`","`","`","\n",">","q","u","o","t","e","\n","L","o","r","e","m"," ","i","p","s","u","m"," ","d","o","l","o","r"," ","s","i","t"," ","a","m","e","t",","," ","c","o","n","s","e","c","t","e","t","u","r"," ","a","d","i","p","i","s","c","i","n","g"," ","e","l","i","t","."," ","V","i","v","a","m","u","s"," ","a","c"," ","l","i","b","e","r","o"," ","i","n"," ","m","e","t","u","s"," ","u","l","l","a","m","c","o","r","p","e","r"," ","t","i","n","c","i","d","u","n","t","."," ","A","l","i","q","u","a","m"," ","h","e","n","d","r","e","r","i","t",","," ","i","p","s","u","m"," ","e","g","e","t"," ","a","u","c","t","o","r"," ","u","l","t","r","i","c","e","s",","," ","n","i","b","h"," ","m","a","s","s","a"," ","u","l","t","r","i","c","i","e","s"," ","l","a","c","u","s",","," ","s","e","d"," ","s","o","l","l","i","c","i","t","u","d","i","n"," ","s","a","p","i...
[debug] &amp#27;[35m[WD Proxy]&amp#27;[39m Matched '/element/026876cb-5bb9-4ec3-b123-580493acd5d6/value' to command name 'setValue'
[debug] &amp#27;[35m[Protocol Converter]&amp#27;[39m Added 'value' property ["*","*","h","e","y","*","*","\n","_","i","t","a","l","i","c","s","_","\n","`","c","o","d","e","`","\n","`","`","`","p","r","e","f","o","r","m","a","t","t","e","d","`","`","`","\n",">","q","u","o","t","e","\n","L","o","r","e","m"," ","i","p","s","u","m"," ","d","o","l","o","r"," ","s","i","t"," ","a","m","e","t",","," ","c","o","n","s","e","c","t","e","t","u","r"," ","a","d","i","p","i","s","c","i","n","g"," ","e","l","i","t","."," ","V","i","v","a","m","u","s"," ","a","c"," ","l","i","b","e","r","o"," ","i","n"," ","m","e","t","u","s"," ","u","l","l","a","m","c","o","r","p","e","r"," ","t","i","n","c","i","d","u","n","t","."," ","A","l","i","q","u","a","m"," ","h","e","n","d","r","e","r","i","t",","," ","i","p","s","u","m"," ","e","g","e","t"," ","a","u","c","t","o","r"," ","u","l","t","r","i","c","e","s",","," ","n","i","b","h"," ","m","a","s","s","a"," ","u","l","t","r","i","c","i","e","s"," ","l","a","c","u","s",","," ","s","e","d"," ","s","o","l","l","i","c","i","t","u","d","i","n"," ","s","a","p","i","e","n"," ","d","o","l","o","r"," ","e","t"," ","t","u","r","p","i","s","."," ","I","n","t","e","g","e","r"," ","n","e","c"," ","l","a","c","u","s"," ","v","i","t","a","e"," ","j","u","s","t","o"," ","g","r","a","v","i","d","a"," ","g","r","a","v","i","d","a","."," ","Q","u","i","s","q","u","e"," ","t","e","m","p","o","r"," ","e","x"," ","l","u","c","t","u","s"," ","i","a","c","u","l","i","s"," ","p","r","e","t","i","u","m","."," ","P","e","l","l","e","n","t","e","s","q","u","e"," ","l","e","c","t","u","s"," ","m","i",","," ","p","e","l","l","e","n","t","e","s","q","u","e"," ","v","e","l"," ","s","e","m"," ","v","i","t","a","e",","," ","s","e","m","p","e","r"," ","t","r","i","s","t","i","q","u","e"," ","t","o","r","t","o","r","."," ","F","u","s","c","e"," ","e","t"," ","c","o","n","v","a","l","l","i","s"," ","m","a","g","n","a",","," ","r","h","o","n","c","u","s"," ","a","c","c","u","m","s","a","n"," ","e","n","i","m","."," ","C","u","r","a","b","i","t","u","r"," ","n","o","n"," ","e","g","e","s","t","a","s"," ","o","r","c","i","."," ","I","n","t","e","r","d","u","m"," ","e","t"," ","m","a","l","e","s","u","a","d","a"," ","f","a","m","e","s"," ","a","c"," ","a","n","t","e"," ","i","p","s","u","m"," ","p","r","i","m","i","s"," ","i","n"," ","f","a","u","c","i","b","u","s","."," ","V","i","v","a","m","u","s"," ","t","i","n","c","i","d","u","n","t"," ","d","o","l","o","r"," ","u","t"," ","c","o","n","v","a","l","l","i","s"," ","e","f","f","i","c","i","t","u","r","."," ","P","r","a","e","s","e","n","t"," ","h","e","n","d","r","e","r","i","t"," ","p","o","r","t","t","i","t","o","r"," ","t","u","r","p","i","s","."," ","P","r","a","e","s","e","n","t"," ","v","e","l"," ","l","e","c","t","u","s"," ","f","r","i","n","g","i","l","l","a",","," ","i","m","p","e","r","d","i","e","t"," ","v","e","l","i","t"," ","a","c",","," ","e","l","e","m","e","n","t","u","m"," ","d","o","l","o","r","."," ","S","e","d"," ","v","a","r","i","u","s"," ","o","r","c","i"," ","e","t"," ","e","x"," ","i","m","p","e","r","d","i","e","t"," ","s","o","d","a","l","e","s","."," ","N","u","l","l","a","m"," ","f","i","n","i","b","u","s"," ","d","i","g","n","i","s","s","i","m"," ","n","i","s","i"," ","v","e","l"," ","f","r","i","n","g","i","l","l","a","."," ","D","o","n","e","c"," ","n","e","c"," ","c","u","r","s","u","s"," ","u","r","n","a",","," ","v","i","t","a","e"," ","m","a","l","e","s","u","a","d","a"," ","p","u","r","u","s","."," ","U","t"," ","v","e","l"," ","s","a","p","i","e","n"," ","n","e","c"," ","e","x"," ","c","o","n","d","i","m","e","n","t","u","m"," ","t","i","n","c","i","d","u","n","t"," ","a"," ","i","n"," ","f","e","l","i","s","."," ","P","e","l","l","e","n","t","e","s","q","u","e"," ","a","c"," ","e","g","e","s","t","a","s"," ","m","i","."] to 'setValue' request body
[debug] &amp#27;[35m[WD Proxy]&amp#27;[39m Proxying [POST /element/026876cb-5bb9-4ec3-b123-580493acd5d6/value] to [POST http://127.0.0.1:8200/wd/hub/session/48554810-727f-4111-b250-ae9349bb7ba5/element/026876cb-5bb9-4ec3-b123-580493acd5d6/value] with body: {"elementId":"026876cb-5bb9-4ec3-b123-580493acd5d6","text":"**hey**\n_italics_\n`code`\n```preformatted```\n>quote\nLorem ipsum dolor sit amet, consectetur adipiscing elit. Vivamus ac libero in metus ullamcorper tincidunt. Aliquam hendrerit, ipsum eget auctor ultrices, nibh massa ultricies lacus, sed sollicitudin sapien dolor et turpis. Integer nec lacus vitae justo gravida gravida. Quisque tempor ex luctus iaculis pretium. Pellentesque lectus mi, pellentesque vel sem vitae, semper tristique tortor. Fusce et convallis magna, rhoncus accumsan enim. Curabitur non egestas orci. Interdum et malesuada fames ac ante ipsum primis in faucibus. Vivamus tincidunt dolor ut convallis efficitur. Praesent hendrerit porttitor turpis. Praesent vel lectus fringilla, imperdiet velit ac, elementum dolor. Sed varius orci et ex imperdiet sodales. Nullam finibus dignissim nisi vel fringilla. Donec nec cursus urna, vitae malesuada purus. Ut vel sapien nec ex condimentum tincidunt a in felis. Pellentesque ac egestas mi.","replace...
[debug] &amp#27;[35m[WD Proxy]&amp#27;[39m Got response with status 200: {"sessionId":"48554810-727f-4111-b250-ae9349bb7ba5","value":null}
[debug] &amp#27;[35m[W3C (63091ffb)]&amp#27;[39m Responding to client with driver.setValue() result: null
&amp#27;[35m[HTTP]&amp#27;[39m &amp#27;[37m<-- POST /wd/hub/session/63091ffb-25ba-4690-9602-bf41739ac2c6/element/026876cb-5bb9-4ec3-b123-580493acd5d6/value &amp#27;[39m&amp#27;[32m200&amp#27;[39m &amp#27;[90m57 ms - 14&amp#27;[39m
&amp#27;[35m[HTTP]&amp#27;[39m &amp#27;[90m&amp#27;[39m
&amp#27;[35m[HTTP]&amp#27;[39m &amp#27;[37m-->&amp#27;[39m &amp#27;[37mGET&amp#27;[39m &amp#27;[37m/wd/hub/session/63091ffb-25ba-4690-9602-bf41739ac2c6/screenshot&amp#27;[39m
&amp#27;[35m[HTTP]&amp#27;[39m &amp#27;[90m{}&amp#27;[39m
[debug] &amp#27;[35m[W3C (63091ffb)]&amp#27;[39m Calling AppiumDriver.getScreenshot() with args: ["63091ffb-25ba-4690-9602-bf41739ac2c6"]
[debug] &amp#27;[35m[WD Proxy]&amp#27;[39m Matched '/screenshot' to command name 'getScreenshot'
[debug] &amp#27;[35m[WD Proxy]&amp#27;[39m Proxying [GET /screenshot] to [GET http://127.0.0.1:8200/wd/hub/session/48554810-727f-4111-b250-ae9349bb7ba5/screenshot] with no body
[debug] &amp#27;[35m[WD Proxy]&amp#27;[39m Got response with status 200: {"sessionId":"48554810-727f-4111-b250-ae9349bb7ba5","value":"iVBORw0KGgoAAAANSUhEUgAABaAAAAoACAYAAABH9IXPAAAAAXNSR0IArs4c6QAAAARzQklUCAgI\nCHwIZIgAACAASURBVHic7N13dFTV/v7xJyQkBIwhiAYFpYkgTQRUpElTQHoTEESqCuEqigiXjiBI\nkypYwQZI71XAIIiKtEuTXAUJRprchBZIQsL8/uAXv2Ay50w7mZnk/VrLte49e599PiF7huGZffYJ\nkGQTAAAAAAAAAAAelsvbBQAAAAAAAAAAsicCaAAAAAAAAACAJQigAQAAAAAAAACWIIAGAAAAAAAA\nAFiCABoAAAAAAAAAYAkCaAAAAAAAAACAJQigAQAAAAAAAACWIIAGAAAAAAAAAFiCABoAAAAAAAAA\nYAkCaAAAAAAAAACAJQigAQAAAAAAAACWIIAGAAAAAAAAAFiCABoAAAAAAAAAYAkCaAAAAAAAAACA\nJQigAQAAAAAAAACWIIAGAAAAAAAAAFiCABoAAAAAAAAAYAkCaAAAAAAAAACAJYK8XQAAAAAAAAAA\n+KJixYrpxIkT3i5DI0aMcLjv559/7hM1pwuQZPN2EQAAAAAAAADgS3r16qVKlSopKirK26XIZnM8\nwq1bt66io6OtK8ZJbMEBAAAAAAAAALfo2bOnPvroI2+XkS0QQAMAAAAAAADA/9ezZ099/PHH3i4j\n2yCABgAAAAAAAAARPluBABoAAAAAAABAjhcVFeXV8HnKlClKSEiQzWbL8J8zvv322wzn//777049\nyNCTgrxyVQAAAAAAAADwEVFRUZo5c6bXrj916lS99tprlo1frFgxjRw5UgEBARo5cqRl18kMK6AB\nAAAAAAAA5FjeDp8l6cUXX8xW17kVATQAAAAAAACAHMkXwmdJyp8/f5Zcp1ixYllynVsRQAMAAAAA\nAADIcXwlfM7uCKABAAAAAAAA...
[debug] &amp#27;[35m[W3C (63091ffb)]&amp#27;[39m Responding to client with driver.getScreenshot() result: "iVBORw0KGgoAAAANSUhEUgAABaAAAAoACAYAAABH9IXPAAAAAXNSR0IArs4c6QAAAARzQklUCAgI\nCHwIZIgAACAASURBVHic7N13dFTV/v7xJyQkBIwhiAYFpYkgTQRUpElTQHoTEESqCuEqigiXjiBI\nkypYwQZI71XAIIiKtEuTXAUJRprchBZIQsL8/uAXv2Ay50w7mZnk/VrLte49e599PiF7huGZffYJ\nkGQTAAAAAAAAAAAelsvbBQAAAAAAAAAAsicCaAAAAAAAAACAJQigAQAAAAAAAACWIIAGAAAAAAAA\nAFiCABoAAAAAAAAAYAkCaAAAAAAAAACAJQigAQAAAAAAAACWIIAGAAAAAAAAAFiCABoAAAAAAAAA\nYAkCaAAAAAAAAACAJQigAQAAAAAAAACWIIAGAAAAAAAAAFiCABoAAAAAAAAAYAkCaAAAAAAAAACA\nJQigAQAAAAAAAACWIIAGAAAAAAAAAFiCABoAAAAAAAAAYAkCaAAAAAAAAACAJYK8XQAAAAAAAAAA\n+KJixYrpxIkT3i5DI0aMcLjv559/7hM1pwuQZPN2EQAAAAAAAADgS3r16qVKlSopKirK26XIZnM8\nwq1bt66io6OtK8ZJbMEBAAAAAAAAALfo2bOnPvroI2+XkS0QQAMAAAAAAADA/9ezZ099/PHH3i4j\n2yCABgAAAAAAAAARPluBABoAAAAAAABAjhcVFeXV8HnKlClKSEiQzWbL8J8zvv322wzn//777049\nyNCTgrxyVQAAAAAAAADwEVFRUZo5c6bXrj916lS99tprlo1frFgxjRw5UgEBARo5cqRl18kMK6AB\nAAAAAAAA5FjeDp8l6cUXX8xW17kVATQAAAAAAACAHMkXwmdJyp8/f5Zcp1ixYllynVsRQAMAAAAA\nAADIcXwlfM7uCKABAAAAAAAA5CiEz1mHABoAAAAAAABAjvHGG29kGj4nJiYqISHhtmM2my2rysq2\nCKABAA...
&amp#27;[35m[HTTP]&amp#27;[39m &amp#27;[37m<-- GET /wd/hub/session/63091ffb-25ba-4690-9602-bf41739ac2c6/screenshot &amp#27;[39m&amp#27;[32m200&amp#27;[39m &amp#27;[90m311 ms - 413564&amp#27;[39m
&amp#27;[35m[HTTP]&amp#27;[39m &amp#27;[90m&amp#27;[39m
&amp#27;[35m[HTTP]&amp#27;[39m &amp#27;[37m-->&amp#27;[39m &amp#27;[37mPOST&amp#27;[39m &amp#27;[37m/wd/hub/session/63091ffb-25ba-4690-9602-bf41739ac2c6/appium/compare_images&amp#27;[39m
&amp#27;[35m[HTTP]&amp#27;[39m &amp#27;[90m{"mode":"getSimilarity","firstImage":"iVBORw0KGgoAAAANSUhEUgAABaAAAAoACAYAAABH9IXPAAAAAXNSR0IArs4c6QAAAARzQklUCAgICHwIZIgAACAASURBVHic7N13dFTV/v7xJyQkBIwhiAYFpYkgTQRUpElTQHoTEESqCuEqigiXjiBIkypYwQZI71XAIIiKtEuTXAUJRprchBZIQsL8/uAXv2Ay50w7mZnk/VrLte49e599PiF7huGZffYJkGQTAAAAAAAAAAAelsvbBQAAAAAAAAAAsicCaAAAAAAAAACAJQigAQAAAAAAAACWIIAGAAAAAAAAAFiCABoAAAAAAAAAYAkCaAAAAAAAAACAJQigAQAAAAAAAACWIIAGAAAAAAAAAFiCABoAAAAAAAAAYAkCaAAAAAAAAACAJQigAQAAAAAAAACWIIAGAAAAAAAAAFiCABoAAAAAAAAAYAkCaAAAAAAAAACAJQigAQAAAAAAAACWIIAGAAAAAAAAAFiCABoAAAAAAAAAYAkCaAAAAAAAAACAJYK8XQAAAAAAAAAA+KJixYrpxIkT3i5DI0aMcLjv559/7hM1pwuQZPN2EQAAAAAAAADgS3r16qVKlSopKirK26XIZnM8wq1bt66io6OtK8ZJbMEBAAAAAAAAALfo2bOnPvroI2+XkS0QQAMAAAAAAADA/9ezZ099/PHH3i4j2yCABgAAAAAAAAARPluBABoAAAAAAABAjhcVFeXV8HnKlClKSEiQzWbL8J8zvv322wzn//777049yNCTgrxyVQAAAAAAAADwEVFRUZo5c6bXrj916lS99tprlo1frFgxjRw5UgEBARo5cqRl18kMK6ABAAAAAAAA5FjeDp8l6cUXX8xW17kVATQAAAAAAACAHMkXwmdJyp8/f5Zcp1ixYllynVsRQAMAAAAAAADIcXwlfM7uCKABAAAAAAAA5CiEz1mHABoAAAAAAABAjvHGG29kGj4nJiYqISHhtmM2my2...&amp#27;[39m
[debug] &amp#27;[35m[W3C (63091ffb)]&amp#27;[39m Calling AppiumDriver.compareImages() with args: ["getSimilarity","iVBORw0KGgoAAAANSUhEUgAABaAAAAoACAYAAABH9IXPAAAAAXNSR0IArs4c6QAAAARzQklUCAgICHwIZIgAACAASURBVHic7N13dFTV/v7xJyQkBIwhiAYFpYkgTQRUpElTQHoTEESqCuEqigiXjiBIkypYwQZI71XAIIiKtEuTXAUJRprchBZIQsL8/uAXv2Ay50w7mZnk/VrLte49e599PiF7huGZffYJkGQTAAAAAAAAAAAelsvbBQAAAAAAAAAAsicCaAAAAAAAAACAJQigAQAAAAAAAACWIIAGAAAAAAAAAFiCABoAAAAAAAAAYAkCaAAAAAAAAACAJQigAQAAAAAAAACWIIAGAAAAAAAAAFiCABoAAAAAAAAAYAkCaAAAAAAAAACAJQigAQAAAAAAAACWIIAGAAAAAAAAAFiCABoAAAAAAAAAYAkCaAAAAAAAAACAJQigAQAAAAAAAACWIIAGAAAAAAAAAFiCABoAAAAAAAAAYAkCaAAAAAAAAACAJYK8XQAAAAAAAAAA+KJixYrpxIkT3i5DI0aMcLjv559/7hM1pwuQZPN2EQAAAAAAAADgS3r16qVKlSopKirK26XIZnM8wq1bt66io6OtK8ZJbMEBAAAAAAAAALfo2bOnPvroI2+XkS0QQAMAAAAAAADA/9ezZ099/PHH3i4j2yCABgAAAAAAAAARPluBABoAAAAAAABAjhcVFeXV8HnKlClKSEiQzWbL8J8zvv322wzn//777049yNCTgrxyVQAAAAAAAADwEVFRUZo5c6bXrj916lS99tprlo1frFgxjRw5UgEBARo5cqRl18kMK6ABAAAAAAAA5FjeDp8l6cUXX8xW17kVATQAAAAAAACAHMkXwmdJyp8/f5Zcp1ixYllynVsRQAMAAAAAAADIcXwlfM7uCKABAAAAAAAA5CiEz1mHABoAAAAAAABAjvHGG29kGj4nJiYqISHhtmM2my2rysq2CKABAAAAAAAA5Ah...
[debug] &amp#27;[35m[W3C (63091ffb)]&amp#27;[39m Responding to client with driver.compareImages() result: {"score":0.9986971616744995,"visualization":"iVBORw0KGgoAAAANSUhEUgAAC0AAAAoACAIAAACtAjTvAAAgAElEQVR4AezBD2ycdeHH8c8XtvGnWzbMkmcExo8/udKjQYlICQWeXT1g3nSmaiMwY+VPyYEPAq7iJcDWYgwYrKGW7oGAFEwoxAhk4Jh4OWAFwhMOkWVrrpyCbvMZYkzoBjcYG9fvL2lCsqXXcYOnu257v15GAAAAAAAAAAAAAAAAqCkjAAAAAAAAAAAAAAAA1JQRAAAAAAAAAAAAAAAAasoIAAAAAAAAAAAAAAAANWUEAAAAAAAAAAAAAACAmjICAAAAAAAAAAAAAABATRkBAAAAAAAAAAAAAACgpowAAAAAAAAAAAAAAABQU0YAAAAAAAAAAAAAAACoKSMAAAAAAAAAAAAAAADUlBEAAAAAAAAAAAAAAABqyggAAAAAAAAAAAAAAAA1ZQQAAAAAAAAAAAAAAICaMgIAAAAAAAAAAAAAAEBNGQEAAAAAAAAAAAAAAKCmjAAAAAAAAAAAAAAAAFBTRgAAAAAAAAAAAAAAAKgpIwAAAAAAAAAAAAAAANSUEQAAAAAAAAAAAAAAAGrKCAAAAAAAHFpOPvnkTZs2aYp1dXVpn37/+99v2rRJAAAAAAAA++/kk0/etGmTplhXV5f26fe///2mTZt0QBgBAAAAAIBDyDXXXHPWWWd5nqcpZq3VPrW0tKxbt04AAAAAAAD76ZprrjnrrLM8z9MUs9Zqn1paWtatW6cDwggAAAAAABwqOjo6HnjgAd/3Pc/TFLPWap9aWlrWrVsnAAAAAACA/dHR0fHAAw/4vu95nqaYtVb71NLSsm7dOh0QRgAAAAAA4JDQ0dHxwAMPSPJ93/M8TTFrrfappaVl3bp1AgAAAAAAqFpHR8cDDzwgyfd9z/M0xay12qeWlpZ169bpgDACAAAAAAAHv46OjgceeEDjfN/3PE9TzFqrfWppaVm3bp0AAAAAAACq...
&amp#27;[35m[HTTP]&amp#27;[39m &amp#27;[37m<-- POST /wd/hub/session/63091ffb-25ba-4690-9602-bf41739ac2c6/appium/compare_images &amp#27;[39m&amp#27;[32m200&amp#27;[39m &amp#27;[90m404 ms - 1737429&amp#27;[39m
&amp#27;[35m[HTTP]&amp#27;[39m &amp#27;[90m&amp#27;[39m
Visual check of 'Note field enter' passed; similarity match was 0,998697
&amp#27;[35m[HTTP]&amp#27;[39m &amp#27;[37m-->&amp#27;[39m &amp#27;[37mPOST&amp#27;[39m &amp#27;[37m/wd/hub/session/63091ffb-25ba-4690-9602-bf41739ac2c6/appium/device/hide_keyboard&amp#27;[39m
&amp#27;[35m[HTTP]&amp#27;[39m &amp#27;[90m{}&amp#27;[39m
[debug] &amp#27;[35m[W3C (63091ffb)]&amp#27;[39m Calling AppiumDriver.hideKeyboard() with args: [null,null,null,null,"63091ffb-25ba-4690-9602-bf41739ac2c6"]
[debug] &amp#27;[35m[ADB]&amp#27;[39m Running 'C:\Users\T1170\AppData\Local\Android\Sdk\platform-tools\adb.exe -P 5037 -s emulator-5554 shell dumpsys input_method'
[debug] &amp#27;[35m[ADB]&amp#27;[39m Running 'C:\Users\T1170\AppData\Local\Android\Sdk\platform-tools\adb.exe -P 5037 -s emulator-5554 shell input keyevent 111'
[debug] &amp#27;[35m[ADB]&amp#27;[39m Running 'C:\Users\T1170\AppData\Local\Android\Sdk\platform-tools\adb.exe -P 5037 -s emulator-5554 shell dumpsys input_method'
[debug] &amp#27;[35m[W3C (63091ffb)]&amp#27;[39m Responding to client with driver.hideKeyboard() result: true
&amp#27;[35m[HTTP]&amp#27;[39m &amp#27;[37m<-- POST /wd/hub/session/63091ffb-25ba-4690-9602-bf41739ac2c6/appium/device/hide_keyboard &amp#27;[39m&amp#27;[32m200&amp#27;[39m &amp#27;[90m407 ms - 14&amp#27;[39m
&amp#27;[35m[HTTP]&amp#27;[39m &amp#27;[90m&amp#27;[39m
Searching for FolderDropDown
&amp#27;[35m[HTTP]&amp#27;[39m &amp#27;[37m-->&amp#27;[39m &amp#27;[37mGET&amp#27;[39m &amp#27;[37m/wd/hub/session/63091ffb-25ba-4690-9602-bf41739ac2c6/context&amp#27;[39m
&amp#27;[35m[HTTP]&amp#27;[39m &amp#27;[90m{}&amp#27;[39m
[debug] &amp#27;[35m[W3C (63091ffb)]&amp#27;[39m Calling AppiumDriver.getCurrentContext() with args: ["63091ffb-25ba-4690-9602-bf41739ac2c6"]
[debug] &amp#27;[35m[W3C (63091ffb)]&amp#27;[39m Responding to client with driver.getCurrentContext() result: "NATIVE_APP"
&amp#27;[35m[HTTP]&amp#27;[39m &amp#27;[37m<-- GET /wd/hub/session/63091ffb-25ba-4690-9602-bf41739ac2c6/context &amp#27;[39m&amp#27;[32m200&amp#27;[39m &amp#27;[90m1 ms - 22&amp#27;[39m
&amp#27;[35m[HTTP]&amp#27;[39m &amp#27;[90m&amp#27;[39m
&amp#27;[35m[HTTP]&amp#27;[39m &amp#27;[37m-->&amp#27;[39m &amp#27;[37mPOST&amp#27;[39m &amp#27;[37m/wd/hub/session/63091ffb-25ba-4690-9602-bf41739ac2c6/element&amp#27;[39m
&amp#27;[35m[HTTP]&amp#27;[39m &amp#27;[90m{"using":"id","value":"com.nordpass.android.app.password.manager:id/dropdownTitle"}&amp#27;[39m
[debug] &amp#27;[35m[W3C (63091ffb)]&amp#27;[39m Calling AppiumDriver.findElement() with args: ["id","com.nordpass.android.app.password.manager:id/dropdownTitle","63091ffb-25ba-4690-9602-bf41739ac2c6"]
[debug] &amp#27;[35m[BaseDriver]&amp#27;[39m Valid locator strategies for this request: xpath, id, class name, accessibility id, -android uiautomator
[debug] &amp#27;[35m[BaseDriver]&amp#27;[39m Waiting up to 10000 ms for condition
[debug] &amp#27;[35m[WD Proxy]&amp#27;[39m Matched '/element' to command name 'findElement'
[debug] &amp#27;[35m[WD Proxy]&amp#27;[39m Proxying [POST /element] to [POST http://127.0.0.1:8200/wd/hub/session/48554810-727f-4111-b250-ae9349bb7ba5/element] with body: {"strategy":"id","selector":"com.nordpass.android.app.password.manager:id/dropdownTitle","context":"","multiple":false}
[debug] &amp#27;[35m[WD Proxy]&amp#27;[39m Got response with status 200: {"sessionId":"48554810-727f-4111-b250-ae9349bb7ba5","value":{"ELEMENT":"f2094819-83a2-421b-bf26-177c9ac33486","element-6066-11e4-a52e-4f735466cecf":"f2094819-83a2-421b-bf26-177c9ac33486"}}
[debug] &amp#27;[35m[W3C (63091ffb)]&amp#27;[39m Responding to client with driver.findElement() result: {"element-6066-11e4-a52e-4f735466cecf":"f2094819-83a2-421b-bf26-177c9ac33486","ELEMENT":"f2094819-83a2-421b-bf26-177c9ac33486"}
&amp#27;[35m[HTTP]&amp#27;[39m &amp#27;[37m<-- POST /wd/hub/session/63091ffb-25ba-4690-9602-bf41739ac2c6/element &amp#27;[39m&amp#27;[32m200&amp#27;[39m &amp#27;[90m504 ms - 137&amp#27;[39m
&amp#27;[35m[HTTP]&amp#27;[39m &amp#27;[90m&amp#27;[39m
&amp#27;[35m[HTTP]&amp#27;[39m &amp#27;[37m-->&amp#27;[39m &amp#27;[37mPOST&amp#27;[39m &amp#27;[37m/wd/hub/session/63091ffb-25ba-4690-9602-bf41739ac2c6/element/f2094819-83a2-421b-bf26-177c9ac33486/click&amp#27;[39m
&amp#27;[35m[HTTP]&amp#27;[39m &amp#27;[90m{"id":"f2094819-83a2-421b-bf26-177c9ac33486"}&amp#27;[39m
[debug] &amp#27;[35m[W3C (63091ffb)]&amp#27;[39m Calling AppiumDriver.click() with args: ["f2094819-83a2-421b-bf26-177c9ac33486","63091ffb-25ba-4690-9602-bf41739ac2c6"]
[debug] &amp#27;[35m[WD Proxy]&amp#27;[39m Matched '/element/f2094819-83a2-421b-bf26-177c9ac33486/click' to command name 'click'
[debug] &amp#27;[35m[WD Proxy]&amp#27;[39m Proxying [POST /element/f2094819-83a2-421b-bf26-177c9ac33486/click] to [POST http://127.0.0.1:8200/wd/hub/session/48554810-727f-4111-b250-ae9349bb7ba5/element/f2094819-83a2-421b-bf26-177c9ac33486/click] with body: {"element":"f2094819-83a2-421b-bf26-177c9ac33486"}
[debug] &amp#27;[35m[WD Proxy]&amp#27;[39m Got response with status 200: {"sessionId":"48554810-727f-4111-b250-ae9349bb7ba5","value":null}
[debug] &amp#27;[35m[W3C (63091ffb)]&amp#27;[39m Responding to client with driver.click() result: null
&amp#27;[35m[HTTP]&amp#27;[39m &amp#27;[37m<-- POST /wd/hub/session/63091ffb-25ba-4690-9602-bf41739ac2c6/element/f2094819-83a2-421b-bf26-177c9ac33486/click &amp#27;[39m&amp#27;[32m200&amp#27;[39m &amp#27;[90m73 ms - 14&amp#27;[39m
&amp#27;[35m[HTTP]&amp#27;[39m &amp#27;[90m&amp#27;[39m
&amp#27;[35m[HTTP]&amp#27;[39m &amp#27;[37m-->&amp#27;[39m &amp#27;[37mGET&amp#27;[39m &amp#27;[37m/wd/hub/session/63091ffb-25ba-4690-9602-bf41739ac2c6/screenshot&amp#27;[39m
&amp#27;[35m[HTTP]&amp#27;[39m &amp#27;[90m{}&amp#27;[39m
[debug] &amp#27;[35m[W3C (63091ffb)]&amp#27;[39m Calling AppiumDriver.getScreenshot() with args: ["63091ffb-25ba-4690-9602-bf41739ac2c6"]
[debug] &amp#27;[35m[WD Proxy]&amp#27;[39m Matched '/screenshot' to command name 'getScreenshot'
[debug] &amp#27;[35m[WD Proxy]&amp#27;[39m Proxying [GET /screenshot] to [GET http://127.0.0.1:8200/wd/hub/session/48554810-727f-4111-b250-ae9349bb7ba5/screenshot] with no body
[debug] &amp#27;[35m[WD Proxy]&amp#27;[39m Got response with status 200: {"sessionId":"48554810-727f-4111-b250-ae9349bb7ba5","value":"iVBORw0KGgoAAAANSUhEUgAABaAAAAoACAYAAABH9IXPAAAAAXNSR0IArs4c6QAAAARzQklUCAgI\nCHwIZIgAACAASURBVHic7N13fFRV/v/xdwoJAWNAo0REOggCioAKSK9BmjRBQSzAosAuCEtZBGku\nSpMigojgqgtI71XQUFW6FCErLRjqsgktpJAwvz/4hS9I5t6ZzNzMTPJ6Ph48Hjr3c8/5ACcB3nPm\nXD9JNgEAAAAAAAAA4Gb+nm4AAAAAAAAAAJA9EUADAAAAAAAAACxBAA0AAAAAAAAAsAQBNAAAAAAA\nAADAEgTQAAAAAAAAAABLEEADAAAAAAAAACxBAA0AAAAAAAAAsAQBNAAAAAAAAADAEgTQAAAAAAAA\nAABLEEADAAAAAAAAACxBAA0AAAAAAAAAsAQBNAAAAAAAAADAEgTQAAAAAAAAAABLEEADAAAAAAAA\nACxBAA0AAAAAAAAAsAQBNAAAAAAAAADAEgTQAAAAAAAAAABLEEADAAAAAAAAACwR6OkGAAAAAAAA\nAMAbFS1aVKdOnfJ0Gxo2bJjDtV9//bVX9JzOT5LN000AAAAAAAAAgDfp1q2bKlasqJ49e3q6Fdls\njke4devWVVRUlHXNOIkjOAAAAAAAAADgLl27dtUXX3zh6TayBQJoAAAAAAAAAPj/unbtqpkzZ3q6\njWyDABoAAAAAAAAARPhsBQJoAAAAAAAAADlez549PRo+T5w4UfHx8bLZbPf9cMaPP/543/0nT550\n6kGG7hTokVkBAAAAAAAAwEv07NlTU6dO9dj8kyZNUu/evS0bv2jRoho+fLj8/Pw0fPhwy+bJCDug\nAQAAAAAAAORYng6fJemNN97IVvPcjQAaAAAAAAAAQI7kDeGzJOXLly9L5ilatGiWzHM3AmgAAAAA\nAAAAOY63hM/ZHQE0AAAAAAAA...
[debug] &amp#27;[35m[W3C (63091ffb)]&amp#27;[39m Responding to client with driver.getScreenshot() result: "iVBORw0KGgoAAAANSUhEUgAABaAAAAoACAYAAABH9IXPAAAAAXNSR0IArs4c6QAAAARzQklUCAgI\nCHwIZIgAACAASURBVHic7N13fFRV/v/xdwoJAWNAo0REOggCioAKSK9BmjRBQSzAosAuCEtZBGku\nSpMigojgqgtI71XQUFW6FCErLRjqsgktpJAwvz/4hS9I5t6ZzNzMTPJ6Ph48Hjr3c8/5ACcB3nPm\nXD9JNgEAAAAAAAAA4Gb+nm4AAAAAAAAAAJA9EUADAAAAAAAAACxBAA0AAAAAAAAAsAQBNAAAAAAA\nAADAEgTQAAAAAAAAAABLEEADAAAAAAAAACxBAA0AAAAAAAAAsAQBNAAAAAAAAADAEgTQAAAAAAAA\nAABLEEADAAAAAAAAACxBAA0AAAAAAAAAsAQBNAAAAAAAAADAEgTQAAAAAAAAAABLEEADAAAAAAAA\nACxBAA0AAAAAAAAAsAQBNAAAAAAAAADAEgTQAAAAAAAAAABLEEADAAAAAAAAACwR6OkGAAAAAAAA\nAMAbFS1aVKdOnfJ0Gxo2bJjDtV9//bVX9JzOT5LN000AAAAAAAAAgDfp1q2bKlasqJ49e3q6Fdls\njke4devWVVRUlHXNOIkjOAAAAAAAAADgLl27dtUXX3zh6TayBQJoAAAAAAAAAPj/unbtqpkzZ3q6\njWyDABoAAAAAAAAARPhsBQJoAAAAAAAAADlez549PRo+T5w4UfHx8bLZbPf9cMaPP/543/0nT550\n6kGG7hTokVkBAAAAAAAAwEv07NlTU6dO9dj8kyZNUu/evS0bv2jRoho+fLj8/Pw0fPhwy+bJCDug\nAQAAAAAAAORYng6fJemNN97IVvPcjQAaAAAAAAAAQI7kDeGzJOXLly9L5ilatGiWzHM3AmgAAAAA\nAAAAOY63hM/ZHQE0AAAAAAAAgByF8DnrEEADAAAAAAAAyDH69u2bYfickJCg+Pj4e16z2WxZ1Va2\nRQANAA...
&amp#27;[35m[HTTP]&amp#27;[39m &amp#27;[37m<-- GET /wd/hub/session/63091ffb-25ba-4690-9602-bf41739ac2c6/screenshot &amp#27;[39m&amp#27;[32m200&amp#27;[39m &amp#27;[90m321 ms - 449388&amp#27;[39m
&amp#27;[35m[HTTP]&amp#27;[39m &amp#27;[90m&amp#27;[39m
&amp#27;[35m[HTTP]&amp#27;[39m &amp#27;[37m-->&amp#27;[39m &amp#27;[37mPOST&amp#27;[39m &amp#27;[37m/wd/hub/session/63091ffb-25ba-4690-9602-bf41739ac2c6/appium/compare_images&amp#27;[39m
&amp#27;[35m[HTTP]&amp#27;[39m &amp#27;[90m{"mode":"getSimilarity","firstImage":"iVBORw0KGgoAAAANSUhEUgAABaAAAAoACAYAAABH9IXPAAAAAXNSR0IArs4c6QAAAARzQklUCAgICHwIZIgAACAASURBVHic7N13fFRV/v/xdwoJAWNAo0REOggCioAKSK9BmjRBQSzAosAuCEtZBGkuSpMigojgqgtI71XQUFW6FCErLRjqsgktpJAwvz/4hS9I5t6ZzNzMTPJ6Ph48Hjr3c8/5ACcB3nPmXD9JNgEAAAAAAAAA4Gb+nm4AAAAAAAAAAJA9EUADAAAAAAAAACxBAA0AAAAAAAAAsAQBNAAAAAAAAADAEgTQAAAAAAAAAABLEEADAAAAAAAAACxBAA0AAAAAAAAAsAQBNAAAAAAAAADAEgTQAAAAAAAAAABLEEADAAAAAAAAACxBAA0AAAAAAAAAsAQBNAAAAAAAAADAEgTQAAAAAAAAAABLEEADAAAAAAAAACxBAA0AAAAAAAAAsAQBNAAAAAAAAADAEgTQAAAAAAAAAABLEEADAAAAAAAAACwR6OkGAAAAAAAAAMAbFS1aVKdOnfJ0Gxo2bJjDtV9//bVX9JzOT5LN000AAAAAAAAAgDfp1q2bKlasqJ49e3q6Fdlsjke4devWVVRUlHXNOIkjOAAAAAAAAADgLl27dtUXX3zh6TayBQJoAAAAAAAAAPj/unbtqpkzZ3q6jWyDABoAAAAAAAAARPhsBQJoAAAAAAAAADlez549PRo+T5w4UfHx8bLZbPf9cMaPP/543/0nT5506kGG7hTokVkBAAAAAAAAwEv07NlTU6dO9dj8kyZNUu/evS0bv2jRoho+fLj8/Pw0fPhwy+bJCDugAQAAAAAAAORYng6fJemNN97IVvPcjQAaAAAAAAAAQI7kDeGzJOXLly9L5ilatGiWzHM3AmgAAAAAAAAAOY63hM/ZHQE0AAAAAAAAgByF8DnrEEADAAAAAAAAyDH69u2bYfickJCg+Pj4e16z2Wx...&amp#27;[39m
[debug] &amp#27;[35m[W3C (63091ffb)]&amp#27;[39m Calling AppiumDriver.compareImages() with args: ["getSimilarity","iVBORw0KGgoAAAANSUhEUgAABaAAAAoACAYAAABH9IXPAAAAAXNSR0IArs4c6QAAAARzQklUCAgICHwIZIgAACAASURBVHic7N13fFRV/v/xdwoJAWNAo0REOggCioAKSK9BmjRBQSzAosAuCEtZBGkuSpMigojgqgtI71XQUFW6FCErLRjqsgktpJAwvz/4hS9I5t6ZzNzMTPJ6Ph48Hjr3c8/5ACcB3nPmXD9JNgEAAAAAAAAA4Gb+nm4AAAAAAAAAAJA9EUADAAAAAAAAACxBAA0AAAAAAAAAsAQBNAAAAAAAAADAEgTQAAAAAAAAAABLEEADAAAAAAAAACxBAA0AAAAAAAAAsAQBNAAAAAAAAADAEgTQAAAAAAAAAABLEEADAAAAAAAAACxBAA0AAAAAAAAAsAQBNAAAAAAAAADAEgTQAAAAAAAAAABLEEADAAAAAAAAACxBAA0AAAAAAAAAsAQBNAAAAAAAAADAEgTQAAAAAAAAAABLEEADAAAAAAAAACwR6OkGAAAAAAAAAMAbFS1aVKdOnfJ0Gxo2bJjDtV9//bVX9JzOT5LN000AAAAAAAAAgDfp1q2bKlasqJ49e3q6Fdlsjke4devWVVRUlHXNOIkjOAAAAAAAAADgLl27dtUXX3zh6TayBQJoAAAAAAAAAPj/unbtqpkzZ3q6jWyDABoAAAAAAAAARPhsBQJoAAAAAAAAADlez549PRo+T5w4UfHx8bLZbPf9cMaPP/543/0nT5506kGG7hTokVkBAAAAAAAAwEv07NlTU6dO9dj8kyZNUu/evS0bv2jRoho+fLj8/Pw0fPhwy+bJCDugAQAAAAAAAORYng6fJemNN97IVvPcjQAaAAAAAAAAQI7kDeGzJOXLly9L5ilatGiWzHM3AmgAAAAAAAAAOY63hM/ZHQE0AAAAAAAAgByF8DnrEEADAAAAAAAAyDH69u2bYfickJCg+Pj4e16z2WxZ1Va2RQANAAAAAAAAIEf...
[debug] &amp#27;[35m[W3C (63091ffb)]&amp#27;[39m Responding to client with driver.compareImages() result: {"score":0.99866783618927,"visualization":"iVBORw0KGgoAAAANSUhEUgAAC0AAAAoACAIAAACtAjTvAAAgAElEQVR4AezBD2ycdeHH8c8XtvGnWzbMkmcExo8/udKjQYlICQWeXT1g3nSmaiMwY+VPyYEPAq7iJcDWYgwYrKGW7oGAFEwoxAhk4Jh4OWAFwhMOkWVrrpyCbvMZYkzoBjcYG9fvL2lCsqXXcYOnu257v15GAAAAAAAAAAAAAAAAqCkjAAAAAAAAAAAAAAAA1JQRAAAAAAAAAAAAAAAAasoIAAAAAAAAAAAAAAAANWUEAAAAAAAAAAAAAACAmjICAAAAAAAAAAAAAABATRkBAAAAAAAAAAAAAACgpowAAAAAAAAAAAAAAABQU0YAAAAAAAAAAAAAAACoKSMAAAAAAAAAAAAAAADUlBEAAAAAAAAAAAAAAABqyggAAAAAAAAAAAAAAAA1ZQQAAAAAAAAAAAAAAICaMgIAAAAAAAAAAAAAAEBNGQEAAAAAAAAAAAAAAKCmjAAAAAAAAAAAAAAAAFBTRgAAAAAAAAAAAAAAAKgpIwAAAAAAAAAAAAAAANSUEQAAAAAAAAAAAAAAAGrKCAAAAAAAHFpOPvnkTZs2aYp1dXVpn37/+99v2rRJAAAAAAAA++/kk0/etGmTplhXV5f26fe///2mTZt0QBgBAAAAAIBDyDXXXHPWWWd5nqcpZq3VPrW0tKxbt04AAAAAAAD76ZprrjnrrLM8z9MUs9Zqn1paWtatW6cDwggAAAAAABwqOjo6HnjgAd/3Pc/TFLPWap9aWlrWrVsnAAAAAACA/dHR0fHAAw/4vu95nqaYtVb71NLSsm7dOh0QRgAAAAAA4JDQ0dHxwAMPSPJ93/M8TTFrrfappaVl3bp1AgAAAAAAqFpHR8cDDzwgyfd9z/M0xay12qeWlpZ169bpgDACAAAAAAAHv46OjgceeEDjfN/3PE9TzFqrfWppaVm3bp0AAAAAAACq09...
&amp#27;[35m[HTTP]&amp#27;[39m &amp#27;[37m<-- POST /wd/hub/session/63091ffb-25ba-4690-9602-bf41739ac2c6/appium/compare_images &amp#27;[39m&amp#27;[32m200&amp#27;[39m &amp#27;[90m430 ms - 2136599&amp#27;[39m
&amp#27;[35m[HTTP]&amp#27;[39m &amp#27;[90m&amp#27;[39m
Visual check of 'Folder_dropdown' passed; similarity match was 0,998668
Searching for Add New Folder DropDown
&amp#27;[35m[HTTP]&amp#27;[39m &amp#27;[37m-->&amp#27;[39m &amp#27;[37mGET&amp#27;[39m &amp#27;[37m/wd/hub/session/63091ffb-25ba-4690-9602-bf41739ac2c6/context&amp#27;[39m
&amp#27;[35m[HTTP]&amp#27;[39m &amp#27;[90m{}&amp#27;[39m
[debug] &amp#27;[35m[W3C (63091ffb)]&amp#27;[39m Calling AppiumDriver.getCurrentContext() with args: ["63091ffb-25ba-4690-9602-bf41739ac2c6"]
[debug] &amp#27;[35m[W3C (63091ffb)]&amp#27;[39m Responding to client with driver.getCurrentContext() result: "NATIVE_APP"
&amp#27;[35m[HTTP]&amp#27;[39m &amp#27;[37m<-- GET /wd/hub/session/63091ffb-25ba-4690-9602-bf41739ac2c6/context &amp#27;[39m&amp#27;[32m200&amp#27;[39m &amp#27;[90m1 ms - 22&amp#27;[39m
&amp#27;[35m[HTTP]&amp#27;[39m &amp#27;[90m&amp#27;[39m
&amp#27;[35m[HTTP]&amp#27;[39m &amp#27;[37m-->&amp#27;[39m &amp#27;[37mPOST&amp#27;[39m &amp#27;[37m/wd/hub/session/63091ffb-25ba-4690-9602-bf41739ac2c6/element&amp#27;[39m
&amp#27;[35m[HTTP]&amp#27;[39m &amp#27;[90m{"using":"id","value":"com.nordpass.android.app.password.manager:id/addNew"}&amp#27;[39m
[debug] &amp#27;[35m[W3C (63091ffb)]&amp#27;[39m Calling AppiumDriver.findElement() with args: ["id","com.nordpass.android.app.password.manager:id/addNew","63091ffb-25ba-4690-9602-bf41739ac2c6"]
[debug] &amp#27;[35m[BaseDriver]&amp#27;[39m Valid locator strategies for this request: xpath, id, class name, accessibility id, -android uiautomator
[debug] &amp#27;[35m[BaseDriver]&amp#27;[39m Waiting up to 10000 ms for condition
[debug] &amp#27;[35m[WD Proxy]&amp#27;[39m Matched '/element' to command name 'findElement'
[debug] &amp#27;[35m[WD Proxy]&amp#27;[39m Proxying [POST /element] to [POST http://127.0.0.1:8200/wd/hub/session/48554810-727f-4111-b250-ae9349bb7ba5/element] with body: {"strategy":"id","selector":"com.nordpass.android.app.password.manager:id/addNew","context":"","multiple":false}
[debug] &amp#27;[35m[WD Proxy]&amp#27;[39m Got response with status 200: {"sessionId":"48554810-727f-4111-b250-ae9349bb7ba5","value":{"ELEMENT":"035107d3-0d3c-434f-853a-950b9f3ed228","element-6066-11e4-a52e-4f735466cecf":"035107d3-0d3c-434f-853a-950b9f3ed228"}}
[debug] &amp#27;[35m[W3C (63091ffb)]&amp#27;[39m Responding to client with driver.findElement() result: {"element-6066-11e4-a52e-4f735466cecf":"035107d3-0d3c-434f-853a-950b9f3ed228","ELEMENT":"035107d3-0d3c-434f-853a-950b9f3ed228"}
&amp#27;[35m[HTTP]&amp#27;[39m &amp#27;[37m<-- POST /wd/hub/session/63091ffb-25ba-4690-9602-bf41739ac2c6/element &amp#27;[39m&amp#27;[32m200&amp#27;[39m &amp#27;[90m15 ms - 137&amp#27;[39m
&amp#27;[35m[HTTP]&amp#27;[39m &amp#27;[90m&amp#27;[39m
&amp#27;[35m[HTTP]&amp#27;[39m &amp#27;[37m-->&amp#27;[39m &amp#27;[37mPOST&amp#27;[39m &amp#27;[37m/wd/hub/session/63091ffb-25ba-4690-9602-bf41739ac2c6/element/035107d3-0d3c-434f-853a-950b9f3ed228/click&amp#27;[39m
&amp#27;[35m[HTTP]&amp#27;[39m &amp#27;[90m{"id":"035107d3-0d3c-434f-853a-950b9f3ed228"}&amp#27;[39m
[debug] &amp#27;[35m[W3C (63091ffb)]&amp#27;[39m Calling AppiumDriver.click() with args: ["035107d3-0d3c-434f-853a-950b9f3ed228","63091ffb-25ba-4690-9602-bf41739ac2c6"]
[debug] &amp#27;[35m[WD Proxy]&amp#27;[39m Matched '/element/035107d3-0d3c-434f-853a-950b9f3ed228/click' to command name 'click'
[debug] &amp#27;[35m[WD Proxy]&amp#27;[39m Proxying [POST /element/035107d3-0d3c-434f-853a-950b9f3ed228/click] to [POST http://127.0.0.1:8200/wd/hub/session/48554810-727f-4111-b250-ae9349bb7ba5/element/035107d3-0d3c-434f-853a-950b9f3ed228/click] with body: {"element":"035107d3-0d3c-434f-853a-950b9f3ed228"}
[debug] &amp#27;[35m[WD Proxy]&amp#27;[39m Got response with status 200: {"sessionId":"48554810-727f-4111-b250-ae9349bb7ba5","value":null}
[debug] &amp#27;[35m[W3C (63091ffb)]&amp#27;[39m Responding to client with driver.click() result: null
&amp#27;[35m[HTTP]&amp#27;[39m &amp#27;[37m<-- POST /wd/hub/session/63091ffb-25ba-4690-9602-bf41739ac2c6/element/035107d3-0d3c-434f-853a-950b9f3ed228/click &amp#27;[39m&amp#27;[32m200&amp#27;[39m &amp#27;[90m43 ms - 14&amp#27;[39m
&amp#27;[35m[HTTP]&amp#27;[39m &amp#27;[90m&amp#27;[39m
&amp#27;[35m[HTTP]&amp#27;[39m &amp#27;[37m-->&amp#27;[39m &amp#27;[37mPOST&amp#27;[39m &amp#27;[37m/wd/hub/session/63091ffb-25ba-4690-9602-bf41739ac2c6/element&amp#27;[39m
&amp#27;[35m[HTTP]&amp#27;[39m &amp#27;[90m{"using":"id","value":"com.nordpass.android.app.password.manager:id/cancelButton"}&amp#27;[39m
[debug] &amp#27;[35m[W3C (63091ffb)]&amp#27;[39m Calling AppiumDriver.findElement() with args: ["id","com.nordpass.android.app.password.manager:id/cancelButton","63091ffb-25ba-4690-9602-bf41739ac2c6"]
[debug] &amp#27;[35m[BaseDriver]&amp#27;[39m Valid locator strategies for this request: xpath, id, class name, accessibility id, -android uiautomator
[debug] &amp#27;[35m[BaseDriver]&amp#27;[39m Waiting up to 10000 ms for condition
[debug] &amp#27;[35m[WD Proxy]&amp#27;[39m Matched '/element' to command name 'findElement'
[debug] &amp#27;[35m[WD Proxy]&amp#27;[39m Proxying [POST /element] to [POST http://127.0.0.1:8200/wd/hub/session/48554810-727f-4111-b250-ae9349bb7ba5/element] with body: {"strategy":"id","selector":"com.nordpass.android.app.password.manager:id/cancelButton","context":"","multiple":false}
[debug] &amp#27;[35m[WD Proxy]&amp#27;[39m Got response with status 200: {"sessionId":"48554810-727f-4111-b250-ae9349bb7ba5","value":{"ELEMENT":"aa25fb9d-4f55-4aa1-a7d1-67bc75bf667b","element-6066-11e4-a52e-4f735466cecf":"aa25fb9d-4f55-4aa1-a7d1-67bc75bf667b"}}
[debug] &amp#27;[35m[W3C (63091ffb)]&amp#27;[39m Responding to client with driver.findElement() result: {"element-6066-11e4-a52e-4f735466cecf":"aa25fb9d-4f55-4aa1-a7d1-67bc75bf667b","ELEMENT":"aa25fb9d-4f55-4aa1-a7d1-67bc75bf667b"}
&amp#27;[35m[HTTP]&amp#27;[39m &amp#27;[37m<-- POST /wd/hub/session/63091ffb-25ba-4690-9602-bf41739ac2c6/element &amp#27;[39m&amp#27;[32m200&amp#27;[39m &amp#27;[90m93 ms - 137&amp#27;[39m
&amp#27;[35m[HTTP]&amp#27;[39m &amp#27;[90m&amp#27;[39m
&amp#27;[35m[HTTP]&amp#27;[39m &amp#27;[37m-->&amp#27;[39m &amp#27;[37mGET&amp#27;[39m &amp#27;[37m/wd/hub/session/63091ffb-25ba-4690-9602-bf41739ac2c6/element/aa25fb9d-4f55-4aa1-a7d1-67bc75bf667b/displayed&amp#27;[39m
&amp#27;[35m[HTTP]&amp#27;[39m &amp#27;[90m{}&amp#27;[39m
[debug] &amp#27;[35m[W3C (63091ffb)]&amp#27;[39m Calling AppiumDriver.elementDisplayed() with args: ["aa25fb9d-4f55-4aa1-a7d1-67bc75bf667b","63091ffb-25ba-4690-9602-bf41739ac2c6"]
[debug] &amp#27;[35m[WD Proxy]&amp#27;[39m Matched '/element/aa25fb9d-4f55-4aa1-a7d1-67bc75bf667b/attribute/displayed' to command name 'getAttribute'
[debug] &amp#27;[35m[WD Proxy]&amp#27;[39m Proxying [GET /element/aa25fb9d-4f55-4aa1-a7d1-67bc75bf667b/attribute/displayed] to [GET http://127.0.0.1:8200/wd/hub/session/48554810-727f-4111-b250-ae9349bb7ba5/element/aa25fb9d-4f55-4aa1-a7d1-67bc75bf667b/attribute/displayed] with no body
[debug] &amp#27;[35m[WD Proxy]&amp#27;[39m Got response with status 200: {"sessionId":"48554810-727f-4111-b250-ae9349bb7ba5","value":"true"}
[debug] &amp#27;[35m[W3C (63091ffb)]&amp#27;[39m Responding to client with driver.elementDisplayed() result: true
&amp#27;[35m[HTTP]&amp#27;[39m &amp#27;[37m<-- GET /wd/hub/session/63091ffb-25ba-4690-9602-bf41739ac2c6/element/aa25fb9d-4f55-4aa1-a7d1-67bc75bf667b/displayed &amp#27;[39m&amp#27;[32m200&amp#27;[39m &amp#27;[90m670 ms - 14&amp#27;[39m
&amp#27;[35m[HTTP]&amp#27;[39m &amp#27;[90m&amp#27;[39m
&amp#27;[35m[HTTP]&amp#27;[39m &amp#27;[37m-->&amp#27;[39m &amp#27;[37mGET&amp#27;[39m &amp#27;[37m/wd/hub/session/63091ffb-25ba-4690-9602-bf41739ac2c6/screenshot&amp#27;[39m
&amp#27;[35m[HTTP]&amp#27;[39m &amp#27;[90m{}&amp#27;[39m
[debug] &amp#27;[35m[W3C (63091ffb)]&amp#27;[39m Calling AppiumDriver.getScreenshot() with args: ["63091ffb-25ba-4690-9602-bf41739ac2c6"]
[debug] &amp#27;[35m[WD Proxy]&amp#27;[39m Matched '/screenshot' to command name 'getScreenshot'
[debug] &amp#27;[35m[WD Proxy]&amp#27;[39m Proxying [GET /screenshot] to [GET http://127.0.0.1:8200/wd/hub/session/48554810-727f-4111-b250-ae9349bb7ba5/screenshot] with no body
[debug] &amp#27;[35m[WD Proxy]&amp#27;[39m Got response with status 200: {"sessionId":"48554810-727f-4111-b250-ae9349bb7ba5","value":"iVBORw0KGgoAAAANSUhEUgAABaAAAAoACAYAAABH9IXPAAAAAXNSR0IArs4c6QAAAARzQklUCAgI\nCHwIZIgAACAASURBVHic7N3JcxRpYv//Ty2SSruEBFrRAgIEYhOCBhp6mcEz0x6HIxw++ebLeC59\nsMPzB3j+ADvsg0/2ySdf7bC/0dPTM3QPPd10i2YVmwDtK2grSVWSav8d+AkjpMrMqsqsRXq/Iojo\nznwy86mqJ1NZn3ryeVySEgIAAAAAAAAAwGbuXFcAAAAAAAAAALA7EUADAAAAAAAAABxBAA0AAAAA\nAAAAcAQBNAAAAAAAAADAEQTQAAAAAAAAAABHEEADAAAAAAAAABxBAA0AAAAAAAAAcAQBNAAAAAAA\nAADAEQTQAAAAAAAAAABHEEADAAAAAAAAABxBAA0AAAAAAAAAcAQBNAAAAAAAAADAEQTQAAAAAAAA\nAABHEEADAAAAAAAAABxBAA0AAAAAAAAAcAQBNAAAAAAAAADAEQTQAAAAAAAAAABHEEADAAAAAAAA\nABzhzXUFAAAAAAAAACAfdXR0aHR0NNfV0D/8wz9YLvsf//EfeVHnTS5JiVxXAgAAAAAAAADyyd/8\nzd/o7Nmz+vTTT3NdFSUS1iPcH/3oR/rqq6+cq0yKGIIDAAAAAAAAAN7yi1/8Qv/2b/+W62rsCgTQ\nAAAAAAAAAPD/+8UvfqF///d/z3U1dg0CaAAAAAAAAAAQ4bMTCKABAAAAAAAA7HmffvppTsPnf/7n\nf9bS0pISicS2f6n48ssvt20/MjKS0kSGdvLm5KgAAAAAAAAAkCc+/fRT/eu//mvOjv8v//Iv+tu/\n/VvH9t/R0aFf//rXcrlc+vWvf+3YcXZCD2gAAAAAAAAAe1auw2dJ+uu//utddZy3EUADAAAAAAAA\n2JPyIXyWpJqamqwcp6OjIyvH...
[debug] &amp#27;[35m[W3C (63091ffb)]&amp#27;[39m Responding to client with driver.getScreenshot() result: "iVBORw0KGgoAAAANSUhEUgAABaAAAAoACAYAAABH9IXPAAAAAXNSR0IArs4c6QAAAARzQklUCAgI\nCHwIZIgAACAASURBVHic7N3JcxRpYv//Ty2SSruEBFrRAgIEYhOCBhp6mcEz0x6HIxw++ebLeC59\nsMPzB3j+ADvsg0/2ySdf7bC/0dPTM3QPPd10i2YVmwDtK2grSVWSav8d+AkjpMrMqsqsRXq/Iojo\nznwy86mqJ1NZn3ryeVySEgIAAAAAAAAAwGbuXFcAAAAAAAAAALA7EUADAAAAAAAAABxBAA0AAAAA\nAAAAcAQBNAAAAAAAAADAEQTQAAAAAAAAAABHEEADAAAAAAAAABxBAA0AAAAAAAAAcAQBNAAAAAAA\nAADAEQTQAAAAAAAAAABHEEADAAAAAAAAABxBAA0AAAAAAAAAcAQBNAAAAAAAAADAEQTQAAAAAAAA\nAABHEEADAAAAAAAAABxBAA0AAAAAAAAAcAQBNAAAAAAAAADAEQTQAAAAAAAAAABHEEADAAAAAAAA\nABzhzXUFAAAAAAAAACAfdXR0aHR0NNfV0D/8wz9YLvsf//EfeVHnTS5JiVxXAgAAAAAAAADyyd/8\nzd/o7Nmz+vTTT3NdFSUS1iPcH/3oR/rqq6+cq0yKGIIDAAAAAAAAAN7yi1/8Qv/2b/+W62rsCgTQ\nAAAAAAAAAPD/+8UvfqF///d/z3U1dg0CaAAAAAAAAAAQ4bMTCKABAAAAAAAA7HmffvppTsPnf/7n\nf9bS0pISicS2f6n48ssvt20/MjKS0kSGdvLm5KgAAAAAAAAAkCc+/fRT/eu//mvOjv8v//Iv+tu/\n/VvH9t/R0aFf//rXcrlc+vWvf+3YcXZCD2gAAAAAAAAAe1auw2dJ+uu//utddZy3EUADAAAAAAAA\n2JPyIXyWpJqamqwcp6OjIyvHeRsBNAAAAAAAAIA9J1/C592OABoAAAAAAADAnkL4nD0E0AAAAAAA\nAAD2jL...
&amp#27;[35m[HTTP]&amp#27;[39m &amp#27;[37m<-- GET /wd/hub/session/63091ffb-25ba-4690-9602-bf41739ac2c6/screenshot &amp#27;[39m&amp#27;[32m200&amp#27;[39m &amp#27;[90m354 ms - 294508&amp#27;[39m
&amp#27;[35m[HTTP]&amp#27;[39m &amp#27;[90m&amp#27;[39m
&amp#27;[35m[HTTP]&amp#27;[39m &amp#27;[37m-->&amp#27;[39m &amp#27;[37mPOST&amp#27;[39m &amp#27;[37m/wd/hub/session/63091ffb-25ba-4690-9602-bf41739ac2c6/appium/compare_images&amp#27;[39m
&amp#27;[35m[HTTP]&amp#27;[39m &amp#27;[90m{"mode":"getSimilarity","firstImage":"iVBORw0KGgoAAAANSUhEUgAABaAAAAoACAYAAABH9IXPAAAAAXNSR0IArs4c6QAAAARzQklUCAgICHwIZIgAACAASURBVHic7N3JcxRpYv//Ty2SSruEBFrRAgIEYhOCBhp6mcEz0x6HIxw++ebLeC59sMPzB3j+ADvsg0/2ySdf7bC/0dPTM3QPPd10i2YVmwDtK2grSVWSav8d+AkjpMrMqsqsRXq/Iojoznwy86mqJ1NZn3ryeVySEgIAAAAAAAAAwGbuXFcAAAAAAAAAALA7EUADAAAAAAAAABxBAA0AAAAAAAAAcAQBNAAAAAAAAADAEQTQAAAAAAAAAABHEEADAAAAAAAAABxBAA0AAAAAAAAAcAQBNAAAAAAAAADAEQTQAAAAAAAAAABHEEADAAAAAAAAABxBAA0AAAAAAAAAcAQBNAAAAAAAAADAEQTQAAAAAAAAAABHEEADAAAAAAAAABxBAA0AAAAAAAAAcAQBNAAAAAAAAADAEQTQAAAAAAAAAABHEEADAAAAAAAAABzhzXUFAAAAAAAAACAfdXR0aHR0NNfV0D/8wz9YLvsf//EfeVHnTS5JiVxXAgAAAAAAAADyyd/8zd/o7Nmz+vTTT3NdFSUS1iPcH/3oR/rqq6+cq0yKGIIDAAAAAAAAAN7yi1/8Qv/2b/+W62rsCgTQAAAAAAAAAPD/+8UvfqF///d/z3U1dg0CaAAAAAAAAAAQ4bMTCKABAAAAAAAA7HmffvppTsPnf/7nf9bS0pISicS2f6n48ssvt20/MjKS0kSGdvLm5KgAAAAAAAAAkCc+/fRT/eu//mvOjv8v//Iv+tu//VvH9t/R0aFf//rXcrlc+vWvf+3YcXZCD2gAAAAAAAAAe1auw2dJ+uu//utddZy3EUADAAAAAAAA2JPyIXyWpJqamqwcp6OjIyvHeRsBNAAAAAAAAIA9J1/C592OABoAAAAAAADAnkL4nD0E0AA...&amp#27;[39m
[debug] &amp#27;[35m[W3C (63091ffb)]&amp#27;[39m Calling AppiumDriver.compareImages() with args: ["getSimilarity","iVBORw0KGgoAAAANSUhEUgAABaAAAAoACAYAAABH9IXPAAAAAXNSR0IArs4c6QAAAARzQklUCAgICHwIZIgAACAASURBVHic7N3JcxRpYv//Ty2SSruEBFrRAgIEYhOCBhp6mcEz0x6HIxw++ebLeC59sMPzB3j+ADvsg0/2ySdf7bC/0dPTM3QPPd10i2YVmwDtK2grSVWSav8d+AkjpMrMqsqsRXq/Iojoznwy86mqJ1NZn3ryeVySEgIAAAAAAAAAwGbuXFcAAAAAAAAAALA7EUADAAAAAAAAABxBAA0AAAAAAAAAcAQBNAAAAAAAAADAEQTQAAAAAAAAAABHEEADAAAAAAAAABxBAA0AAAAAAAAAcAQBNAAAAAAAAADAEQTQAAAAAAAAAABHEEADAAAAAAAAABxBAA0AAAAAAAAAcAQBNAAAAAAAAADAEQTQAAAAAAAAAABHEEADAAAAAAAAABxBAA0AAAAAAAAAcAQBNAAAAAAAAADAEQTQAAAAAAAAAABHEEADAAAAAAAAABzhzXUFAAAAAAAAACAfdXR0aHR0NNfV0D/8wz9YLvsf//EfeVHnTS5JiVxXAgAAAAAAAADyyd/8zd/o7Nmz+vTTT3NdFSUS1iPcH/3oR/rqq6+cq0yKGIIDAAAAAAAAAN7yi1/8Qv/2b/+W62rsCgTQAAAAAAAAAPD/+8UvfqF///d/z3U1dg0CaAAAAAAAAAAQ4bMTCKABAAAAAAAA7HmffvppTsPnf/7nf9bS0pISicS2f6n48ssvt20/MjKS0kSGdvLm5KgAAAAAAAAAkCc+/fRT/eu//mvOjv8v//Iv+tu//VvH9t/R0aFf//rXcrlc+vWvf+3YcXZCD2gAAAAAAAAAe1auw2dJ+uu//utddZy3EUADAAAAAAAA2JPyIXyWpJqamqwcp6OjIyvHeRsBNAAAAAAAAIA9J1/C592OABoAAAAAAADAnkL4nD0E0AAAAAAAAAD2jL//+7/fMXw...
[debug] &amp#27;[35m[W3C (63091ffb)]&amp#27;[39m Responding to client with driver.compareImages() result: {"score":0.9988418221473694,"visualization":"iVBORw0KGgoAAAANSUhEUgAAC0AAAAoACAIAAACtAjTvAAAgAElEQVR4AezBz28U9+H/8dfbeIEBggElNjiAbYEcDw7JAk3UJkQs2aYhUr7JqKcee0jnMlErlT+gzZ2qPZC55JKeavXUTJQ4UtvYG6mibOinUG/GtbCIA7v5RULWsENjY/v9lVaKBPKaLGHMmvB8PIwAAAAAAAAAAAAAAADQUkYAAAAAAAAAAAAAAABoKSMAAAAAAAAAAAAAAAC0lBEAAAAAAAAAAAAAAABayggAAAAAAAAAAAAAAAAtZQQAAAAAAAAAAAAAAICWMgIAAAAAAAAAAAAAAEBLGQEAAAAAAAAAAAAAAKCljAAAAAAAAAAAAAAAANBSRgAAAAAAAAAAAAAAAGgpIwAAAAAAAAAAAAAAALSUEQAAAAAAAAAAAAAAAFrKCAAAAAAAAAAAAAAAAC1lBAAAAAAAAAAAAAAAgJYyAgAAAAAAAAAAAAAAQEsZAQAAAAAAAAAAAAAAoKWMAAAAAAAAAAAAAAAA0FJGAAAAAAAAAAAAAAAAaCkjAAAAAAAAAAAAAAAAtJQRAAAAAAD4funt7Z2amtIy+81vfqOb+uMf/zg1NSUAAAAAAIBb19vbOzU1pWX2m9/8Rjf1xz/+cWpqSneEEQAAAAAA+B75xS9+kc1mgyDQMrPW6qYOHz48OjoqAAAAAACAW/SLX/wim80GQaBlZq3VTR0+fHh0dFR3hBEAAAAAAPi+eOmll1577bUwDIMg0DKz1uqmDh8+PDo6KgAAAAAAgFvx0ksvvfbaa2EYBkGgZWat1U0dPnx4dHRUd4QRAAAAAAD4XnjppZdee+01SWEYBkGgZWat1U0dPnx4dHRUAAAAAAAATXvppZdee+01SWEYBkGgZWat1U0dPnx4dHRUd4QRAAAAAAC4+7300kuvvfaa6sIwDIJAy8xaq5s6fPjw6OioAAAAAAAAmvPS...
&amp#27;[35m[HTTP]&amp#27;[39m &amp#27;[37m<-- POST /wd/hub/session/63091ffb-25ba-4690-9602-bf41739ac2c6/appium/compare_images &amp#27;[39m&amp#27;[32m200&amp#27;[39m &amp#27;[90m404 ms - 1057313&amp#27;[39m
&amp#27;[35m[HTTP]&amp#27;[39m &amp#27;[90m&amp#27;[39m
Visual check of 'Add_new_folder' passed; similarity match was 0,998842
Searching for Add New Folder DropDown Name
&amp#27;[35m[HTTP]&amp#27;[39m &amp#27;[37m-->&amp#27;[39m &amp#27;[37mGET&amp#27;[39m &amp#27;[37m/wd/hub/session/63091ffb-25ba-4690-9602-bf41739ac2c6/context&amp#27;[39m
&amp#27;[35m[HTTP]&amp#27;[39m &amp#27;[90m{}&amp#27;[39m
[debug] &amp#27;[35m[W3C (63091ffb)]&amp#27;[39m Calling AppiumDriver.getCurrentContext() with args: ["63091ffb-25ba-4690-9602-bf41739ac2c6"]
[debug] &amp#27;[35m[W3C (63091ffb)]&amp#27;[39m Responding to client with driver.getCurrentContext() result: "NATIVE_APP"
&amp#27;[35m[HTTP]&amp#27;[39m &amp#27;[37m<-- GET /wd/hub/session/63091ffb-25ba-4690-9602-bf41739ac2c6/context &amp#27;[39m&amp#27;[32m200&amp#27;[39m &amp#27;[90m1 ms - 22&amp#27;[39m
&amp#27;[35m[HTTP]&amp#27;[39m &amp#27;[90m&amp#27;[39m
&amp#27;[35m[HTTP]&amp#27;[39m &amp#27;[37m-->&amp#27;[39m &amp#27;[37mPOST&amp#27;[39m &amp#27;[37m/wd/hub/session/63091ffb-25ba-4690-9602-bf41739ac2c6/element&amp#27;[39m
&amp#27;[35m[HTTP]&amp#27;[39m &amp#27;[90m{"using":"id","value":"com.nordpass.android.app.password.manager:id/folderName"}&amp#27;[39m
[debug] &amp#27;[35m[W3C (63091ffb)]&amp#27;[39m Calling AppiumDriver.findElement() with args: ["id","com.nordpass.android.app.password.manager:id/folderName","63091ffb-25ba-4690-9602-bf41739ac2c6"]
[debug] &amp#27;[35m[BaseDriver]&amp#27;[39m Valid locator strategies for this request: xpath, id, class name, accessibility id, -android uiautomator
[debug] &amp#27;[35m[BaseDriver]&amp#27;[39m Waiting up to 10000 ms for condition
[debug] &amp#27;[35m[WD Proxy]&amp#27;[39m Matched '/element' to command name 'findElement'
[debug] &amp#27;[35m[WD Proxy]&amp#27;[39m Proxying [POST /element] to [POST http://127.0.0.1:8200/wd/hub/session/48554810-727f-4111-b250-ae9349bb7ba5/element] with body: {"strategy":"id","selector":"com.nordpass.android.app.password.manager:id/folderName","context":"","multiple":false}
[debug] &amp#27;[35m[WD Proxy]&amp#27;[39m Got response with status 200: {"sessionId":"48554810-727f-4111-b250-ae9349bb7ba5","value":{"ELEMENT":"aee0512c-b30b-4b9a-9412-2459b0a64db5","element-6066-11e4-a52e-4f735466cecf":"aee0512c-b30b-4b9a-9412-2459b0a64db5"}}
[debug] &amp#27;[35m[W3C (63091ffb)]&amp#27;[39m Responding to client with driver.findElement() result: {"element-6066-11e4-a52e-4f735466cecf":"aee0512c-b30b-4b9a-9412-2459b0a64db5","ELEMENT":"aee0512c-b30b-4b9a-9412-2459b0a64db5"}
&amp#27;[35m[HTTP]&amp#27;[39m &amp#27;[37m<-- POST /wd/hub/session/63091ffb-25ba-4690-9602-bf41739ac2c6/element &amp#27;[39m&amp#27;[32m200&amp#27;[39m &amp#27;[90m13 ms - 137&amp#27;[39m
&amp#27;[35m[HTTP]&amp#27;[39m &amp#27;[90m&amp#27;[39m
&amp#27;[35m[HTTP]&amp#27;[39m &amp#27;[37m-->&amp#27;[39m &amp#27;[37mPOST&amp#27;[39m &amp#27;[37m/wd/hub/session/63091ffb-25ba-4690-9602-bf41739ac2c6/element/aee0512c-b30b-4b9a-9412-2459b0a64db5/value&amp#27;[39m
&amp#27;[35m[HTTP]&amp#27;[39m &amp#27;[90m{"id":"aee0512c-b30b-4b9a-9412-2459b0a64db5","text":"Work Folder","value":["W","o","r","k"," ","F","o","l","d","e","r"]}&amp#27;[39m
[debug] &amp#27;[35m[W3C (63091ffb)]&amp#27;[39m Calling AppiumDriver.setValue() with args: [["W","o","r","k"," ","F","o","l","d","e","r"],"aee0512c-b30b-4b9a-9412-2459b0a64db5","63091ffb-25ba-4690-9602-bf41739ac2c6"]
[debug] &amp#27;[35m[WD Proxy]&amp#27;[39m Matched '/element/aee0512c-b30b-4b9a-9412-2459b0a64db5/value' to command name 'setValue'
[debug] &amp#27;[35m[Protocol Converter]&amp#27;[39m Added 'value' property ["W","o","r","k"," ","F","o","l","d","e","r"] to 'setValue' request body
[debug] &amp#27;[35m[WD Proxy]&amp#27;[39m Proxying [POST /element/aee0512c-b30b-4b9a-9412-2459b0a64db5/value] to [POST http://127.0.0.1:8200/wd/hub/session/48554810-727f-4111-b250-ae9349bb7ba5/element/aee0512c-b30b-4b9a-9412-2459b0a64db5/value] with body: {"elementId":"aee0512c-b30b-4b9a-9412-2459b0a64db5","text":"Work Folder","replace":false,"value":["W","o","r","k"," ","F","o","l","d","e","r"]}
[debug] &amp#27;[35m[WD Proxy]&amp#27;[39m Got response with status 200: {"sessionId":"48554810-727f-4111-b250-ae9349bb7ba5","value":null}
[debug] &amp#27;[35m[W3C (63091ffb)]&amp#27;[39m Responding to client with driver.setValue() result: null
&amp#27;[35m[HTTP]&amp#27;[39m &amp#27;[37m<-- POST /wd/hub/session/63091ffb-25ba-4690-9602-bf41739ac2c6/element/aee0512c-b30b-4b9a-9412-2459b0a64db5/value &amp#27;[39m&amp#27;[32m200&amp#27;[39m &amp#27;[90m20 ms - 14&amp#27;[39m
&amp#27;[35m[HTTP]&amp#27;[39m &amp#27;[90m&amp#27;[39m
Searching for save button
&amp#27;[35m[HTTP]&amp#27;[39m &amp#27;[37m-->&amp#27;[39m &amp#27;[37mGET&amp#27;[39m &amp#27;[37m/wd/hub/session/63091ffb-25ba-4690-9602-bf41739ac2c6/context&amp#27;[39m
&amp#27;[35m[HTTP]&amp#27;[39m &amp#27;[90m{}&amp#27;[39m
[debug] &amp#27;[35m[W3C (63091ffb)]&amp#27;[39m Calling AppiumDriver.getCurrentContext() with args: ["63091ffb-25ba-4690-9602-bf41739ac2c6"]
[debug] &amp#27;[35m[W3C (63091ffb)]&amp#27;[39m Responding to client with driver.getCurrentContext() result: "NATIVE_APP"
&amp#27;[35m[HTTP]&amp#27;[39m &amp#27;[37m<-- GET /wd/hub/session/63091ffb-25ba-4690-9602-bf41739ac2c6/context &amp#27;[39m&amp#27;[32m200&amp#27;[39m &amp#27;[90m2 ms - 22&amp#27;[39m
&amp#27;[35m[HTTP]&amp#27;[39m &amp#27;[90m&amp#27;[39m
&amp#27;[35m[HTTP]&amp#27;[39m &amp#27;[37m-->&amp#27;[39m &amp#27;[37mPOST&amp#27;[39m &amp#27;[37m/wd/hub/session/63091ffb-25ba-4690-9602-bf41739ac2c6/element&amp#27;[39m
&amp#27;[35m[HTTP]&amp#27;[39m &amp#27;[90m{"using":"id","value":"com.nordpass.android.app.password.manager:id/saveButton"}&amp#27;[39m
[debug] &amp#27;[35m[W3C (63091ffb)]&amp#27;[39m Calling AppiumDriver.findElement() with args: ["id","com.nordpass.android.app.password.manager:id/saveButton","63091ffb-25ba-4690-9602-bf41739ac2c6"]
[debug] &amp#27;[35m[BaseDriver]&amp#27;[39m Valid locator strategies for this request: xpath, id, class name, accessibility id, -android uiautomator
[debug] &amp#27;[35m[BaseDriver]&amp#27;[39m Waiting up to 10000 ms for condition
[debug] &amp#27;[35m[WD Proxy]&amp#27;[39m Matched '/element' to command name 'findElement'
[debug] &amp#27;[35m[WD Proxy]&amp#27;[39m Proxying [POST /element] to [POST http://127.0.0.1:8200/wd/hub/session/48554810-727f-4111-b250-ae9349bb7ba5/element] with body: {"strategy":"id","selector":"com.nordpass.android.app.password.manager:id/saveButton","context":"","multiple":false}
[debug] &amp#27;[35m[WD Proxy]&amp#27;[39m Got response with status 200: {"sessionId":"48554810-727f-4111-b250-ae9349bb7ba5","value":{"ELEMENT":"edbb0da2-ec48-4bef-af50-16a6dc4ee74d","element-6066-11e4-a52e-4f735466cecf":"edbb0da2-ec48-4bef-af50-16a6dc4ee74d"}}
[debug] &amp#27;[35m[W3C (63091ffb)]&amp#27;[39m Responding to client with driver.findElement() result: {"element-6066-11e4-a52e-4f735466cecf":"edbb0da2-ec48-4bef-af50-16a6dc4ee74d","ELEMENT":"edbb0da2-ec48-4bef-af50-16a6dc4ee74d"}
&amp#27;[35m[HTTP]&amp#27;[39m &amp#27;[37m<-- POST /wd/hub/session/63091ffb-25ba-4690-9602-bf41739ac2c6/element &amp#27;[39m&amp#27;[32m200&amp#27;[39m &amp#27;[90m25 ms - 137&amp#27;[39m
&amp#27;[35m[HTTP]&amp#27;[39m &amp#27;[90m&amp#27;[39m
&amp#27;[35m[HTTP]&amp#27;[39m &amp#27;[37m-->&amp#27;[39m &amp#27;[37mPOST&amp#27;[39m &amp#27;[37m/wd/hub/session/63091ffb-25ba-4690-9602-bf41739ac2c6/element/edbb0da2-ec48-4bef-af50-16a6dc4ee74d/click&amp#27;[39m
&amp#27;[35m[HTTP]&amp#27;[39m &amp#27;[90m{"id":"edbb0da2-ec48-4bef-af50-16a6dc4ee74d"}&amp#27;[39m
[debug] &amp#27;[35m[W3C (63091ffb)]&amp#27;[39m Calling AppiumDriver.click() with args: ["edbb0da2-ec48-4bef-af50-16a6dc4ee74d","63091ffb-25ba-4690-9602-bf41739ac2c6"]
[debug] &amp#27;[35m[WD Proxy]&amp#27;[39m Matched '/element/edbb0da2-ec48-4bef-af50-16a6dc4ee74d/click' to command name 'click'
[debug] &amp#27;[35m[WD Proxy]&amp#27;[39m Proxying [POST /element/edbb0da2-ec48-4bef-af50-16a6dc4ee74d/click] to [POST http://127.0.0.1:8200/wd/hub/session/48554810-727f-4111-b250-ae9349bb7ba5/element/edbb0da2-ec48-4bef-af50-16a6dc4ee74d/click] with body: {"element":"edbb0da2-ec48-4bef-af50-16a6dc4ee74d"}
[debug] &amp#27;[35m[WD Proxy]&amp#27;[39m Got response with status 200: {"sessionId":"48554810-727f-4111-b250-ae9349bb7ba5","value":null}
[debug] &amp#27;[35m[W3C (63091ffb)]&amp#27;[39m Responding to client with driver.click() result: null
&amp#27;[35m[HTTP]&amp#27;[39m &amp#27;[37m<-- POST /wd/hub/session/63091ffb-25ba-4690-9602-bf41739ac2c6/element/edbb0da2-ec48-4bef-af50-16a6dc4ee74d/click &amp#27;[39m&amp#27;[32m200&amp#27;[39m &amp#27;[90m859 ms - 14&amp#27;[39m
&amp#27;[35m[HTTP]&amp#27;[39m &amp#27;[90m&amp#27;[39m
Search for Snackbar text
&amp#27;[35m[HTTP]&amp#27;[39m &amp#27;[37m-->&amp#27;[39m &amp#27;[37mGET&amp#27;[39m &amp#27;[37m/wd/hub/session/63091ffb-25ba-4690-9602-bf41739ac2c6/context&amp#27;[39m
&amp#27;[35m[HTTP]&amp#27;[39m &amp#27;[90m{}&amp#27;[39m
[debug] &amp#27;[35m[W3C (63091ffb)]&amp#27;[39m Calling AppiumDriver.getCurrentContext() with args: ["63091ffb-25ba-4690-9602-bf41739ac2c6"]
[debug] &amp#27;[35m[W3C (63091ffb)]&amp#27;[39m Responding to client with driver.getCurrentContext() result: "NATIVE_APP"
&amp#27;[35m[HTTP]&amp#27;[39m &amp#27;[37m<-- GET /wd/hub/session/63091ffb-25ba-4690-9602-bf41739ac2c6/context &amp#27;[39m&amp#27;[32m200&amp#27;[39m &amp#27;[90m1 ms - 22&amp#27;[39m
&amp#27;[35m[HTTP]&amp#27;[39m &amp#27;[90m&amp#27;[39m
&amp#27;[35m[HTTP]&amp#27;[39m &amp#27;[37m-->&amp#27;[39m &amp#27;[37mPOST&amp#27;[39m &amp#27;[37m/wd/hub/session/63091ffb-25ba-4690-9602-bf41739ac2c6/element&amp#27;[39m
&amp#27;[35m[HTTP]&amp#27;[39m &amp#27;[90m{"using":"id","value":"com.nordpass.android.app.password.manager:id/snackbar_text"}&amp#27;[39m
[debug] &amp#27;[35m[W3C (63091ffb)]&amp#27;[39m Calling AppiumDriver.findElement() with args: ["id","com.nordpass.android.app.password.manager:id/snackbar_text","63091ffb-25ba-4690-9602-bf41739ac2c6"]
[debug] &amp#27;[35m[BaseDriver]&amp#27;[39m Valid locator strategies for this request: xpath, id, class name, accessibility id, -android uiautomator
[debug] &amp#27;[35m[BaseDriver]&amp#27;[39m Waiting up to 10000 ms for condition
[debug] &amp#27;[35m[WD Proxy]&amp#27;[39m Matched '/element' to command name 'findElement'
[debug] &amp#27;[35m[WD Proxy]&amp#27;[39m Proxying [POST /element] to [POST http://127.0.0.1:8200/wd/hub/session/48554810-727f-4111-b250-ae9349bb7ba5/element] with body: {"strategy":"id","selector":"com.nordpass.android.app.password.manager:id/snackbar_text","context":"","multiple":false}
&amp#27;[35m[WD Proxy]&amp#27;[39m Got response with status 404: {"sessionId":"48554810-727f-4111-b250-ae9349bb7ba5","value":{"error":"no such element","message":"An element could not be located on the page using the given search parameters","stacktrace":"io.appium.uiautomator2.common.exceptions.ElementNotFoundException: An element could not be located on the page using the given search parameters\n\tat io.appium.uiautomator2.handler.FindElement.safeHandle(FindElement.java:73)\n\tat io.appium.uiautomator2.handler.request.SafeRequestHandler.handle(SafeRequestHandler.java:41)\n\tat io.appium.uiautomator2.server.AppiumServlet.handleRequest(AppiumServlet.java:257)\n\tat io.appium.uiautomator2.server.AppiumServlet.handleHttpRequest(AppiumServlet.java:247)\n\tat io.appium.uiautomator2.http.ServerHandler.channelRead(ServerHandler.java:50)\n\tat io.netty.channel.AbstractChannelHandlerContext.invokeChannelRead(AbstractChannelHandlerContext.java:366)\n\tat io.netty.channel.AbstractChannelHandlerContext.invokeChannelRead(AbstractChannelHandlerContext.java:352)\n\tat io.netty.chann...
[debug] &amp#27;[35m[W3C]&amp#27;[39m Matched W3C error code 'no such element' to NoSuchElementError
[debug] &amp#27;[35m[BaseDriver]&amp#27;[39m Waited for 46 ms so far
[debug] &amp#27;[35m[WD Proxy]&amp#27;[39m Matched '/element' to command name 'findElement'
[debug] &amp#27;[35m[WD Proxy]&amp#27;[39m Proxying [POST /element] to [POST http://127.0.0.1:8200/wd/hub/session/48554810-727f-4111-b250-ae9349bb7ba5/element] with body: {"strategy":"id","selector":"com.nordpass.android.app.password.manager:id/snackbar_text","context":"","multiple":false}
[debug] &amp#27;[35m[WD Proxy]&amp#27;[39m Got response with status 200: {"sessionId":"48554810-727f-4111-b250-ae9349bb7ba5","value":{"ELEMENT":"b900cb2e-448d-482f-a73a-f9e3135e3b8f","element-6066-11e4-a52e-4f735466cecf":"b900cb2e-448d-482f-a73a-f9e3135e3b8f"}}
[debug] &amp#27;[35m[W3C (63091ffb)]&amp#27;[39m Responding to client with driver.findElement() result: {"element-6066-11e4-a52e-4f735466cecf":"b900cb2e-448d-482f-a73a-f9e3135e3b8f","ELEMENT":"b900cb2e-448d-482f-a73a-f9e3135e3b8f"}
&amp#27;[35m[HTTP]&amp#27;[39m &amp#27;[37m<-- POST /wd/hub/session/63091ffb-25ba-4690-9602-bf41739ac2c6/element &amp#27;[39m&amp#27;[32m200&amp#27;[39m &amp#27;[90m838 ms - 137&amp#27;[39m
&amp#27;[35m[HTTP]&amp#27;[39m &amp#27;[90m&amp#27;[39m
&amp#27;[35m[HTTP]&amp#27;[39m &amp#27;[37m-->&amp#27;[39m &amp#27;[37mGET&amp#27;[39m &amp#27;[37m/wd/hub/session/63091ffb-25ba-4690-9602-bf41739ac2c6/element/b900cb2e-448d-482f-a73a-f9e3135e3b8f/text&amp#27;[39m
&amp#27;[35m[HTTP]&amp#27;[39m &amp#27;[90m{}&amp#27;[39m
&amp#27;[35m[W3C (63091ffb)]&amp#27;[39m Driver proxy active, passing request on via HTTP proxy
[debug] &amp#27;[35m[WD Proxy]&amp#27;[39m Matched '/wd/hub/session/63091ffb-25ba-4690-9602-bf41739ac2c6/element/b900cb2e-448d-482f-a73a-f9e3135e3b8f/text' to command name 'getText'
[debug] &amp#27;[35m[WD Proxy]&amp#27;[39m Proxying [GET /wd/hub/session/63091ffb-25ba-4690-9602-bf41739ac2c6/element/b900cb2e-448d-482f-a73a-f9e3135e3b8f/text] to [GET http://127.0.0.1:8200/wd/hub/session/48554810-727f-4111-b250-ae9349bb7ba5/element/b900cb2e-448d-482f-a73a-f9e3135e3b8f/text] with no body
[debug] &amp#27;[35m[WD Proxy]&amp#27;[39m Got response with status 200: {"sessionId":"48554810-727f-4111-b250-ae9349bb7ba5","value":"Folder created successfully"}
&amp#27;[35m[WD Proxy]&amp#27;[39m Replacing sessionId 48554810-727f-4111-b250-ae9349bb7ba5 with 63091ffb-25ba-4690-9602-bf41739ac2c6
&amp#27;[35m[HTTP]&amp#27;[39m &amp#27;[37m<-- GET /wd/hub/session/63091ffb-25ba-4690-9602-bf41739ac2c6/element/b900cb2e-448d-482f-a73a-f9e3135e3b8f/text &amp#27;[39m&amp#27;[32m200&amp#27;[39m &amp#27;[90m8 ms - 90&amp#27;[39m
&amp#27;[35m[HTTP]&amp#27;[39m &amp#27;[90m&amp#27;[39m
Search for Snackbar action
&amp#27;[35m[HTTP]&amp#27;[39m &amp#27;[37m-->&amp#27;[39m &amp#27;[37mGET&amp#27;[39m &amp#27;[37m/wd/hub/session/63091ffb-25ba-4690-9602-bf41739ac2c6/context&amp#27;[39m
&amp#27;[35m[HTTP]&amp#27;[39m &amp#27;[90m{}&amp#27;[39m
[debug] &amp#27;[35m[W3C (63091ffb)]&amp#27;[39m Calling AppiumDriver.getCurrentContext() with args: ["63091ffb-25ba-4690-9602-bf41739ac2c6"]
[debug] &amp#27;[35m[W3C (63091ffb)]&amp#27;[39m Responding to client with driver.getCurrentContext() result: "NATIVE_APP"
&amp#27;[35m[HTTP]&amp#27;[39m &amp#27;[37m<-- GET /wd/hub/session/63091ffb-25ba-4690-9602-bf41739ac2c6/context &amp#27;[39m&amp#27;[32m200&amp#27;[39m &amp#27;[90m1 ms - 22&amp#27;[39m
&amp#27;[35m[HTTP]&amp#27;[39m &amp#27;[90m&amp#27;[39m
&amp#27;[35m[HTTP]&amp#27;[39m &amp#27;[37m-->&amp#27;[39m &amp#27;[37mPOST&amp#27;[39m &amp#27;[37m/wd/hub/session/63091ffb-25ba-4690-9602-bf41739ac2c6/element&amp#27;[39m
&amp#27;[35m[HTTP]&amp#27;[39m &amp#27;[90m{"using":"id","value":"com.nordpass.android.app.password.manager:id/snackbar_action"}&amp#27;[39m
[debug] &amp#27;[35m[W3C (63091ffb)]&amp#27;[39m Calling AppiumDriver.findElement() with args: ["id","com.nordpass.android.app.password.manager:id/snackbar_action","63091ffb-25ba-4690-9602-bf41739ac2c6"]
[debug] &amp#27;[35m[BaseDriver]&amp#27;[39m Valid locator strategies for this request: xpath, id, class name, accessibility id, -android uiautomator
[debug] &amp#27;[35m[BaseDriver]&amp#27;[39m Waiting up to 10000 ms for condition
[debug] &amp#27;[35m[WD Proxy]&amp#27;[39m Matched '/element' to command name 'findElement'
[debug] &amp#27;[35m[WD Proxy]&amp#27;[39m Proxying [POST /element] to [POST http://127.0.0.1:8200/wd/hub/session/48554810-727f-4111-b250-ae9349bb7ba5/element] with body: {"strategy":"id","selector":"com.nordpass.android.app.password.manager:id/snackbar_action","context":"","multiple":false}
[debug] &amp#27;[35m[WD Proxy]&amp#27;[39m Got response with status 200: {"sessionId":"48554810-727f-4111-b250-ae9349bb7ba5","value":{"ELEMENT":"ac497b6a-aa40-4d11-ac26-a5d49f8068ff","element-6066-11e4-a52e-4f735466cecf":"ac497b6a-aa40-4d11-ac26-a5d49f8068ff"}}
[debug] &amp#27;[35m[W3C (63091ffb)]&amp#27;[39m Responding to client with driver.findElement() result: {"element-6066-11e4-a52e-4f735466cecf":"ac497b6a-aa40-4d11-ac26-a5d49f8068ff","ELEMENT":"ac497b6a-aa40-4d11-ac26-a5d49f8068ff"}
&amp#27;[35m[HTTP]&amp#27;[39m &amp#27;[37m<-- POST /wd/hub/session/63091ffb-25ba-4690-9602-bf41739ac2c6/element &amp#27;[39m&amp#27;[32m200&amp#27;[39m &amp#27;[90m14 ms - 137&amp#27;[39m
&amp#27;[35m[HTTP]&amp#27;[39m &amp#27;[90m&amp#27;[39m
&amp#27;[35m[HTTP]&amp#27;[39m &amp#27;[37m-->&amp#27;[39m &amp#27;[37mPOST&amp#27;[39m &amp#27;[37m/wd/hub/session/63091ffb-25ba-4690-9602-bf41739ac2c6/element/ac497b6a-aa40-4d11-ac26-a5d49f8068ff/click&amp#27;[39m
&amp#27;[35m[HTTP]&amp#27;[39m &amp#27;[90m{"id":"ac497b6a-aa40-4d11-ac26-a5d49f8068ff"}&amp#27;[39m
[debug] &amp#27;[35m[W3C (63091ffb)]&amp#27;[39m Calling AppiumDriver.click() with args: ["ac497b6a-aa40-4d11-ac26-a5d49f8068ff","63091ffb-25ba-4690-9602-bf41739ac2c6"]
[debug] &amp#27;[35m[WD Proxy]&amp#27;[39m Matched '/element/ac497b6a-aa40-4d11-ac26-a5d49f8068ff/click' to command name 'click'
[debug] &amp#27;[35m[WD Proxy]&amp#27;[39m Proxying [POST /element/ac497b6a-aa40-4d11-ac26-a5d49f8068ff/click] to [POST http://127.0.0.1:8200/wd/hub/session/48554810-727f-4111-b250-ae9349bb7ba5/element/ac497b6a-aa40-4d11-ac26-a5d49f8068ff/click] with body: {"element":"ac497b6a-aa40-4d11-ac26-a5d49f8068ff"}
[debug] &amp#27;[35m[WD Proxy]&amp#27;[39m Got response with status 200: {"sessionId":"48554810-727f-4111-b250-ae9349bb7ba5","value":null}
[debug] &amp#27;[35m[W3C (63091ffb)]&amp#27;[39m Responding to client with driver.click() result: null
&amp#27;[35m[HTTP]&amp#27;[39m &amp#27;[37m<-- POST /wd/hub/session/63091ffb-25ba-4690-9602-bf41739ac2c6/element/ac497b6a-aa40-4d11-ac26-a5d49f8068ff/click &amp#27;[39m&amp#27;[32m200&amp#27;[39m &amp#27;[90m36 ms - 14&amp#27;[39m
&amp#27;[35m[HTTP]&amp#27;[39m &amp#27;[90m&amp#27;[39m
&amp#27;[35m[HTTP]&amp#27;[39m &amp#27;[37m-->&amp#27;[39m &amp#27;[37mPOST&amp#27;[39m &amp#27;[37m/wd/hub/session/63091ffb-25ba-4690-9602-bf41739ac2c6/appium/device/hide_keyboard&amp#27;[39m
&amp#27;[35m[HTTP]&amp#27;[39m &amp#27;[90m{}&amp#27;[39m
[debug] &amp#27;[35m[W3C (63091ffb)]&amp#27;[39m Calling AppiumDriver.hideKeyboard() with args: [null,null,null,null,"63091ffb-25ba-4690-9602-bf41739ac2c6"]
[debug] &amp#27;[35m[ADB]&amp#27;[39m Running 'C:\Users\T1170\AppData\Local\Android\Sdk\platform-tools\adb.exe -P 5037 -s emulator-5554 shell dumpsys input_method'
[debug] &amp#27;[35m[ADB]&amp#27;[39m Running 'C:\Users\T1170\AppData\Local\Android\Sdk\platform-tools\adb.exe -P 5037 -s emulator-5554 shell input keyevent 111'
[debug] &amp#27;[35m[ADB]&amp#27;[39m Running 'C:\Users\T1170\AppData\Local\Android\Sdk\platform-tools\adb.exe -P 5037 -s emulator-5554 shell dumpsys input_method'
[debug] &amp#27;[35m[W3C (63091ffb)]&amp#27;[39m Responding to client with driver.hideKeyboard() result: true
&amp#27;[35m[HTTP]&amp#27;[39m &amp#27;[37m<-- POST /wd/hub/session/63091ffb-25ba-4690-9602-bf41739ac2c6/appium/device/hide_keyboard &amp#27;[39m&amp#27;[32m200&amp#27;[39m &amp#27;[90m412 ms - 14&amp#27;[39m
&amp#27;[35m[HTTP]&amp#27;[39m &amp#27;[90m&amp#27;[39m
&amp#27;[35m[HTTP]&amp#27;[39m &amp#27;[37m-->&amp#27;[39m &amp#27;[37mGET&amp#27;[39m &amp#27;[37m/wd/hub/session/63091ffb-25ba-4690-9602-bf41739ac2c6/screenshot&amp#27;[39m
&amp#27;[35m[HTTP]&amp#27;[39m &amp#27;[90m{}&amp#27;[39m
[debug] &amp#27;[35m[W3C (63091ffb)]&amp#27;[39m Calling AppiumDriver.getScreenshot() with args: ["63091ffb-25ba-4690-9602-bf41739ac2c6"]
[debug] &amp#27;[35m[WD Proxy]&amp#27;[39m Matched '/screenshot' to command name 'getScreenshot'
[debug] &amp#27;[35m[WD Proxy]&amp#27;[39m Proxying [GET /screenshot] to [GET http://127.0.0.1:8200/wd/hub/session/48554810-727f-4111-b250-ae9349bb7ba5/screenshot] with no body
[debug] &amp#27;[35m[WD Proxy]&amp#27;[39m Got response with status 200: {"sessionId":"48554810-727f-4111-b250-ae9349bb7ba5","value":"iVBORw0KGgoAAAANSUhEUgAABaAAAAoACAYAAABH9IXPAAAAAXNSR0IArs4c6QAAAARzQklUCAgI\nCHwIZIgAACAASURBVHic7N13fFRV/v/xdwoJAWNAo0REOggCioAKSK9BmjRBQSzAosAuCEtZBGku\nSpMigojgqgtI71XQUFW6FCErLRjqsgktpJAwvz/4hS9I5t6ZzNzMTPJ6Ph48Hjr3c8/5ACcB3nPm\nXD9JNgEAAAAAAAAA4Gb+nm4AAAAAAAAAAJA9EUADAAAAAAAAACxBAA0AAAAAAAAAsAQBNAAAAAAA\nAADAEgTQAAAAAAAAAABLEEADAAAAAAAAACxBAA0AAAAAAAAAsAQBNAAAAAAAAADAEgTQAAAAAAAA\nAABLEEADAAAAAAAAACxBAA0AAAAAAAAAsAQBNAAAAAAAAADAEgTQAAAAAAAAAABLEEADAAAAAAAA\nACxBAA0AAAAAAAAAsAQBNAAAAAAAAADAEgTQAAAAAAAAAABLEEADAAAAAAAAACwR6OkGAAAAAAAA\nAMAbFS1aVKdOnfJ0Gxo2bJjDtV9//bVX9JzOT5LN000AAAAAAAAAgDfp1q2bKlasqJ49e3q6Fdls\njke4devWVVRUlHXNOIkjOAAAAAAAAADgLl27dtUXX3zh6TayBQJoAAAAAAAAAPj/unbtqpkzZ3q6\njWyDABoAAAAAAAAARPhsBQJoAAAAAAAAADlez549PRo+T5w4UfHx8bLZbPf9cMaPP/543/0nT550\n6kGG7hTokVkBAAAAAAAAwEv07NlTU6dO9dj8kyZNUu/evS0bv2jRoho+fLj8/Pw0fPhwy+bJCDug\nAQAAAAAAAORYng6fJemNN97IVvPcjQAaAAAAAAAAQI7kDeGzJOXLly9L5ilatGiWzHM3AmgAAAAA\nAAAAOY63hM/ZHQE0AAAAAAAA...
[debug] &amp#27;[35m[W3C (63091ffb)]&amp#27;[39m Responding to client with driver.getScreenshot() result: "iVBORw0KGgoAAAANSUhEUgAABaAAAAoACAYAAABH9IXPAAAAAXNSR0IArs4c6QAAAARzQklUCAgI\nCHwIZIgAACAASURBVHic7N13fFRV/v/xdwoJAWNAo0REOggCioAKSK9BmjRBQSzAosAuCEtZBGku\nSpMigojgqgtI71XQUFW6FCErLRjqsgktpJAwvz/4hS9I5t6ZzNzMTPJ6Ph48Hjr3c8/5ACcB3nPm\nXD9JNgEAAAAAAAAA4Gb+nm4AAAAAAAAAAJA9EUADAAAAAAAAACxBAA0AAAAAAAAAsAQBNAAAAAAA\nAADAEgTQAAAAAAAAAABLEEADAAAAAAAAACxBAA0AAAAAAAAAsAQBNAAAAAAAAADAEgTQAAAAAAAA\nAABLEEADAAAAAAAAACxBAA0AAAAAAAAAsAQBNAAAAAAAAADAEgTQAAAAAAAAAABLEEADAAAAAAAA\nACxBAA0AAAAAAAAAsAQBNAAAAAAAAADAEgTQAAAAAAAAAABLEEADAAAAAAAAACwR6OkGAAAAAAAA\nAMAbFS1aVKdOnfJ0Gxo2bJjDtV9//bVX9JzOT5LN000AAAAAAAAAgDfp1q2bKlasqJ49e3q6Fdls\njke4devWVVRUlHXNOIkjOAAAAAAAAADgLl27dtUXX3zh6TayBQJoAAAAAAAAAPj/unbtqpkzZ3q6\njWyDABoAAAAAAAAARPhsBQJoAAAAAAAAADlez549PRo+T5w4UfHx8bLZbPf9cMaPP/543/0nT550\n6kGG7hTokVkBAAAAAAAAwEv07NlTU6dO9dj8kyZNUu/evS0bv2jRoho+fLj8/Pw0fPhwy+bJCDug\nAQAAAAAAAORYng6fJemNN97IVvPcjQAaAAAAAAAAQI7kDeGzJOXLly9L5ilatGiWzHM3AmgAAAAA\nAAAAOY63hM/ZHQE0AAAAAAAAgByF8DnrEEADAAAAAAAAyDH69u2bYfickJCg+Pj4e16z2WxZ1Va2\nRQANAA...
&amp#27;[35m[HTTP]&amp#27;[39m &amp#27;[37m<-- GET /wd/hub/session/63091ffb-25ba-4690-9602-bf41739ac2c6/screenshot &amp#27;[39m&amp#27;[32m200&amp#27;[39m &amp#27;[90m336 ms - 438086&amp#27;[39m
&amp#27;[35m[HTTP]&amp#27;[39m &amp#27;[90m&amp#27;[39m
&amp#27;[35m[HTTP]&amp#27;[39m &amp#27;[37m-->&amp#27;[39m &amp#27;[37mPOST&amp#27;[39m &amp#27;[37m/wd/hub/session/63091ffb-25ba-4690-9602-bf41739ac2c6/appium/compare_images&amp#27;[39m
&amp#27;[35m[HTTP]&amp#27;[39m &amp#27;[90m{"mode":"getSimilarity","firstImage":"iVBORw0KGgoAAAANSUhEUgAABaAAAAoACAYAAABH9IXPAAAAAXNSR0IArs4c6QAAAARzQklUCAgICHwIZIgAACAASURBVHic7N13fFRV/v/xdwoJAWNAo0REOggCioAKSK9BmjRBQSzAosAuCEtZBGkuSpMigojgqgtI71XQUFW6FCErLRjqsgktpJAwvz/4hS9I5t6ZzNzMTPJ6Ph48Hjr3c8/5ACcB3nPmXD9JNgEAAAAAAAAA4Gb+nm4AAAAAAAAAAJA9EUADAAAAAAAAACxBAA0AAAAAAAAAsAQBNAAAAAAAAADAEgTQAAAAAAAAAABLEEADAAAAAAAAACxBAA0AAAAAAAAAsAQBNAAAAAAAAADAEgTQAAAAAAAAAABLEEADAAAAAAAAACxBAA0AAAAAAAAAsAQBNAAAAAAAAADAEgTQAAAAAAAAAABLEEADAAAAAAAAACxBAA0AAAAAAAAAsAQBNAAAAAAAAADAEgTQAAAAAAAAAABLEEADAAAAAAAAACwR6OkGAAAAAAAAAMAbFS1aVKdOnfJ0Gxo2bJjDtV9//bVX9JzOT5LN000AAAAAAAAAgDfp1q2bKlasqJ49e3q6Fdlsjke4devWVVRUlHXNOIkjOAAAAAAAAADgLl27dtUXX3zh6TayBQJoAAAAAAAAAPj/unbtqpkzZ3q6jWyDABoAAAAAAAAARPhsBQJoAAAAAAAAADlez549PRo+T5w4UfHx8bLZbPf9cMaPP/543/0nT5506kGG7hTokVkBAAAAAAAAwEv07NlTU6dO9dj8kyZNUu/evS0bv2jRoho+fLj8/Pw0fPhwy+bJCDugAQAAAAAAAORYng6fJemNN97IVvPcjQAaAAAAAAAAQI7kDeGzJOXLly9L5ilatGiWzHM3AmgAAAAAAAAAOY63hM/ZHQE0AAAAAAAAgByF8DnrEEADAAAAAAAAyDH69u2bYfickJCg+Pj4e16z2Wx...&amp#27;[39m
[debug] &amp#27;[35m[W3C (63091ffb)]&amp#27;[39m Calling AppiumDriver.compareImages() with args: ["getSimilarity","iVBORw0KGgoAAAANSUhEUgAABaAAAAoACAYAAABH9IXPAAAAAXNSR0IArs4c6QAAAARzQklUCAgICHwIZIgAACAASURBVHic7N13fFRV/v/xdwoJAWNAo0REOggCioAKSK9BmjRBQSzAosAuCEtZBGkuSpMigojgqgtI71XQUFW6FCErLRjqsgktpJAwvz/4hS9I5t6ZzNzMTPJ6Ph48Hjr3c8/5ACcB3nPmXD9JNgEAAAAAAAAA4Gb+nm4AAAAAAAAAAJA9EUADAAAAAAAAACxBAA0AAAAAAAAAsAQBNAAAAAAAAADAEgTQAAAAAAAAAABLEEADAAAAAAAAACxBAA0AAAAAAAAAsAQBNAAAAAAAAADAEgTQAAAAAAAAAABLEEADAAAAAAAAACxBAA0AAAAAAAAAsAQBNAAAAAAAAADAEgTQAAAAAAAAAABLEEADAAAAAAAAACxBAA0AAAAAAAAAsAQBNAAAAAAAAADAEgTQAAAAAAAAAABLEEADAAAAAAAAACwR6OkGAAAAAAAAAMAbFS1aVKdOnfJ0Gxo2bJjDtV9//bVX9JzOT5LN000AAAAAAAAAgDfp1q2bKlasqJ49e3q6Fdlsjke4devWVVRUlHXNOIkjOAAAAAAAAADgLl27dtUXX3zh6TayBQJoAAAAAAAAAPj/unbtqpkzZ3q6jWyDABoAAAAAAAAARPhsBQJoAAAAAAAAADlez549PRo+T5w4UfHx8bLZbPf9cMaPP/543/0nT5506kGG7hTokVkBAAAAAAAAwEv07NlTU6dO9dj8kyZNUu/evS0bv2jRoho+fLj8/Pw0fPhwy+bJCDugAQAAAAAAAORYng6fJemNN97IVvPcjQAaAAAAAAAAQI7kDeGzJOXLly9L5ilatGiWzHM3AmgAAAAAAAAAOY63hM/ZHQE0AAAAAAAAgByF8DnrEEADAAAAAAAAyDH69u2bYfickJCg+Pj4e16z2WxZ1Va2RQANAAAAAAAAIEf...
[debug] &amp#27;[35m[W3C (63091ffb)]&amp#27;[39m Responding to client with driver.compareImages() result: {"score":0.9988822937011719,"visualization":"iVBORw0KGgoAAAANSUhEUgAAC0AAAAoACAIAAACtAjTvAAAgAElEQVR4AezBD2ycdeHH8c8XtvGnWzbMkmcExo8/udKjQYlICQWeXT1g3nSmaiMwY+VPyYEPAq7iJcDWYgwYrKGW7oGAFEwoxAhk4Jh4OWAFwhMOkWVrrpyCbvMZYkzoBjcYG9fvL2lCsqXXcYOnu257v15GAAAAAAAAAAAAAAAAqCkjAAAAAAAAAAAAAAAA1JQRAAAAAAAAAAAAAAAAasoIAAAAAAAAAAAAAAAANWUEAAAAAAAAAAAAAACAmjICAAAAAAAAAAAAAABATRkBAAAAAAAAAAAAAACgpowAAAAAAAAAAAAAAABQU0YAAAAAAAAAAAAAAACoKSMAAAAAAAAAAAAAAADUlBEAAAAAAAAAAAAAAABqyggAAAAAAAAAAAAAAAA1ZQQAAAAAAAAAAAAAAICaMgIAAAAAAAAAAAAAAEBNGQEAAAAAAAAAAAAAAKCmjAAAAAAAAAAAAAAAAFBTRgAAAAAAAAAAAAAAAKgpIwAAAAAAAAAAAAAAANSUEQAAAAAAAAAAAAAAAGrKCAAAAAAAHFpOPvnkTZs2aYp1dXVpn37/+99v2rRJAAAAAAAA++/kk0/etGmTplhXV5f26fe///2mTZt0QBgBAAAAAIBDyDXXXHPWWWd5nqcpZq3VPrW0tKxbt04AAAAAAAD76ZprrjnrrLM8z9MUs9Zqn1paWtatW6cDwggAAAAAABwqOjo6HnjgAd/3Pc/TFLPWap9aWlrWrVsnAAAAAACA/dHR0fHAAw/4vu95nqaYtVb71NLSsm7dOh0QRgAAAAAA4JDQ0dHxwAMPSPJ93/M8TTFrrfappaVl3bp1AgAAAAAAqFpHR8cDDzwgyfd9z/M0xay12qeWlpZ169bpgDACAAAAAAAHv46OjgceeEDjfN/3PE9TzFqrfWppaVm3bp0AAAAAAACq...
&amp#27;[35m[HTTP]&amp#27;[39m &amp#27;[37m<-- POST /wd/hub/session/63091ffb-25ba-4690-9602-bf41739ac2c6/appium/compare_images &amp#27;[39m&amp#27;[32m200&amp#27;[39m &amp#27;[90m418 ms - 2099417&amp#27;[39m
&amp#27;[35m[HTTP]&amp#27;[39m &amp#27;[90m&amp#27;[39m
Visual check of 'Folder created' passed; similarity match was 0,998882
&amp#27;[35m[HTTP]&amp#27;[39m &amp#27;[37m-->&amp#27;[39m &amp#27;[37mGET&amp#27;[39m &amp#27;[37m/wd/hub/session/63091ffb-25ba-4690-9602-bf41739ac2c6/window/rect&amp#27;[39m
&amp#27;[35m[HTTP]&amp#27;[39m &amp#27;[90m{}&amp#27;[39m
[debug] &amp#27;[35m[W3C (63091ffb)]&amp#27;[39m Calling AppiumDriver.getWindowRect() with args: ["63091ffb-25ba-4690-9602-bf41739ac2c6"]
[debug] &amp#27;[35m[WD Proxy]&amp#27;[39m Matched '/window/current/size' to command name 'getWindowSize'
[debug] &amp#27;[35m[WD Proxy]&amp#27;[39m Proxying [GET /window/current/size] to [GET http://127.0.0.1:8200/wd/hub/session/48554810-727f-4111-b250-ae9349bb7ba5/window/current/size] with no body
[debug] &amp#27;[35m[WD Proxy]&amp#27;[39m Got response with status 200: {"sessionId":"48554810-727f-4111-b250-ae9349bb7ba5","value":{"height":2392,"width":1440}}
[debug] &amp#27;[35m[W3C (63091ffb)]&amp#27;[39m Responding to client with driver.getWindowRect() result: {"width":1440,"height":2392,"x":0,"y":0}
&amp#27;[35m[HTTP]&amp#27;[39m &amp#27;[37m<-- GET /wd/hub/session/63091ffb-25ba-4690-9602-bf41739ac2c6/window/rect &amp#27;[39m&amp#27;[32m200&amp#27;[39m &amp#27;[90m8 ms - 50&amp#27;[39m
&amp#27;[35m[HTTP]&amp#27;[39m &amp#27;[90m&amp#27;[39m
&amp#27;[35m[HTTP]&amp#27;[39m &amp#27;[37m-->&amp#27;[39m &amp#27;[37mPOST&amp#27;[39m &amp#27;[37m/wd/hub/session/63091ffb-25ba-4690-9602-bf41739ac2c6/touch/perform&amp#27;[39m
&amp#27;[35m[HTTP]&amp#27;[39m &amp#27;[90m{"actions":[{"action":"press","options":{"x":10,"y":2192}},{"action":"moveTo","options":{"x":10,"y":0}},{"action":"release","options":{}}]}&amp#27;[39m
[debug] &amp#27;[35m[W3C (63091ffb)]&amp#27;[39m Calling AppiumDriver.performTouch() with args: [[{"action":"press","options":{"x":10,"y":2192}},{"action":"moveTo","options":{"x":10,"y":0}},{"action":"release","options":{}}],"63091ffb-25ba-4690-9602-bf41739ac2c6"]
[debug] &amp#27;[35m[WD Proxy]&amp#27;[39m Matched '/touch/down' to command name 'touchDown'
[debug] &amp#27;[35m[WD Proxy]&amp#27;[39m Proxying [POST /touch/down] to [POST http://127.0.0.1:8200/wd/hub/session/48554810-727f-4111-b250-ae9349bb7ba5/touch/down] with body: {"params":{"element":null,"x":10,"y":2192}}
[debug] &amp#27;[35m[WD Proxy]&amp#27;[39m Got response with status 200: {"sessionId":"48554810-727f-4111-b250-ae9349bb7ba5","value":null}
[debug] &amp#27;[35m[WD Proxy]&amp#27;[39m Matched '/touch/move' to command name 'touchMove'
[debug] &amp#27;[35m[WD Proxy]&amp#27;[39m Proxying [POST /touch/move] to [POST http://127.0.0.1:8200/wd/hub/session/48554810-727f-4111-b250-ae9349bb7ba5/touch/move] with body: {"params":{"element":null,"x":10,"y":0}}
[debug] &amp#27;[35m[WD Proxy]&amp#27;[39m Got response with status 200: {"sessionId":"48554810-727f-4111-b250-ae9349bb7ba5","value":null}
[debug] &amp#27;[35m[WD Proxy]&amp#27;[39m Matched '/touch/up' to command name 'touchUp'
[debug] &amp#27;[35m[WD Proxy]&amp#27;[39m Proxying [POST /touch/up] to [POST http://127.0.0.1:8200/wd/hub/session/48554810-727f-4111-b250-ae9349bb7ba5/touch/up] with body: {"params":{"x":10,"y":0}}
[debug] &amp#27;[35m[WD Proxy]&amp#27;[39m Got response with status 200: {"sessionId":"48554810-727f-4111-b250-ae9349bb7ba5","value":null}
[debug] &amp#27;[35m[W3C (63091ffb)]&amp#27;[39m Responding to client with driver.performTouch() result: null
&amp#27;[35m[HTTP]&amp#27;[39m &amp#27;[37m<-- POST /wd/hub/session/63091ffb-25ba-4690-9602-bf41739ac2c6/touch/perform &amp#27;[39m&amp#27;[32m200&amp#27;[39m &amp#27;[90m2312 ms - 14&amp#27;[39m
&amp#27;[35m[HTTP]&amp#27;[39m &amp#27;[90m&amp#27;[39m
&amp#27;[35m[HTTP]&amp#27;[39m &amp#27;[37m-->&amp#27;[39m &amp#27;[37mGET&amp#27;[39m &amp#27;[37m/wd/hub/session/63091ffb-25ba-4690-9602-bf41739ac2c6/screenshot&amp#27;[39m
&amp#27;[35m[HTTP]&amp#27;[39m &amp#27;[90m{}&amp#27;[39m
[debug] &amp#27;[35m[W3C (63091ffb)]&amp#27;[39m Calling AppiumDriver.getScreenshot() with args: ["63091ffb-25ba-4690-9602-bf41739ac2c6"]
[debug] &amp#27;[35m[WD Proxy]&amp#27;[39m Matched '/screenshot' to command name 'getScreenshot'
[debug] &amp#27;[35m[WD Proxy]&amp#27;[39m Proxying [GET /screenshot] to [GET http://127.0.0.1:8200/wd/hub/session/48554810-727f-4111-b250-ae9349bb7ba5/screenshot] with no body
[debug] &amp#27;[35m[WD Proxy]&amp#27;[39m Got response with status 200: {"sessionId":"48554810-727f-4111-b250-ae9349bb7ba5","value":"iVBORw0KGgoAAAANSUhEUgAABaAAAAoACAYAAABH9IXPAAAAAXNSR0IArs4c6QAAAARzQklUCAgI\nCHwIZIgAACAASURBVHic7N13fFRV/v/xdwoJAWNAo0REOggCioAKSK9BmjRBQSzAosAuCEtZBGku\nSpMigojgqgtI71XQUFW6FCErLRjqsgktpJAwvz/4hS9I5t6ZzNzMTPJ6Ph48Hjr3c8/5ACcB3nPm\nXD9JNgEAAAAAAAAA4Gb+nm4AAAAAAAAAAJA9EUADAAAAAAAAACxBAA0AAAAAAAAAsAQBNAAAAAAA\nAADAEgTQAAAAAAAAAABLEEADAAAAAAAAACxBAA0AAAAAAAAAsAQBNAAAAAAAAADAEgTQAAAAAAAA\nAABLEEADAAAAAAAAACxBAA0AAAAAAAAAsAQBNAAAAAAAAADAEgTQAAAAAAAAAABLEEADAAAAAAAA\nACxBAA0AAAAAAAAAsAQBNAAAAAAAAADAEgTQAAAAAAAAAABLEEADAAAAAAAAACwR6OkGAAAAAAAA\nAMAbFS1aVKdOnfJ0Gxo2bJjDtV9//bVX9JzOT5LN000AAAAAAAAAgDfp1q2bKlasqJ49e3q6Fdls\njke4devWVVRUlHXNOIkjOAAAAAAAAADgLl27dtUXX3zh6TayBQJoAAAAAAAAAPj/unbtqpkzZ3q6\njWyDABoAAAAAAAAARPhsBQJoAAAAAAAAADlez549PRo+T5w4UfHx8bLZbPf9cMaPP/543/0nT550\n6kGG7hTokVkBAAAAAAAAwEv07NlTU6dO9dj8kyZNUu/evS0bv2jRoho+fLj8/Pw0fPhwy+bJCDug\nAQAAAAAAAORYng6fJemNN97IVvPcjQAaAAAAAAAAQI7kDeGzJOXLly9L5ilatGiWzHM3AmgAAAAA\nAAAAOY63hM/ZHQE0AAAAAAAA...
[debug] &amp#27;[35m[W3C (63091ffb)]&amp#27;[39m Responding to client with driver.getScreenshot() result: "iVBORw0KGgoAAAANSUhEUgAABaAAAAoACAYAAABH9IXPAAAAAXNSR0IArs4c6QAAAARzQklUCAgI\nCHwIZIgAACAASURBVHic7N13fFRV/v/xdwoJAWNAo0REOggCioAKSK9BmjRBQSzAosAuCEtZBGku\nSpMigojgqgtI71XQUFW6FCErLRjqsgktpJAwvz/4hS9I5t6ZzNzMTPJ6Ph48Hjr3c8/5ACcB3nPm\nXD9JNgEAAAAAAAAA4Gb+nm4AAAAAAAAAAJA9EUADAAAAAAAAACxBAA0AAAAAAAAAsAQBNAAAAAAA\nAADAEgTQAAAAAAAAAABLEEADAAAAAAAAACxBAA0AAAAAAAAAsAQBNAAAAAAAAADAEgTQAAAAAAAA\nAABLEEADAAAAAAAAACxBAA0AAAAAAAAAsAQBNAAAAAAAAADAEgTQAAAAAAAAAABLEEADAAAAAAAA\nACxBAA0AAAAAAAAAsAQBNAAAAAAAAADAEgTQAAAAAAAAAABLEEADAAAAAAAAACwR6OkGAAAAAAAA\nAMAbFS1aVKdOnfJ0Gxo2bJjDtV9//bVX9JzOT5LN000AAAAAAAAAgDfp1q2bKlasqJ49e3q6Fdls\njke4devWVVRUlHXNOIkjOAAAAAAAAADgLl27dtUXX3zh6TayBQJoAAAAAAAAAPj/unbtqpkzZ3q6\njWyDABoAAAAAAAAARPhsBQJoAAAAAAAAADlez549PRo+T5w4UfHx8bLZbPf9cMaPP/543/0nT550\n6kGG7hTokVkBAAAAAAAAwEv07NlTU6dO9dj8kyZNUu/evS0bv2jRoho+fLj8/Pw0fPhwy+bJCDug\nAQAAAAAAAORYng6fJemNN97IVvPcjQAaAAAAAAAAQI7kDeGzJOXLly9L5ilatGiWzHM3AmgAAAAA\nAAAAOY63hM/ZHQE0AAAAAAAAgByF8DnrEEADAAAAAAAAyDH69u2bYfickJCg+Pj4e16z2WxZ1Va2\nRQANAA...
&amp#27;[35m[HTTP]&amp#27;[39m &amp#27;[37m<-- GET /wd/hub/session/63091ffb-25ba-4690-9602-bf41739ac2c6/screenshot &amp#27;[39m&amp#27;[32m200&amp#27;[39m &amp#27;[90m324 ms - 438086&amp#27;[39m
&amp#27;[35m[HTTP]&amp#27;[39m &amp#27;[90m&amp#27;[39m
&amp#27;[35m[HTTP]&amp#27;[39m &amp#27;[37m-->&amp#27;[39m &amp#27;[37mGET&amp#27;[39m &amp#27;[37m/wd/hub/session/63091ffb-25ba-4690-9602-bf41739ac2c6/window/rect&amp#27;[39m
&amp#27;[35m[HTTP]&amp#27;[39m &amp#27;[90m{}&amp#27;[39m
[debug] &amp#27;[35m[W3C (63091ffb)]&amp#27;[39m Calling AppiumDriver.getWindowRect() with args: ["63091ffb-25ba-4690-9602-bf41739ac2c6"]
[debug] &amp#27;[35m[WD Proxy]&amp#27;[39m Matched '/window/current/size' to command name 'getWindowSize'
[debug] &amp#27;[35m[WD Proxy]&amp#27;[39m Proxying [GET /window/current/size] to [GET http://127.0.0.1:8200/wd/hub/session/48554810-727f-4111-b250-ae9349bb7ba5/window/current/size] with no body
[debug] &amp#27;[35m[WD Proxy]&amp#27;[39m Got response with status 200: {"sessionId":"48554810-727f-4111-b250-ae9349bb7ba5","value":{"height":2392,"width":1440}}
[debug] &amp#27;[35m[W3C (63091ffb)]&amp#27;[39m Responding to client with driver.getWindowRect() result: {"width":1440,"height":2392,"x":0,"y":0}
&amp#27;[35m[HTTP]&amp#27;[39m &amp#27;[37m<-- GET /wd/hub/session/63091ffb-25ba-4690-9602-bf41739ac2c6/window/rect &amp#27;[39m&amp#27;[32m200&amp#27;[39m &amp#27;[90m11 ms - 50&amp#27;[39m
&amp#27;[35m[HTTP]&amp#27;[39m &amp#27;[90m&amp#27;[39m
&amp#27;[35m[HTTP]&amp#27;[39m &amp#27;[37m-->&amp#27;[39m &amp#27;[37mPOST&amp#27;[39m &amp#27;[37m/wd/hub/session/63091ffb-25ba-4690-9602-bf41739ac2c6/touch/perform&amp#27;[39m
&amp#27;[35m[HTTP]&amp#27;[39m &amp#27;[90m{"actions":[{"action":"press","options":{"x":10,"y":2192}},{"action":"moveTo","options":{"x":10,"y":0}},{"action":"release","options":{}}]}&amp#27;[39m
[debug] &amp#27;[35m[W3C (63091ffb)]&amp#27;[39m Calling AppiumDriver.performTouch() with args: [[{"action":"press","options":{"x":10,"y":2192}},{"action":"moveTo","options":{"x":10,"y":0}},{"action":"release","options":{}}],"63091ffb-25ba-4690-9602-bf41739ac2c6"]
[debug] &amp#27;[35m[WD Proxy]&amp#27;[39m Matched '/touch/down' to command name 'touchDown'
[debug] &amp#27;[35m[WD Proxy]&amp#27;[39m Proxying [POST /touch/down] to [POST http://127.0.0.1:8200/wd/hub/session/48554810-727f-4111-b250-ae9349bb7ba5/touch/down] with body: {"params":{"element":null,"x":10,"y":2192}}
[debug] &amp#27;[35m[WD Proxy]&amp#27;[39m Got response with status 200: {"sessionId":"48554810-727f-4111-b250-ae9349bb7ba5","value":null}
[debug] &amp#27;[35m[WD Proxy]&amp#27;[39m Matched '/touch/move' to command name 'touchMove'
[debug] &amp#27;[35m[WD Proxy]&amp#27;[39m Proxying [POST /touch/move] to [POST http://127.0.0.1:8200/wd/hub/session/48554810-727f-4111-b250-ae9349bb7ba5/touch/move] with body: {"params":{"element":null,"x":10,"y":0}}
[debug] &amp#27;[35m[WD Proxy]&amp#27;[39m Got response with status 200: {"sessionId":"48554810-727f-4111-b250-ae9349bb7ba5","value":null}
[debug] &amp#27;[35m[WD Proxy]&amp#27;[39m Matched '/touch/up' to command name 'touchUp'
[debug] &amp#27;[35m[WD Proxy]&amp#27;[39m Proxying [POST /touch/up] to [POST http://127.0.0.1:8200/wd/hub/session/48554810-727f-4111-b250-ae9349bb7ba5/touch/up] with body: {"params":{"x":10,"y":0}}
[debug] &amp#27;[35m[WD Proxy]&amp#27;[39m Got response with status 200: {"sessionId":"48554810-727f-4111-b250-ae9349bb7ba5","value":null}
[debug] &amp#27;[35m[W3C (63091ffb)]&amp#27;[39m Responding to client with driver.performTouch() result: null
&amp#27;[35m[HTTP]&amp#27;[39m &amp#27;[37m<-- POST /wd/hub/session/63091ffb-25ba-4690-9602-bf41739ac2c6/touch/perform &amp#27;[39m&amp#27;[32m200&amp#27;[39m &amp#27;[90m2322 ms - 14&amp#27;[39m
&amp#27;[35m[HTTP]&amp#27;[39m &amp#27;[90m&amp#27;[39m
&amp#27;[35m[HTTP]&amp#27;[39m &amp#27;[37m-->&amp#27;[39m &amp#27;[37mGET&amp#27;[39m &amp#27;[37m/wd/hub/session/63091ffb-25ba-4690-9602-bf41739ac2c6/screenshot&amp#27;[39m
&amp#27;[35m[HTTP]&amp#27;[39m &amp#27;[90m{}&amp#27;[39m
[debug] &amp#27;[35m[W3C (63091ffb)]&amp#27;[39m Calling AppiumDriver.getScreenshot() with args: ["63091ffb-25ba-4690-9602-bf41739ac2c6"]
[debug] &amp#27;[35m[WD Proxy]&amp#27;[39m Matched '/screenshot' to command name 'getScreenshot'
[debug] &amp#27;[35m[WD Proxy]&amp#27;[39m Proxying [GET /screenshot] to [GET http://127.0.0.1:8200/wd/hub/session/48554810-727f-4111-b250-ae9349bb7ba5/screenshot] with no body
[debug] &amp#27;[35m[WD Proxy]&amp#27;[39m Got response with status 200: {"sessionId":"48554810-727f-4111-b250-ae9349bb7ba5","value":"iVBORw0KGgoAAAANSUhEUgAABaAAAAoACAYAAABH9IXPAAAAAXNSR0IArs4c6QAAAARzQklUCAgI\nCHwIZIgAACAASURBVHic7N13fFRV/v/xdwoJAWNAo0REOggCioAKSK9BmjRBQSzAosAuCEtZBGku\nSpMigojgqgtI71XQUFW6FCErLRjqsgktpJAwvz/4hS9I5t6ZzNzMTPJ6Ph48Hjr3c8/5ACcB3nPm\nXD9JNgEAAAAAAAAA4Gb+nm4AAAAAAAAAAJA9EUADAAAAAAAAACxBAA0AAAAAAAAAsAQBNAAAAAAA\nAADAEgTQAAAAAAAAAABLEEADAAAAAAAAACxBAA0AAAAAAAAAsAQBNAAAAAAAAADAEgTQAAAAAAAA\nAABLEEADAAAAAAAAACxBAA0AAAAAAAAAsAQBNAAAAAAAAADAEgTQAAAAAAAAAABLEEADAAAAAAAA\nACxBAA0AAAAAAAAAsAQBNAAAAAAAAADAEgTQAAAAAAAAAABLEEADAAAAAAAAACwR6OkGAAAAAAAA\nAMAbFS1aVKdOnfJ0Gxo2bJjDtV9//bVX9JzOT5LN000AAAAAAAAAgDfp1q2bKlasqJ49e3q6Fdls\njke4devWVVRUlHXNOIkjOAAAAAAAAADgLl27dtUXX3zh6TayBQJoAAAAAAAAAPj/unbtqpkzZ3q6\njWyDABoAAAAAAAAARPhsBQJoAAAAAAAAADlez549PRo+T5w4UfHx8bLZbPf9cMaPP/543/0nT550\n6kGG7hTokVkBAAAAAAAAwEv07NlTU6dO9dj8kyZNUu/evS0bv2jRoho+fLj8/Pw0fPhwy+bJCDug\nAQAAAAAAAORYng6fJemNN97IVvPcjQAaAAAAAAAAQI7kDeGzJOXLly9L5ilatGiWzHM3AmgAAAAA\nAAAAOY63hM/ZHQE0AAAAAAAA...
[debug] &amp#27;[35m[W3C (63091ffb)]&amp#27;[39m Responding to client with driver.getScreenshot() result: "iVBORw0KGgoAAAANSUhEUgAABaAAAAoACAYAAABH9IXPAAAAAXNSR0IArs4c6QAAAARzQklUCAgI\nCHwIZIgAACAASURBVHic7N13fFRV/v/xdwoJAWNAo0REOggCioAKSK9BmjRBQSzAosAuCEtZBGku\nSpMigojgqgtI71XQUFW6FCErLRjqsgktpJAwvz/4hS9I5t6ZzNzMTPJ6Ph48Hjr3c8/5ACcB3nPm\nXD9JNgEAAAAAAAAA4Gb+nm4AAAAAAAAAAJA9EUADAAAAAAAAACxBAA0AAAAAAAAAsAQBNAAAAAAA\nAADAEgTQAAAAAAAAAABLEEADAAAAAAAAACxBAA0AAAAAAAAAsAQBNAAAAAAAAADAEgTQAAAAAAAA\nAABLEEADAAAAAAAAACxBAA0AAAAAAAAAsAQBNAAAAAAAAADAEgTQAAAAAAAAAABLEEADAAAAAAAA\nACxBAA0AAAAAAAAAsAQBNAAAAAAAAADAEgTQAAAAAAAAAABLEEADAAAAAAAAACwR6OkGAAAAAAAA\nAMAbFS1aVKdOnfJ0Gxo2bJjDtV9//bVX9JzOT5LN000AAAAAAAAAgDfp1q2bKlasqJ49e3q6Fdls\njke4devWVVRUlHXNOIkjOAAAAAAAAADgLl27dtUXX3zh6TayBQJoAAAAAAAAAPj/unbtqpkzZ3q6\njWyDABoAAAAAAAAARPhsBQJoAAAAAAAAADlez549PRo+T5w4UfHx8bLZbPf9cMaPP/543/0nT550\n6kGG7hTokVkBAAAAAAAAwEv07NlTU6dO9dj8kyZNUu/evS0bv2jRoho+fLj8/Pw0fPhwy+bJCDug\nAQAAAAAAAORYng6fJemNN97IVvPcjQAaAAAAAAAAQI7kDeGzJOXLly9L5ilatGiWzHM3AmgAAAAA\nAAAAOY63hM/ZHQE0AAAAAAAAgByF8DnrEEADAAAAAAAAyDH69u2bYfickJCg+Pj4e16z2WxZ1Va2\nRQANAA...
&amp#27;[35m[HTTP]&amp#27;[39m &amp#27;[37m<-- GET /wd/hub/session/63091ffb-25ba-4690-9602-bf41739ac2c6/screenshot &amp#27;[39m&amp#27;[32m200&amp#27;[39m &amp#27;[90m502 ms - 438086&amp#27;[39m
&amp#27;[35m[HTTP]&amp#27;[39m &amp#27;[90m&amp#27;[39m
&amp#27;[35m[HTTP]&amp#27;[39m &amp#27;[37m-->&amp#27;[39m &amp#27;[37mPOST&amp#27;[39m &amp#27;[37m/wd/hub/session/63091ffb-25ba-4690-9602-bf41739ac2c6/appium/compare_images&amp#27;[39m
&amp#27;[35m[HTTP]&amp#27;[39m &amp#27;[90m{"mode":"getSimilarity","firstImage":"iVBORw0KGgoAAAANSUhEUgAABaAAAAoACAYAAABH9IXPAAAAAXNSR0IArs4c6QAAAARzQklUCAgICHwIZIgAACAASURBVHic7N13fFRV/v/xdwoJAWNAo0REOggCioAKSK9BmjRBQSzAosAuCEtZBGkuSpMigojgqgtI71XQUFW6FCErLRjqsgktpJAwvz/4hS9I5t6ZzNzMTPJ6Ph48Hjr3c8/5ACcB3nPmXD9JNgEAAAAAAAAA4Gb+nm4AAAAAAAAAAJA9EUADAAAAAAAAACxBAA0AAAAAAAAAsAQBNAAAAAAAAADAEgTQAAAAAAAAAABLEEADAAAAAAAAACxBAA0AAAAAAAAAsAQBNAAAAAAAAADAEgTQAAAAAAAAAABLEEADAAAAAAAAACxBAA0AAAAAAAAAsAQBNAAAAAAAAADAEgTQAAAAAAAAAABLEEADAAAAAAAAACxBAA0AAAAAAAAAsAQBNAAAAAAAAADAEgTQAAAAAAAAAABLEEADAAAAAAAAACwR6OkGAAAAAAAAAMAbFS1aVKdOnfJ0Gxo2bJjDtV9//bVX9JzOT5LN000AAAAAAAAAgDfp1q2bKlasqJ49e3q6Fdlsjke4devWVVRUlHXNOIkjOAAAAAAAAADgLl27dtUXX3zh6TayBQJoAAAAAAAAAPj/unbtqpkzZ3q6jWyDABoAAAAAAAAARPhsBQJoAAAAAAAAADlez549PRo+T5w4UfHx8bLZbPf9cMaPP/543/0nT5506kGG7hTokVkBAAAAAAAAwEv07NlTU6dO9dj8kyZNUu/evS0bv2jRoho+fLj8/Pw0fPhwy+bJCDugAQAAAAAAAORYng6fJemNN97IVvPcjQAaAAAAAAAAQI7kDeGzJOXLly9L5ilatGiWzHM3AmgAAAAAAAAAOY63hM/ZHQE0AAAAAAAAgByF8DnrEEADAAAAAAAAyDH69u2bYfickJCg+Pj4e16z2Wx...&amp#27;[39m
[debug] &amp#27;[35m[W3C (63091ffb)]&amp#27;[39m Calling AppiumDriver.compareImages() with args: ["getSimilarity","iVBORw0KGgoAAAANSUhEUgAABaAAAAoACAYAAABH9IXPAAAAAXNSR0IArs4c6QAAAARzQklUCAgICHwIZIgAACAASURBVHic7N13fFRV/v/xdwoJAWNAo0REOggCioAKSK9BmjRBQSzAosAuCEtZBGkuSpMigojgqgtI71XQUFW6FCErLRjqsgktpJAwvz/4hS9I5t6ZzNzMTPJ6Ph48Hjr3c8/5ACcB3nPmXD9JNgEAAAAAAAAA4Gb+nm4AAAAAAAAAAJA9EUADAAAAAAAAACxBAA0AAAAAAAAAsAQBNAAAAAAAAADAEgTQAAAAAAAAAABLEEADAAAAAAAAACxBAA0AAAAAAAAAsAQBNAAAAAAAAADAEgTQAAAAAAAAAABLEEADAAAAAAAAACxBAA0AAAAAAAAAsAQBNAAAAAAAAADAEgTQAAAAAAAAAABLEEADAAAAAAAAACxBAA0AAAAAAAAAsAQBNAAAAAAAAADAEgTQAAAAAAAAAABLEEADAAAAAAAAACwR6OkGAAAAAAAAAMAbFS1aVKdOnfJ0Gxo2bJjDtV9//bVX9JzOT5LN000AAAAAAAAAgDfp1q2bKlasqJ49e3q6Fdlsjke4devWVVRUlHXNOIkjOAAAAAAAAADgLl27dtUXX3zh6TayBQJoAAAAAAAAAPj/unbtqpkzZ3q6jWyDABoAAAAAAAAARPhsBQJoAAAAAAAAADlez549PRo+T5w4UfHx8bLZbPf9cMaPP/543/0nT5506kGG7hTokVkBAAAAAAAAwEv07NlTU6dO9dj8kyZNUu/evS0bv2jRoho+fLj8/Pw0fPhwy+bJCDugAQAAAAAAAORYng6fJemNN97IVvPcjQAaAAAAAAAAQI7kDeGzJOXLly9L5ilatGiWzHM3AmgAAAAAAAAAOY63hM/ZHQE0AAAAAAAAgByF8DnrEEADAAAAAAAAyDH69u2bYfickJCg+Pj4e16z2WxZ1Va2RQANAAAAAAAAIEf...
[debug] &amp#27;[35m[W3C (63091ffb)]&amp#27;[39m Responding to client with driver.compareImages() result: {"score":0.9999979138374329}
&amp#27;[35m[HTTP]&amp#27;[39m &amp#27;[37m<-- POST /wd/hub/session/63091ffb-25ba-4690-9602-bf41739ac2c6/appium/compare_images &amp#27;[39m&amp#27;[32m200&amp#27;[39m &amp#27;[90m373 ms - 38&amp#27;[39m
&amp#27;[35m[HTTP]&amp#27;[39m &amp#27;[90m&amp#27;[39m
&amp#27;[35m[HTTP]&amp#27;[39m &amp#27;[37m-->&amp#27;[39m &amp#27;[37mGET&amp#27;[39m &amp#27;[37m/wd/hub/session/63091ffb-25ba-4690-9602-bf41739ac2c6/screenshot&amp#27;[39m
&amp#27;[35m[HTTP]&amp#27;[39m &amp#27;[90m{}&amp#27;[39m
[debug] &amp#27;[35m[W3C (63091ffb)]&amp#27;[39m Calling AppiumDriver.getScreenshot() with args: ["63091ffb-25ba-4690-9602-bf41739ac2c6"]
[debug] &amp#27;[35m[WD Proxy]&amp#27;[39m Matched '/screenshot' to command name 'getScreenshot'
[debug] &amp#27;[35m[WD Proxy]&amp#27;[39m Proxying [GET /screenshot] to [GET http://127.0.0.1:8200/wd/hub/session/48554810-727f-4111-b250-ae9349bb7ba5/screenshot] with no body
[debug] &amp#27;[35m[WD Proxy]&amp#27;[39m Got response with status 200: {"sessionId":"48554810-727f-4111-b250-ae9349bb7ba5","value":"iVBORw0KGgoAAAANSUhEUgAABaAAAAoACAYAAABH9IXPAAAAAXNSR0IArs4c6QAAAARzQklUCAgI\nCHwIZIgAACAASURBVHic7N13fFRV/v/xdwoJAWNAo0REOggCioAKSK9BmjRBQSzAosAuCEtZBGku\nSpMigojgqgtI71XQUFW6FCErLRjqsgktpJAwvz/4hS9I5t6ZzNzMTPJ6Ph48Hjr3c8/5ACcB3nPm\nXD9JNgEAAAAAAAAA4Gb+nm4AAAAAAAAAAJA9EUADAAAAAAAAACxBAA0AAAAAAAAAsAQBNAAAAAAA\nAADAEgTQAAAAAAAAAABLEEADAAAAAAAAACxBAA0AAAAAAAAAsAQBNAAAAAAAAADAEgTQAAAAAAAA\nAABLEEADAAAAAAAAACxBAA0AAAAAAAAAsAQBNAAAAAAAAADAEgTQAAAAAAAAAABLEEADAAAAAAAA\nACxBAA0AAAAAAAAAsAQBNAAAAAAAAADAEgTQAAAAAAAAAABLEEADAAAAAAAAACwR6OkGAAAAAAAA\nAMAbFS1aVKdOnfJ0Gxo2bJjDtV9//bVX9JzOT5LN000AAAAAAAAAgDfp1q2bKlasqJ49e3q6Fdls\njke4devWVVRUlHXNOIkjOAAAAAAAAADgLl27dtUXX3zh6TayBQJoAAAAAAAAAPj/unbtqpkzZ3q6\njWyDABoAAAAAAAAARPhsBQJoAAAAAAAAADlez549PRo+T5w4UfHx8bLZbPf9cMaPP/543/0nT550\n6kGG7hTokVkBAAAAAAAAwEv07NlTU6dO9dj8kyZNUu/evS0bv2jRoho+fLj8/Pw0fPhwy+bJCDug\nAQAAAAAAAORYng6fJemNN97IVvPcjQAaAAAAAAAAQI7kDeGzJOXLly9L5ilatGiWzHM3AmgAAAAA\nAAAAOY63hM/ZHQE0AAAAAAAA...
[debug] &amp#27;[35m[W3C (63091ffb)]&amp#27;[39m Responding to client with driver.getScreenshot() result: "iVBORw0KGgoAAAANSUhEUgAABaAAAAoACAYAAABH9IXPAAAAAXNSR0IArs4c6QAAAARzQklUCAgI\nCHwIZIgAACAASURBVHic7N13fFRV/v/xdwoJAWNAo0REOggCioAKSK9BmjRBQSzAosAuCEtZBGku\nSpMigojgqgtI71XQUFW6FCErLRjqsgktpJAwvz/4hS9I5t6ZzNzMTPJ6Ph48Hjr3c8/5ACcB3nPm\nXD9JNgEAAAAAAAAA4Gb+nm4AAAAAAAAAAJA9EUADAAAAAAAAACxBAA0AAAAAAAAAsAQBNAAAAAAA\nAADAEgTQAAAAAAAAAABLEEADAAAAAAAAACxBAA0AAAAAAAAAsAQBNAAAAAAAAADAEgTQAAAAAAAA\nAABLEEADAAAAAAAAACxBAA0AAAAAAAAAsAQBNAAAAAAAAADAEgTQAAAAAAAAAABLEEADAAAAAAAA\nACxBAA0AAAAAAAAAsAQBNAAAAAAAAADAEgTQAAAAAAAAAABLEEADAAAAAAAAACwR6OkGAAAAAAAA\nAMAbFS1aVKdOnfJ0Gxo2bJjDtV9//bVX9JzOT5LN000AAAAAAAAAgDfp1q2bKlasqJ49e3q6Fdls\njke4devWVVRUlHXNOIkjOAAAAAAAAADgLl27dtUXX3zh6TayBQJoAAAAAAAAAPj/unbtqpkzZ3q6\njWyDABoAAAAAAAAARPhsBQJoAAAAAAAAADlez549PRo+T5w4UfHx8bLZbPf9cMaPP/543/0nT550\n6kGG7hTokVkBAAAAAAAAwEv07NlTU6dO9dj8kyZNUu/evS0bv2jRoho+fLj8/Pw0fPhwy+bJCDug\nAQAAAAAAAORYng6fJemNN97IVvPcjQAaAAAAAAAAQI7kDeGzJOXLly9L5ilatGiWzHM3AmgAAAAA\nAAAAOY63hM/ZHQE0AAAAAAAAgByF8DnrEEADAAAAAAAAyDH69u2bYfickJCg+Pj4e16z2WxZ1Va2\nRQANAA...
&amp#27;[35m[HTTP]&amp#27;[39m &amp#27;[37m<-- GET /wd/hub/session/63091ffb-25ba-4690-9602-bf41739ac2c6/screenshot &amp#27;[39m&amp#27;[32m200&amp#27;[39m &amp#27;[90m344 ms - 438086&amp#27;[39m
&amp#27;[35m[HTTP]&amp#27;[39m &amp#27;[90m&amp#27;[39m
&amp#27;[35m[HTTP]&amp#27;[39m &amp#27;[37m-->&amp#27;[39m &amp#27;[37mPOST&amp#27;[39m &amp#27;[37m/wd/hub/session/63091ffb-25ba-4690-9602-bf41739ac2c6/appium/compare_images&amp#27;[39m
&amp#27;[35m[HTTP]&amp#27;[39m &amp#27;[90m{"mode":"getSimilarity","firstImage":"iVBORw0KGgoAAAANSUhEUgAABaAAAAoACAYAAABH9IXPAAAAAXNSR0IArs4c6QAAAARzQklUCAgICHwIZIgAACAASURBVHic7N13fFRV/v/xdwoJAWNAo0REOggCioAKSK9BmjRBQSzAosAuCEtZBGkuSpMigojgqgtI71XQUFW6FCErLRjqsgktpJAwvz/4hS9I5t6ZzNzMTPJ6Ph48Hjr3c8/5ACcB3nPmXD9JNgEAAAAAAAAA4Gb+nm4AAAAAAAAAAJA9EUADAAAAAAAAACxBAA0AAAAAAAAAsAQBNAAAAAAAAADAEgTQAAAAAAAAAABLEEADAAAAAAAAACxBAA0AAAAAAAAAsAQBNAAAAAAAAADAEgTQAAAAAAAAAABLEEADAAAAAAAAACxBAA0AAAAAAAAAsAQBNAAAAAAAAADAEgTQAAAAAAAAAABLEEADAAAAAAAAACxBAA0AAAAAAAAAsAQBNAAAAAAAAADAEgTQAAAAAAAAAABLEEADAAAAAAAAACwR6OkGAAAAAAAAAMAbFS1aVKdOnfJ0Gxo2bJjDtV9//bVX9JzOT5LN000AAAAAAAAAgDfp1q2bKlasqJ49e3q6Fdlsjke4devWVVRUlHXNOIkjOAAAAAAAAADgLl27dtUXX3zh6TayBQJoAAAAAAAAAPj/unbtqpkzZ3q6jWyDABoAAAAAAAAARPhsBQJoAAAAAAAAADlez549PRo+T5w4UfHx8bLZbPf9cMaPP/543/0nT5506kGG7hTokVkBAAAAAAAAwEv07NlTU6dO9dj8kyZNUu/evS0bv2jRoho+fLj8/Pw0fPhwy+bJCDugAQAAAAAAAORYng6fJemNN97IVvPcjQAaAAAAAAAAQI7kDeGzJOXLly9L5ilatGiWzHM3AmgAAAAAAAAAOY63hM/ZHQE0AAAAAAAAgByF8DnrEEADAAAAAAAAyDH69u2bYfickJCg+Pj4e16z2Wx...&amp#27;[39m
[debug] &amp#27;[35m[W3C (63091ffb)]&amp#27;[39m Calling AppiumDriver.compareImages() with args: ["getSimilarity","iVBORw0KGgoAAAANSUhEUgAABaAAAAoACAYAAABH9IXPAAAAAXNSR0IArs4c6QAAAARzQklUCAgICHwIZIgAACAASURBVHic7N13fFRV/v/xdwoJAWNAo0REOggCioAKSK9BmjRBQSzAosAuCEtZBGkuSpMigojgqgtI71XQUFW6FCErLRjqsgktpJAwvz/4hS9I5t6ZzNzMTPJ6Ph48Hjr3c8/5ACcB3nPmXD9JNgEAAAAAAAAA4Gb+nm4AAAAAAAAAAJA9EUADAAAAAAAAACxBAA0AAAAAAAAAsAQBNAAAAAAAAADAEgTQAAAAAAAAAABLEEADAAAAAAAAACxBAA0AAAAAAAAAsAQBNAAAAAAAAADAEgTQAAAAAAAAAABLEEADAAAAAAAAACxBAA0AAAAAAAAAsAQBNAAAAAAAAADAEgTQAAAAAAAAAABLEEADAAAAAAAAACxBAA0AAAAAAAAAsAQBNAAAAAAAAADAEgTQAAAAAAAAAABLEEADAAAAAAAAACwR6OkGAAAAAAAAAMAbFS1aVKdOnfJ0Gxo2bJjDtV9//bVX9JzOT5LN000AAAAAAAAAgDfp1q2bKlasqJ49e3q6Fdlsjke4devWVVRUlHXNOIkjOAAAAAAAAADgLl27dtUXX3zh6TayBQJoAAAAAAAAAPj/unbtqpkzZ3q6jWyDABoAAAAAAAAARPhsBQJoAAAAAAAAADlez549PRo+T5w4UfHx8bLZbPf9cMaPP/543/0nT5506kGG7hTokVkBAAAAAAAAwEv07NlTU6dO9dj8kyZNUu/evS0bv2jRoho+fLj8/Pw0fPhwy+bJCDugAQAAAAAAAORYng6fJemNN97IVvPcjQAaAAAAAAAAQI7kDeGzJOXLly9L5ilatGiWzHM3AmgAAAAAAAAAOY63hM/ZHQE0AAAAAAAAgByF8DnrEEADAAAAAAAAyDH69u2bYfickJCg+Pj4e16z2WxZ1Va2RQANAAAAAAAAIEf...
[debug] &amp#27;[35m[W3C (63091ffb)]&amp#27;[39m Responding to client with driver.compareImages() result: {"score":0.9988878965377808,"visualization":"iVBORw0KGgoAAAANSUhEUgAAC0AAAAoACAIAAACtAjTvAAAgAElEQVR4AezBD2ycdeHH8c8XtvGnWzbMkmcExo8/udKjQYlICQWeXT1g3nSmaiMwY+VPyYEPAq7iJcDWYgwYrKGW7oGAFEwoxAhk4Jh4OWAFwhMOkWVrrpyCbvMZYkzoBjcYG9fvL2lCsqXXcYOnu257v15GAAAAAAAAAAAAAAAAqCkjAAAAAAAAAAAAAAAA1JQRAAAAAAAAAAAAAAAAasoIAAAAAAAAAAAAAAAANWUEAAAAAAAAAAAAAACAmjICAAAAAAAAAAAAAABATRkBAAAAAAAAAAAAAACgpowAAAAAAAAAAAAAAABQU0YAAAAAAAAAAAAAAACoKSMAAAAAAAAAAAAAAADUlBEAAAAAAAAAAAAAAABqyggAAAAAAAAAAAAAAAA1ZQQAAAAAAAAAAAAAAICaMgIAAAAAAAAAAAAAAEBNGQEAAAAAAAAAAAAAAKCmjAAAAAAAAAAAAAAAAFBTRgAAAAAAAAAAAAAAAKgpIwAAAAAAAAAAAAAAANSUEQAAAAAAAAAAAAAAAGrKCAAAAAAAHFpOPvnkTZs2aYp1dXVpn37/+99v2rRJAAAAAAAA++/kk0/etGmTplhXV5f26fe///2mTZt0QBgBAAAAAIBDyDXXXHPWWWd5nqcpZq3VPrW0tKxbt04AAAAAAAD76ZprrjnrrLM8z9MUs9Zqn1paWtatW6cDwggAAAAAABwqOjo6HnjgAd/3Pc/TFLPWap9aWlrWrVsnAAAAAACA/dHR0fHAAw/4vu95nqaYtVb71NLSsm7dOh0QRgAAAAAA4JDQ0dHxwAMPSPJ93/M8TTFrrfappaVl3bp1AgAAAAAAqFpHR8cDDzwgyfd9z/M0xay12qeWlpZ169bpgDACAAAAAAAHv46OjgceeEDjfN/3PE9TzFqrfWppaVm3bp0AAAAAAACq...
&amp#27;[35m[HTTP]&amp#27;[39m &amp#27;[37m<-- POST /wd/hub/session/63091ffb-25ba-4690-9602-bf41739ac2c6/appium/compare_images &amp#27;[39m&amp#27;[32m200&amp#27;[39m &amp#27;[90m422 ms - 2089653&amp#27;[39m
&amp#27;[35m[HTTP]&amp#27;[39m &amp#27;[90m&amp#27;[39m
Visual check of 'Bottom of edit view' passed; similarity match was 0,998888
Searching for Done button
&amp#27;[35m[HTTP]&amp#27;[39m &amp#27;[37m-->&amp#27;[39m &amp#27;[37mGET&amp#27;[39m &amp#27;[37m/wd/hub/session/63091ffb-25ba-4690-9602-bf41739ac2c6/context&amp#27;[39m
&amp#27;[35m[HTTP]&amp#27;[39m &amp#27;[90m{}&amp#27;[39m
[debug] &amp#27;[35m[W3C (63091ffb)]&amp#27;[39m Calling AppiumDriver.getCurrentContext() with args: ["63091ffb-25ba-4690-9602-bf41739ac2c6"]
[debug] &amp#27;[35m[W3C (63091ffb)]&amp#27;[39m Responding to client with driver.getCurrentContext() result: "NATIVE_APP"
&amp#27;[35m[HTTP]&amp#27;[39m &amp#27;[37m<-- GET /wd/hub/session/63091ffb-25ba-4690-9602-bf41739ac2c6/context &amp#27;[39m&amp#27;[32m200&amp#27;[39m &amp#27;[90m1 ms - 22&amp#27;[39m
&amp#27;[35m[HTTP]&amp#27;[39m &amp#27;[90m&amp#27;[39m
&amp#27;[35m[HTTP]&amp#27;[39m &amp#27;[37m-->&amp#27;[39m &amp#27;[37mPOST&amp#27;[39m &amp#27;[37m/wd/hub/session/63091ffb-25ba-4690-9602-bf41739ac2c6/element&amp#27;[39m
&amp#27;[35m[HTTP]&amp#27;[39m &amp#27;[90m{"using":"accessibility id","value":"Done"}&amp#27;[39m
[debug] &amp#27;[35m[W3C (63091ffb)]&amp#27;[39m Calling AppiumDriver.findElement() with args: ["accessibility id","Done","63091ffb-25ba-4690-9602-bf41739ac2c6"]
[debug] &amp#27;[35m[BaseDriver]&amp#27;[39m Valid locator strategies for this request: xpath, id, class name, accessibility id, -android uiautomator
[debug] &amp#27;[35m[BaseDriver]&amp#27;[39m Waiting up to 10000 ms for condition
[debug] &amp#27;[35m[WD Proxy]&amp#27;[39m Matched '/element' to command name 'findElement'
[debug] &amp#27;[35m[WD Proxy]&amp#27;[39m Proxying [POST /element] to [POST http://127.0.0.1:8200/wd/hub/session/48554810-727f-4111-b250-ae9349bb7ba5/element] with body: {"strategy":"accessibility id","selector":"Done","context":"","multiple":false}
[debug] &amp#27;[35m[WD Proxy]&amp#27;[39m Got response with status 200: {"sessionId":"48554810-727f-4111-b250-ae9349bb7ba5","value":{"ELEMENT":"f56261f5-b285-4f0a-a7be-1f81790b3dac","element-6066-11e4-a52e-4f735466cecf":"f56261f5-b285-4f0a-a7be-1f81790b3dac"}}
[debug] &amp#27;[35m[W3C (63091ffb)]&amp#27;[39m Responding to client with driver.findElement() result: {"element-6066-11e4-a52e-4f735466cecf":"f56261f5-b285-4f0a-a7be-1f81790b3dac","ELEMENT":"f56261f5-b285-4f0a-a7be-1f81790b3dac"}
&amp#27;[35m[HTTP]&amp#27;[39m &amp#27;[37m<-- POST /wd/hub/session/63091ffb-25ba-4690-9602-bf41739ac2c6/element &amp#27;[39m&amp#27;[32m200&amp#27;[39m &amp#27;[90m19 ms - 137&amp#27;[39m
&amp#27;[35m[HTTP]&amp#27;[39m &amp#27;[90m&amp#27;[39m
&amp#27;[35m[HTTP]&amp#27;[39m &amp#27;[37m-->&amp#27;[39m &amp#27;[37mPOST&amp#27;[39m &amp#27;[37m/wd/hub/session/63091ffb-25ba-4690-9602-bf41739ac2c6/element/f56261f5-b285-4f0a-a7be-1f81790b3dac/click&amp#27;[39m
&amp#27;[35m[HTTP]&amp#27;[39m &amp#27;[90m{"id":"f56261f5-b285-4f0a-a7be-1f81790b3dac"}&amp#27;[39m
[debug] &amp#27;[35m[W3C (63091ffb)]&amp#27;[39m Calling AppiumDriver.click() with args: ["f56261f5-b285-4f0a-a7be-1f81790b3dac","63091ffb-25ba-4690-9602-bf41739ac2c6"]
[debug] &amp#27;[35m[WD Proxy]&amp#27;[39m Matched '/element/f56261f5-b285-4f0a-a7be-1f81790b3dac/click' to command name 'click'
[debug] &amp#27;[35m[WD Proxy]&amp#27;[39m Proxying [POST /element/f56261f5-b285-4f0a-a7be-1f81790b3dac/click] to [POST http://127.0.0.1:8200/wd/hub/session/48554810-727f-4111-b250-ae9349bb7ba5/element/f56261f5-b285-4f0a-a7be-1f81790b3dac/click] with body: {"element":"f56261f5-b285-4f0a-a7be-1f81790b3dac"}
[debug] &amp#27;[35m[WD Proxy]&amp#27;[39m Got response with status 200: {"sessionId":"48554810-727f-4111-b250-ae9349bb7ba5","value":null}
[debug] &amp#27;[35m[W3C (63091ffb)]&amp#27;[39m Responding to client with driver.click() result: null
&amp#27;[35m[HTTP]&amp#27;[39m &amp#27;[37m<-- POST /wd/hub/session/63091ffb-25ba-4690-9602-bf41739ac2c6/element/f56261f5-b285-4f0a-a7be-1f81790b3dac/click &amp#27;[39m&amp#27;[32m200&amp#27;[39m &amp#27;[90m51 ms - 14&amp#27;[39m
&amp#27;[35m[HTTP]&amp#27;[39m &amp#27;[90m&amp#27;[39m
&amp#27;[35m[HTTP]&amp#27;[39m &amp#27;[37m-->&amp#27;[39m &amp#27;[37mGET&amp#27;[39m &amp#27;[37m/wd/hub/session/63091ffb-25ba-4690-9602-bf41739ac2c6/screenshot&amp#27;[39m
&amp#27;[35m[HTTP]&amp#27;[39m &amp#27;[90m{}&amp#27;[39m
[debug] &amp#27;[35m[W3C (63091ffb)]&amp#27;[39m Calling AppiumDriver.getScreenshot() with args: ["63091ffb-25ba-4690-9602-bf41739ac2c6"]
[debug] &amp#27;[35m[WD Proxy]&amp#27;[39m Matched '/screenshot' to command name 'getScreenshot'
[debug] &amp#27;[35m[WD Proxy]&amp#27;[39m Proxying [GET /screenshot] to [GET http://127.0.0.1:8200/wd/hub/session/48554810-727f-4111-b250-ae9349bb7ba5/screenshot] with no body
[debug] &amp#27;[35m[WD Proxy]&amp#27;[39m Got response with status 200: {"sessionId":"48554810-727f-4111-b250-ae9349bb7ba5","value":"iVBORw0KGgoAAAANSUhEUgAABaAAAAoACAYAAABH9IXPAAAAAXNSR0IArs4c6QAAAARzQklUCAgI\nCHwIZIgAACAASURBVHic7N13fFRV/v/xdwoJAWNAo0REOggCioAKSK9BmjRBQSzAosAuCEtZBGku\nSpMigojgqgtI71XQUFW6FCErLRjqsgktpJAwvz/4hS9I5t6ZzNzMTPJ6Ph48Hjr3c8/5ACcB3nPm\nXD9JNgEAAAAAAAAA4Gb+nm4AAAAAAAAAAJA9EUADAAAAAAAAACxBAA0AAAAAAAAAsAQBNAAAAAAA\nAADAEgTQAAAAAAAAAABLEEADAAAAAAAAACxBAA0AAAAAAAAAsAQBNAAAAAAAAADAEgTQAAAAAAAA\nAABLEEADAAAAAAAAACxBAA0AAAAAAAAAsAQBNAAAAAAAAADAEgTQAAAAAAAAAABLEEADAAAAAAAA\nACxBAA0AAAAAAAAAsAQBNAAAAAAAAADAEgTQAAAAAAAAAABLEEADAAAAAAAAACwR6OkGAAAAAAAA\nAMAbFS1aVKdOnfJ0Gxo2bJjDtV9//bVX9JzOT5LN000AAAAAAAAAgDfp1q2bKlasqJ49e3q6Fdls\njke4devWVVRUlHXNOIkjOAAAAAAAAADgLl27dtUXX3zh6TayBQJoAAAAAAAAAPj/unbtqpkzZ3q6\njWyDABoAAAAAAAAARPhsBQJoAAAAAAAAADlez549PRo+T5w4UfHx8bLZbPf9cMaPP/543/0nT550\n6kGG7hTokVkBAAAAAAAAwEv07NlTU6dO9dj8kyZNUu/evS0bv2jRoho+fLj8/Pw0fPhwy+bJCDug\nAQAAAAAAAORYng6fJemNN97IVvPcjQAaAAAAAAAAQI7kDeGzJOXLly9L5ilatGiWzHM3AmgAAAAA\nAAAAOY63hM/ZHQE0AAAAAAAA...
[debug] &amp#27;[35m[W3C (63091ffb)]&amp#27;[39m Responding to client with driver.getScreenshot() result: "iVBORw0KGgoAAAANSUhEUgAABaAAAAoACAYAAABH9IXPAAAAAXNSR0IArs4c6QAAAARzQklUCAgI\nCHwIZIgAACAASURBVHic7N13fFRV/v/xdwoJAWNAo0REOggCioAKSK9BmjRBQSzAosAuCEtZBGku\nSpMigojgqgtI71XQUFW6FCErLRjqsgktpJAwvz/4hS9I5t6ZzNzMTPJ6Ph48Hjr3c8/5ACcB3nPm\nXD9JNgEAAAAAAAAA4Gb+nm4AAAAAAAAAAJA9EUADAAAAAAAAACxBAA0AAAAAAAAAsAQBNAAAAAAA\nAADAEgTQAAAAAAAAAABLEEADAAAAAAAAACxBAA0AAAAAAAAAsAQBNAAAAAAAAADAEgTQAAAAAAAA\nAABLEEADAAAAAAAAACxBAA0AAAAAAAAAsAQBNAAAAAAAAADAEgTQAAAAAAAAAABLEEADAAAAAAAA\nACxBAA0AAAAAAAAAsAQBNAAAAAAAAADAEgTQAAAAAAAAAABLEEADAAAAAAAAACwR6OkGAAAAAAAA\nAMAbFS1aVKdOnfJ0Gxo2bJjDtV9//bVX9JzOT5LN000AAAAAAAAAgDfp1q2bKlasqJ49e3q6Fdls\njke4devWVVRUlHXNOIkjOAAAAAAAAADgLl27dtUXX3zh6TayBQJoAAAAAAAAAPj/unbtqpkzZ3q6\njWyDABoAAAAAAAAARPhsBQJoAAAAAAAAADlez549PRo+T5w4UfHx8bLZbPf9cMaPP/543/0nT550\n6kGG7hTokVkBAAAAAAAAwEv07NlTU6dO9dj8kyZNUu/evS0bv2jRoho+fLj8/Pw0fPhwy+bJCDug\nAQAAAAAAAORYng6fJemNN97IVvPcjQAaAAAAAAAAQI7kDeGzJOXLly9L5ilatGiWzHM3AmgAAAAA\nAAAAOY63hM/ZHQE0AAAAAAAAgByF8DnrEEADAAAAAAAAyDH69u2bYfickJCg+Pj4e16z2WxZ1Va2\nRQANAA...
&amp#27;[35m[HTTP]&amp#27;[39m &amp#27;[37m<-- GET /wd/hub/session/63091ffb-25ba-4690-9602-bf41739ac2c6/screenshot &amp#27;[39m&amp#27;[32m200&amp#27;[39m &amp#27;[90m424 ms - 438086&amp#27;[39m
&amp#27;[35m[HTTP]&amp#27;[39m &amp#27;[90m&amp#27;[39m
&amp#27;[35m[HTTP]&amp#27;[39m &amp#27;[37m-->&amp#27;[39m &amp#27;[37mPOST&amp#27;[39m &amp#27;[37m/wd/hub/session/63091ffb-25ba-4690-9602-bf41739ac2c6/appium/compare_images&amp#27;[39m
&amp#27;[35m[HTTP]&amp#27;[39m &amp#27;[90m{"mode":"getSimilarity","firstImage":"iVBORw0KGgoAAAANSUhEUgAABaAAAAoACAYAAABH9IXPAAAAAXNSR0IArs4c6QAAAARzQklUCAgICHwIZIgAACAASURBVHic7N17nI3l/v/x98yao5kxM0zR0aGUohKdI0qFUClS0ZndgXalLbYoqZ0ShS0d6dsBOUVCKEWkvaXYocwuFU2o75jzac3MmvX7w4+vMuu+1+G+173WzOv5eMzjsfe6r/u6PpprTu913dcVI8krAAAAAAAAAAAsFut0AQAAAAAAAACAuokAGgAAAAAAAABgCwJoAAAAAAAAAIAtCKABAAAAAAAAALYggAYAAAAAAAAA2IIAGgAAAAAAAABgCwJoAAAAAAAAAIAtCKABAAAAAAAAALYggAYAAAAAAAAA2IIAGgAAAAAAAABgCwJoAAAAAAAAAIAtCKABAAAAAAAAALYggAYAAAAAAAAA2IIAGgAAAAAAAABgCwJoAAAAAAAAAIAtCKABAAAAAAAAALYggAYAAAAAAAAA2IIAGgAAAAAAAABgizinCwAAAAAAAACASNS8eXP9/PPPTpehxx9/3O+2b775ZkTUfFCMJK/TRQAAAAAAAABAJBk8eLDatWunIUOGOF2KvF7/I9xLL71Ua9assa+YALEFBwAAAAAAAAAcZtCgQXr11VedLqNOIIAGAAAAAAAAgP9v0KBBeu2115wuo84ggAYAAAAAAAAAET7bgQAaAAAAAAAAQL03ZMgQR8PnF154Qfn5+fJ6vUd8BOLTTz894v6ffvopoIMMrRTnyKgAAAAAAAAAECGGDBmiadOmOTb+5MmT9cADD9jWf/PmzTV27FjFxMRo7Nixto1TG1ZAAwAAAAAAAKi3nA6fJem2226rU+McjgAaAAAAAAAAQL0UCeGzJGVkZIRlnObNm4dlnMMRQAMAAAAAAACodyIlfK7rCKABAAAAAAAA1CuEz+FDAA0AAAAAAACg3hg2bFit4XNpaany8/P...&amp#27;[39m
[debug] &amp#27;[35m[W3C (63091ffb)]&amp#27;[39m Calling AppiumDriver.compareImages() with args: ["getSimilarity","iVBORw0KGgoAAAANSUhEUgAABaAAAAoACAYAAABH9IXPAAAAAXNSR0IArs4c6QAAAARzQklUCAgICHwIZIgAACAASURBVHic7N17nI3l/v/x98yao5kxM0zR0aGUohKdI0qFUClS0ZndgXalLbYoqZ0ShS0d6dsBOUVCKEWkvaXYocwuFU2o75jzac3MmvX7w4+vMuu+1+G+173WzOv5eMzjsfe6r/u6PpprTu913dcVI8krAAAAAAAAAAAsFut0AQAAAAAAAACAuokAGgAAAAAAAABgCwJoAAAAAAAAAIAtCKABAAAAAAAAALYggAYAAAAAAAAA2IIAGgAAAAAAAABgCwJoAAAAAAAAAIAtCKABAAAAAAAAALYggAYAAAAAAAAA2IIAGgAAAAAAAABgCwJoAAAAAAAAAIAtCKABAAAAAAAAALYggAYAAAAAAAAA2IIAGgAAAAAAAABgCwJoAAAAAAAAAIAtCKABAAAAAAAAALYggAYAAAAAAAAA2IIAGgAAAAAAAABgizinCwAAAAAAAACASNS8eXP9/PPPTpehxx9/3O+2b775ZkTUfFCMJK/TRQAAAAAAAABAJBk8eLDatWunIUOGOF2KvF7/I9xLL71Ua9assa+YALEFBwAAAAAAAAAcZtCgQXr11VedLqNOIIAGAAAAAAAAgP9v0KBBeu2115wuo84ggAYAAAAAAAAAET7bgQAaAAAAAAAAQL03ZMgQR8PnF154Qfn5+fJ6vUd8BOLTTz894v6ffvopoIMMrRTnyKgAAAAAAAAAECGGDBmiadOmOTb+5MmT9cADD9jWf/PmzTV27FjFxMRo7Nixto1TG1ZAAwAAAAAAAKi3nA6fJem2226rU+McjgAaAAAAAAAAQL0UCeGzJGVkZIRlnObNm4dlnMMRQAMAAAAAAACodyIlfK7rCKABAAAAAAAA1CuEz+FDAA0AAAAAAACg3hg2bFit4XNpaany8/P/8JrX6w1XWXUWATQAAAA...
[debug] &amp#27;[35m[W3C (63091ffb)]&amp#27;[39m Responding to client with driver.compareImages() result: {"score":0.9984216690063477,"visualization":"iVBORw0KGgoAAAANSUhEUgAAC0AAAAoACAIAAACtAjTvAAAgAElEQVR4AezBD3CcdYH/8c+3bZq2aU2Ank8QyvBnNmTJqIxIGQM8bH45qVutE73OgfWugldm1QcRG3FnPErLDQOOF8cYwgMDUnCGwojiFAVOd1avQYZnWEQ7ktmwClp6T3vFgyahW5r+2Xx/MzvDTDvZlIQ+yabN+/UyAgAAAAAAAAAAAAAAQFUZAQAAAAAAAAAAAAAAoKqMAAAAAAAAAAAAAAAAUFVGAAAAAAAAAAAAAAAAqCojAAAAAAAAAAAAAAAAVJURAAAAAAAAAAAAAAAAqsoIAAAAAAAAAAAAAAAAVWUEAAAAAAAAAAAAAACAqjICAAAAAAAAAAAAAABAVRkBAAAAAAAAAAAAAACgqowAAAAAAAAAAAAAAABQVUYAAAAAAAAAAAAAAACoKiMAAAAAAAAAAAAAAABUlREAAAAAAAAAAAAAAACqyggAAAAAAAAAAAAAAABVZQQAAAAAAAAAAAAAAICqMgIAAAAAAAAAAAAAAEBVGQEAAAAAAAAAAAAAAKCqjAAAAAAAAAAAAAAAAFBVRgAAAAAA4NRy7rnn7tixQ1Ns48aNOq4f//jHO3bsEAAAAAAAwOSde+65O3bs0BTbuHGjjuvHP/7xjh07NC2MAAAAAADAKeSGG264+OKLPc/TFLPW6rja2tq2bdsmAAAAAACASbrhhhsuvvhiz/M0xay1Oq62trZt27ZpWhgBAAAAAIBTxbp16x544AHf9z3P0xSz1uq42tratm3bJgAAAAAAgMlYt27dAw884Pu+53maYtZaHVdbW9u2bds0LYwAAAAAAMApYd26dQ888IAk3/c9z9MUs9bquNra2rZt2yYAAAAAAIAJW7du3QMPPCDJ933P8zTFrLU6rra2tm3btmlaGAEAAAAAgJPfunXrHnjgAZX5vu95nqaYtVbH1dbWtm3b...
&amp#27;[35m[HTTP]&amp#27;[39m &amp#27;[37m<-- POST /wd/hub/session/63091ffb-25ba-4690-9602-bf41739ac2c6/appium/compare_images &amp#27;[39m&amp#27;[32m200&amp#27;[39m &amp#27;[90m417 ms - 2095017&amp#27;[39m
&amp#27;[35m[HTTP]&amp#27;[39m &amp#27;[90m&amp#27;[39m
Visual check of 'Accountles password protection' passed; similarity match was 0,998422
Searching for Skip Crate Account button
&amp#27;[35m[HTTP]&amp#27;[39m &amp#27;[37m-->&amp#27;[39m &amp#27;[37mGET&amp#27;[39m &amp#27;[37m/wd/hub/session/63091ffb-25ba-4690-9602-bf41739ac2c6/context&amp#27;[39m
&amp#27;[35m[HTTP]&amp#27;[39m &amp#27;[90m{}&amp#27;[39m
[debug] &amp#27;[35m[W3C (63091ffb)]&amp#27;[39m Calling AppiumDriver.getCurrentContext() with args: ["63091ffb-25ba-4690-9602-bf41739ac2c6"]
[debug] &amp#27;[35m[W3C (63091ffb)]&amp#27;[39m Responding to client with driver.getCurrentContext() result: "NATIVE_APP"
&amp#27;[35m[HTTP]&amp#27;[39m &amp#27;[37m<-- GET /wd/hub/session/63091ffb-25ba-4690-9602-bf41739ac2c6/context &amp#27;[39m&amp#27;[32m200&amp#27;[39m &amp#27;[90m1 ms - 22&amp#27;[39m
&amp#27;[35m[HTTP]&amp#27;[39m &amp#27;[90m&amp#27;[39m
&amp#27;[35m[HTTP]&amp#27;[39m &amp#27;[37m-->&amp#27;[39m &amp#27;[37mPOST&amp#27;[39m &amp#27;[37m/wd/hub/session/63091ffb-25ba-4690-9602-bf41739ac2c6/element&amp#27;[39m
&amp#27;[35m[HTTP]&amp#27;[39m &amp#27;[90m{"using":"id","value":"com.nordpass.android.app.password.manager:id/skipButton"}&amp#27;[39m
[debug] &amp#27;[35m[W3C (63091ffb)]&amp#27;[39m Calling AppiumDriver.findElement() with args: ["id","com.nordpass.android.app.password.manager:id/skipButton","63091ffb-25ba-4690-9602-bf41739ac2c6"]
[debug] &amp#27;[35m[BaseDriver]&amp#27;[39m Valid locator strategies for this request: xpath, id, class name, accessibility id, -android uiautomator
[debug] &amp#27;[35m[BaseDriver]&amp#27;[39m Waiting up to 10000 ms for condition
[debug] &amp#27;[35m[WD Proxy]&amp#27;[39m Matched '/element' to command name 'findElement'
[debug] &amp#27;[35m[WD Proxy]&amp#27;[39m Proxying [POST /element] to [POST http://127.0.0.1:8200/wd/hub/session/48554810-727f-4111-b250-ae9349bb7ba5/element] with body: {"strategy":"id","selector":"com.nordpass.android.app.password.manager:id/skipButton","context":"","multiple":false}
[debug] &amp#27;[35m[WD Proxy]&amp#27;[39m Got response with status 200: {"sessionId":"48554810-727f-4111-b250-ae9349bb7ba5","value":{"ELEMENT":"68a1b61e-953e-4258-b1e1-f4880f290e38","element-6066-11e4-a52e-4f735466cecf":"68a1b61e-953e-4258-b1e1-f4880f290e38"}}
[debug] &amp#27;[35m[W3C (63091ffb)]&amp#27;[39m Responding to client with driver.findElement() result: {"element-6066-11e4-a52e-4f735466cecf":"68a1b61e-953e-4258-b1e1-f4880f290e38","ELEMENT":"68a1b61e-953e-4258-b1e1-f4880f290e38"}
&amp#27;[35m[HTTP]&amp#27;[39m &amp#27;[37m<-- POST /wd/hub/session/63091ffb-25ba-4690-9602-bf41739ac2c6/element &amp#27;[39m&amp#27;[32m200&amp#27;[39m &amp#27;[90m14 ms - 137&amp#27;[39m
&amp#27;[35m[HTTP]&amp#27;[39m &amp#27;[90m&amp#27;[39m
&amp#27;[35m[HTTP]&amp#27;[39m &amp#27;[37m-->&amp#27;[39m &amp#27;[37mPOST&amp#27;[39m &amp#27;[37m/wd/hub/session/63091ffb-25ba-4690-9602-bf41739ac2c6/element/68a1b61e-953e-4258-b1e1-f4880f290e38/click&amp#27;[39m
&amp#27;[35m[HTTP]&amp#27;[39m &amp#27;[90m{"id":"68a1b61e-953e-4258-b1e1-f4880f290e38"}&amp#27;[39m
[debug] &amp#27;[35m[W3C (63091ffb)]&amp#27;[39m Calling AppiumDriver.click() with args: ["68a1b61e-953e-4258-b1e1-f4880f290e38","63091ffb-25ba-4690-9602-bf41739ac2c6"]
[debug] &amp#27;[35m[WD Proxy]&amp#27;[39m Matched '/element/68a1b61e-953e-4258-b1e1-f4880f290e38/click' to command name 'click'
[debug] &amp#27;[35m[WD Proxy]&amp#27;[39m Proxying [POST /element/68a1b61e-953e-4258-b1e1-f4880f290e38/click] to [POST http://127.0.0.1:8200/wd/hub/session/48554810-727f-4111-b250-ae9349bb7ba5/element/68a1b61e-953e-4258-b1e1-f4880f290e38/click] with body: {"element":"68a1b61e-953e-4258-b1e1-f4880f290e38"}
[debug] &amp#27;[35m[WD Proxy]&amp#27;[39m Got response with status 200: {"sessionId":"48554810-727f-4111-b250-ae9349bb7ba5","value":null}
[debug] &amp#27;[35m[W3C (63091ffb)]&amp#27;[39m Responding to client with driver.click() result: null
&amp#27;[35m[HTTP]&amp#27;[39m &amp#27;[37m<-- POST /wd/hub/session/63091ffb-25ba-4690-9602-bf41739ac2c6/element/68a1b61e-953e-4258-b1e1-f4880f290e38/click &amp#27;[39m&amp#27;[32m200&amp#27;[39m &amp#27;[90m64 ms - 14&amp#27;[39m
&amp#27;[35m[HTTP]&amp#27;[39m &amp#27;[90m&amp#27;[39m
Search for Item named This secure note text is 51 characters looooooooong
&amp#27;[35m[HTTP]&amp#27;[39m &amp#27;[37m-->&amp#27;[39m &amp#27;[37mGET&amp#27;[39m &amp#27;[37m/wd/hub/session/63091ffb-25ba-4690-9602-bf41739ac2c6/context&amp#27;[39m
&amp#27;[35m[HTTP]&amp#27;[39m &amp#27;[90m{}&amp#27;[39m
[debug] &amp#27;[35m[W3C (63091ffb)]&amp#27;[39m Calling AppiumDriver.getCurrentContext() with args: ["63091ffb-25ba-4690-9602-bf41739ac2c6"]
[debug] &amp#27;[35m[W3C (63091ffb)]&amp#27;[39m Responding to client with driver.getCurrentContext() result: "NATIVE_APP"
&amp#27;[35m[HTTP]&amp#27;[39m &amp#27;[37m<-- GET /wd/hub/session/63091ffb-25ba-4690-9602-bf41739ac2c6/context &amp#27;[39m&amp#27;[32m200&amp#27;[39m &amp#27;[90m1 ms - 22&amp#27;[39m
&amp#27;[35m[HTTP]&amp#27;[39m &amp#27;[90m&amp#27;[39m
&amp#27;[35m[HTTP]&amp#27;[39m &amp#27;[37m-->&amp#27;[39m &amp#27;[37mPOST&amp#27;[39m &amp#27;[37m/wd/hub/session/63091ffb-25ba-4690-9602-bf41739ac2c6/element&amp#27;[39m
&amp#27;[35m[HTTP]&amp#27;[39m &amp#27;[90m{"using":"xpath","value":"//android.widget.TextView[contains(@text, 'This secure note text is 51 characters looooooooong')]"}&amp#27;[39m
[debug] &amp#27;[35m[W3C (63091ffb)]&amp#27;[39m Calling AppiumDriver.findElement() with args: ["xpath","//android.widget.TextView[contains(@text, 'This secure note text is 51 characters looooooooong')]","63091ffb-25ba-4690-9602-bf41739ac2c6"]
[debug] &amp#27;[35m[BaseDriver]&amp#27;[39m Valid locator strategies for this request: xpath, id, class name, accessibility id, -android uiautomator
[debug] &amp#27;[35m[BaseDriver]&amp#27;[39m Waiting up to 10000 ms for condition
[debug] &amp#27;[35m[WD Proxy]&amp#27;[39m Matched '/element' to command name 'findElement'
[debug] &amp#27;[35m[WD Proxy]&amp#27;[39m Proxying [POST /element] to [POST http://127.0.0.1:8200/wd/hub/session/48554810-727f-4111-b250-ae9349bb7ba5/element] with body: {"strategy":"xpath","selector":"//android.widget.TextView[contains(@text, 'This secure note text is 51 characters looooooooong')]","context":"","multiple":false}
[debug] &amp#27;[35m[WD Proxy]&amp#27;[39m Got response with status 200: {"sessionId":"48554810-727f-4111-b250-ae9349bb7ba5","value":{"ELEMENT":"b93ecdca-5cf5-4d7e-8276-e5bf07057fa0","element-6066-11e4-a52e-4f735466cecf":"b93ecdca-5cf5-4d7e-8276-e5bf07057fa0"}}
[debug] &amp#27;[35m[W3C (63091ffb)]&amp#27;[39m Responding to client with driver.findElement() result: {"element-6066-11e4-a52e-4f735466cecf":"b93ecdca-5cf5-4d7e-8276-e5bf07057fa0","ELEMENT":"b93ecdca-5cf5-4d7e-8276-e5bf07057fa0"}
&amp#27;[35m[HTTP]&amp#27;[39m &amp#27;[37m<-- POST /wd/hub/session/63091ffb-25ba-4690-9602-bf41739ac2c6/element &amp#27;[39m&amp#27;[32m200&amp#27;[39m &amp#27;[90m930 ms - 137&amp#27;[39m
&amp#27;[35m[HTTP]&amp#27;[39m &amp#27;[90m&amp#27;[39m
&amp#27;[35m[HTTP]&amp#27;[39m &amp#27;[37m-->&amp#27;[39m &amp#27;[37mPOST&amp#27;[39m &amp#27;[37m/wd/hub/session/63091ffb-25ba-4690-9602-bf41739ac2c6/element/b93ecdca-5cf5-4d7e-8276-e5bf07057fa0/click&amp#27;[39m
&amp#27;[35m[HTTP]&amp#27;[39m &amp#27;[90m{"id":"b93ecdca-5cf5-4d7e-8276-e5bf07057fa0"}&amp#27;[39m
[debug] &amp#27;[35m[W3C (63091ffb)]&amp#27;[39m Calling AppiumDriver.click() with args: ["b93ecdca-5cf5-4d7e-8276-e5bf07057fa0","63091ffb-25ba-4690-9602-bf41739ac2c6"]
[debug] &amp#27;[35m[WD Proxy]&amp#27;[39m Matched '/element/b93ecdca-5cf5-4d7e-8276-e5bf07057fa0/click' to command name 'click'
[debug] &amp#27;[35m[WD Proxy]&amp#27;[39m Proxying [POST /element/b93ecdca-5cf5-4d7e-8276-e5bf07057fa0/click] to [POST http://127.0.0.1:8200/wd/hub/session/48554810-727f-4111-b250-ae9349bb7ba5/element/b93ecdca-5cf5-4d7e-8276-e5bf07057fa0/click] with body: {"element":"b93ecdca-5cf5-4d7e-8276-e5bf07057fa0"}
[debug] &amp#27;[35m[WD Proxy]&amp#27;[39m Got response with status 200: {"sessionId":"48554810-727f-4111-b250-ae9349bb7ba5","value":null}
[debug] &amp#27;[35m[W3C (63091ffb)]&amp#27;[39m Responding to client with driver.click() result: null
&amp#27;[35m[HTTP]&amp#27;[39m &amp#27;[37m<-- POST /wd/hub/session/63091ffb-25ba-4690-9602-bf41739ac2c6/element/b93ecdca-5cf5-4d7e-8276-e5bf07057fa0/click &amp#27;[39m&amp#27;[32m200&amp#27;[39m &amp#27;[90m75 ms - 14&amp#27;[39m
&amp#27;[35m[HTTP]&amp#27;[39m &amp#27;[90m&amp#27;[39m
&amp#27;[35m[HTTP]&amp#27;[39m &amp#27;[37m-->&amp#27;[39m &amp#27;[37mGET&amp#27;[39m &amp#27;[37m/wd/hub/session/63091ffb-25ba-4690-9602-bf41739ac2c6/screenshot&amp#27;[39m
&amp#27;[35m[HTTP]&amp#27;[39m &amp#27;[90m{}&amp#27;[39m
[debug] &amp#27;[35m[W3C (63091ffb)]&amp#27;[39m Calling AppiumDriver.getScreenshot() with args: ["63091ffb-25ba-4690-9602-bf41739ac2c6"]
[debug] &amp#27;[35m[WD Proxy]&amp#27;[39m Matched '/screenshot' to command name 'getScreenshot'
[debug] &amp#27;[35m[WD Proxy]&amp#27;[39m Proxying [GET /screenshot] to [GET http://127.0.0.1:8200/wd/hub/session/48554810-727f-4111-b250-ae9349bb7ba5/screenshot] with no body
[debug] &amp#27;[35m[WD Proxy]&amp#27;[39m Got response with status 200: {"sessionId":"48554810-727f-4111-b250-ae9349bb7ba5","value":"iVBORw0KGgoAAAANSUhEUgAABaAAAAoACAYAAABH9IXPAAAAAXNSR0IArs4c6QAAAARzQklUCAgI\nCHwIZIgAACAASURBVHic7N13lJbVuT/ue6gzIIGxgWgEIdhAgkCMBSJGxYbEGIEoGvXEjknseIgc\nscROIh7sRzxqLCiWIGgA/Vog6NFRTACVKCjFEV3IIL0N8/vDH8Yob5nyzPvOcF1rsVzO3s/et852\nhM+7n70LIqIiAAAAAACghjXIdQEAAAAAANRPAmgAAAAAABIhgAYAAAAAIBECaAAAAAAAEiGABgAA\nAAAgEQJoAAAAAAASIYAGAAAAACARAmgAAAAAABIhgAYAAAAAIBECaAAAAAAAEiGABgAAAAAgEQJo\nAAAAAAASIYAGAAAAACARAmgAAAAAABIhgAYAAAAAIBECaAAAAAAAEiGABgAAAAAgEQJoAAAAAAAS\n0SjXBQAAAAAA5KP27dvHxx9/nOsy4sorr8y67wMPPJAXNW9WEBEVuS4CAAAAACCfnHnmmdGtW7cY\nMmRIrkuJiorsI9xDDjkkXn755eSKqSRHcAAAAAAAfMMZZ5wR99xzT67LqBcE0AAAAAAA/78zzjgj\n7r333lyXUW8IoAEAAAAAQvicBAE0AAAAALDVGzJkSE7D5z/96U9RVlYWFRUV3/lVGS+99NJ3nv/o\no48qdZFhTWqUk1kBAAAAAPLEkCFDYvTo0Tmb/9Zbb43f/e53iY3fvn37GDFiRBQUFMSIESMSm2dL\n7IAGAAAAALZauQ6fIyJOPfXUejXPNwmgAQAAAICtUj6EzxERrVq1qpV52rdvXyvzfJMAGgAAAADY\n6uRL+FzfCaABAAAAgK2K8Ln2CKABAAAAgK3GRRddtMXwedWqVVFWVvZvX6uoqKitsuotATQAAAAA\nsFUYMmRIjBw58jtfX7lyZfz0...
[debug] &amp#27;[35m[W3C (63091ffb)]&amp#27;[39m Responding to client with driver.getScreenshot() result: "iVBORw0KGgoAAAANSUhEUgAABaAAAAoACAYAAABH9IXPAAAAAXNSR0IArs4c6QAAAARzQklUCAgI\nCHwIZIgAACAASURBVHic7N13lJbVuT/ue6gzIIGxgWgEIdhAgkCMBSJGxYbEGIEoGvXEjknseIgc\nscROIh7sRzxqLCiWIGgA/Vog6NFRTACVKCjFEV3IIL0N8/vDH8Yob5nyzPvOcF1rsVzO3s/et852\nhM+7n70LIqIiAAAAAACghjXIdQEAAAAAANRPAmgAAAAAABIhgAYAAAAAIBECaAAAAAAAEiGABgAA\nAAAgEQJoAAAAAAASIYAGAAAAACARAmgAAAAAABIhgAYAAAAAIBECaAAAAAAAEiGABgAAAAAgEQJo\nAAAAAAASIYAGAAAAACARAmgAAAAAABIhgAYAAAAAIBECaAAAAAAAEiGABgAAAAAgEQJoAAAAAAAS\n0SjXBQAAAAAA5KP27dvHxx9/nOsy4sorr8y67wMPPJAXNW9WEBEVuS4CAAAAACCfnHnmmdGtW7cY\nMmRIrkuJiorsI9xDDjkkXn755eSKqSRHcAAAAAAAfMMZZ5wR99xzT67LqBcE0AAAAAAA/78zzjgj\n7r333lyXUW8IoAEAAAAAQvicBAE0AAAAALDVGzJkSE7D5z/96U9RVlYWFRUV3/lVGS+99NJ3nv/o\no48qdZFhTWqUk1kBAAAAAPLEkCFDYvTo0Tmb/9Zbb43f/e53iY3fvn37GDFiRBQUFMSIESMSm2dL\n7IAGAAAAALZauQ6fIyJOPfXUejXPNwmgAQAAAICtUj6EzxERrVq1qpV52rdvXyvzfJMAGgAAAADY\n6uRL+FzfCaABAAAAgK2K8Ln2CKABAAAAgK3GRRddtMXwedWqVVFWVvZvX6uoqKitsuotATQAAAAA\nsFUYMmRIjBw58jtfX7lyZfz0pz+NxYsX/9vXCwoKaqu0eksADQAAAADUexdffPEWdz6vXLkyDj30\n0HjjjT...
&amp#27;[35m[HTTP]&amp#27;[39m &amp#27;[37m<-- GET /wd/hub/session/63091ffb-25ba-4690-9602-bf41739ac2c6/screenshot &amp#27;[39m&amp#27;[32m200&amp#27;[39m &amp#27;[90m478 ms - 149162&amp#27;[39m
&amp#27;[35m[HTTP]&amp#27;[39m &amp#27;[90m&amp#27;[39m
&amp#27;[35m[HTTP]&amp#27;[39m &amp#27;[37m-->&amp#27;[39m &amp#27;[37mPOST&amp#27;[39m &amp#27;[37m/wd/hub/session/63091ffb-25ba-4690-9602-bf41739ac2c6/appium/compare_images&amp#27;[39m
&amp#27;[35m[HTTP]&amp#27;[39m &amp#27;[90m{"mode":"getSimilarity","firstImage":"iVBORw0KGgoAAAANSUhEUgAABaAAAAoACAYAAABH9IXPAAAAAXNSR0IArs4c6QAAAARzQklUCAgICHwIZIgAACAASURBVHic7N13lJbVuT/ue6gzIIGxgWgEIdhAgkCMBSJGxYbEGIEoGvXEjknseIgcscROIh7sRzxqLCiWIGgA/Vog6NFRTACVKCjFEV3IIL0N8/vDH8Yob5nyzPvOcF1rsVzO3s/et852hM+7n70LIqIiAAAAAACghjXIdQEAAAAAANRPAmgAAAAAABIhgAYAAAAAIBECaAAAAAAAEiGABgAAAAAgEQJoAAAAAAASIYAGAAAAACARAmgAAAAAABIhgAYAAAAAIBECaAAAAAAAEiGABgAAAAAgEQJoAAAAAAASIYAGAAAAACARAmgAAAAAABIhgAYAAAAAIBECaAAAAAAAEiGABgAAAAAgEQJoAAAAAAAS0SjXBQAAAAAA5KP27dvHxx9/nOsy4sorr8y67wMPPJAXNW9WEBEVuS4CAAAAACCfnHnmmdGtW7cYMmRIrkuJiorsI9xDDjkkXn755eSKqSRHcAAAAAAAfMMZZ5wR99xzT67LqBcE0AAAAAAA/78zzjgj7r333lyXUW8IoAEAAAAAQvicBAE0AAAAALDVGzJkSE7D5z/96U9RVlYWFRUV3/lVGS+99NJ3nv/oo48qdZFhTWqUk1kBAAAAAPLEkCFDYvTo0Tmb/9Zbb43f/e53iY3fvn37GDFiRBQUFMSIESMSm2dL7IAGAAAAALZauQ6fIyJOPfXUejXPNwmgAQAAAICtUj6EzxERrVq1qpV52rdvXyvzfJMAGgAAAADY6uRL+FzfCaABAAAAgK2K8Ln2CKABAAAAgK3GRRddtMXwedWqVVFWVvZvX6uoqKitsuotATQAAAAAsFUYMmRIjBw58jtfX7lyZfz0pz+NxYsX/9vXCwoKaqu0eksADQAAAADUexdffPEWdz6vXLk...&amp#27;[39m
[debug] &amp#27;[35m[W3C (63091ffb)]&amp#27;[39m Calling AppiumDriver.compareImages() with args: ["getSimilarity","iVBORw0KGgoAAAANSUhEUgAABaAAAAoACAYAAABH9IXPAAAAAXNSR0IArs4c6QAAAARzQklUCAgICHwIZIgAACAASURBVHic7N13lJbVuT/ue6gzIIGxgWgEIdhAgkCMBSJGxYbEGIEoGvXEjknseIgcscROIh7sRzxqLCiWIGgA/Vog6NFRTACVKCjFEV3IIL0N8/vDH8Yob5nyzPvOcF1rsVzO3s/et852hM+7n70LIqIiAAAAAACghjXIdQEAAAAAANRPAmgAAAAAABIhgAYAAAAAIBECaAAAAAAAEiGABgAAAAAgEQJoAAAAAAASIYAGAAAAACARAmgAAAAAABIhgAYAAAAAIBECaAAAAAAAEiGABgAAAAAgEQJoAAAAAAASIYAGAAAAACARAmgAAAAAABIhgAYAAAAAIBECaAAAAAAAEiGABgAAAAAgEQJoAAAAAAAS0SjXBQAAAAAA5KP27dvHxx9/nOsy4sorr8y67wMPPJAXNW9WEBEVuS4CAAAAACCfnHnmmdGtW7cYMmRIrkuJiorsI9xDDjkkXn755eSKqSRHcAAAAAAAfMMZZ5wR99xzT67LqBcE0AAAAAAA/78zzjgj7r333lyXUW8IoAEAAAAAQvicBAE0AAAAALDVGzJkSE7D5z/96U9RVlYWFRUV3/lVGS+99NJ3nv/oo48qdZFhTWqUk1kBAAAAAPLEkCFDYvTo0Tmb/9Zbb43f/e53iY3fvn37GDFiRBQUFMSIESMSm2dL7IAGAAAAALZauQ6fIyJOPfXUejXPNwmgAQAAAICtUj6EzxERrVq1qpV52rdvXyvzfJMAGgAAAADY6uRL+FzfCaABAAAAgK2K8Ln2CKABAAAAgK3GRRddtMXwedWqVVFWVvZvX6uoqKitsuotATQAAAAAsFUYMmRIjBw58jtfX7lyZfz0pz+NxYsX/9vXCwoKaqu0eksADQAAAADUexdffPEWdz6vXLkyDj300HjjjTdyUFX9J4A...
[debug] &amp#27;[35m[W3C (63091ffb)]&amp#27;[39m Responding to client with driver.compareImages() result: {"score":0.9986580014228821,"visualization":"iVBORw0KGgoAAAANSUhEUgAAC0AAAAoACAIAAACtAjTvAAAgAElEQVR4AezBDWzU9eHH8c9XHqQCsd1IBBw+lFzt7aYzojVUkGsO6Y6J6VwjPiTKFHJkP6NgB7cBOjSLLKz+bWr9CWM+JQM2EYOAup23SCdx2a1OEuo159YOFKouxsN5aEHO7z9pYgK5Hl7xR6+079fLCAAAAAAAAAAAAAAAAEVlBAAAAAAAAAAAAAAAgKIyAgAAAAAAAAAAAAAAQFEZAQAAAAAAAAAAAAAAoKiMAAAAAAAAAAAAAAAAUFRGAAAAAAAAAAAAAAAAKCojAAAAAAAAAAAAAAAAFJURAAAAAAAAAAAAAAAAisoIAAAAAAAAAAAAAAAARWUEAAAAAAAAAAAAAACAojICAAAAAAAAAAAAAABAURkBAAAAAAAAAAAAAACgqIwAAAAAAAAAAAAAAABQVEYAAAAAAAAAAAAAAAAoKiMAAAAAAAAAAAAAAAAUlREAAAAAAAAAAAAAAACKyggAAAAAAAAAAAAAAABFZQQAAAAAAAAAAAAAAICiMgIAAAAAAAAAAAAAAEBRGQEAAAAAgKHloosu2rdvn06zX/7ylzqpZ599dt++fQIAAAAAAOi/iy66aN++fTrNfvnLX+qknn322X379mlAGAEAAAAAgCFk0aJFl19+ueM4Os2stTqpmpqaXbt2CQAAAAAAoJ8WLVp0+eWXO46j08xaq5OqqanZtWuXBoQRAAAAAAAYKhYuXLhhwwbXdR3H0WlmrdVJ1dTU7Nq1SwAAAAAAAP2xcOHCDRs2uK7rOI5OM2utTqqmpmbXrl0aEEYAAAAAAGBIWLhw4YYNGyS5rus4jk4za61OqqamZteuXQIAAAAAACjYwoULN2zYIMl1XcdxdJpZa3VSNTU1u3bt0oAwAgAAAAAAZ76FCxdu2LBBvVzXdRxHp5m1VidVU1Oza9cuAQAAAAAAFGbh...
&amp#27;[35m[HTTP]&amp#27;[39m &amp#27;[37m<-- POST /wd/hub/session/63091ffb-25ba-4690-9602-bf41739ac2c6/appium/compare_images &amp#27;[39m&amp#27;[32m200&amp#27;[39m &amp#27;[90m620 ms - 476637&amp#27;[39m
&amp#27;[35m[HTTP]&amp#27;[39m &amp#27;[90m&amp#27;[39m
Visual check of 'Item view top' passed; similarity match was 0,998658
&amp#27;[35m[HTTP]&amp#27;[39m &amp#27;[37m-->&amp#27;[39m &amp#27;[37mGET&amp#27;[39m &amp#27;[37m/wd/hub/session/63091ffb-25ba-4690-9602-bf41739ac2c6/window/rect&amp#27;[39m
&amp#27;[35m[HTTP]&amp#27;[39m &amp#27;[90m{}&amp#27;[39m
[debug] &amp#27;[35m[W3C (63091ffb)]&amp#27;[39m Calling AppiumDriver.getWindowRect() with args: ["63091ffb-25ba-4690-9602-bf41739ac2c6"]
[debug] &amp#27;[35m[WD Proxy]&amp#27;[39m Matched '/window/current/size' to command name 'getWindowSize'
[debug] &amp#27;[35m[WD Proxy]&amp#27;[39m Proxying [GET /window/current/size] to [GET http://127.0.0.1:8200/wd/hub/session/48554810-727f-4111-b250-ae9349bb7ba5/window/current/size] with no body
[debug] &amp#27;[35m[WD Proxy]&amp#27;[39m Got response with status 200: {"sessionId":"48554810-727f-4111-b250-ae9349bb7ba5","value":{"height":2392,"width":1440}}
[debug] &amp#27;[35m[W3C (63091ffb)]&amp#27;[39m Responding to client with driver.getWindowRect() result: {"width":1440,"height":2392,"x":0,"y":0}
&amp#27;[35m[HTTP]&amp#27;[39m &amp#27;[37m<-- GET /wd/hub/session/63091ffb-25ba-4690-9602-bf41739ac2c6/window/rect &amp#27;[39m&amp#27;[32m200&amp#27;[39m &amp#27;[90m17 ms - 50&amp#27;[39m
&amp#27;[35m[HTTP]&amp#27;[39m &amp#27;[90m&amp#27;[39m
&amp#27;[35m[HTTP]&amp#27;[39m &amp#27;[37m-->&amp#27;[39m &amp#27;[37mPOST&amp#27;[39m &amp#27;[37m/wd/hub/session/63091ffb-25ba-4690-9602-bf41739ac2c6/touch/perform&amp#27;[39m
&amp#27;[35m[HTTP]&amp#27;[39m &amp#27;[90m{"actions":[{"action":"press","options":{"x":10,"y":2192}},{"action":"moveTo","options":{"x":10,"y":0}},{"action":"release","options":{}}]}&amp#27;[39m
[debug] &amp#27;[35m[W3C (63091ffb)]&amp#27;[39m Calling AppiumDriver.performTouch() with args: [[{"action":"press","options":{"x":10,"y":2192}},{"action":"moveTo","options":{"x":10,"y":0}},{"action":"release","options":{}}],"63091ffb-25ba-4690-9602-bf41739ac2c6"]
[debug] &amp#27;[35m[WD Proxy]&amp#27;[39m Matched '/touch/down' to command name 'touchDown'
[debug] &amp#27;[35m[WD Proxy]&amp#27;[39m Proxying [POST /touch/down] to [POST http://127.0.0.1:8200/wd/hub/session/48554810-727f-4111-b250-ae9349bb7ba5/touch/down] with body: {"params":{"element":null,"x":10,"y":2192}}
[debug] &amp#27;[35m[WD Proxy]&amp#27;[39m Got response with status 200: {"sessionId":"48554810-727f-4111-b250-ae9349bb7ba5","value":null}
[debug] &amp#27;[35m[WD Proxy]&amp#27;[39m Matched '/touch/move' to command name 'touchMove'
[debug] &amp#27;[35m[WD Proxy]&amp#27;[39m Proxying [POST /touch/move] to [POST http://127.0.0.1:8200/wd/hub/session/48554810-727f-4111-b250-ae9349bb7ba5/touch/move] with body: {"params":{"element":null,"x":10,"y":0}}
[debug] &amp#27;[35m[WD Proxy]&amp#27;[39m Got response with status 200: {"sessionId":"48554810-727f-4111-b250-ae9349bb7ba5","value":null}
[debug] &amp#27;[35m[WD Proxy]&amp#27;[39m Matched '/touch/up' to command name 'touchUp'
[debug] &amp#27;[35m[WD Proxy]&amp#27;[39m Proxying [POST /touch/up] to [POST http://127.0.0.1:8200/wd/hub/session/48554810-727f-4111-b250-ae9349bb7ba5/touch/up] with body: {"params":{"x":10,"y":0}}
[debug] &amp#27;[35m[WD Proxy]&amp#27;[39m Got response with status 200: {"sessionId":"48554810-727f-4111-b250-ae9349bb7ba5","value":null}
[debug] &amp#27;[35m[W3C (63091ffb)]&amp#27;[39m Responding to client with driver.performTouch() result: null
&amp#27;[35m[HTTP]&amp#27;[39m &amp#27;[37m<-- POST /wd/hub/session/63091ffb-25ba-4690-9602-bf41739ac2c6/touch/perform &amp#27;[39m&amp#27;[32m200&amp#27;[39m &amp#27;[90m2350 ms - 14&amp#27;[39m
&amp#27;[35m[HTTP]&amp#27;[39m &amp#27;[90m&amp#27;[39m
&amp#27;[35m[HTTP]&amp#27;[39m &amp#27;[37m-->&amp#27;[39m &amp#27;[37mGET&amp#27;[39m &amp#27;[37m/wd/hub/session/63091ffb-25ba-4690-9602-bf41739ac2c6/screenshot&amp#27;[39m
&amp#27;[35m[HTTP]&amp#27;[39m &amp#27;[90m{}&amp#27;[39m
[debug] &amp#27;[35m[W3C (63091ffb)]&amp#27;[39m Calling AppiumDriver.getScreenshot() with args: ["63091ffb-25ba-4690-9602-bf41739ac2c6"]
[debug] &amp#27;[35m[WD Proxy]&amp#27;[39m Matched '/screenshot' to command name 'getScreenshot'
[debug] &amp#27;[35m[WD Proxy]&amp#27;[39m Proxying [GET /screenshot] to [GET http://127.0.0.1:8200/wd/hub/session/48554810-727f-4111-b250-ae9349bb7ba5/screenshot] with no body
[debug] &amp#27;[35m[WD Proxy]&amp#27;[39m Got response with status 200: {"sessionId":"48554810-727f-4111-b250-ae9349bb7ba5","value":"iVBORw0KGgoAAAANSUhEUgAABaAAAAoACAYAAABH9IXPAAAAAXNSR0IArs4c6QAAAARzQklUCAgI\nCHwIZIgAACAASURBVHic7N1/kNT1ffjx1+4dcgcoekgEzggjoOiBYg2XBAU0KmDTiDCmRDMdMjVp\n2jqdtE3+8a/6R2fadNKm853EP5qpHSZpHKijqMEi6igccSxGQY9TiUf9eaBVARXcI8ftfv8ALuz9\ngDtu37uw93jMOHE/9/nxul3858k7781ERCEAAAAAAKDEspUeAAAAAACA6iRAAwAAAACQhAANAAAA\nAEASAjQAAAAAAEkI0AAAAAAAJCFAAwAAAACQhAANAAAAAEASAjQAAAAAAEkI0AAAAAAAJCFAAwAA\nAACQhAANAAAAAEASAjQAAAAAAEkI0AAAAAAAJCFAAwAAAACQhAANAAAAAEASAjQAAAAAAEkI0AAA\nAAAAJCFAAwAAAACQRG2lBwAAAAAAOB1NmzYt3nzzzUqPEX/3d3836HNXr159Wsx8TCYiCpUeAgAA\nAADgdPKd73wn5s6dG3fddVelR4lCYfAJ9/rrr49nnnkm3TBDZAsOAAAAAIDjfPvb345/+7d/q/QY\nVUGABgAAAAA46tvf/nb87Gc/q/QYVUOABgAAAAAI8TkFARoAAAAAGPHuuuuuisbnH//4x7Fv374o\nFAp9/hmKp59+us/1b7zxxpC+yLCUaivyVAAAAACA08Rdd90VP/nJTyr2/H/913+N733ve8nuP23a\ntLjnnnsik8nEPffck+w5/bECGgAAAAAYsSodnyMiVq1aVVXPOZ4ADQAAAACMSKdDfI6IOPfcc8vy\nnGnTppXlOccToAEAAACAEed0ic/VToAGAAAAAEYU8bl8BGgAAAAAYMT427/9237j88GDB2Pfvn1F\nxwqFQrnGqloCNAAAAAAwItx1...
[debug] &amp#27;[35m[W3C (63091ffb)]&amp#27;[39m Responding to client with driver.getScreenshot() result: "iVBORw0KGgoAAAANSUhEUgAABaAAAAoACAYAAABH9IXPAAAAAXNSR0IArs4c6QAAAARzQklUCAgI\nCHwIZIgAACAASURBVHic7N1/kNT1ffjx1+4dcgcoekgEzggjoOiBYg2XBAU0KmDTiDCmRDMdMjVp\n2jqdtE3+8a/6R2fadNKm853EP5qpHSZpHKijqMEi6igccSxGQY9TiUf9eaBVARXcI8ftfv8ALuz9\ngDtu37uw93jMOHE/9/nxul3858k7781ERCEAAAAAAKDEspUeAAAAAACA6iRAAwAAAACQhAANAAAA\nAEASAjQAAAAAAEkI0AAAAAAAJCFAAwAAAACQhAANAAAAAEASAjQAAAAAAEkI0AAAAAAAJCFAAwAA\nAACQhAANAAAAAEASAjQAAAAAAEkI0AAAAAAAJCFAAwAAAACQhAANAAAAAEASAjQAAAAAAEkI0AAA\nAAAAJCFAAwAAAACQRG2lBwAAAAAAOB1NmzYt3nzzzUqPEX/3d3836HNXr159Wsx8TCYiCpUeAgAA\nAADgdPKd73wn5s6dG3fddVelR4lCYfAJ9/rrr49nnnkm3TBDZAsOAAAAAIDjfPvb345/+7d/q/QY\nVUGABgAAAAA46tvf/nb87Gc/q/QYVUOABgAAAAAI8TkFARoAAAAAGPHuuuuuisbnH//4x7Fv374o\nFAp9/hmKp59+us/1b7zxxpC+yLCUaivyVAAAAACA08Rdd90VP/nJTyr2/H/913+N733ve8nuP23a\ntLjnnnsik8nEPffck+w5/bECGgAAAAAYsSodnyMiVq1aVVXPOZ4ADQAAAACMSKdDfI6IOPfcc8vy\nnGnTppXlOccToAEAAACAEed0ic/VToAGAAAAAEYU8bl8BGgAAAAAYMT427/9237j88GDB2Pfvn1F\nxwqFQrnGqloCNAAAAAAwItx1113xz//8z32OHzhwIL7yla/Ee++9V3Q8k8mUa7SqJUADAAAAAFXv\n+9//fr...
&amp#27;[35m[HTTP]&amp#27;[39m &amp#27;[37m<-- GET /wd/hub/session/63091ffb-25ba-4690-9602-bf41739ac2c6/screenshot &amp#27;[39m&amp#27;[32m200&amp#27;[39m &amp#27;[90m426 ms - 383276&amp#27;[39m
&amp#27;[35m[HTTP]&amp#27;[39m &amp#27;[90m&amp#27;[39m
&amp#27;[35m[HTTP]&amp#27;[39m &amp#27;[37m-->&amp#27;[39m &amp#27;[37mGET&amp#27;[39m &amp#27;[37m/wd/hub/session/63091ffb-25ba-4690-9602-bf41739ac2c6/window/rect&amp#27;[39m
&amp#27;[35m[HTTP]&amp#27;[39m &amp#27;[90m{}&amp#27;[39m
[debug] &amp#27;[35m[W3C (63091ffb)]&amp#27;[39m Calling AppiumDriver.getWindowRect() with args: ["63091ffb-25ba-4690-9602-bf41739ac2c6"]
[debug] &amp#27;[35m[WD Proxy]&amp#27;[39m Matched '/window/current/size' to command name 'getWindowSize'
[debug] &amp#27;[35m[WD Proxy]&amp#27;[39m Proxying [GET /window/current/size] to [GET http://127.0.0.1:8200/wd/hub/session/48554810-727f-4111-b250-ae9349bb7ba5/window/current/size] with no body
[debug] &amp#27;[35m[WD Proxy]&amp#27;[39m Got response with status 200: {"sessionId":"48554810-727f-4111-b250-ae9349bb7ba5","value":{"height":2392,"width":1440}}
[debug] &amp#27;[35m[W3C (63091ffb)]&amp#27;[39m Responding to client with driver.getWindowRect() result: {"width":1440,"height":2392,"x":0,"y":0}
&amp#27;[35m[HTTP]&amp#27;[39m &amp#27;[37m<-- GET /wd/hub/session/63091ffb-25ba-4690-9602-bf41739ac2c6/window/rect &amp#27;[39m&amp#27;[32m200&amp#27;[39m &amp#27;[90m16 ms - 50&amp#27;[39m
&amp#27;[35m[HTTP]&amp#27;[39m &amp#27;[90m&amp#27;[39m
&amp#27;[35m[HTTP]&amp#27;[39m &amp#27;[37m-->&amp#27;[39m &amp#27;[37mPOST&amp#27;[39m &amp#27;[37m/wd/hub/session/63091ffb-25ba-4690-9602-bf41739ac2c6/touch/perform&amp#27;[39m
&amp#27;[35m[HTTP]&amp#27;[39m &amp#27;[90m{"actions":[{"action":"press","options":{"x":10,"y":2192}},{"action":"moveTo","options":{"x":10,"y":0}},{"action":"release","options":{}}]}&amp#27;[39m
[debug] &amp#27;[35m[W3C (63091ffb)]&amp#27;[39m Calling AppiumDriver.performTouch() with args: [[{"action":"press","options":{"x":10,"y":2192}},{"action":"moveTo","options":{"x":10,"y":0}},{"action":"release","options":{}}],"63091ffb-25ba-4690-9602-bf41739ac2c6"]
[debug] &amp#27;[35m[WD Proxy]&amp#27;[39m Matched '/touch/down' to command name 'touchDown'
[debug] &amp#27;[35m[WD Proxy]&amp#27;[39m Proxying [POST /touch/down] to [POST http://127.0.0.1:8200/wd/hub/session/48554810-727f-4111-b250-ae9349bb7ba5/touch/down] with body: {"params":{"element":null,"x":10,"y":2192}}
[debug] &amp#27;[35m[WD Proxy]&amp#27;[39m Got response with status 200: {"sessionId":"48554810-727f-4111-b250-ae9349bb7ba5","value":null}
[debug] &amp#27;[35m[WD Proxy]&amp#27;[39m Matched '/touch/move' to command name 'touchMove'
[debug] &amp#27;[35m[WD Proxy]&amp#27;[39m Proxying [POST /touch/move] to [POST http://127.0.0.1:8200/wd/hub/session/48554810-727f-4111-b250-ae9349bb7ba5/touch/move] with body: {"params":{"element":null,"x":10,"y":0}}
[debug] &amp#27;[35m[WD Proxy]&amp#27;[39m Got response with status 200: {"sessionId":"48554810-727f-4111-b250-ae9349bb7ba5","value":null}
[debug] &amp#27;[35m[WD Proxy]&amp#27;[39m Matched '/touch/up' to command name 'touchUp'
[debug] &amp#27;[35m[WD Proxy]&amp#27;[39m Proxying [POST /touch/up] to [POST http://127.0.0.1:8200/wd/hub/session/48554810-727f-4111-b250-ae9349bb7ba5/touch/up] with body: {"params":{"x":10,"y":0}}
[debug] &amp#27;[35m[WD Proxy]&amp#27;[39m Got response with status 200: {"sessionId":"48554810-727f-4111-b250-ae9349bb7ba5","value":null}
[debug] &amp#27;[35m[W3C (63091ffb)]&amp#27;[39m Responding to client with driver.performTouch() result: null
&amp#27;[35m[HTTP]&amp#27;[39m &amp#27;[37m<-- POST /wd/hub/session/63091ffb-25ba-4690-9602-bf41739ac2c6/touch/perform &amp#27;[39m&amp#27;[32m200&amp#27;[39m &amp#27;[90m2324 ms - 14&amp#27;[39m
&amp#27;[35m[HTTP]&amp#27;[39m &amp#27;[90m&amp#27;[39m
&amp#27;[35m[HTTP]&amp#27;[39m &amp#27;[37m-->&amp#27;[39m &amp#27;[37mGET&amp#27;[39m &amp#27;[37m/wd/hub/session/63091ffb-25ba-4690-9602-bf41739ac2c6/screenshot&amp#27;[39m
&amp#27;[35m[HTTP]&amp#27;[39m &amp#27;[90m{}&amp#27;[39m
[debug] &amp#27;[35m[W3C (63091ffb)]&amp#27;[39m Calling AppiumDriver.getScreenshot() with args: ["63091ffb-25ba-4690-9602-bf41739ac2c6"]
[debug] &amp#27;[35m[WD Proxy]&amp#27;[39m Matched '/screenshot' to command name 'getScreenshot'
[debug] &amp#27;[35m[WD Proxy]&amp#27;[39m Proxying [GET /screenshot] to [GET http://127.0.0.1:8200/wd/hub/session/48554810-727f-4111-b250-ae9349bb7ba5/screenshot] with no body
[debug] &amp#27;[35m[WD Proxy]&amp#27;[39m Got response with status 200: {"sessionId":"48554810-727f-4111-b250-ae9349bb7ba5","value":"iVBORw0KGgoAAAANSUhEUgAABaAAAAoACAYAAABH9IXPAAAAAXNSR0IArs4c6QAAAARzQklUCAgI\nCHwIZIgAACAASURBVHic7N1/kNT1ffjx1+4dcgcoekgEzggjoOiBYg2XBAU0KmDTiDCmRDMdMjVp\n2jqdtE3+8a/6R2fadNKm853EP5qpHSZpHKijqMEi6igccSxGQY9TiUf9eaBVARXcI8ftfv8ALuz9\ngDtu37uw93jMOHE/9/nxul3858k7781ERCEAAAAAAKDEspUeAAAAAACA6iRAAwAAAACQhAANAAAA\nAEASAjQAAAAAAEkI0AAAAAAAJCFAAwAAAACQhAANAAAAAEASAjQAAAAAAEkI0AAAAAAAJCFAAwAA\nAACQhAANAAAAAEASAjQAAAAAAEkI0AAAAAAAJCFAAwAAAACQhAANAAAAAEASAjQAAAAAAEkI0AAA\nAAAAJCFAAwAAAACQRG2lBwAAAAAAOB1NmzYt3nzzzUqPEX/3d3836HNXr159Wsx8TCYiCpUeAgAA\nAADgdPKd73wn5s6dG3fddVelR4lCYfAJ9/rrr49nnnkm3TBDZAsOAAAAAIDjfPvb345/+7d/q/QY\nVUGABgAAAAA46tvf/nb87Gc/q/QYVUOABgAAAAAI8TkFARoAAAAAGPHuuuuuisbnH//4x7Fv374o\nFAp9/hmKp59+us/1b7zxxpC+yLCUaivyVAAAAACA08Rdd90VP/nJTyr2/H/913+N733ve8nuP23a\ntLjnnnsik8nEPffck+w5/bECGgAAAAAYsSodnyMiVq1aVVXPOZ4ADQAAAACMSKdDfI6IOPfcc8vy\nnGnTppXlOccToAEAAACAEed0ic/VToAGAAAAAEYU8bl8BGgAAAAAYMT427/9237j88GDB2Pfvn1F\nxwqFQrnGqloCNAAAAAAwItx1...
[debug] &amp#27;[35m[W3C (63091ffb)]&amp#27;[39m Responding to client with driver.getScreenshot() result: "iVBORw0KGgoAAAANSUhEUgAABaAAAAoACAYAAABH9IXPAAAAAXNSR0IArs4c6QAAAARzQklUCAgI\nCHwIZIgAACAASURBVHic7N1/kNT1ffjx1+4dcgcoekgEzggjoOiBYg2XBAU0KmDTiDCmRDMdMjVp\n2jqdtE3+8a/6R2fadNKm853EP5qpHSZpHKijqMEi6igccSxGQY9TiUf9eaBVARXcI8ftfv8ALuz9\ngDtu37uw93jMOHE/9/nxul3858k7781ERCEAAAAAAKDEspUeAAAAAACA6iRAAwAAAACQhAANAAAA\nAEASAjQAAAAAAEkI0AAAAAAAJCFAAwAAAACQhAANAAAAAEASAjQAAAAAAEkI0AAAAAAAJCFAAwAA\nAACQhAANAAAAAEASAjQAAAAAAEkI0AAAAAAAJCFAAwAAAACQhAANAAAAAEASAjQAAAAAAEkI0AAA\nAAAAJCFAAwAAAACQRG2lBwAAAAAAOB1NmzYt3nzzzUqPEX/3d3836HNXr159Wsx8TCYiCpUeAgAA\nAADgdPKd73wn5s6dG3fddVelR4lCYfAJ9/rrr49nnnkm3TBDZAsOAAAAAIDjfPvb345/+7d/q/QY\nVUGABgAAAAA46tvf/nb87Gc/q/QYVUOABgAAAAAI8TkFARoAAAAAGPHuuuuuisbnH//4x7Fv374o\nFAp9/hmKp59+us/1b7zxxpC+yLCUaivyVAAAAACA08Rdd90VP/nJTyr2/H/913+N733ve8nuP23a\ntLjnnnsik8nEPffck+w5/bECGgAAAAAYsSodnyMiVq1aVVXPOZ4ADQAAAACMSKdDfI6IOPfcc8vy\nnGnTppXlOccToAEAAACAEed0ic/VToAGAAAAAEYU8bl8BGgAAAAAYMT427/9237j88GDB2Pfvn1F\nxwqFQrnGqloCNAAAAAAwItx1113xz//8z32OHzhwIL7yla/Ee++9V3Q8k8mUa7SqJUADAAAAAFXv\n+9//fr...
&amp#27;[35m[HTTP]&amp#27;[39m &amp#27;[37m<-- GET /wd/hub/session/63091ffb-25ba-4690-9602-bf41739ac2c6/screenshot &amp#27;[39m&amp#27;[32m200&amp#27;[39m &amp#27;[90m310 ms - 383276&amp#27;[39m
&amp#27;[35m[HTTP]&amp#27;[39m &amp#27;[90m&amp#27;[39m
&amp#27;[35m[HTTP]&amp#27;[39m &amp#27;[37m-->&amp#27;[39m &amp#27;[37mPOST&amp#27;[39m &amp#27;[37m/wd/hub/session/63091ffb-25ba-4690-9602-bf41739ac2c6/appium/compare_images&amp#27;[39m
&amp#27;[35m[HTTP]&amp#27;[39m &amp#27;[90m{"mode":"getSimilarity","firstImage":"iVBORw0KGgoAAAANSUhEUgAABaAAAAoACAYAAABH9IXPAAAAAXNSR0IArs4c6QAAAARzQklUCAgICHwIZIgAACAASURBVHic7N1/kNT1ffjx1+4dcgcoekgEzggjoOiBYg2XBAU0KmDTiDCmRDMdMjVp2jqdtE3+8a/6R2fadNKm853EP5qpHSZpHKijqMEi6igccSxGQY9TiUf9eaBVARXcI8ftfv8ALuz9gDtu37uw93jMOHE/9/nxul3858k7781ERCEAAAAAAKDEspUeAAAAAACA6iRAAwAAAACQhAANAAAAAEASAjQAAAAAAEkI0AAAAAAAJCFAAwAAAACQhAANAAAAAEASAjQAAAAAAEkI0AAAAAAAJCFAAwAAAACQhAANAAAAAEASAjQAAAAAAEkI0AAAAAAAJCFAAwAAAACQhAANAAAAAEASAjQAAAAAAEkI0AAAAAAAJCFAAwAAAACQRG2lBwAAAAAAOB1NmzYt3nzzzUqPEX/3d3836HNXr159Wsx8TCYiCpUeAgAAAADgdPKd73wn5s6dG3fddVelR4lCYfAJ9/rrr49nnnkm3TBDZAsOAAAAAIDjfPvb345/+7d/q/QYVUGABgAAAAA46tvf/nb87Gc/q/QYVUOABgAAAAAI8TkFARoAAAAAGPHuuuuuisbnH//4x7Fv374oFAp9/hmKp59+us/1b7zxxpC+yLCUaivyVAAAAACA08Rdd90VP/nJTyr2/H/913+N733ve8nuP23atLjnnnsik8nEPffck+w5/bECGgAAAAAYsSodnyMiVq1aVVXPOZ4ADQAAAACMSKdDfI6IOPfcc8vynGnTppXlOccToAEAAACAEed0ic/VToAGAAAAAEYU8bl8BGgAAAAAYMT427/9237j88GDB2Pfvn1FxwqFQrnGqloCNAAAAAAwItx1113xz//8z32OHzhwIL7yla/Ee++9V3Q8k8mUa7SqJUADAAA...&amp#27;[39m
[debug] &amp#27;[35m[W3C (63091ffb)]&amp#27;[39m Calling AppiumDriver.compareImages() with args: ["getSimilarity","iVBORw0KGgoAAAANSUhEUgAABaAAAAoACAYAAABH9IXPAAAAAXNSR0IArs4c6QAAAARzQklUCAgICHwIZIgAACAASURBVHic7N1/kNT1ffjx1+4dcgcoekgEzggjoOiBYg2XBAU0KmDTiDCmRDMdMjVp2jqdtE3+8a/6R2fadNKm853EP5qpHSZpHKijqMEi6igccSxGQY9TiUf9eaBVARXcI8ftfv8ALuz9gDtu37uw93jMOHE/9/nxul3858k7781ERCEAAAAAAKDEspUeAAAAAACA6iRAAwAAAACQhAANAAAAAEASAjQAAAAAAEkI0AAAAAAAJCFAAwAAAACQhAANAAAAAEASAjQAAAAAAEkI0AAAAAAAJCFAAwAAAACQhAANAAAAAEASAjQAAAAAAEkI0AAAAAAAJCFAAwAAAACQhAANAAAAAEASAjQAAAAAAEkI0AAAAAAAJCFAAwAAAACQRG2lBwAAAAAAOB1NmzYt3nzzzUqPEX/3d3836HNXr159Wsx8TCYiCpUeAgAAAADgdPKd73wn5s6dG3fddVelR4lCYfAJ9/rrr49nnnkm3TBDZAsOAAAAAIDjfPvb345/+7d/q/QYVUGABgAAAAA46tvf/nb87Gc/q/QYVUOABgAAAAAI8TkFARoAAAAAGPHuuuuuisbnH//4x7Fv374oFAp9/hmKp59+us/1b7zxxpC+yLCUaivyVAAAAACA08Rdd90VP/nJTyr2/H/913+N733ve8nuP23atLjnnnsik8nEPffck+w5/bECGgAAAAAYsSodnyMiVq1aVVXPOZ4ADQAAAACMSKdDfI6IOPfcc8vynGnTppXlOccToAEAAACAEed0ic/VToAGAAAAAEYU8bl8BGgAAAAAYMT427/9237j88GDB2Pfvn1FxwqFQrnGqloCNAAAAAAwItx1113xz//8z32OHzhwIL7yla/Ee++9V3Q8k8mUa7SqJUADAAAAAFXv+9//fr8rnw8cOBA...
[debug] &amp#27;[35m[W3C (63091ffb)]&amp#27;[39m Responding to client with driver.compareImages() result: {"score":1}
&amp#27;[35m[HTTP]&amp#27;[39m &amp#27;[37m<-- POST /wd/hub/session/63091ffb-25ba-4690-9602-bf41739ac2c6/appium/compare_images &amp#27;[39m&amp#27;[32m200&amp#27;[39m &amp#27;[90m452 ms - 21&amp#27;[39m
&amp#27;[35m[HTTP]&amp#27;[39m &amp#27;[90m&amp#27;[39m
&amp#27;[35m[HTTP]&amp#27;[39m &amp#27;[37m-->&amp#27;[39m &amp#27;[37mGET&amp#27;[39m &amp#27;[37m/wd/hub/session/63091ffb-25ba-4690-9602-bf41739ac2c6/screenshot&amp#27;[39m
&amp#27;[35m[HTTP]&amp#27;[39m &amp#27;[90m{}&amp#27;[39m
[debug] &amp#27;[35m[W3C (63091ffb)]&amp#27;[39m Calling AppiumDriver.getScreenshot() with args: ["63091ffb-25ba-4690-9602-bf41739ac2c6"]
[debug] &amp#27;[35m[WD Proxy]&amp#27;[39m Matched '/screenshot' to command name 'getScreenshot'
[debug] &amp#27;[35m[WD Proxy]&amp#27;[39m Proxying [GET /screenshot] to [GET http://127.0.0.1:8200/wd/hub/session/48554810-727f-4111-b250-ae9349bb7ba5/screenshot] with no body
[debug] &amp#27;[35m[WD Proxy]&amp#27;[39m Got response with status 200: {"sessionId":"48554810-727f-4111-b250-ae9349bb7ba5","value":"iVBORw0KGgoAAAANSUhEUgAABaAAAAoACAYAAABH9IXPAAAAAXNSR0IArs4c6QAAAARzQklUCAgI\nCHwIZIgAACAASURBVHic7N1/kNT1ffjx1+4dcgcoekgEzggjoOiBYg2XBAU0KmDTiDCmRDMdMjVp\n2jqdtE3+8a/6R2fadNKm853EP5qpHSZpHKijqMEi6igccSxGQY9TiUf9eaBVARXcI8ftfv8ALuz9\ngDtu37uw93jMOHE/9/nxul3858k7781ERCEAAAAAAKDEspUeAAAAAACA6iRAAwAAAACQhAANAAAA\nAEASAjQAAAAAAEkI0AAAAAAAJCFAAwAAAACQhAANAAAAAEASAjQAAAAAAEkI0AAAAAAAJCFAAwAA\nAACQhAANAAAAAEASAjQAAAAAAEkI0AAAAAAAJCFAAwAAAACQhAANAAAAAEASAjQAAAAAAEkI0AAA\nAAAAJCFAAwAAAACQRG2lBwAAAAAAOB1NmzYt3nzzzUqPEX/3d3836HNXr159Wsx8TCYiCpUeAgAA\nAADgdPKd73wn5s6dG3fddVelR4lCYfAJ9/rrr49nnnkm3TBDZAsOAAAAAIDjfPvb345/+7d/q/QY\nVUGABgAAAAA46tvf/nb87Gc/q/QYVUOABgAAAAAI8TkFARoAAAAAGPHuuuuuisbnH//4x7Fv374o\nFAp9/hmKp59+us/1b7zxxpC+yLCUaivyVAAAAACA08Rdd90VP/nJTyr2/H/913+N733ve8nuP23a\ntLjnnnsik8nEPffck+w5/bECGgAAAAAYsSodnyMiVq1aVVXPOZ4ADQAAAACMSKdDfI6IOPfcc8vy\nnGnTppXlOccToAEAAACAEed0ic/VToAGAAAAAEYU8bl8BGgAAAAAYMT427/9237j88GDB2Pfvn1F\nxwqFQrnGqloCNAAAAAAwItx1...
[debug] &amp#27;[35m[W3C (63091ffb)]&amp#27;[39m Responding to client with driver.getScreenshot() result: "iVBORw0KGgoAAAANSUhEUgAABaAAAAoACAYAAABH9IXPAAAAAXNSR0IArs4c6QAAAARzQklUCAgI\nCHwIZIgAACAASURBVHic7N1/kNT1ffjx1+4dcgcoekgEzggjoOiBYg2XBAU0KmDTiDCmRDMdMjVp\n2jqdtE3+8a/6R2fadNKm853EP5qpHSZpHKijqMEi6igccSxGQY9TiUf9eaBVARXcI8ftfv8ALuz9\ngDtu37uw93jMOHE/9/nxul3858k7781ERCEAAAAAAKDEspUeAAAAAACA6iRAAwAAAACQhAANAAAA\nAEASAjQAAAAAAEkI0AAAAAAAJCFAAwAAAACQhAANAAAAAEASAjQAAAAAAEkI0AAAAAAAJCFAAwAA\nAACQhAANAAAAAEASAjQAAAAAAEkI0AAAAAAAJCFAAwAAAACQhAANAAAAAEASAjQAAAAAAEkI0AAA\nAAAAJCFAAwAAAACQRG2lBwAAAAAAOB1NmzYt3nzzzUqPEX/3d3836HNXr159Wsx8TCYiCpUeAgAA\nAADgdPKd73wn5s6dG3fddVelR4lCYfAJ9/rrr49nnnkm3TBDZAsOAAAAAIDjfPvb345/+7d/q/QY\nVUGABgAAAAA46tvf/nb87Gc/q/QYVUOABgAAAAAI8TkFARoAAAAAGPHuuuuuisbnH//4x7Fv374o\nFAp9/hmKp59+us/1b7zxxpC+yLCUaivyVAAAAACA08Rdd90VP/nJTyr2/H/913+N733ve8nuP23a\ntLjnnnsik8nEPffck+w5/bECGgAAAAAYsSodnyMiVq1aVVXPOZ4ADQAAAACMSKdDfI6IOPfcc8vy\nnGnTppXlOccToAEAAACAEed0ic/VToAGAAAAAEYU8bl8BGgAAAAAYMT427/9237j88GDB2Pfvn1F\nxwqFQrnGqloCNAAAAAAwItx1113xz//8z32OHzhwIL7yla/Ee++9V3Q8k8mUa7SqJUADAAAAAFXv\n+9//fr...
&amp#27;[35m[HTTP]&amp#27;[39m &amp#27;[37m<-- GET /wd/hub/session/63091ffb-25ba-4690-9602-bf41739ac2c6/screenshot &amp#27;[39m&amp#27;[32m200&amp#27;[39m &amp#27;[90m441 ms - 383276&amp#27;[39m
&amp#27;[35m[HTTP]&amp#27;[39m &amp#27;[90m&amp#27;[39m
&amp#27;[35m[HTTP]&amp#27;[39m &amp#27;[37m-->&amp#27;[39m &amp#27;[37mPOST&amp#27;[39m &amp#27;[37m/wd/hub/session/63091ffb-25ba-4690-9602-bf41739ac2c6/appium/compare_images&amp#27;[39m
&amp#27;[35m[HTTP]&amp#27;[39m &amp#27;[90m{"mode":"getSimilarity","firstImage":"iVBORw0KGgoAAAANSUhEUgAABaAAAAoACAYAAABH9IXPAAAAAXNSR0IArs4c6QAAAARzQklUCAgICHwIZIgAACAASURBVHic7N1/kNT1ffjx1+4dcgcoekgEzggjoOiBYg2XBAU0KmDTiDCmRDMdMjVp2jqdtE3+8a/6R2fadNKm853EP5qpHSZpHKijqMEi6igccSxGQY9TiUf9eaBVARXcI8ftfv8ALuz9gDtu37uw93jMOHE/9/nxul3858k7781ERCEAAAAAAKDEspUeAAAAAACA6iRAAwAAAACQhAANAAAAAEASAjQAAAAAAEkI0AAAAAAAJCFAAwAAAACQhAANAAAAAEASAjQAAAAAAEkI0AAAAAAAJCFAAwAAAACQhAANAAAAAEASAjQAAAAAAEkI0AAAAAAAJCFAAwAAAACQhAANAAAAAEASAjQAAAAAAEkI0AAAAAAAJCFAAwAAAACQRG2lBwAAAAAAOB1NmzYt3nzzzUqPEX/3d3836HNXr159Wsx8TCYiCpUeAgAAAADgdPKd73wn5s6dG3fddVelR4lCYfAJ9/rrr49nnnkm3TBDZAsOAAAAAIDjfPvb345/+7d/q/QYVUGABgAAAAA46tvf/nb87Gc/q/QYVUOABgAAAAAI8TkFARoAAAAAGPHuuuuuisbnH//4x7Fv374oFAp9/hmKp59+us/1b7zxxpC+yLCUaivyVAAAAACA08Rdd90VP/nJTyr2/H/913+N733ve8nuP23atLjnnnsik8nEPffck+w5/bECGgAAAAAYsSodnyMiVq1aVVXPOZ4ADQAAAACMSKdDfI6IOPfcc8vynGnTppXlOccToAEAAACAEed0ic/VToAGAAAAAEYU8bl8BGgAAAAAYMT427/9237j88GDB2Pfvn1FxwqFQrnGqloCNAAAAAAwItx1113xz//8z32OHzhwIL7yla/Ee++9V3Q8k8mUa7SqJUADAAA...&amp#27;[39m
[debug] &amp#27;[35m[W3C (63091ffb)]&amp#27;[39m Calling AppiumDriver.compareImages() with args: ["getSimilarity","iVBORw0KGgoAAAANSUhEUgAABaAAAAoACAYAAABH9IXPAAAAAXNSR0IArs4c6QAAAARzQklUCAgICHwIZIgAACAASURBVHic7N1/kNT1ffjx1+4dcgcoekgEzggjoOiBYg2XBAU0KmDTiDCmRDMdMjVp2jqdtE3+8a/6R2fadNKm853EP5qpHSZpHKijqMEi6igccSxGQY9TiUf9eaBVARXcI8ftfv8ALuz9gDtu37uw93jMOHE/9/nxul3858k7781ERCEAAAAAAKDEspUeAAAAAACA6iRAAwAAAACQhAANAAAAAEASAjQAAAAAAEkI0AAAAAAAJCFAAwAAAACQhAANAAAAAEASAjQAAAAAAEkI0AAAAAAAJCFAAwAAAACQhAANAAAAAEASAjQAAAAAAEkI0AAAAAAAJCFAAwAAAACQhAANAAAAAEASAjQAAAAAAEkI0AAAAAAAJCFAAwAAAACQRG2lBwAAAAAAOB1NmzYt3nzzzUqPEX/3d3836HNXr159Wsx8TCYiCpUeAgAAAADgdPKd73wn5s6dG3fddVelR4lCYfAJ9/rrr49nnnkm3TBDZAsOAAAAAIDjfPvb345/+7d/q/QYVUGABgAAAAA46tvf/nb87Gc/q/QYVUOABgAAAAAI8TkFARoAAAAAGPHuuuuuisbnH//4x7Fv374oFAp9/hmKp59+us/1b7zxxpC+yLCUaivyVAAAAACA08Rdd90VP/nJTyr2/H/913+N733ve8nuP23atLjnnnsik8nEPffck+w5/bECGgAAAAAYsSodnyMiVq1aVVXPOZ4ADQAAAACMSKdDfI6IOPfcc8vynGnTppXlOccToAEAAACAEed0ic/VToAGAAAAAEYU8bl8BGgAAAAAYMT427/9237j88GDB2Pfvn1FxwqFQrnGqloCNAAAAAAwItx1113xz//8z32OHzhwIL7yla/Ee++9V3Q8k8mUa7SqJUADAAAAAFXv+9//fr8rnw8cOBA...
[debug] &amp#27;[35m[W3C (63091ffb)]&amp#27;[39m Responding to client with driver.compareImages() result: {"score":0.998885989189148,"visualization":"iVBORw0KGgoAAAANSUhEUgAAC0AAAAoACAIAAACtAjTvAAAgAElEQVR4AezBQWhcd34A4N+7aXrpri+t7UtKhdEwNl0wGajxemXkWgqURSkDanpxSdLTW9pMvTU4UNptoQbhMj1Y7xI2rE/Bp6SXMnq8g5XNaQIlYGmMQQu+OL45u6AyolD+BcGCgzOxvHnWjKzv+7IAAAAAAAAAAGCisgAAAAAAAAAAYKKyAAAAAAAAAABgorIAAAAAAAAAAGCisgAAAAAAAAAAYKKyAAAAAAAAAABgorIAAAAAAAAAAGCisgAAAAAAAAAAYKKyAAAAAAAAAABgorIAAAAAAAAAAGCisgAAAAAAAAAAYKKyAAAAAAAAAABgorIAAAAAAAAAAGCisgAAAAAAAAAAYKKyAAAAAAAAAABgorIAAAAAAAAAAGCisgAAAAAAAAAAYKKyAAAAAAAAAABgorIAAAAAAAAAAGCisgAAAABeLa+99trDhw/jJfunf/qn+Fa3b99++PBhAAAAALy411577eHDh/GS/dM//VN8q9u3bz98+DAORBYAAADAK+Rv/uZvfvCDH+R5Hi9ZSim+1cWLF+/evRsAAAAAL+hv/uZvfvCDH+R5Hi9ZSim+1cWLF+/evRsHIgsAAADgVfHuu+9+8MEHRVHkeR4vWUopvtXFixfv3r0bAAAAAC/i3Xff/eCDD4qiyPM8XrKUUnyrixcv3r17Nw5EFgAAAMAr4d133/3ggw8ioiiKPM/jJUspxbe6ePHi3bt3AwAAAGDf3n333Q8++CAiiqLI8zxespRSfKuLFy/evXs3DkQWAAAAwOH37rvvfvDBB7GnKIo8z+MlSynFt7p48eLdu3cDAAAAYH/efffdDz74IPYURZHnebxkKaX4VhcvXrx7924ciCwAAACAQy7P81u3bsVvFUWR53nUp9fr/fVf//X3vve9+A4ePnz4i1/84mc/+1kAAAAAP...
&amp#27;[35m[HTTP]&amp#27;[39m &amp#27;[37m<-- POST /wd/hub/session/63091ffb-25ba-4690-9602-bf41739ac2c6/appium/compare_images &amp#27;[39m&amp#27;[32m200&amp#27;[39m &amp#27;[90m481 ms - 1982960&amp#27;[39m
&amp#27;[35m[HTTP]&amp#27;[39m &amp#27;[90m&amp#27;[39m
Visual check of 'Item view bottom' passed; similarity match was 0,998886
Searching for item settings
&amp#27;[35m[HTTP]&amp#27;[39m &amp#27;[37m-->&amp#27;[39m &amp#27;[37mGET&amp#27;[39m &amp#27;[37m/wd/hub/session/63091ffb-25ba-4690-9602-bf41739ac2c6/context&amp#27;[39m
&amp#27;[35m[HTTP]&amp#27;[39m &amp#27;[90m{}&amp#27;[39m
[debug] &amp#27;[35m[W3C (63091ffb)]&amp#27;[39m Calling AppiumDriver.getCurrentContext() with args: ["63091ffb-25ba-4690-9602-bf41739ac2c6"]
[debug] &amp#27;[35m[W3C (63091ffb)]&amp#27;[39m Responding to client with driver.getCurrentContext() result: "NATIVE_APP"
&amp#27;[35m[HTTP]&amp#27;[39m &amp#27;[37m<-- GET /wd/hub/session/63091ffb-25ba-4690-9602-bf41739ac2c6/context &amp#27;[39m&amp#27;[32m200&amp#27;[39m &amp#27;[90m1 ms - 22&amp#27;[39m
&amp#27;[35m[HTTP]&amp#27;[39m &amp#27;[90m&amp#27;[39m
&amp#27;[35m[HTTP]&amp#27;[39m &amp#27;[37m-->&amp#27;[39m &amp#27;[37mPOST&amp#27;[39m &amp#27;[37m/wd/hub/session/63091ffb-25ba-4690-9602-bf41739ac2c6/element&amp#27;[39m
&amp#27;[35m[HTTP]&amp#27;[39m &amp#27;[90m{"using":"id","value":"com.nordpass.android.app.password.manager:id/more"}&amp#27;[39m
[debug] &amp#27;[35m[W3C (63091ffb)]&amp#27;[39m Calling AppiumDriver.findElement() with args: ["id","com.nordpass.android.app.password.manager:id/more","63091ffb-25ba-4690-9602-bf41739ac2c6"]
[debug] &amp#27;[35m[BaseDriver]&amp#27;[39m Valid locator strategies for this request: xpath, id, class name, accessibility id, -android uiautomator
[debug] &amp#27;[35m[BaseDriver]&amp#27;[39m Waiting up to 10000 ms for condition
[debug] &amp#27;[35m[WD Proxy]&amp#27;[39m Matched '/element' to command name 'findElement'
[debug] &amp#27;[35m[WD Proxy]&amp#27;[39m Proxying [POST /element] to [POST http://127.0.0.1:8200/wd/hub/session/48554810-727f-4111-b250-ae9349bb7ba5/element] with body: {"strategy":"id","selector":"com.nordpass.android.app.password.manager:id/more","context":"","multiple":false}
[debug] &amp#27;[35m[WD Proxy]&amp#27;[39m Got response with status 200: {"sessionId":"48554810-727f-4111-b250-ae9349bb7ba5","value":{"ELEMENT":"67aa55be-1fea-4049-880e-7328cb1f64c2","element-6066-11e4-a52e-4f735466cecf":"67aa55be-1fea-4049-880e-7328cb1f64c2"}}
[debug] &amp#27;[35m[W3C (63091ffb)]&amp#27;[39m Responding to client with driver.findElement() result: {"element-6066-11e4-a52e-4f735466cecf":"67aa55be-1fea-4049-880e-7328cb1f64c2","ELEMENT":"67aa55be-1fea-4049-880e-7328cb1f64c2"}
&amp#27;[35m[HTTP]&amp#27;[39m &amp#27;[37m<-- POST /wd/hub/session/63091ffb-25ba-4690-9602-bf41739ac2c6/element &amp#27;[39m&amp#27;[32m200&amp#27;[39m &amp#27;[90m16 ms - 137&amp#27;[39m
&amp#27;[35m[HTTP]&amp#27;[39m &amp#27;[90m&amp#27;[39m
&amp#27;[35m[HTTP]&amp#27;[39m &amp#27;[37m-->&amp#27;[39m &amp#27;[37mPOST&amp#27;[39m &amp#27;[37m/wd/hub/session/63091ffb-25ba-4690-9602-bf41739ac2c6/element/67aa55be-1fea-4049-880e-7328cb1f64c2/click&amp#27;[39m
&amp#27;[35m[HTTP]&amp#27;[39m &amp#27;[90m{"id":"67aa55be-1fea-4049-880e-7328cb1f64c2"}&amp#27;[39m
[debug] &amp#27;[35m[W3C (63091ffb)]&amp#27;[39m Calling AppiumDriver.click() with args: ["67aa55be-1fea-4049-880e-7328cb1f64c2","63091ffb-25ba-4690-9602-bf41739ac2c6"]
[debug] &amp#27;[35m[WD Proxy]&amp#27;[39m Matched '/element/67aa55be-1fea-4049-880e-7328cb1f64c2/click' to command name 'click'
[debug] &amp#27;[35m[WD Proxy]&amp#27;[39m Proxying [POST /element/67aa55be-1fea-4049-880e-7328cb1f64c2/click] to [POST http://127.0.0.1:8200/wd/hub/session/48554810-727f-4111-b250-ae9349bb7ba5/element/67aa55be-1fea-4049-880e-7328cb1f64c2/click] with body: {"element":"67aa55be-1fea-4049-880e-7328cb1f64c2"}
[debug] &amp#27;[35m[WD Proxy]&amp#27;[39m Got response with status 200: {"sessionId":"48554810-727f-4111-b250-ae9349bb7ba5","value":null}
[debug] &amp#27;[35m[W3C (63091ffb)]&amp#27;[39m Responding to client with driver.click() result: null
&amp#27;[35m[HTTP]&amp#27;[39m &amp#27;[37m<-- POST /wd/hub/session/63091ffb-25ba-4690-9602-bf41739ac2c6/element/67aa55be-1fea-4049-880e-7328cb1f64c2/click &amp#27;[39m&amp#27;[32m200&amp#27;[39m &amp#27;[90m47 ms - 14&amp#27;[39m
&amp#27;[35m[HTTP]&amp#27;[39m &amp#27;[90m&amp#27;[39m
Search for Edit button
&amp#27;[35m[HTTP]&amp#27;[39m &amp#27;[37m-->&amp#27;[39m &amp#27;[37mGET&amp#27;[39m &amp#27;[37m/wd/hub/session/63091ffb-25ba-4690-9602-bf41739ac2c6/context&amp#27;[39m
&amp#27;[35m[HTTP]&amp#27;[39m &amp#27;[90m{}&amp#27;[39m
[debug] &amp#27;[35m[W3C (63091ffb)]&amp#27;[39m Calling AppiumDriver.getCurrentContext() with args: ["63091ffb-25ba-4690-9602-bf41739ac2c6"]
[debug] &amp#27;[35m[W3C (63091ffb)]&amp#27;[39m Responding to client with driver.getCurrentContext() result: "NATIVE_APP"
&amp#27;[35m[HTTP]&amp#27;[39m &amp#27;[37m<-- GET /wd/hub/session/63091ffb-25ba-4690-9602-bf41739ac2c6/context &amp#27;[39m&amp#27;[32m200&amp#27;[39m &amp#27;[90m1 ms - 22&amp#27;[39m
&amp#27;[35m[HTTP]&amp#27;[39m &amp#27;[90m&amp#27;[39m
&amp#27;[35m[HTTP]&amp#27;[39m &amp#27;[37m-->&amp#27;[39m &amp#27;[37mPOST&amp#27;[39m &amp#27;[37m/wd/hub/session/63091ffb-25ba-4690-9602-bf41739ac2c6/element&amp#27;[39m
&amp#27;[35m[HTTP]&amp#27;[39m &amp#27;[90m{"using":"xpath","value":"//android.widget.TextView[contains(@text, 'Edit')]"}&amp#27;[39m
[debug] &amp#27;[35m[W3C (63091ffb)]&amp#27;[39m Calling AppiumDriver.findElement() with args: ["xpath","//android.widget.TextView[contains(@text, 'Edit')]","63091ffb-25ba-4690-9602-bf41739ac2c6"]
[debug] &amp#27;[35m[BaseDriver]&amp#27;[39m Valid locator strategies for this request: xpath, id, class name, accessibility id, -android uiautomator
[debug] &amp#27;[35m[BaseDriver]&amp#27;[39m Waiting up to 10000 ms for condition
[debug] &amp#27;[35m[WD Proxy]&amp#27;[39m Matched '/element' to command name 'findElement'
[debug] &amp#27;[35m[WD Proxy]&amp#27;[39m Proxying [POST /element] to [POST http://127.0.0.1:8200/wd/hub/session/48554810-727f-4111-b250-ae9349bb7ba5/element] with body: {"strategy":"xpath","selector":"//android.widget.TextView[contains(@text, 'Edit')]","context":"","multiple":false}
[debug] &amp#27;[35m[WD Proxy]&amp#27;[39m Got response with status 200: {"sessionId":"48554810-727f-4111-b250-ae9349bb7ba5","value":{"ELEMENT":"e76587b9-776e-498c-81c6-3ea930e595df","element-6066-11e4-a52e-4f735466cecf":"e76587b9-776e-498c-81c6-3ea930e595df"}}
[debug] &amp#27;[35m[W3C (63091ffb)]&amp#27;[39m Responding to client with driver.findElement() result: {"element-6066-11e4-a52e-4f735466cecf":"e76587b9-776e-498c-81c6-3ea930e595df","ELEMENT":"e76587b9-776e-498c-81c6-3ea930e595df"}
&amp#27;[35m[HTTP]&amp#27;[39m &amp#27;[37m<-- POST /wd/hub/session/63091ffb-25ba-4690-9602-bf41739ac2c6/element &amp#27;[39m&amp#27;[32m200&amp#27;[39m &amp#27;[90m649 ms - 137&amp#27;[39m
&amp#27;[35m[HTTP]&amp#27;[39m &amp#27;[90m&amp#27;[39m
&amp#27;[35m[HTTP]&amp#27;[39m &amp#27;[37m-->&amp#27;[39m &amp#27;[37mPOST&amp#27;[39m &amp#27;[37m/wd/hub/session/63091ffb-25ba-4690-9602-bf41739ac2c6/element/e76587b9-776e-498c-81c6-3ea930e595df/click&amp#27;[39m
&amp#27;[35m[HTTP]&amp#27;[39m &amp#27;[90m{"id":"e76587b9-776e-498c-81c6-3ea930e595df"}&amp#27;[39m
[debug] &amp#27;[35m[W3C (63091ffb)]&amp#27;[39m Calling AppiumDriver.click() with args: ["e76587b9-776e-498c-81c6-3ea930e595df","63091ffb-25ba-4690-9602-bf41739ac2c6"]
[debug] &amp#27;[35m[WD Proxy]&amp#27;[39m Matched '/element/e76587b9-776e-498c-81c6-3ea930e595df/click' to command name 'click'
[debug] &amp#27;[35m[WD Proxy]&amp#27;[39m Proxying [POST /element/e76587b9-776e-498c-81c6-3ea930e595df/click] to [POST http://127.0.0.1:8200/wd/hub/session/48554810-727f-4111-b250-ae9349bb7ba5/element/e76587b9-776e-498c-81c6-3ea930e595df/click] with body: {"element":"e76587b9-776e-498c-81c6-3ea930e595df"}
[debug] &amp#27;[35m[WD Proxy]&amp#27;[39m Got response with status 200: {"sessionId":"48554810-727f-4111-b250-ae9349bb7ba5","value":null}
[debug] &amp#27;[35m[W3C (63091ffb)]&amp#27;[39m Responding to client with driver.click() result: null
&amp#27;[35m[HTTP]&amp#27;[39m &amp#27;[37m<-- POST /wd/hub/session/63091ffb-25ba-4690-9602-bf41739ac2c6/element/e76587b9-776e-498c-81c6-3ea930e595df/click &amp#27;[39m&amp#27;[32m200&amp#27;[39m &amp#27;[90m734 ms - 14&amp#27;[39m
&amp#27;[35m[HTTP]&amp#27;[39m &amp#27;[90m&amp#27;[39m
&amp#27;[35m[HTTP]&amp#27;[39m &amp#27;[37m-->&amp#27;[39m &amp#27;[37mGET&amp#27;[39m &amp#27;[37m/wd/hub/session/63091ffb-25ba-4690-9602-bf41739ac2c6/screenshot&amp#27;[39m
&amp#27;[35m[HTTP]&amp#27;[39m &amp#27;[90m{}&amp#27;[39m
[debug] &amp#27;[35m[W3C (63091ffb)]&amp#27;[39m Calling AppiumDriver.getScreenshot() with args: ["63091ffb-25ba-4690-9602-bf41739ac2c6"]
[debug] &amp#27;[35m[WD Proxy]&amp#27;[39m Matched '/screenshot' to command name 'getScreenshot'
[debug] &amp#27;[35m[WD Proxy]&amp#27;[39m Proxying [GET /screenshot] to [GET http://127.0.0.1:8200/wd/hub/session/48554810-727f-4111-b250-ae9349bb7ba5/screenshot] with no body
[debug] &amp#27;[35m[WD Proxy]&amp#27;[39m Got response with status 200: {"sessionId":"48554810-727f-4111-b250-ae9349bb7ba5","value":"iVBORw0KGgoAAAANSUhEUgAABaAAAAoACAYAAABH9IXPAAAAAXNSR0IArs4c6QAAAARzQklUCAgI\nCHwIZIgAACAASURBVHic7N15vNZj/j/w9+kcrVIRZW0hIvs2ZAtRqawllIylsWTGku1rNJImRMRQ\nQyNjKVuhRSpbaGJsGQkNoSaJn6mktKjO7w/f5svUue/7nHN/zn2fej4fjx4P7s/1ua43XX2q1319\nrqsgIooDAAAAAACyrEquCwAAAAAAYMMkgAYAAAAAIBECaAAAAAAAEiGABgAAAAAgEQJoAAAAAAAS\nIYAGAAAAACARAmgAAAAAABIhgAYAAAAAIBECaAAAAAAAEiGABgAAAAAgEQJoAAAAAAASIYAGAAAA\nACARAmgAAAAAABIhgAYAAAAAIBECaAAAAAAAEiGABgAAAAAgEQJoAAAAAAASIYAGAAAAACARRbku\nAAAAAAAgHzVu3Di++OKLXJcR119/fcZtH3zwwbyoea2CiCjOdREAAAAAAPmkR48esffee0fPnj1z\nXUoUF2ce4R555JExefLk5IopJVtwAAAAAAD8zHnnnRf33XdfrsvYIAigAQAAAAD+13nnnRdDhw7N\ndRkbDAE0AAAAAEAIn5MggAYAAAAANno9e/bMafh8xx13xMKFC6O4uHidH6Xx8ssvr3P/559/XqqD\nDLOpKCejAgAAAADkiZ49e8bdd9+ds/EHDRoUl1xySWL9N27cOPr06RMFBQXRp0+fxMZZHyugAQAA\nAICNVq7D54iIs846a4Ma5+cE0AAAAADARikfwueIiLp161bIOI0bN66QcX5OAA0AAAAAbHTyJXze\n0AmgAQAAAICNivC54gigAQAAAICNxuWXX77e8Hnp0qWxcOHCX3xWXFxcUWVtsATQAAAAAMBGoWfP\nnjFw4MB1Pl+yZEkcddRRMX/+...
[debug] &amp#27;[35m[W3C (63091ffb)]&amp#27;[39m Responding to client with driver.getScreenshot() result: "iVBORw0KGgoAAAANSUhEUgAABaAAAAoACAYAAABH9IXPAAAAAXNSR0IArs4c6QAAAARzQklUCAgI\nCHwIZIgAACAASURBVHic7N15vNZj/j/w9+kcrVIRZW0hIvs2ZAtRqawllIylsWTGku1rNJImRMRQ\nQyNjKVuhRSpbaGJsGQkNoSaJn6mktKjO7w/f5svUue/7nHN/zn2fej4fjx4P7s/1ua43XX2q1319\nrqsgIooDAAAAAACyrEquCwAAAAAAYMMkgAYAAAAAIBECaAAAAAAAEiGABgAAAAAgEQJoAAAAAAAS\nIYAGAAAAACARAmgAAAAAABIhgAYAAAAAIBECaAAAAAAAEiGABgAAAAAgEQJoAAAAAAASIYAGAAAA\nACARAmgAAAAAABIhgAYAAAAAIBECaAAAAAAAEiGABgAAAAAgEQJoAAAAAAASIYAGAAAAACARRbku\nAAAAAAAgHzVu3Di++OKLXJcR119/fcZtH3zwwbyoea2CiCjOdREAAAAAAPmkR48esffee0fPnj1z\nXUoUF2ce4R555JExefLk5IopJVtwAAAAAAD8zHnnnRf33XdfrsvYIAigAQAAAAD+13nnnRdDhw7N\ndRkbDAE0AAAAAEAIn5MggAYAAAAANno9e/bMafh8xx13xMKFC6O4uHidH6Xx8ssvr3P/559/XqqD\nDLOpKCejAgAAAADkiZ49e8bdd9+ds/EHDRoUl1xySWL9N27cOPr06RMFBQXRp0+fxMZZHyugAQAA\nAICNVq7D54iIs846a4Ma5+cE0AAAAADARikfwueIiLp161bIOI0bN66QcX5OAA0AAAAAbHTyJXze\n0AmgAQAAAICNivC54gigAQAAAICNxuWXX77e8Hnp0qWxcOHCX3xWXFxcUWVtsATQAAAAAMBGoWfP\nnjFw4MB1Pl+yZEkcddRRMX/+/F98XlBQUFGlbbAE0AAAAADABq9Xr17rXfm8ZMmSOProo+PNN9/M\nQVUbPg...
&amp#27;[35m[HTTP]&amp#27;[39m &amp#27;[37m<-- GET /wd/hub/session/63091ffb-25ba-4690-9602-bf41739ac2c6/screenshot &amp#27;[39m&amp#27;[32m200&amp#27;[39m &amp#27;[90m482 ms - 415918&amp#27;[39m
&amp#27;[35m[HTTP]&amp#27;[39m &amp#27;[90m&amp#27;[39m
&amp#27;[35m[HTTP]&amp#27;[39m &amp#27;[37m-->&amp#27;[39m &amp#27;[37mPOST&amp#27;[39m &amp#27;[37m/wd/hub/session/63091ffb-25ba-4690-9602-bf41739ac2c6/appium/compare_images&amp#27;[39m
&amp#27;[35m[HTTP]&amp#27;[39m &amp#27;[90m{"mode":"getSimilarity","firstImage":"iVBORw0KGgoAAAANSUhEUgAABaAAAAoACAYAAABH9IXPAAAAAXNSR0IArs4c6QAAAARzQklUCAgICHwIZIgAACAASURBVHic7N15vNZj/j/w9+kcrVIRZW0hIvs2ZAtRqawllIylsWTGku1rNJImRMRQQyNjKVuhRSpbaGJsGQkNoSaJn6mktKjO7w/f5svUue/7nHN/zn2fej4fjx4P7s/1ua43XX2q1319rqsgIooDAAAAAACyrEquCwAAAAAAYMMkgAYAAAAAIBECaAAAAAAAEiGABgAAAAAgEQJoAAAAAAASIYAGAAAAACARAmgAAAAAABIhgAYAAAAAIBECaAAAAAAAEiGABgAAAAAgEQJoAAAAAAASIYAGAAAAACARAmgAAAAAABIhgAYAAAAAIBECaAAAAAAAEiGABgAAAAAgEQJoAAAAAAASIYAGAAAAACARRbkuAAAAAAAgHzVu3Di++OKLXJcR119/fcZtH3zwwbyoea2CiCjOdREAAAAAAPmkR48esffee0fPnj1zXUoUF2ce4R555JExefLk5IopJVtwAAAAAAD8zHnnnRf33XdfrsvYIAigAQAAAAD+13nnnRdDhw7NdRkbDAE0AAAAAEAIn5MggAYAAAAANno9e/bMafh8xx13xMKFC6O4uHidH6Xx8ssvr3P/559/XqqDDLOpKCejAgAAAADkiZ49e8bdd9+ds/EHDRoUl1xySWL9N27cOPr06RMFBQXRp0+fxMZZHyugAQAAAICNVq7D54iIs846a4Ma5+cE0AAAAADARikfwueIiLp161bIOI0bN66QcX5OAA0AAAAAbHTyJXze0AmgAQAAAICNivC54gigAQAAAICNxuWXX77e8Hnp0qWxcOHCX3xWXFxcUWVtsATQAAAAAMBGoWfPnjFw4MB1Pl+yZEkcddRRMX/+/F98XlBQUFGlbbAE0AAAAADABq9Xr17rXfm8ZMmSOProo+P...&amp#27;[39m
[debug] &amp#27;[35m[W3C (63091ffb)]&amp#27;[39m Calling AppiumDriver.compareImages() with args: ["getSimilarity","iVBORw0KGgoAAAANSUhEUgAABaAAAAoACAYAAABH9IXPAAAAAXNSR0IArs4c6QAAAARzQklUCAgICHwIZIgAACAASURBVHic7N15vNZj/j/w9+kcrVIRZW0hIvs2ZAtRqawllIylsWTGku1rNJImRMRQQyNjKVuhRSpbaGJsGQkNoSaJn6mktKjO7w/f5svUue/7nHN/zn2fej4fjx4P7s/1ua43XX2q1319rqsgIooDAAAAAACyrEquCwAAAAAAYMMkgAYAAAAAIBECaAAAAAAAEiGABgAAAAAgEQJoAAAAAAASIYAGAAAAACARAmgAAAAAABIhgAYAAAAAIBECaAAAAAAAEiGABgAAAAAgEQJoAAAAAAASIYAGAAAAACARAmgAAAAAABIhgAYAAAAAIBECaAAAAAAAEiGABgAAAAAgEQJoAAAAAAASIYAGAAAAACARRbkuAAAAAAAgHzVu3Di++OKLXJcR119/fcZtH3zwwbyoea2CiCjOdREAAAAAAPmkR48esffee0fPnj1zXUoUF2ce4R555JExefLk5IopJVtwAAAAAAD8zHnnnRf33XdfrsvYIAigAQAAAAD+13nnnRdDhw7NdRkbDAE0AAAAAEAIn5MggAYAAAAANno9e/bMafh8xx13xMKFC6O4uHidH6Xx8ssvr3P/559/XqqDDLOpKCejAgAAAADkiZ49e8bdd9+ds/EHDRoUl1xySWL9N27cOPr06RMFBQXRp0+fxMZZHyugAQAAAICNVq7D54iIs846a4Ma5+cE0AAAAADARikfwueIiLp161bIOI0bN66QcX5OAA0AAAAAbHTyJXze0AmgAQAAAICNivC54gigAQAAAICNxuWXX77e8Hnp0qWxcOHCX3xWXFxcUWVtsATQAAAAAMBGoWfPnjFw4MB1Pl+yZEkcddRRMX/+/F98XlBQUFGlbbAE0AAAAADABq9Xr17rXfm8ZMmSOProo+PNN9/MQVUbPgE0AAAAALB...
[debug] &amp#27;[35m[W3C (63091ffb)]&amp#27;[39m Responding to client with driver.compareImages() result: {"score":0.9988787770271301,"visualization":"iVBORw0KGgoAAAANSUhEUgAAC0AAAAoACAIAAACtAjTvAAAgAElEQVR4AezBD2zcdeH/8dcb2iF0ZMMsuREc8scrPRuUgJRQ4Hb1JPOG06pVYMxGoeTQDwFclYuw2a4xkECJl6P7zFgokNgR893IwAlynrIq4eIhbmHN1Y8DHfxuiDGhQw/cv+v7lzQhKbm7cYNPd932fDyMAAAAAAAAAAAAAAAAUFdGAAAAAAAAAAAAAAAAqCsjAAAAAAAAAAAAAAAA1JURAAAAAAAAAAAAAAAA6soIAAAAAAAAAAAAAAAAdWUEAAAAAAAAAAAAAACAujICAAAAAAAAAAAAAABAXRkBAAAAAAAAAAAAAACgrowAAAAAAAAAAAAAAABQV0YAAAAAAAAAAAAAAACoKyMAAAAAAAAAAAAAAADUlREAAAAAAAAAAAAAAADqyggAAAAAAAAAAAAAAAB1ZQQAAAAAAAAAAAAAAIC6MgIAAAAAAAAAAAAAAEBdGQEAAAAAAAAAAAAAAKCujAAAAAAAAAAAAAAAAFBXRgAAAAAAAAAAAAAAAKgrIwAAAAAAAAAAAAAAANSVEQAAAAAAOL6cc845u3fv1izr6+vTYT322GO7d+8WAAAAAADAkTvnnHN2796tWdbX16fDeuyxx3bv3q2jwggAAAAAABxHbr755osuushxHM0ya60Oq6OjY9u2bQIAAAAAADhCN99880UXXeQ4jmaZtVaH1dHRsW3bNh0VRgAAAAAA4HjR09MzPDzsuq7jOJpl1lodVkdHx7Zt2wQAAAAAAHAkenp6hoeHXdd1HEezzFqrw+ro6Ni2bZuOCiMAAAAAAHBc6OnpGR4eluS6ruM4mmXWWh1WR0fHtm3bBAAAAAAAULOenp7h4WFJrus6jqNZZq3VYXV0dGzbtk1HhREAAAAAADj29fT0DA8Pa5rruo7jaJZZa3VYHR0d27ZtEwAAAAAAQG16enqG...
&amp#27;[35m[HTTP]&amp#27;[39m &amp#27;[37m<-- POST /wd/hub/session/63091ffb-25ba-4690-9602-bf41739ac2c6/appium/compare_images &amp#27;[39m&amp#27;[32m200&amp#27;[39m &amp#27;[90m522 ms - 2060361&amp#27;[39m
&amp#27;[35m[HTTP]&amp#27;[39m &amp#27;[90m&amp#27;[39m
Visual check of 'Edit view' passed; similarity match was 0,998879
Searching for NoteTitleField
&amp#27;[35m[HTTP]&amp#27;[39m &amp#27;[37m-->&amp#27;[39m &amp#27;[37mGET&amp#27;[39m &amp#27;[37m/wd/hub/session/63091ffb-25ba-4690-9602-bf41739ac2c6/context&amp#27;[39m
&amp#27;[35m[HTTP]&amp#27;[39m &amp#27;[90m{}&amp#27;[39m
[debug] &amp#27;[35m[W3C (63091ffb)]&amp#27;[39m Calling AppiumDriver.getCurrentContext() with args: ["63091ffb-25ba-4690-9602-bf41739ac2c6"]
[debug] &amp#27;[35m[W3C (63091ffb)]&amp#27;[39m Responding to client with driver.getCurrentContext() result: "NATIVE_APP"
&amp#27;[35m[HTTP]&amp#27;[39m &amp#27;[37m<-- GET /wd/hub/session/63091ffb-25ba-4690-9602-bf41739ac2c6/context &amp#27;[39m&amp#27;[32m200&amp#27;[39m &amp#27;[90m2 ms - 22&amp#27;[39m
&amp#27;[35m[HTTP]&amp#27;[39m &amp#27;[90m&amp#27;[39m
&amp#27;[35m[HTTP]&amp#27;[39m &amp#27;[37m-->&amp#27;[39m &amp#27;[37mPOST&amp#27;[39m &amp#27;[37m/wd/hub/session/63091ffb-25ba-4690-9602-bf41739ac2c6/element&amp#27;[39m
&amp#27;[35m[HTTP]&amp#27;[39m &amp#27;[90m{"using":"id","value":"com.nordpass.android.app.password.manager:id/noteTitle"}&amp#27;[39m
[debug] &amp#27;[35m[W3C (63091ffb)]&amp#27;[39m Calling AppiumDriver.findElement() with args: ["id","com.nordpass.android.app.password.manager:id/noteTitle","63091ffb-25ba-4690-9602-bf41739ac2c6"]
[debug] &amp#27;[35m[BaseDriver]&amp#27;[39m Valid locator strategies for this request: xpath, id, class name, accessibility id, -android uiautomator
[debug] &amp#27;[35m[BaseDriver]&amp#27;[39m Waiting up to 10000 ms for condition
[debug] &amp#27;[35m[WD Proxy]&amp#27;[39m Matched '/element' to command name 'findElement'
[debug] &amp#27;[35m[WD Proxy]&amp#27;[39m Proxying [POST /element] to [POST http://127.0.0.1:8200/wd/hub/session/48554810-727f-4111-b250-ae9349bb7ba5/element] with body: {"strategy":"id","selector":"com.nordpass.android.app.password.manager:id/noteTitle","context":"","multiple":false}
[debug] &amp#27;[35m[WD Proxy]&amp#27;[39m Got response with status 200: {"sessionId":"48554810-727f-4111-b250-ae9349bb7ba5","value":{"ELEMENT":"e8a12054-4d88-4211-afee-75864779eec4","element-6066-11e4-a52e-4f735466cecf":"e8a12054-4d88-4211-afee-75864779eec4"}}
[debug] &amp#27;[35m[W3C (63091ffb)]&amp#27;[39m Responding to client with driver.findElement() result: {"element-6066-11e4-a52e-4f735466cecf":"e8a12054-4d88-4211-afee-75864779eec4","ELEMENT":"e8a12054-4d88-4211-afee-75864779eec4"}
&amp#27;[35m[HTTP]&amp#27;[39m &amp#27;[37m<-- POST /wd/hub/session/63091ffb-25ba-4690-9602-bf41739ac2c6/element &amp#27;[39m&amp#27;[32m200&amp#27;[39m &amp#27;[90m32 ms - 137&amp#27;[39m
&amp#27;[35m[HTTP]&amp#27;[39m &amp#27;[90m&amp#27;[39m
&amp#27;[35m[HTTP]&amp#27;[39m &amp#27;[37m-->&amp#27;[39m &amp#27;[37mPOST&amp#27;[39m &amp#27;[37m/wd/hub/session/63091ffb-25ba-4690-9602-bf41739ac2c6/element/e8a12054-4d88-4211-afee-75864779eec4/click&amp#27;[39m
&amp#27;[35m[HTTP]&amp#27;[39m &amp#27;[90m{"id":"e8a12054-4d88-4211-afee-75864779eec4"}&amp#27;[39m
[debug] &amp#27;[35m[W3C (63091ffb)]&amp#27;[39m Calling AppiumDriver.click() with args: ["e8a12054-4d88-4211-afee-75864779eec4","63091ffb-25ba-4690-9602-bf41739ac2c6"]
[debug] &amp#27;[35m[WD Proxy]&amp#27;[39m Matched '/element/e8a12054-4d88-4211-afee-75864779eec4/click' to command name 'click'
[debug] &amp#27;[35m[WD Proxy]&amp#27;[39m Proxying [POST /element/e8a12054-4d88-4211-afee-75864779eec4/click] to [POST http://127.0.0.1:8200/wd/hub/session/48554810-727f-4111-b250-ae9349bb7ba5/element/e8a12054-4d88-4211-afee-75864779eec4/click] with body: {"element":"e8a12054-4d88-4211-afee-75864779eec4"}
[debug] &amp#27;[35m[WD Proxy]&amp#27;[39m Got response with status 200: {"sessionId":"48554810-727f-4111-b250-ae9349bb7ba5","value":null}
[debug] &amp#27;[35m[W3C (63091ffb)]&amp#27;[39m Responding to client with driver.click() result: null
&amp#27;[35m[HTTP]&amp#27;[39m &amp#27;[37m<-- POST /wd/hub/session/63091ffb-25ba-4690-9602-bf41739ac2c6/element/e8a12054-4d88-4211-afee-75864779eec4/click &amp#27;[39m&amp#27;[32m200&amp#27;[39m &amp#27;[90m70 ms - 14&amp#27;[39m
&amp#27;[35m[HTTP]&amp#27;[39m &amp#27;[90m&amp#27;[39m
Searching for NoteTitleField
&amp#27;[35m[HTTP]&amp#27;[39m &amp#27;[37m-->&amp#27;[39m &amp#27;[37mGET&amp#27;[39m &amp#27;[37m/wd/hub/session/63091ffb-25ba-4690-9602-bf41739ac2c6/context&amp#27;[39m
&amp#27;[35m[HTTP]&amp#27;[39m &amp#27;[90m{}&amp#27;[39m
[debug] &amp#27;[35m[W3C (63091ffb)]&amp#27;[39m Calling AppiumDriver.getCurrentContext() with args: ["63091ffb-25ba-4690-9602-bf41739ac2c6"]
[debug] &amp#27;[35m[W3C (63091ffb)]&amp#27;[39m Responding to client with driver.getCurrentContext() result: "NATIVE_APP"
&amp#27;[35m[HTTP]&amp#27;[39m &amp#27;[37m<-- GET /wd/hub/session/63091ffb-25ba-4690-9602-bf41739ac2c6/context &amp#27;[39m&amp#27;[32m200&amp#27;[39m &amp#27;[90m1 ms - 22&amp#27;[39m
&amp#27;[35m[HTTP]&amp#27;[39m &amp#27;[90m&amp#27;[39m
&amp#27;[35m[HTTP]&amp#27;[39m &amp#27;[37m-->&amp#27;[39m &amp#27;[37mPOST&amp#27;[39m &amp#27;[37m/wd/hub/session/63091ffb-25ba-4690-9602-bf41739ac2c6/element&amp#27;[39m
&amp#27;[35m[HTTP]&amp#27;[39m &amp#27;[90m{"using":"id","value":"com.nordpass.android.app.password.manager:id/noteTitle"}&amp#27;[39m
[debug] &amp#27;[35m[W3C (63091ffb)]&amp#27;[39m Calling AppiumDriver.findElement() with args: ["id","com.nordpass.android.app.password.manager:id/noteTitle","63091ffb-25ba-4690-9602-bf41739ac2c6"]
[debug] &amp#27;[35m[BaseDriver]&amp#27;[39m Valid locator strategies for this request: xpath, id, class name, accessibility id, -android uiautomator
[debug] &amp#27;[35m[BaseDriver]&amp#27;[39m Waiting up to 10000 ms for condition
[debug] &amp#27;[35m[WD Proxy]&amp#27;[39m Matched '/element' to command name 'findElement'
[debug] &amp#27;[35m[WD Proxy]&amp#27;[39m Proxying [POST /element] to [POST http://127.0.0.1:8200/wd/hub/session/48554810-727f-4111-b250-ae9349bb7ba5/element] with body: {"strategy":"id","selector":"com.nordpass.android.app.password.manager:id/noteTitle","context":"","multiple":false}
[debug] &amp#27;[35m[WD Proxy]&amp#27;[39m Got response with status 200: {"sessionId":"48554810-727f-4111-b250-ae9349bb7ba5","value":{"ELEMENT":"d04b5668-9dc2-4a5d-8eb8-04787ff98b92","element-6066-11e4-a52e-4f735466cecf":"d04b5668-9dc2-4a5d-8eb8-04787ff98b92"}}
[debug] &amp#27;[35m[W3C (63091ffb)]&amp#27;[39m Responding to client with driver.findElement() result: {"element-6066-11e4-a52e-4f735466cecf":"d04b5668-9dc2-4a5d-8eb8-04787ff98b92","ELEMENT":"d04b5668-9dc2-4a5d-8eb8-04787ff98b92"}
&amp#27;[35m[HTTP]&amp#27;[39m &amp#27;[37m<-- POST /wd/hub/session/63091ffb-25ba-4690-9602-bf41739ac2c6/element &amp#27;[39m&amp#27;[32m200&amp#27;[39m &amp#27;[90m738 ms - 137&amp#27;[39m
&amp#27;[35m[HTTP]&amp#27;[39m &amp#27;[90m&amp#27;[39m
&amp#27;[35m[HTTP]&amp#27;[39m &amp#27;[37m-->&amp#27;[39m &amp#27;[37mPOST&amp#27;[39m &amp#27;[37m/wd/hub/session/63091ffb-25ba-4690-9602-bf41739ac2c6/element/d04b5668-9dc2-4a5d-8eb8-04787ff98b92/value&amp#27;[39m
&amp#27;[35m[HTTP]&amp#27;[39m &amp#27;[90m{"id":"d04b5668-9dc2-4a5d-8eb8-04787ff98b92","text":"!@#$%^&*()_+{}:\"|?><|`1234567890-=[];'\\,./\\_Secure note title","value":["!","@","#","$","%","^","&","*","(",")","_","+","{","}",":","\"","|","?",">","<","|","`","1","2","3","4","5","6","7","8","9","0","-","=","[","]",";","'","\\",",",".","/","\\","_","S","e","c","u","r","e"," ","n","o","t","e"," ","t","i","t","l","e"]}&amp#27;[39m
[debug] &amp#27;[35m[W3C (63091ffb)]&amp#27;[39m Calling AppiumDriver.setValue() with args: [["!","@","#","$","%","^","&","*","(",")","_","+","{","}",":","\"","|","?",">","<","|","`","1","2","3","4","5","6","7","8","9","0","-","=","[","]",";","'","\\",",",".","/","\\","_","S","e","c","u","r","e"," ","n","o","t","e"," ","t","i","t","l","e"],"d04b5668-9dc2-4a5d-8eb8-04787ff98b92","63091ffb-25ba-4690-9602-bf41739ac2c6"]
[debug] &amp#27;[35m[WD Proxy]&amp#27;[39m Matched '/element/d04b5668-9dc2-4a5d-8eb8-04787ff98b92/value' to command name 'setValue'
[debug] &amp#27;[35m[Protocol Converter]&amp#27;[39m Added 'value' property ["!","@","#","$","%","^","&","*","(",")","_","+","{","}",":","\"","|","?",">","<","|","`","1","2","3","4","5","6","7","8","9","0","-","=","[","]",";","'","\\",",",".","/","\\","_","S","e","c","u","r","e"," ","n","o","t","e"," ","t","i","t","l","e"] to 'setValue' request body
[debug] &amp#27;[35m[WD Proxy]&amp#27;[39m Proxying [POST /element/d04b5668-9dc2-4a5d-8eb8-04787ff98b92/value] to [POST http://127.0.0.1:8200/wd/hub/session/48554810-727f-4111-b250-ae9349bb7ba5/element/d04b5668-9dc2-4a5d-8eb8-04787ff98b92/value] with body: {"elementId":"d04b5668-9dc2-4a5d-8eb8-04787ff98b92","text":"!@#$%^&*()_+{}:\"|?><|`1234567890-=[];'\\,./\\_Secure note title","replace":false,"value":["!","@","#","$","%","^","&","*","(",")","_","+","{","}",":","\"","|","?",">","<","|","`","1","2","3","4","5","6","7","8","9","0","-","=","[","]",";","'","\\",",",".","/","\\","_","S","e","c","u","r","e"," ","n","o","t","e"," ","t","i","t","l","e"]}
[debug] &amp#27;[35m[WD Proxy]&amp#27;[39m Got response with status 200: {"sessionId":"48554810-727f-4111-b250-ae9349bb7ba5","value":null}
[debug] &amp#27;[35m[W3C (63091ffb)]&amp#27;[39m Responding to client with driver.setValue() result: null
&amp#27;[35m[HTTP]&amp#27;[39m &amp#27;[37m<-- POST /wd/hub/session/63091ffb-25ba-4690-9602-bf41739ac2c6/element/d04b5668-9dc2-4a5d-8eb8-04787ff98b92/value &amp#27;[39m&amp#27;[32m200&amp#27;[39m &amp#27;[90m68 ms - 14&amp#27;[39m
&amp#27;[35m[HTTP]&amp#27;[39m &amp#27;[90m&amp#27;[39m
]]></system-out>
    <system-err><![CDATA[rugs. 08, 2020 11:02:19 PRIEŠPIET io.appium.java_client.remote.AppiumCommandExecutor$1 lambda$0
INFO: Detected dialect: W3C
]]></system-err>
  </testcase>
</testsuite>