<?xml version="1.0" encoding="UTF-8"?>
<testsuite xmlns:xsi="http://www.w3.org/2001/XMLSchema-instance" xsi:noNamespaceSchemaLocation="https://maven.apache.org/surefire/maven-surefire-plugin/xsd/surefire-test-report-3.0.xsd" version="3.0" name="TestSuite" time="95.084" tests="1" errors="0" skipped="0" failures="1">
  <properties>
    <property name="sun.desktop" value="windows"/>
    <property name="awt.toolkit" value="sun.awt.windows.WToolkit"/>
    <property name="java.specification.version" value="11"/>
    <property name="sun.cpu.isalist" value="amd64"/>
    <property name="sun.jnu.encoding" value="Cp1252"/>
    <property name="java.class.path" value="C:\Users\T1170\IdeaProjects\AppiumFrameworkpractise\target\test-classes;C:\Users\T1170\IdeaProjects\AppiumFrameworkpractise\target\classes;C:\Users\T1170\.m2\repository\com\aventstack\extentreports\4.0.0\extentreports-4.0.0.jar;C:\Users\T1170\.m2\repository\org\freemarker\freemarker\2.3.23\freemarker-2.3.23.jar;C:\Users\T1170\.m2\repository\org\mongodb\mongodb-driver\3.3.0\mongodb-driver-3.3.0.jar;C:\Users\T1170\.m2\repository\org\mongodb\mongodb-driver-core\3.3.0\mongodb-driver-core-3.3.0.jar;C:\Users\T1170\.m2\repository\org\mongodb\bson\3.3.0\bson-3.3.0.jar;C:\Users\T1170\.m2\repository\org\apache\httpcomponents\httpclient\4.5.2\httpclient-4.5.2.jar;C:\Users\T1170\.m2\repository\org\apache\httpcomponents\httpcore\4.4.4\httpcore-4.4.4.jar;C:\Users\T1170\.m2\repository\commons-codec\commons-codec\1.9\commons-codec-1.9.jar;C:\Users\T1170\.m2\repository\org\apache\httpcomponents\httpmime\4.5.2\httpmime-4.5.2.jar;C:\Users\T1170\.m2\repository\com\google\code\gson\gson\2.8.5\gson-2.8.5.jar;C:\Users\T1170\.m2\repository\commons-validator\commons-validator\1.7\commons-validator-1.7.jar;C:\Users\T1170\.m2\repository\commons-beanutils\commons-beanutils\1.9.4\commons-beanutils-1.9.4.jar;C:\Users\T1170\.m2\repository\commons-digester\commons-digester\2.1\commons-digester-2.1.jar;C:\Users\T1170\.m2\repository\commons-logging\commons-logging\1.2\commons-logging-1.2.jar;C:\Users\T1170\.m2\repository\commons-collections\commons-collections\3.2.2\commons-collections-3.2.2.jar;C:\Users\T1170\.m2\repository\commons-io\commons-io\2.7\commons-io-2.7.jar;C:\Users\T1170\.m2\repository\org\apache\commons\commons-lang3\3.11\commons-lang3-3.11.jar;C:\Users\T1170\.m2\repository\org\slf4j\slf4j-api\1.7.30\slf4j-api-1.7.30.jar;C:\Users\T1170\.m2\repository\org\slf4j\slf4j-simple\1.7.30\slf4j-simple-1.7.30.jar;C:\Users\T1170\.m2\repository\org\testng\testng\6.14.3\testng-6.14.3.jar;C:\Users\T1170\.m2\repository\com\beust\jcommander\1.72\jcommander-1.72.jar;C:\Users\T1170\.m2\repository\org\apache-extras\beanshell\bsh\2.0b6\bsh-2.0b6.jar;C:\Users\T1170\.m2\repository\io\appium\java-client\7.3.0\java-client-7.3.0.jar;C:\Users\T1170\.m2\repository\org\seleniumhq\selenium\selenium-support\3.141.59\selenium-support-3.141.59.jar;C:\Users\T1170\.m2\repository\org\seleniumhq\selenium\selenium-api\3.141.59\selenium-api-3.141.59.jar;C:\Users\T1170\.m2\repository\cglib\cglib\3.2.12\cglib-3.2.12.jar;C:\Users\T1170\.m2\repository\org\ow2\asm\asm\7.1\asm-7.1.jar;C:\Users\T1170\.m2\repository\org\springframework\spring-context\5.1.8.RELEASE\spring-context-5.1.8.RELEASE.jar;C:\Users\T1170\.m2\repository\org\springframework\spring-aop\5.1.8.RELEASE\spring-aop-5.1.8.RELEASE.jar;C:\Users\T1170\.m2\repository\org\springframework\spring-beans\5.1.8.RELEASE\spring-beans-5.1.8.RELEASE.jar;C:\Users\T1170\.m2\repository\org\springframework\spring-core\5.1.8.RELEASE\spring-core-5.1.8.RELEASE.jar;C:\Users\T1170\.m2\repository\org\springframework\spring-jcl\5.1.8.RELEASE\spring-jcl-5.1.8.RELEASE.jar;C:\Users\T1170\.m2\repository\org\springframework\spring-expression\5.1.8.RELEASE\spring-expression-5.1.8.RELEASE.jar;C:\Users\T1170\.m2\repository\org\aspectj\aspectjweaver\1.9.4\aspectjweaver-1.9.4.jar;C:\Users\T1170\.m2\repository\org\seleniumhq\selenium\selenium-java\3.141.59\selenium-java-3.141.59.jar;C:\Users\T1170\.m2\repository\org\seleniumhq\selenium\selenium-chrome-driver\3.141.59\selenium-chrome-driver-3.141.59.jar;C:\Users\T1170\.m2\repository\org\seleniumhq\selenium\selenium-edge-driver\3.141.59\selenium-edge-driver-3.141.59.jar;C:\Users\T1170\.m2\repository\org\seleniumhq\selenium\selenium-firefox-driver\3.141.59\selenium-firefox-driver-3.141.59.jar;C:\Users\T1170\.m2\repository\org\seleniumhq\selenium\selenium-ie-driver\3.141.59\selenium-ie-driver-3.141.59.jar;C:\Users\T1170\.m2\repository\org\seleniumhq\selenium\selenium-opera-driver\3.141.59\selenium-opera-driver-3.141.59.jar;C:\Users\T1170\.m2\repository\org\seleniumhq\selenium\selenium-remote-driver\3.141.59\selenium-remote-driver-3.141.59.jar;C:\Users\T1170\.m2\repository\org\seleniumhq\selenium\selenium-safari-driver\3.141.59\selenium-safari-driver-3.141.59.jar;C:\Users\T1170\.m2\repository\net\bytebuddy\byte-buddy\1.8.15\byte-buddy-1.8.15.jar;C:\Users\T1170\.m2\repository\org\apache\commons\commons-exec\1.3\commons-exec-1.3.jar;C:\Users\T1170\.m2\repository\com\google\guava\guava\25.0-jre\guava-25.0-jre.jar;C:\Users\T1170\.m2\repository\com\google\code\findbugs\jsr305\1.3.9\jsr305-1.3.9.jar;C:\Users\T1170\.m2\repository\org\checkerframework\checker-compat-qual\2.0.0\checker-compat-qual-2.0.0.jar;C:\Users\T1170\.m2\repository\com\google\errorprone\error_prone_annotations\2.1.3\error_prone_annotations-2.1.3.jar;C:\Users\T1170\.m2\repository\com\google\j2objc\j2objc-annotations\1.1\j2objc-annotations-1.1.jar;C:\Users\T1170\.m2\repository\org\codehaus\mojo\animal-sniffer-annotations\1.14\animal-sniffer-annotations-1.14.jar;C:\Users\T1170\.m2\repository\com\squareup\okhttp3\okhttp\3.11.0\okhttp-3.11.0.jar;C:\Users\T1170\.m2\repository\com\squareup\okio\okio\1.14.0\okio-1.14.0.jar;"/>
    <property name="java.vm.vendor" value="Oracle Corporation"/>
    <property name="deviceName" value="emulator-5553"/>
    <property name="sun.arch.data.model" value="64"/>
    <property name="user.variant" value=""/>
    <property name="java.vendor.url" value="https://openjdk.java.net/"/>
    <property name="user.timezone" value="Europe/Helsinki"/>
    <property name="user.country.format" value="LT"/>
    <property name="java.vm.specification.version" value="11"/>
    <property name="os.name" value="Windows 10"/>
    <property name="sun.java.launcher" value="SUN_STANDARD"/>
    <property name="user.country" value="US"/>
    <property name="sun.boot.library.path" value="C:\Program Files\Java\jdk-11.0.8\bin"/>
    <property name="sun.java.command" value="C:\Users\T1170\AppData\Local\Temp\surefire2244228298814339297\surefirebooter8084231696891346986.jar C:\Users\T1170\AppData\Local\Temp\surefire2244228298814339297 2020-08-24T17-31-16_464-jvmRun1 surefire13239238365020420900tmp surefire_013825493066164167234tmp"/>
    <property name="jdk.debug" value="release"/>
    <property name="surefire.test.class.path" value="C:\Users\T1170\IdeaProjects\AppiumFrameworkpractise\target\test-classes;C:\Users\T1170\IdeaProjects\AppiumFrameworkpractise\target\classes;C:\Users\T1170\.m2\repository\com\aventstack\extentreports\4.0.0\extentreports-4.0.0.jar;C:\Users\T1170\.m2\repository\org\freemarker\freemarker\2.3.23\freemarker-2.3.23.jar;C:\Users\T1170\.m2\repository\org\mongodb\mongodb-driver\3.3.0\mongodb-driver-3.3.0.jar;C:\Users\T1170\.m2\repository\org\mongodb\mongodb-driver-core\3.3.0\mongodb-driver-core-3.3.0.jar;C:\Users\T1170\.m2\repository\org\mongodb\bson\3.3.0\bson-3.3.0.jar;C:\Users\T1170\.m2\repository\org\apache\httpcomponents\httpclient\4.5.2\httpclient-4.5.2.jar;C:\Users\T1170\.m2\repository\org\apache\httpcomponents\httpcore\4.4.4\httpcore-4.4.4.jar;C:\Users\T1170\.m2\repository\commons-codec\commons-codec\1.9\commons-codec-1.9.jar;C:\Users\T1170\.m2\repository\org\apache\httpcomponents\httpmime\4.5.2\httpmime-4.5.2.jar;C:\Users\T1170\.m2\repository\com\google\code\gson\gson\2.8.5\gson-2.8.5.jar;C:\Users\T1170\.m2\repository\commons-validator\commons-validator\1.7\commons-validator-1.7.jar;C:\Users\T1170\.m2\repository\commons-beanutils\commons-beanutils\1.9.4\commons-beanutils-1.9.4.jar;C:\Users\T1170\.m2\repository\commons-digester\commons-digester\2.1\commons-digester-2.1.jar;C:\Users\T1170\.m2\repository\commons-logging\commons-logging\1.2\commons-logging-1.2.jar;C:\Users\T1170\.m2\repository\commons-collections\commons-collections\3.2.2\commons-collections-3.2.2.jar;C:\Users\T1170\.m2\repository\commons-io\commons-io\2.7\commons-io-2.7.jar;C:\Users\T1170\.m2\repository\org\apache\commons\commons-lang3\3.11\commons-lang3-3.11.jar;C:\Users\T1170\.m2\repository\org\slf4j\slf4j-api\1.7.30\slf4j-api-1.7.30.jar;C:\Users\T1170\.m2\repository\org\slf4j\slf4j-simple\1.7.30\slf4j-simple-1.7.30.jar;C:\Users\T1170\.m2\repository\org\testng\testng\6.14.3\testng-6.14.3.jar;C:\Users\T1170\.m2\repository\com\beust\jcommander\1.72\jcommander-1.72.jar;C:\Users\T1170\.m2\repository\org\apache-extras\beanshell\bsh\2.0b6\bsh-2.0b6.jar;C:\Users\T1170\.m2\repository\io\appium\java-client\7.3.0\java-client-7.3.0.jar;C:\Users\T1170\.m2\repository\org\seleniumhq\selenium\selenium-support\3.141.59\selenium-support-3.141.59.jar;C:\Users\T1170\.m2\repository\org\seleniumhq\selenium\selenium-api\3.141.59\selenium-api-3.141.59.jar;C:\Users\T1170\.m2\repository\cglib\cglib\3.2.12\cglib-3.2.12.jar;C:\Users\T1170\.m2\repository\org\ow2\asm\asm\7.1\asm-7.1.jar;C:\Users\T1170\.m2\repository\org\springframework\spring-context\5.1.8.RELEASE\spring-context-5.1.8.RELEASE.jar;C:\Users\T1170\.m2\repository\org\springframework\spring-aop\5.1.8.RELEASE\spring-aop-5.1.8.RELEASE.jar;C:\Users\T1170\.m2\repository\org\springframework\spring-beans\5.1.8.RELEASE\spring-beans-5.1.8.RELEASE.jar;C:\Users\T1170\.m2\repository\org\springframework\spring-core\5.1.8.RELEASE\spring-core-5.1.8.RELEASE.jar;C:\Users\T1170\.m2\repository\org\springframework\spring-jcl\5.1.8.RELEASE\spring-jcl-5.1.8.RELEASE.jar;C:\Users\T1170\.m2\repository\org\springframework\spring-expression\5.1.8.RELEASE\spring-expression-5.1.8.RELEASE.jar;C:\Users\T1170\.m2\repository\org\aspectj\aspectjweaver\1.9.4\aspectjweaver-1.9.4.jar;C:\Users\T1170\.m2\repository\org\seleniumhq\selenium\selenium-java\3.141.59\selenium-java-3.141.59.jar;C:\Users\T1170\.m2\repository\org\seleniumhq\selenium\selenium-chrome-driver\3.141.59\selenium-chrome-driver-3.141.59.jar;C:\Users\T1170\.m2\repository\org\seleniumhq\selenium\selenium-edge-driver\3.141.59\selenium-edge-driver-3.141.59.jar;C:\Users\T1170\.m2\repository\org\seleniumhq\selenium\selenium-firefox-driver\3.141.59\selenium-firefox-driver-3.141.59.jar;C:\Users\T1170\.m2\repository\org\seleniumhq\selenium\selenium-ie-driver\3.141.59\selenium-ie-driver-3.141.59.jar;C:\Users\T1170\.m2\repository\org\seleniumhq\selenium\selenium-opera-driver\3.141.59\selenium-opera-driver-3.141.59.jar;C:\Users\T1170\.m2\repository\org\seleniumhq\selenium\selenium-remote-driver\3.141.59\selenium-remote-driver-3.141.59.jar;C:\Users\T1170\.m2\repository\org\seleniumhq\selenium\selenium-safari-driver\3.141.59\selenium-safari-driver-3.141.59.jar;C:\Users\T1170\.m2\repository\net\bytebuddy\byte-buddy\1.8.15\byte-buddy-1.8.15.jar;C:\Users\T1170\.m2\repository\org\apache\commons\commons-exec\1.3\commons-exec-1.3.jar;C:\Users\T1170\.m2\repository\com\google\guava\guava\25.0-jre\guava-25.0-jre.jar;C:\Users\T1170\.m2\repository\com\google\code\findbugs\jsr305\1.3.9\jsr305-1.3.9.jar;C:\Users\T1170\.m2\repository\org\checkerframework\checker-compat-qual\2.0.0\checker-compat-qual-2.0.0.jar;C:\Users\T1170\.m2\repository\com\google\errorprone\error_prone_annotations\2.1.3\error_prone_annotations-2.1.3.jar;C:\Users\T1170\.m2\repository\com\google\j2objc\j2objc-annotations\1.1\j2objc-annotations-1.1.jar;C:\Users\T1170\.m2\repository\org\codehaus\mojo\animal-sniffer-annotations\1.14\animal-sniffer-annotations-1.14.jar;C:\Users\T1170\.m2\repository\com\squareup\okhttp3\okhttp\3.11.0\okhttp-3.11.0.jar;C:\Users\T1170\.m2\repository\com\squareup\okio\okio\1.14.0\okio-1.14.0.jar;"/>
    <property name="sun.cpu.endian" value="little"/>
    <property name="user.home" value="C:\Users\T1170"/>
    <property name="user.language" value="en"/>
    <property name="java.specification.vendor" value="Oracle Corporation"/>
    <property name="java.version.date" value="2020-07-14"/>
    <property name="java.home" value="C:\Program Files\Java\jdk-11.0.8"/>
    <property name="file.separator" value="\"/>
    <property name="basedir" value="C:\Users\T1170\IdeaProjects\AppiumFrameworkpractise"/>
    <property name="java.vm.compressedOopsMode" value="Zero based"/>
    <property name="line.separator" value="&#10;"/>
    <property name="java.specification.name" value="Java Platform API Specification"/>
    <property name="java.vm.specification.vendor" value="Oracle Corporation"/>
    <property name="java.awt.graphicsenv" value="sun.awt.Win32GraphicsEnvironment"/>
    <property name="surefire.real.class.path" value="C:\Users\T1170\AppData\Local\Temp\surefire2244228298814339297\surefirebooter8084231696891346986.jar"/>
    <property name="user.script" value=""/>
    <property name="sun.management.compiler" value="HotSpot 64-Bit Tiered Compilers"/>
    <property name="java.runtime.version" value="11.0.8+10-LTS"/>
    <property name="user.name" value="T1170"/>
    <property name="path.separator" value=";"/>
    <property name="os.version" value="10.0"/>
    <property name="java.runtime.name" value="Java(TM) SE Runtime Environment"/>
    <property name="file.encoding" value="Cp1252"/>
    <property name="java.vm.name" value="Java HotSpot(TM) 64-Bit Server VM"/>
    <property name="java.vendor.version" value="18.9"/>
    <property name="localRepository" value="C:\Users\T1170\.m2\repository"/>
    <property name="java.vendor.url.bug" value="https://bugreport.java.com/bugreport/"/>
    <property name="java.io.tmpdir" value="C:\Users\T1170\AppData\Local\Temp\"/>
    <property name="java.version" value="11.0.8"/>
    <property name="user.dir" value="C:\Users\T1170\IdeaProjects\AppiumFrameworkpractise"/>
    <property name="os.arch" value="amd64"/>
    <property name="java.vm.specification.name" value="Java Virtual Machine Specification"/>
    <property name="java.awt.printerjob" value="sun.awt.windows.WPrinterJob"/>
    <property name="user.language.format" value="lt"/>
    <property name="sun.os.patch.level" value=""/>
    <property name="java.library.path" value="C:\Program Files\Java\jdk-11.0.8\bin;C:\WINDOWS\Sun\Java\bin;C:\WINDOWS\system32;C:\WINDOWS;C:\Python38\Scripts\;C:\Python38\;C:\Program Files\Common Files\Oracle\Java\javapath;C:\WINDOWS\system32;C:\WINDOWS;C:\WINDOWS\System32\Wbem;C:\WINDOWS\System32\WindowsPowerShell\v1.0\;C:\WINDOWS\System32\OpenSSH\;C:\Program Files\Git\cmd;C:\Program Files (x86)\Yarn\bin\;C:\Users\T1170\AppData\Local\Android\Sdk\platform-tools;C:\Users\T1170\AppData\Local\Android\Sdk\tools;C:\Users\T1170\AppData\Local\Android\Sdk\tools\bin;C:\Program Files\CMake\bin;C:\Users\T1170\apache-maven-3.6.3\bin;C:\Program Files\Java\jdk-11.0.8\bin;C:\ProgramData\chocolatey\bin;C:\Program Files\nodejs\;C:\Users\T1170\.windows-build-tools\python27\;C:\Users\T1170\.windows-build-tools\python27\;C:\Users\T1170\AppData\Local\Microsoft\WindowsApps;C:\Users\T1170\AppData\Local\Yarn\bin;C:\ffmpeg\bin;C:\gstreamer\1.0\x86_64\bin;C:\Users\T1170\AppData\Local\Microsoft\WindowsApps;C:\Program Files\JetBrains\IntelliJ IDEA Community Edition 2020.1.2\bin;;C:\Users\T1170\apache-maven-3.6.3\bin;C:\Users\T1170\AppData\Roaming\npm;."/>
    <property name="java.vendor" value="Oracle Corporation"/>
    <property name="java.vm.info" value="mixed mode"/>
    <property name="java.vm.version" value="11.0.8+10-LTS"/>
    <property name="sun.io.unicode.encoding" value="UnicodeLittle"/>
    <property name="java.class.version" value="55.0"/>
  </properties>
  <testcase name="CreateLoginItemAccountless" classname="practise.AppTest" time="90.536">
    <failure message="An element could not be located on the page using the given search parameters.&#10;For documentation on this error, please visit: https://www.seleniumhq.org/exceptions/no_such_element.html&#10;Build info: version: &apos;3.141.59&apos;, revision: &apos;e82be7d358&apos;, time: &apos;2018-11-14T08:17:03&apos;&#10;System info: host: &apos;T1170&apos;, ip: &apos;192.168.56.1&apos;, os.name: &apos;Windows 10&apos;, os.arch: &apos;amd64&apos;, os.version: &apos;10.0&apos;, java.version: &apos;11.0.8&apos;&#10;Driver info: io.appium.java_client.android.AndroidDriver&#10;Capabilities {app: C:\Users\T1170\IdeaProjects..., appActivity: com.nordpass.android.ui.spl..., appPackage: com.nordpass.android.app.pa..., databaseEnabled: false, desired: {app: C:\Users\T1170\IdeaProjects..., appActivity: com.nordpass.android.ui.spl..., appPackage: com.nordpass.android.app.pa..., deviceName: emulator-5553, noReset: false, platformName: android}, deviceApiLevel: 29, deviceManufacturer: Google, deviceModel: Android SDK built for x86_64, deviceName: emulator-5554, deviceScreenDensity: 560, deviceScreenSize: 1440x2560, deviceUDID: emulator-5554, javascriptEnabled: true, locationContextEnabled: false, networkConnectionEnabled: true, noReset: false, pixelRatio: 3.5, platform: LINUX, platformName: android, platformVersion: 10, statBarHeight: 84, takesScreenshot: true, viewportRect: {height: 2308, left: 0, top: 84, width: 1440}, warnings: {}, webStorageEnabled: false}&#10;Session ID: 71784c92-b18a-46c1-a290-17ba74bb3393&#10;*** Element info: {Using=-android uiautomator, value=new UiScrollable(new UiSelector()).scrollIntoView(text(&quot;asperiores repellat.Sed ut&quot;));}" type="org.openqa.selenium.NoSuchElementException"><![CDATA[org.openqa.selenium.NoSuchElementException: 
An element could not be located on the page using the given search parameters.
For documentation on this error, please visit: https://www.seleniumhq.org/exceptions/no_such_element.html
Build info: version: '3.141.59', revision: 'e82be7d358', time: '2018-11-14T08:17:03'
System info: host: 'T1170', ip: '192.168.56.1', os.name: 'Windows 10', os.arch: 'amd64', os.version: '10.0', java.version: '11.0.8'
Driver info: io.appium.java_client.android.AndroidDriver
Capabilities {app: C:\Users\T1170\IdeaProjects..., appActivity: com.nordpass.android.ui.spl..., appPackage: com.nordpass.android.app.pa..., databaseEnabled: false, desired: {app: C:\Users\T1170\IdeaProjects..., appActivity: com.nordpass.android.ui.spl..., appPackage: com.nordpass.android.app.pa..., deviceName: emulator-5553, noReset: false, platformName: android}, deviceApiLevel: 29, deviceManufacturer: Google, deviceModel: Android SDK built for x86_64, deviceName: emulator-5554, deviceScreenDensity: 560, deviceScreenSize: 1440x2560, deviceUDID: emulator-5554, javascriptEnabled: true, locationContextEnabled: false, networkConnectionEnabled: true, noReset: false, pixelRatio: 3.5, platform: LINUX, platformName: android, platformVersion: 10, statBarHeight: 84, takesScreenshot: true, viewportRect: {height: 2308, left: 0, top: 84, width: 1440}, warnings: {}, webStorageEnabled: false}
Session ID: 71784c92-b18a-46c1-a290-17ba74bb3393
*** Element info: {Using=-android uiautomator, value=new UiScrollable(new UiSelector()).scrollIntoView(text("asperiores repellat.Sed ut"));}
	at practise.AppTest.CreateLoginItemAccountless(AppTest.java:188)
]]></failure>
    <system-out><![CDATA[[TestNGContentHandler] [WARN] It is strongly recommended to add "<!DOCTYPE suite SYSTEM "http://testng.org/testng-1.0.dtd" >" at the top of your file, otherwise TestNG may fail or not work as expected.
&amp#27;[35m[Appium]&amp#27;[39m Welcome to Appium v1.18.0
&amp#27;[35m[Appium]&amp#27;[39m Appium REST http interface listener started on 0.0.0.0:4723
&amp#27;[35m[HTTP]&amp#27;[39m &amp#27;[37m-->&amp#27;[39m &amp#27;[37mGET&amp#27;[39m &amp#27;[37m/wd/hub/status&amp#27;[39m
&amp#27;[35m[HTTP]&amp#27;[39m &amp#27;[90m{}&amp#27;[39m
[debug] &amp#27;[35m[GENERIC]&amp#27;[39m Calling AppiumDriver.getStatus() with args: []
[debug] &amp#27;[35m[GENERIC]&amp#27;[39m Responding to client with driver.getStatus() result: {"build":{"version":"1.18.0"}}
&amp#27;[35m[HTTP]&amp#27;[39m &amp#27;[37m<-- GET /wd/hub/status &amp#27;[39m&amp#27;[32m200&amp#27;[39m &amp#27;[90m5 ms - 68&amp#27;[39m
&amp#27;[35m[HTTP]&amp#27;[39m &amp#27;[90m&amp#27;[39m
&amp#27;[35m[HTTP]&amp#27;[39m &amp#27;[37m-->&amp#27;[39m &amp#27;[37mPOST&amp#27;[39m &amp#27;[37m/wd/hub/session&amp#27;[39m
&amp#27;[35m[HTTP]&amp#27;[39m &amp#27;[90m{"desiredCapabilities":{"app":"C:\\Users\\T1170\\IdeaProjects\\AppiumFrameworkpractise\\src\\Nordpass.apk","appActivity":"com.nordpass.android.ui.splash.SplashActivity","appPackage":"com.nordpass.android.app.password.manager","noReset":"false","platformName":"android","deviceName":"emulator-5553"},"capabilities":{"firstMatch":[{"appium:app":"C:\\Users\\T1170\\IdeaProjects\\AppiumFrameworkpractise\\src\\Nordpass.apk","appium:appActivity":"com.nordpass.android.ui.splash.SplashActivity","appium:appPackage":"com.nordpass.android.app.password.manager","appium:deviceName":"emulator-5553","appium:noReset":"false","platformName":"android"}]}}&amp#27;[39m
[debug] &amp#27;[35m[W3C]&amp#27;[39m Calling AppiumDriver.createSession() with args: [{"app":"C:\\Users\\T1170\\IdeaProjects\\AppiumFrameworkpractise\\src\\Nordpass.apk","appActivity":"com.nordpass.android.ui.splash.SplashActivity","appPackage":"com.nordpass.android.app.password.manager","noReset":"false","platformName":"android","deviceName":"emulator-5553"},null,{"firstMatch":[{"appium:app":"C:\\Users\\T1170\\IdeaProjects\\AppiumFrameworkpractise\\src\\Nordpass.apk","appium:appActivity":"com.nordpass.android.ui.splash.SplashActivity","appium:appPackage":"com.nordpass.android.app.password.manager","appium:deviceName":"emulator-5553","appium:noReset":"false","platformName":"android"}]}]
[debug] &amp#27;[35m[BaseDriver]&amp#27;[39m Event 'newSessionRequested' logged at 1598279489446 (17:31:29 GMT+0300 (GMT+03:00))
&amp#27;[35m[Appium]&amp#27;[39m 
&amp#27;[35m[Appium]&amp#27;[39m ======================================================================
&amp#27;[35m[Appium]&amp#27;[39m   DEPRECATION WARNING:
&amp#27;[35m[Appium]&amp#27;[39m 
&amp#27;[35m[Appium]&amp#27;[39m   The 'automationName' capability was not provided in the desired 
&amp#27;[35m[Appium]&amp#27;[39m   capabilities for this Android session
&amp#27;[35m[Appium]&amp#27;[39m 
&amp#27;[35m[Appium]&amp#27;[39m   Setting 'automationName=UiAutomator2' by default and using the 
&amp#27;[35m[Appium]&amp#27;[39m   UiAutomator2 Driver
&amp#27;[35m[Appium]&amp#27;[39m 
&amp#27;[35m[Appium]&amp#27;[39m   The next major version of Appium (2.x) will **require** the 
&amp#27;[35m[Appium]&amp#27;[39m   'automationName' capability to be set for all sessions on all 
&amp#27;[35m[Appium]&amp#27;[39m   platforms
&amp#27;[35m[Appium]&amp#27;[39m 
&amp#27;[35m[Appium]&amp#27;[39m   In previous versions (Appium <= 1.13.x), the default was 
&amp#27;[35m[Appium]&amp#27;[39m   'automationName=UiAutomator1'
&amp#27;[35m[Appium]&amp#27;[39m 
&amp#27;[35m[Appium]&amp#27;[39m   If you wish to use that automation instead of UiAutomator2, please 
&amp#27;[35m[Appium]&amp#27;[39m   add 'automationName=UiAutomator1' to your desired capabilities
&amp#27;[35m[Appium]&amp#27;[39m 
&amp#27;[35m[Appium]&amp#27;[39m   For more information about drivers, please visit 
&amp#27;[35m[Appium]&amp#27;[39m   http://appium.io/docs/en/about-appium/intro/ and explore the 
&amp#27;[35m[Appium]&amp#27;[39m   'Drivers' menu
&amp#27;[35m[Appium]&amp#27;[39m 
&amp#27;[35m[Appium]&amp#27;[39m ======================================================================
&amp#27;[35m[Appium]&amp#27;[39m 
&amp#27;[35m[Appium]&amp#27;[39m Appium v1.18.0 creating new AndroidUiautomator2Driver (v1.56.1) session
[debug] &amp#27;[35m[BaseDriver]&amp#27;[39m W3C capabilities and MJSONWP desired capabilities were provided
[debug] &amp#27;[35m[BaseDriver]&amp#27;[39m Creating session with W3C capabilities: {
[debug] &amp#27;[35m[BaseDriver]&amp#27;[39m   "alwaysMatch": {
[debug] &amp#27;[35m[BaseDriver]&amp#27;[39m     "platformName": "android",
[debug] &amp#27;[35m[BaseDriver]&amp#27;[39m     "appium:app": "C:\\Users\\T1170\\IdeaProjects\\AppiumFrameworkpractise\\src\\Nordpass.apk",
[debug] &amp#27;[35m[BaseDriver]&amp#27;[39m     "appium:appActivity": "com.nordpass.android.ui.splash.SplashActivity",
[debug] &amp#27;[35m[BaseDriver]&amp#27;[39m     "appium:appPackage": "com.nordpass.android.app.password.manager",
[debug] &amp#27;[35m[BaseDriver]&amp#27;[39m     "appium:deviceName": "emulator-5553",
[debug] &amp#27;[35m[BaseDriver]&amp#27;[39m     "appium:noReset": "false"
[debug] &amp#27;[35m[BaseDriver]&amp#27;[39m   },
[debug] &amp#27;[35m[BaseDriver]&amp#27;[39m   "firstMatch": [
[debug] &amp#27;[35m[BaseDriver]&amp#27;[39m     {}
[debug] &amp#27;[35m[BaseDriver]&amp#27;[39m   ]
[debug] &amp#27;[35m[BaseDriver]&amp#27;[39m }
&amp#27;[35m[BaseDriver]&amp#27;[39m Capability 'noReset' changed from string to boolean. This may cause unexpected behavior
&amp#27;[35m[BaseDriver]&amp#27;[39m Session created with session id: 71784c92-b18a-46c1-a290-17ba74bb3393
&amp#27;[35m[BaseDriver]&amp#27;[39m Using local app 'C:\Users\T1170\IdeaProjects\AppiumFrameworkpractise\src\Nordpass.apk'
[debug] &amp#27;[35m[UiAutomator2]&amp#27;[39m Checking whether app is actually present
&amp#27;[35m[ADB]&amp#27;[39m Found 3 'build-tools' folders under 'C:\Users\T1170\AppData\Local\Android\Sdk' (newest first):
&amp#27;[35m[ADB]&amp#27;[39m     C:/Users/T1170/AppData/Local/Android/Sdk/build-tools/30.0.0
&amp#27;[35m[ADB]&amp#27;[39m     C:/Users/T1170/AppData/Local/Android/Sdk/build-tools/29.0.3
&amp#27;[35m[ADB]&amp#27;[39m     C:/Users/T1170/AppData/Local/Android/Sdk/build-tools/25.0.3
&amp#27;[35m[ADB]&amp#27;[39m Using 'adb.exe' from 'C:\Users\T1170\AppData\Local\Android\Sdk\platform-tools\adb.exe'
[debug] &amp#27;[35m[ADB]&amp#27;[39m Running 'C:\Users\T1170\AppData\Local\Android\Sdk\platform-tools\adb.exe -P 5037 start-server'
&amp#27;[35m[AndroidDriver]&amp#27;[39m Retrieving device list
[debug] &amp#27;[35m[ADB]&amp#27;[39m Trying to find a connected android device
[debug] &amp#27;[35m[ADB]&amp#27;[39m Getting connected devices
[debug] &amp#27;[35m[ADB]&amp#27;[39m Connected devices: [{"udid":"emulator-5554","state":"device"}]
&amp#27;[35m[AndroidDriver]&amp#27;[39m Using device: emulator-5554
&amp#27;[35m[ADB]&amp#27;[39m Using 'adb.exe' from 'C:\Users\T1170\AppData\Local\Android\Sdk\platform-tools\adb.exe'
[debug] &amp#27;[35m[ADB]&amp#27;[39m Running 'C:\Users\T1170\AppData\Local\Android\Sdk\platform-tools\adb.exe -P 5037 start-server'
[debug] &amp#27;[35m[ADB]&amp#27;[39m Setting device id to emulator-5554
[debug] &amp#27;[35m[ADB]&amp#27;[39m Running 'C:\Users\T1170\AppData\Local\Android\Sdk\platform-tools\adb.exe -P 5037 -s emulator-5554 shell getprop ro.build.version.sdk'
[debug] &amp#27;[35m[ADB]&amp#27;[39m Current device property 'ro.build.version.sdk': 29
&amp#27;[35m[ADB]&amp#27;[39m Getting device platform version
[debug] &amp#27;[35m[ADB]&amp#27;[39m Running 'C:\Users\T1170\AppData\Local\Android\Sdk\platform-tools\adb.exe -P 5037 -s emulator-5554 shell getprop ro.build.version.release'
[debug] &amp#27;[35m[ADB]&amp#27;[39m Current device property 'ro.build.version.release': 10
[debug] &amp#27;[35m[ADB]&amp#27;[39m Device API level: 29
&amp#27;[35m[UiAutomator2]&amp#27;[39m Relaxing hidden api policy
[debug] &amp#27;[35m[ADB]&amp#27;[39m Running 'C:\Users\T1170\AppData\Local\Android\Sdk\platform-tools\adb.exe -P 5037 -s emulator-5554 shell 'settings put global hidden_api_policy_pre_p_apps 1;settings put global hidden_api_policy_p_apps 1;settings put global hidden_api_policy 1''
[debug] &amp#27;[35m[ADB]&amp#27;[39m Running 'C:\Users\T1170\AppData\Local\Android\Sdk\platform-tools\adb.exe -P 5037 -s emulator-5554 wait-for-device'
[debug] &amp#27;[35m[ADB]&amp#27;[39m Running 'C:\Users\T1170\AppData\Local\Android\Sdk\platform-tools\adb.exe -P 5037 -s emulator-5554 shell echo ping'
[debug] &amp#27;[35m[AndroidDriver]&amp#27;[39m Pushing settings apk to device...
[debug] &amp#27;[35m[ADB]&amp#27;[39m Getting install status for io.appium.settings
[debug] &amp#27;[35m[ADB]&amp#27;[39m Running 'C:\Users\T1170\AppData\Local\Android\Sdk\platform-tools\adb.exe -P 5037 -s emulator-5554 shell dumpsys package io.appium.settings'
[debug] &amp#27;[35m[ADB]&amp#27;[39m 'io.appium.settings' is installed
[debug] &amp#27;[35m[ADB]&amp#27;[39m Getting package info for 'io.appium.settings'
[debug] &amp#27;[35m[ADB]&amp#27;[39m Running 'C:\Users\T1170\AppData\Local\Android\Sdk\platform-tools\adb.exe -P 5037 -s emulator-5554 shell dumpsys package io.appium.settings'
[debug] &amp#27;[35m[ADB]&amp#27;[39m The version name of the installed 'io.appium.settings' is greater or equal to the application version name ('3.2.0' >= '3.2.0')
[debug] &amp#27;[35m[ADB]&amp#27;[39m There is no need to install/upgrade 'C:\Users\T1170\AppData\Roaming\npm\node_modules\appium\node_modules\io.appium.settings\apks\settings_apk-debug.apk'
[debug] &amp#27;[35m[ADB]&amp#27;[39m Getting IDs of all 'io.appium.settings' processes
[debug] &amp#27;[35m[ADB]&amp#27;[39m Running 'C:\Users\T1170\AppData\Local\Android\Sdk\platform-tools\adb.exe -P 5037 -s emulator-5554 shell 'pgrep --help; echo $?''
[debug] &amp#27;[35m[ADB]&amp#27;[39m Running 'C:\Users\T1170\AppData\Local\Android\Sdk\platform-tools\adb.exe -P 5037 -s emulator-5554 shell pgrep -f io\\.appium\\.settings'
[debug] &amp#27;[35m[AndroidDriver]&amp#27;[39m io.appium.settings is already running. There is no need to reset its permissions.
[debug] &amp#27;[35m[Logcat]&amp#27;[39m Starting logs capture with command: C:\\Users\\T1170\\AppData\\Local\\Android\\Sdk\\platform-tools\\adb.exe -P 5037 -s emulator-5554 logcat -v threadtime
[debug] &amp#27;[35m[UiAutomator2]&amp#27;[39m Forwarding UiAutomator2 Server port 6790 to 8201
[debug] &amp#27;[35m[ADB]&amp#27;[39m Forwarding system: 8201 to device: 6790
[debug] &amp#27;[35m[ADB]&amp#27;[39m Running 'C:\Users\T1170\AppData\Local\Android\Sdk\platform-tools\adb.exe -P 5037 -s emulator-5554 forward tcp\:8201 tcp\:6790'
[debug] &amp#27;[35m[ADB]&amp#27;[39m Getting install status for io.appium.uiautomator2.server
[debug] &amp#27;[35m[ADB]&amp#27;[39m Running 'C:\Users\T1170\AppData\Local\Android\Sdk\platform-tools\adb.exe -P 5037 -s emulator-5554 shell dumpsys package io.appium.uiautomator2.server'
[debug] &amp#27;[35m[ADB]&amp#27;[39m 'io.appium.uiautomator2.server' is installed
[debug] &amp#27;[35m[ADB]&amp#27;[39m Getting package info for 'io.appium.uiautomator2.server'
[debug] &amp#27;[35m[ADB]&amp#27;[39m Running 'C:\Users\T1170\AppData\Local\Android\Sdk\platform-tools\adb.exe -P 5037 -s emulator-5554 shell dumpsys package io.appium.uiautomator2.server'
[debug] &amp#27;[35m[ADB]&amp#27;[39m The version name of the installed 'io.appium.uiautomator2.server' is greater or equal to the application version name ('4.11.0' >= '4.11.0')
[debug] &amp#27;[35m[UiAutomator2]&amp#27;[39m io.appium.uiautomator2.server installation state: sameVersionInstalled
[debug] &amp#27;[35m[ADB]&amp#27;[39m Checking app cert for C:\Users\T1170\AppData\Roaming\npm\node_modules\appium\node_modules\appium-uiautomator2-server\apks\appium-uiautomator2-server-v4.11.0.apk
&amp#27;[35m[ADB]&amp#27;[39m Using 'apksigner.jar' from 'C:\Users\T1170\AppData\Local\Android\Sdk\build-tools\30.0.0\lib\apksigner.jar'
[debug] &amp#27;[35m[ADB]&amp#27;[39m Starting apksigner: 'C:\\Program Files\\Java\\jdk-11.0.8\\bin\\java.exe' -Xmx1024M -Xss1m -jar C:\\Users\\T1170\\AppData\\Local\\Android\\Sdk\\build-tools\\30.0.0\\lib\\apksigner.jar verify --print-certs C:\\Users\\T1170\\AppData\\Roaming\\npm\\node_modules\\appium\\node_modules\\appium-uiautomator2-server\\apks\\appium-uiautomator2-server-v4.11.0.apk
[debug] &amp#27;[35m[ADB]&amp#27;[39m apksigner stdout: Signer #1 certificate DN: EMAILADDRESS=android@android.com, CN=Android, OU=Android, O=Android, L=Mountain View, ST=California, C=US
[debug] &amp#27;[35m[ADB]&amp#27;[39m Signer #1 certificate SHA-256 digest: a40da80a59d170caa950cf15c18c454d47a39b26989d8b640ecd745ba71bf5dc
[debug] &amp#27;[35m[ADB]&amp#27;[39m Signer #1 certificate SHA-1 digest: 61ed377e85d386a8dfee6b864bd85b0bfaa5af81
[debug] &amp#27;[35m[ADB]&amp#27;[39m Signer #1 certificate MD5 digest: e89b158e4bcf988ebd09eb83f5378e87
[debug] &amp#27;[35m[ADB]&amp#27;[39m 
[debug] &amp#27;[35m[ADB]&amp#27;[39m 'C:\Users\T1170\AppData\Roaming\npm\node_modules\appium\node_modules\appium-uiautomator2-server\apks\appium-uiautomator2-server-v4.11.0.apk' is signed with the default certificate
[debug] &amp#27;[35m[ADB]&amp#27;[39m Getting install status for io.appium.uiautomator2.server.test
[debug] &amp#27;[35m[ADB]&amp#27;[39m Running 'C:\Users\T1170\AppData\Local\Android\Sdk\platform-tools\adb.exe -P 5037 -s emulator-5554 shell dumpsys package io.appium.uiautomator2.server.test'
[debug] &amp#27;[35m[ADB]&amp#27;[39m 'io.appium.uiautomator2.server.test' is installed
[debug] &amp#27;[35m[ADB]&amp#27;[39m Checking app cert for C:\Users\T1170\AppData\Roaming\npm\node_modules\appium\node_modules\appium-uiautomator2-server\apks\appium-uiautomator2-server-debug-androidTest.apk
[debug] &amp#27;[35m[ADB]&amp#27;[39m Starting apksigner: 'C:\\Program Files\\Java\\jdk-11.0.8\\bin\\java.exe' -Xmx1024M -Xss1m -jar C:\\Users\\T1170\\AppData\\Local\\Android\\Sdk\\build-tools\\30.0.0\\lib\\apksigner.jar verify --print-certs C:\\Users\\T1170\\AppData\\Roaming\\npm\\node_modules\\appium\\node_modules\\appium-uiautomator2-server\\apks\\appium-uiautomator2-server-debug-androidTest.apk
[debug] &amp#27;[35m[ADB]&amp#27;[39m apksigner stdout: Signer #1 certificate DN: EMAILADDRESS=android@android.com, CN=Android, OU=Android, O=Android, L=Mountain View, ST=California, C=US
[debug] &amp#27;[35m[ADB]&amp#27;[39m Signer #1 certificate SHA-256 digest: a40da80a59d170caa950cf15c18c454d47a39b26989d8b640ecd745ba71bf5dc
[debug] &amp#27;[35m[ADB]&amp#27;[39m Signer #1 certificate SHA-1 digest: 61ed377e85d386a8dfee6b864bd85b0bfaa5af81
[debug] &amp#27;[35m[ADB]&amp#27;[39m Signer #1 certificate MD5 digest: e89b158e4bcf988ebd09eb83f5378e87
[debug] &amp#27;[35m[ADB]&amp#27;[39m 
[debug] &amp#27;[35m[ADB]&amp#27;[39m 'C:\Users\T1170\AppData\Roaming\npm\node_modules\appium\node_modules\appium-uiautomator2-server\apks\appium-uiautomator2-server-debug-androidTest.apk' is signed with the default certificate
&amp#27;[35m[UiAutomator2]&amp#27;[39m Server packages are not going to be (re)installed
[debug] &amp#27;[35m[UiAutomator2]&amp#27;[39m Waiting up to 30000ms for services to be available
[debug] &amp#27;[35m[ADB]&amp#27;[39m Running 'C:\Users\T1170\AppData\Local\Android\Sdk\platform-tools\adb.exe -P 5037 -s emulator-5554 shell pm list instrumentation'
[debug] &amp#27;[35m[UiAutomator2]&amp#27;[39m Instrumentation target 'io.appium.uiautomator2.server.test/androidx.test.runner.AndroidJUnitRunner' is available
[debug] &amp#27;[35m[ADB]&amp#27;[39m Checking app cert for C:\Users\T1170\IdeaProjects\AppiumFrameworkpractise\src\Nordpass.apk
[debug] &amp#27;[35m[ADB]&amp#27;[39m Starting apksigner: 'C:\\Program Files\\Java\\jdk-11.0.8\\bin\\java.exe' -Xmx1024M -Xss1m -jar C:\\Users\\T1170\\AppData\\Local\\Android\\Sdk\\build-tools\\30.0.0\\lib\\apksigner.jar verify --print-certs C:\\Users\\T1170\\IdeaProjects\\AppiumFrameworkpractise\\src\\Nordpass.apk
[debug] &amp#27;[35m[ADB]&amp#27;[39m apksigner stdout: Signer #1 certificate DN: O=NordPass
[debug] &amp#27;[35m[ADB]&amp#27;[39m Signer #1 certificate SHA-256 digest: 0be5956d40deb2111ade05fa72b9258f4f278e4da9ec09ad0c004dae957f2047
[debug] &amp#27;[35m[ADB]&amp#27;[39m Signer #1 certificate SHA-1 digest: 3cb64e297626bafbbc6c09e9af914c8734a9d284
[debug] &amp#27;[35m[ADB]&amp#27;[39m Signer #1 certificate MD5 digest: 70e0574d50d474091ceda75ac3f67694
[debug] &amp#27;[35m[ADB]&amp#27;[39m 
[debug] &amp#27;[35m[ADB]&amp#27;[39m 'C:\Users\T1170\IdeaProjects\AppiumFrameworkpractise\src\Nordpass.apk' is signed with a non-default certificate
[debug] &amp#27;[35m[ADB]&amp#27;[39m Getting install status for com.nordpass.android.app.password.manager
[debug] &amp#27;[35m[ADB]&amp#27;[39m Running 'C:\Users\T1170\AppData\Local\Android\Sdk\platform-tools\adb.exe -P 5037 -s emulator-5554 shell dumpsys package com.nordpass.android.app.password.manager'
[debug] &amp#27;[35m[ADB]&amp#27;[39m 'com.nordpass.android.app.password.manager' is installed
[debug] &amp#27;[35m[ADB]&amp#27;[39m Getting package info for 'com.nordpass.android.app.password.manager'
[debug] &amp#27;[35m[ADB]&amp#27;[39m Running 'C:\Users\T1170\AppData\Local\Android\Sdk\platform-tools\adb.exe -P 5037 -s emulator-5554 shell dumpsys package com.nordpass.android.app.password.manager'
[debug] &amp#27;[35m[ADB]&amp#27;[39m The version name of the installed 'com.nordpass.android.app.password.manager' is greater or equal to the application version name ('2.4.0' >= '2.4.0')
[debug] &amp#27;[35m[ADB]&amp#27;[39m There is no need to install/upgrade 'C:\Users\T1170\IdeaProjects\AppiumFrameworkpractise\src\Nordpass.apk'
&amp#27;[35m[AndroidDriver]&amp#27;[39m Performing fast reset on 'com.nordpass.android.app.password.manager'
[debug] &amp#27;[35m[ADB]&amp#27;[39m Getting install status for com.nordpass.android.app.password.manager
[debug] &amp#27;[35m[ADB]&amp#27;[39m Running 'C:\Users\T1170\AppData\Local\Android\Sdk\platform-tools\adb.exe -P 5037 -s emulator-5554 shell dumpsys package com.nordpass.android.app.password.manager'
[debug] &amp#27;[35m[ADB]&amp#27;[39m 'com.nordpass.android.app.password.manager' is installed
[debug] &amp#27;[35m[ADB]&amp#27;[39m Running 'C:\Users\T1170\AppData\Local\Android\Sdk\platform-tools\adb.exe -P 5037 -s emulator-5554 shell am force-stop com.nordpass.android.app.password.manager'
[debug] &amp#27;[35m[ADB]&amp#27;[39m Running 'C:\Users\T1170\AppData\Local\Android\Sdk\platform-tools\adb.exe -P 5037 -s emulator-5554 shell pm clear com.nordpass.android.app.password.manager'
[debug] &amp#27;[35m[AndroidDriver]&amp#27;[39m Performed fast reset on the installed 'com.nordpass.android.app.password.manager' application (stop and clear)
[debug] &amp#27;[35m[UiAutomator2]&amp#27;[39m Performing shallow cleanup of automation leftovers
[debug] &amp#27;[35m[UiAutomator2]&amp#27;[39m The following obsolete sessions are still running: [null]
[debug] &amp#27;[35m[UiAutomator2]&amp#27;[39m Cleaning up the obsolete sessions
[debug] &amp#27;[35m[ADB]&amp#27;[39m Running 'C:\Users\T1170\AppData\Local\Android\Sdk\platform-tools\adb.exe -P 5037 -s emulator-5554 shell am force-stop io.appium.uiautomator2.server.test'
&amp#27;[35m[UiAutomator2]&amp#27;[39m Starting UIAutomator2 server 4.11.0
&amp#27;[35m[UiAutomator2]&amp#27;[39m Using UIAutomator2 server from 'C:\Users\T1170\AppData\Roaming\npm\node_modules\appium\node_modules\appium-uiautomator2-server\apks\appium-uiautomator2-server-v4.11.0.apk' and test from 'C:\Users\T1170\AppData\Roaming\npm\node_modules\appium\node_modules\appium-uiautomator2-server\apks\appium-uiautomator2-server-debug-androidTest.apk'
&amp#27;[35m[UiAutomator2]&amp#27;[39m Waiting up to 30000ms for UiAutomator2 to be online...
[debug] &amp#27;[35m[ADB]&amp#27;[39m Creating ADB subprocess with args: ["-P",5037,"-s","emulator-5554","shell","am","instrument","-w","io.appium.uiautomator2.server.test/androidx.test.runner.AndroidJUnitRunner"]
[debug] &amp#27;[35m[Instrumentation]&amp#27;[39m io.appium.uiautomator2.server.test.AppiumUiAutomator2Server:
[debug] &amp#27;[35m[WD Proxy]&amp#27;[39m Matched '/status' to command name 'getStatus'
[debug] &amp#27;[35m[WD Proxy]&amp#27;[39m Proxying [GET /status] to [GET http://127.0.0.1:8201/wd/hub/status] with no body
&amp#27;[35m[WD Proxy]&amp#27;[39m socket hang up
[debug] &amp#27;[35m[WD Proxy]&amp#27;[39m Matched '/status' to command name 'getStatus'
[debug] &amp#27;[35m[WD Proxy]&amp#27;[39m Proxying [GET /status] to [GET http://127.0.0.1:8201/wd/hub/status] with no body
[debug] &amp#27;[35m[WD Proxy]&amp#27;[39m Got response with status 200: {"sessionId":"None","value":{"message":"UiAutomator2 Server is ready to accept commands","ready":true}}
[debug] &amp#27;[35m[UiAutomator2]&amp#27;[39m The initialization of the instrumentation process took 2090ms
[debug] &amp#27;[35m[WD Proxy]&amp#27;[39m Matched '/session' to command name 'createSession'
[debug] &amp#27;[35m[WD Proxy]&amp#27;[39m Proxying [POST /session] to [POST http://127.0.0.1:8201/wd/hub/session] with body: {"capabilities":{"firstMatch":[{"platform":"LINUX","webStorageEnabled":false,"takesScreenshot":true,"javascriptEnabled":true,"databaseEnabled":false,"networkConnectionEnabled":true,"locationContextEnabled":false,"warnings":{},"desired":{"platformName":"android","app":"C:\\Users\\T1170\\IdeaProjects\\AppiumFrameworkpractise\\src\\Nordpass.apk","appActivity":"com.nordpass.android.ui.splash.SplashActivity","appPackage":"com.nordpass.android.app.password.manager","deviceName":"emulator-5553","noReset":false},"platformName":"android","app":"C:\\Users\\T1170\\IdeaProjects\\AppiumFrameworkpractise\\src\\Nordpass.apk","appActivity":"com.nordpass.android.ui.splash.SplashActivity","appPackage":"com.nordpass.android.app.password.manager","deviceName":"emulator-5554","noReset":false,"deviceUDID":"emulator-5554"}],"alwaysMatch":{}}}
[debug] &amp#27;[35m[WD Proxy]&amp#27;[39m Got response with status 200: {"sessionId":"e1a92ac3-39a4-4fa6-92fc-7041064cc14a","value":{"capabilities":{"firstMatch":[{"platform":"LINUX","webStorageEnabled":false,"takesScreenshot":true,"javascriptEnabled":true,"databaseEnabled":false,"networkConnectionEnabled":true,"locationContextEnabled":false,"warnings":{},"desired":{"platformName":"android","app":"C:\\Users\\T1170\\IdeaProjects\\AppiumFrameworkpractise\\src\\Nordpass.apk","appActivity":"com.nordpass.android.ui.splash.SplashActivity","appPackage":"com.nordpass.android.app.password.manager","deviceName":"emulator-5553","noReset":false},"platformName":"android","app":"C:\\Users\\T1170\\IdeaProjects\\AppiumFrameworkpractise\\src\\Nordpass.apk","appActivity":"com.nordpass.android.ui.splash.SplashActivity","appPackage":"com.nordpass.android.app.password.manager","deviceName":"emulator-5554","noReset":false,"deviceUDID":"emulator-5554"}],"alwaysMatch":{}},"sessionId":"e1a92ac3-39a4-4fa6-92fc-7041064cc14a"}}
&amp#27;[35m[WD Proxy]&amp#27;[39m Determined the downstream protocol as 'W3C'
[debug] &amp#27;[35m[WD Proxy]&amp#27;[39m Proxying [GET /appium/device/info] to [GET http://127.0.0.1:8201/wd/hub/session/e1a92ac3-39a4-4fa6-92fc-7041064cc14a/appium/device/info] with no body
[debug] &amp#27;[35m[WD Proxy]&amp#27;[39m Got response with status 200: {"sessionId":"e1a92ac3-39a4-4fa6-92fc-7041064cc14a","value":{"androidId":"df60478679680af7","apiVersion":"29","bluetooth":null,"brand":"google","carrierName":"Android","displayDensity":560,"locale":"en_US","manufacturer":"Google","model":"Android SDK built for x86_64","networks":[{"capabilities":{"SSID":null,"linkDownBandwidthKbps":1048576,"linkUpstreamBandwidthKbps":1048576,"networkCapabilities":"NET_CAPABILITY_NOT_METERED,NET_CAPABILITY_INTERNET,NET_CAPABILITY_NOT_RESTRICTED,NET_CAPABILITY_TRUSTED,NET_CAPABILITY_NOT_VPN,NET_CAPABILITY_VALIDATED,NET_CAPABILITY_NOT_ROAMING,NET_CAPABILITY_FOREGROUND,NET_CAPABILITY_NOT_CONGESTED,NET_CAPABILITY_NOT_SUSPENDED","signalStrength":-30,"transportTypes":"TRANSPORT_WIFI"},"detailedState":"CONNECTED","extraInfo":null,"isAvailable":true,"isConnected":true,"isFailover":false,"isRoaming":false,"state":"CONNECTED","subtype":0,"subtypeName":"","type":1,"typeName":"WIFI"}],"platformVersion":"10","realDisplaySize":"1440x2560","timeZone":"Europe/Kiev"}}
[debug] &amp#27;[35m[ADB]&amp#27;[39m Running 'C:\Users\T1170\AppData\Local\Android\Sdk\platform-tools\adb.exe -P 5037 -s emulator-5554 shell dumpsys window'
&amp#27;[35m[AndroidDriver]&amp#27;[39m Screen already unlocked, doing nothing
&amp#27;[35m[UiAutomator2]&amp#27;[39m Starting 'com.nordpass.android.app.password.manager/com.nordpass.android.ui.splash.SplashActivity and waiting for 'com.nordpass.android.app.password.manager/com.nordpass.android.ui.splash.SplashActivity'
[debug] &amp#27;[35m[ADB]&amp#27;[39m Running 'C:\Users\T1170\AppData\Local\Android\Sdk\platform-tools\adb.exe -P 5037 -s emulator-5554 shell am start -W -n com.nordpass.android.app.password.manager/com.nordpass.android.ui.splash.SplashActivity -S -a android.intent.action.MAIN -c android.intent.category.LAUNCHER -f 0x10200000'
[debug] &amp#27;[35m[WD Proxy]&amp#27;[39m Proxying [GET /appium/device/pixel_ratio] to [GET http://127.0.0.1:8201/wd/hub/session/e1a92ac3-39a4-4fa6-92fc-7041064cc14a/appium/device/pixel_ratio] with no body
[debug] &amp#27;[35m[WD Proxy]&amp#27;[39m Got response with status 200: {"sessionId":"e1a92ac3-39a4-4fa6-92fc-7041064cc14a","value":3.5}
[debug] &amp#27;[35m[WD Proxy]&amp#27;[39m Matched '/appium/device/system_bars' to command name 'getSystemBars'
[debug] &amp#27;[35m[WD Proxy]&amp#27;[39m Proxying [GET /appium/device/system_bars] to [GET http://127.0.0.1:8201/wd/hub/session/e1a92ac3-39a4-4fa6-92fc-7041064cc14a/appium/device/system_bars] with no body
[debug] &amp#27;[35m[WD Proxy]&amp#27;[39m Got response with status 200: {"sessionId":"e1a92ac3-39a4-4fa6-92fc-7041064cc14a","value":{"statusBar":84}}
[debug] &amp#27;[35m[WD Proxy]&amp#27;[39m Matched '/window/current/size' to command name 'getWindowSize'
[debug] &amp#27;[35m[WD Proxy]&amp#27;[39m Proxying [GET /window/current/size] to [GET http://127.0.0.1:8201/wd/hub/session/e1a92ac3-39a4-4fa6-92fc-7041064cc14a/window/current/size] with no body
[debug] &amp#27;[35m[WD Proxy]&amp#27;[39m Got response with status 200: {"sessionId":"e1a92ac3-39a4-4fa6-92fc-7041064cc14a","value":{"height":2392,"width":1440}}
&amp#27;[35m[Appium]&amp#27;[39m New AndroidUiautomator2Driver session created successfully, session 71784c92-b18a-46c1-a290-17ba74bb3393 added to master session list
[debug] &amp#27;[35m[BaseDriver]&amp#27;[39m Event 'newSessionStarted' logged at 1598279497696 (17:31:37 GMT+0300 (GMT+03:00))
[debug] &amp#27;[35m[W3C (71784c92)]&amp#27;[39m Cached the protocol value 'W3C' for the new session 71784c92-b18a-46c1-a290-17ba74bb3393
[debug] &amp#27;[35m[W3C (71784c92)]&amp#27;[39m Responding to client with driver.createSession() result: {"capabilities":{"platform":"LINUX","webStorageEnabled":false,"takesScreenshot":true,"javascriptEnabled":true,"databaseEnabled":false,"networkConnectionEnabled":true,"locationContextEnabled":false,"warnings":{},"desired":{"platformName":"android","app":"C:\\Users\\T1170\\IdeaProjects\\AppiumFrameworkpractise\\src\\Nordpass.apk","appActivity":"com.nordpass.android.ui.splash.SplashActivity","appPackage":"com.nordpass.android.app.password.manager","deviceName":"emulator-5553","noReset":false},"platformName":"android","app":"C:\\Users\\T1170\\IdeaProjects\\AppiumFrameworkpractise\\src\\Nordpass.apk","appActivity":"com.nordpass.android.ui.splash.SplashActivity","appPackage":"com.nordpass.android.app.password.manager","deviceName":"emulator-5554","noReset":false,"deviceUDID":"emulator-5554","deviceApiLevel":29,"platformVersion":"10","deviceScreenSize":"1440x2560","deviceScreenDensity":560,"deviceModel":"Android SDK built for x86_64","deviceManufacturer":"Google","pixelRatio":3.5,"statBarHeight":84,"viewportRect"...
&amp#27;[35m[HTTP]&amp#27;[39m &amp#27;[37m<-- POST /wd/hub/session &amp#27;[39m&amp#27;[32m200&amp#27;[39m &amp#27;[90m8253 ms - 1131&amp#27;[39m
&amp#27;[35m[HTTP]&amp#27;[39m &amp#27;[90m&amp#27;[39m
&amp#27;[35m[HTTP]&amp#27;[39m &amp#27;[37m-->&amp#27;[39m &amp#27;[37mPOST&amp#27;[39m &amp#27;[37m/wd/hub/session/71784c92-b18a-46c1-a290-17ba74bb3393/timeouts&amp#27;[39m
&amp#27;[35m[HTTP]&amp#27;[39m &amp#27;[90m{"implicit":10000}&amp#27;[39m
[debug] &amp#27;[35m[W3C (71784c92)]&amp#27;[39m Calling AppiumDriver.timeouts() with args: [null,null,null,null,10000,"71784c92-b18a-46c1-a290-17ba74bb3393"]
[debug] &amp#27;[35m[BaseDriver]&amp#27;[39m W3C timeout argument: {"implicit":10000}}
[debug] &amp#27;[35m[BaseDriver]&amp#27;[39m Set implicit wait to 10000ms
[debug] &amp#27;[35m[W3C (71784c92)]&amp#27;[39m Responding to client with driver.timeouts() result: null
&amp#27;[35m[HTTP]&amp#27;[39m &amp#27;[37m<-- POST /wd/hub/session/71784c92-b18a-46c1-a290-17ba74bb3393/timeouts &amp#27;[39m&amp#27;[32m200&amp#27;[39m &amp#27;[90m6 ms - 14&amp#27;[39m
&amp#27;[35m[HTTP]&amp#27;[39m &amp#27;[90m&amp#27;[39m
&amp#27;[35m[HTTP]&amp#27;[39m &amp#27;[37m-->&amp#27;[39m &amp#27;[37mPOST&amp#27;[39m &amp#27;[37m/wd/hub/session/71784c92-b18a-46c1-a290-17ba74bb3393/element&amp#27;[39m
&amp#27;[35m[HTTP]&amp#27;[39m &amp#27;[90m{"using":"id","value":"com.nordpass.android.app.password.manager:id/addItemButton"}&amp#27;[39m
[debug] &amp#27;[35m[W3C (71784c92)]&amp#27;[39m Calling AppiumDriver.findElement() with args: ["id","com.nordpass.android.app.password.manager:id/addItemButton","71784c92-b18a-46c1-a290-17ba74bb3393"]
[debug] &amp#27;[35m[BaseDriver]&amp#27;[39m Valid locator strategies for this request: xpath, id, class name, accessibility id, -android uiautomator
[debug] &amp#27;[35m[BaseDriver]&amp#27;[39m Waiting up to 10000 ms for condition
[debug] &amp#27;[35m[WD Proxy]&amp#27;[39m Matched '/element' to command name 'findElement'
[debug] &amp#27;[35m[WD Proxy]&amp#27;[39m Proxying [POST /element] to [POST http://127.0.0.1:8201/wd/hub/session/e1a92ac3-39a4-4fa6-92fc-7041064cc14a/element] with body: {"strategy":"id","selector":"com.nordpass.android.app.password.manager:id/addItemButton","context":"","multiple":false}
&amp#27;[35m[WD Proxy]&amp#27;[39m Got response with status 404: {"sessionId":"e1a92ac3-39a4-4fa6-92fc-7041064cc14a","value":{"error":"no such element","message":"An element could not be located on the page using the given search parameters","stacktrace":"io.appium.uiautomator2.common.exceptions.ElementNotFoundException: An element could not be located on the page using the given search parameters\n\tat io.appium.uiautomator2.handler.FindElement.safeHandle(FindElement.java:73)\n\tat io.appium.uiautomator2.handler.request.SafeRequestHandler.handle(SafeRequestHandler.java:41)\n\tat io.appium.uiautomator2.server.AppiumServlet.handleRequest(AppiumServlet.java:257)\n\tat io.appium.uiautomator2.server.AppiumServlet.handleHttpRequest(AppiumServlet.java:247)\n\tat io.appium.uiautomator2.http.ServerHandler.channelRead(ServerHandler.java:50)\n\tat io.netty.channel.AbstractChannelHandlerContext.invokeChannelRead(AbstractChannelHandlerContext.java:366)\n\tat io.netty.channel.AbstractChannelHandlerContext.invokeChannelRead(AbstractChannelHandlerContext.java:352)\n\tat io.netty.chann...
[debug] &amp#27;[35m[W3C]&amp#27;[39m Matched W3C error code 'no such element' to NoSuchElementError
[debug] &amp#27;[35m[BaseDriver]&amp#27;[39m Waited for 239 ms so far
[debug] &amp#27;[35m[WD Proxy]&amp#27;[39m Matched '/element' to command name 'findElement'
[debug] &amp#27;[35m[WD Proxy]&amp#27;[39m Proxying [POST /element] to [POST http://127.0.0.1:8201/wd/hub/session/e1a92ac3-39a4-4fa6-92fc-7041064cc14a/element] with body: {"strategy":"id","selector":"com.nordpass.android.app.password.manager:id/addItemButton","context":"","multiple":false}
&amp#27;[35m[WD Proxy]&amp#27;[39m Got response with status 404: {"sessionId":"e1a92ac3-39a4-4fa6-92fc-7041064cc14a","value":{"error":"no such element","message":"An element could not be located on the page using the given search parameters","stacktrace":"io.appium.uiautomator2.common.exceptions.ElementNotFoundException: An element could not be located on the page using the given search parameters\n\tat io.appium.uiautomator2.handler.FindElement.safeHandle(FindElement.java:73)\n\tat io.appium.uiautomator2.handler.request.SafeRequestHandler.handle(SafeRequestHandler.java:41)\n\tat io.appium.uiautomator2.server.AppiumServlet.handleRequest(AppiumServlet.java:257)\n\tat io.appium.uiautomator2.server.AppiumServlet.handleHttpRequest(AppiumServlet.java:247)\n\tat io.appium.uiautomator2.http.ServerHandler.channelRead(ServerHandler.java:50)\n\tat io.netty.channel.AbstractChannelHandlerContext.invokeChannelRead(AbstractChannelHandlerContext.java:366)\n\tat io.netty.channel.AbstractChannelHandlerContext.invokeChannelRead(AbstractChannelHandlerContext.java:352)\n\tat io.netty.chann...
[debug] &amp#27;[35m[W3C]&amp#27;[39m Matched W3C error code 'no such element' to NoSuchElementError
[debug] &amp#27;[35m[BaseDriver]&amp#27;[39m Waited for 1008 ms so far
[debug] &amp#27;[35m[WD Proxy]&amp#27;[39m Matched '/element' to command name 'findElement'
[debug] &amp#27;[35m[WD Proxy]&amp#27;[39m Proxying [POST /element] to [POST http://127.0.0.1:8201/wd/hub/session/e1a92ac3-39a4-4fa6-92fc-7041064cc14a/element] with body: {"strategy":"id","selector":"com.nordpass.android.app.password.manager:id/addItemButton","context":"","multiple":false}
[debug] &amp#27;[35m[WD Proxy]&amp#27;[39m Got response with status 200: {"sessionId":"e1a92ac3-39a4-4fa6-92fc-7041064cc14a","value":{"ELEMENT":"fa290402-7994-4076-97c4-ac5af5f67caa","element-6066-11e4-a52e-4f735466cecf":"fa290402-7994-4076-97c4-ac5af5f67caa"}}
[debug] &amp#27;[35m[W3C (71784c92)]&amp#27;[39m Responding to client with driver.findElement() result: {"element-6066-11e4-a52e-4f735466cecf":"fa290402-7994-4076-97c4-ac5af5f67caa","ELEMENT":"fa290402-7994-4076-97c4-ac5af5f67caa"}
&amp#27;[35m[HTTP]&amp#27;[39m &amp#27;[37m<-- POST /wd/hub/session/71784c92-b18a-46c1-a290-17ba74bb3393/element &amp#27;[39m&amp#27;[32m200&amp#27;[39m &amp#27;[90m2118 ms - 137&amp#27;[39m
&amp#27;[35m[HTTP]&amp#27;[39m &amp#27;[90m&amp#27;[39m
&amp#27;[35m[HTTP]&amp#27;[39m &amp#27;[37m-->&amp#27;[39m &amp#27;[37mGET&amp#27;[39m &amp#27;[37m/wd/hub/session/71784c92-b18a-46c1-a290-17ba74bb3393/element/fa290402-7994-4076-97c4-ac5af5f67caa/displayed&amp#27;[39m
&amp#27;[35m[HTTP]&amp#27;[39m &amp#27;[90m{}&amp#27;[39m
[debug] &amp#27;[35m[W3C (71784c92)]&amp#27;[39m Calling AppiumDriver.elementDisplayed() with args: ["fa290402-7994-4076-97c4-ac5af5f67caa","71784c92-b18a-46c1-a290-17ba74bb3393"]
[debug] &amp#27;[35m[WD Proxy]&amp#27;[39m Matched '/element/fa290402-7994-4076-97c4-ac5af5f67caa/attribute/displayed' to command name 'getAttribute'
[debug] &amp#27;[35m[WD Proxy]&amp#27;[39m Proxying [GET /element/fa290402-7994-4076-97c4-ac5af5f67caa/attribute/displayed] to [GET http://127.0.0.1:8201/wd/hub/session/e1a92ac3-39a4-4fa6-92fc-7041064cc14a/element/fa290402-7994-4076-97c4-ac5af5f67caa/attribute/displayed] with no body
[debug] &amp#27;[35m[WD Proxy]&amp#27;[39m Got response with status 200: {"sessionId":"e1a92ac3-39a4-4fa6-92fc-7041064cc14a","value":"true"}
[debug] &amp#27;[35m[W3C (71784c92)]&amp#27;[39m Responding to client with driver.elementDisplayed() result: true
&amp#27;[35m[HTTP]&amp#27;[39m &amp#27;[37m<-- GET /wd/hub/session/71784c92-b18a-46c1-a290-17ba74bb3393/element/fa290402-7994-4076-97c4-ac5af5f67caa/displayed &amp#27;[39m&amp#27;[32m200&amp#27;[39m &amp#27;[90m19 ms - 14&amp#27;[39m
&amp#27;[35m[HTTP]&amp#27;[39m &amp#27;[90m&amp#27;[39m
Searching for Add Item button
&amp#27;[35m[HTTP]&amp#27;[39m &amp#27;[37m-->&amp#27;[39m &amp#27;[37mGET&amp#27;[39m &amp#27;[37m/wd/hub/session/71784c92-b18a-46c1-a290-17ba74bb3393/context&amp#27;[39m
&amp#27;[35m[HTTP]&amp#27;[39m &amp#27;[90m{}&amp#27;[39m
[debug] &amp#27;[35m[W3C (71784c92)]&amp#27;[39m Calling AppiumDriver.getCurrentContext() with args: ["71784c92-b18a-46c1-a290-17ba74bb3393"]
[debug] &amp#27;[35m[W3C (71784c92)]&amp#27;[39m Responding to client with driver.getCurrentContext() result: "NATIVE_APP"
&amp#27;[35m[HTTP]&amp#27;[39m &amp#27;[37m<-- GET /wd/hub/session/71784c92-b18a-46c1-a290-17ba74bb3393/context &amp#27;[39m&amp#27;[32m200&amp#27;[39m &amp#27;[90m3 ms - 22&amp#27;[39m
&amp#27;[35m[HTTP]&amp#27;[39m &amp#27;[90m&amp#27;[39m
&amp#27;[35m[HTTP]&amp#27;[39m &amp#27;[37m-->&amp#27;[39m &amp#27;[37mPOST&amp#27;[39m &amp#27;[37m/wd/hub/session/71784c92-b18a-46c1-a290-17ba74bb3393/element&amp#27;[39m
&amp#27;[35m[HTTP]&amp#27;[39m &amp#27;[90m{"using":"id","value":"com.nordpass.android.app.password.manager:id/addItemButton"}&amp#27;[39m
[debug] &amp#27;[35m[W3C (71784c92)]&amp#27;[39m Calling AppiumDriver.findElement() with args: ["id","com.nordpass.android.app.password.manager:id/addItemButton","71784c92-b18a-46c1-a290-17ba74bb3393"]
[debug] &amp#27;[35m[BaseDriver]&amp#27;[39m Valid locator strategies for this request: xpath, id, class name, accessibility id, -android uiautomator
[debug] &amp#27;[35m[BaseDriver]&amp#27;[39m Waiting up to 10000 ms for condition
[debug] &amp#27;[35m[WD Proxy]&amp#27;[39m Matched '/element' to command name 'findElement'
[debug] &amp#27;[35m[WD Proxy]&amp#27;[39m Proxying [POST /element] to [POST http://127.0.0.1:8201/wd/hub/session/e1a92ac3-39a4-4fa6-92fc-7041064cc14a/element] with body: {"strategy":"id","selector":"com.nordpass.android.app.password.manager:id/addItemButton","context":"","multiple":false}
[debug] &amp#27;[35m[WD Proxy]&amp#27;[39m Got response with status 200: {"sessionId":"e1a92ac3-39a4-4fa6-92fc-7041064cc14a","value":{"ELEMENT":"f3cdd25f-f80a-47b8-9c54-b75271e71366","element-6066-11e4-a52e-4f735466cecf":"f3cdd25f-f80a-47b8-9c54-b75271e71366"}}
[debug] &amp#27;[35m[W3C (71784c92)]&amp#27;[39m Responding to client with driver.findElement() result: {"element-6066-11e4-a52e-4f735466cecf":"f3cdd25f-f80a-47b8-9c54-b75271e71366","ELEMENT":"f3cdd25f-f80a-47b8-9c54-b75271e71366"}
&amp#27;[35m[HTTP]&amp#27;[39m &amp#27;[37m<-- POST /wd/hub/session/71784c92-b18a-46c1-a290-17ba74bb3393/element &amp#27;[39m&amp#27;[32m200&amp#27;[39m &amp#27;[90m32 ms - 137&amp#27;[39m
&amp#27;[35m[HTTP]&amp#27;[39m &amp#27;[90m&amp#27;[39m
&amp#27;[35m[HTTP]&amp#27;[39m &amp#27;[37m-->&amp#27;[39m &amp#27;[37mPOST&amp#27;[39m &amp#27;[37m/wd/hub/session/71784c92-b18a-46c1-a290-17ba74bb3393/element/f3cdd25f-f80a-47b8-9c54-b75271e71366/click&amp#27;[39m
&amp#27;[35m[HTTP]&amp#27;[39m &amp#27;[90m{"id":"f3cdd25f-f80a-47b8-9c54-b75271e71366"}&amp#27;[39m
[debug] &amp#27;[35m[W3C (71784c92)]&amp#27;[39m Calling AppiumDriver.click() with args: ["f3cdd25f-f80a-47b8-9c54-b75271e71366","71784c92-b18a-46c1-a290-17ba74bb3393"]
[debug] &amp#27;[35m[WD Proxy]&amp#27;[39m Matched '/element/f3cdd25f-f80a-47b8-9c54-b75271e71366/click' to command name 'click'
[debug] &amp#27;[35m[WD Proxy]&amp#27;[39m Proxying [POST /element/f3cdd25f-f80a-47b8-9c54-b75271e71366/click] to [POST http://127.0.0.1:8201/wd/hub/session/e1a92ac3-39a4-4fa6-92fc-7041064cc14a/element/f3cdd25f-f80a-47b8-9c54-b75271e71366/click] with body: {"element":"f3cdd25f-f80a-47b8-9c54-b75271e71366"}
[debug] &amp#27;[35m[WD Proxy]&amp#27;[39m Got response with status 200: {"sessionId":"e1a92ac3-39a4-4fa6-92fc-7041064cc14a","value":null}
[debug] &amp#27;[35m[W3C (71784c92)]&amp#27;[39m Responding to client with driver.click() result: null
&amp#27;[35m[HTTP]&amp#27;[39m &amp#27;[37m<-- POST /wd/hub/session/71784c92-b18a-46c1-a290-17ba74bb3393/element/f3cdd25f-f80a-47b8-9c54-b75271e71366/click &amp#27;[39m&amp#27;[32m200&amp#27;[39m &amp#27;[9Searching for AddLogin button
0m56 ms - 14&amp#27;[39m
&amp#27;[35m[HTTP]&amp#27;[39m &amp#27;[90m&amp#27;[39m
&amp#27;[35m[HTTP]&amp#27;[39m &amp#27;[37m-->&amp#27;[39m &amp#27;[37mGET&amp#27;[39m &amp#27;[37m/wd/hub/session/71784c92-b18a-46c1-a290-17ba74bb3393/context&amp#27;[39m
&amp#27;[35m[HTTP]&amp#27;[39m &amp#27;[90m{}&amp#27;[39m
[debug] &amp#27;[35m[W3C (71784c92)]&amp#27;[39m Calling AppiumDriver.getCurrentContext() with args: ["71784c92-b18a-46c1-a290-17ba74bb3393"]
[debug] &amp#27;[35m[W3C (71784c92)]&amp#27;[39m Responding to client with driver.getCurrentContext() result: "NATIVE_APP"
&amp#27;[35m[HTTP]&amp#27;[39m &amp#27;[37m<-- GET /wd/hub/session/71784c92-b18a-46c1-a290-17ba74bb3393/context &amp#27;[39m&amp#27;[32m200&amp#27;[39m &amp#27;[90m3 ms - 22&amp#27;[39m
&amp#27;[35m[HTTP]&amp#27;[39m &amp#27;[90m&amp#27;[39m
&amp#27;[35m[HTTP]&amp#27;[39m &amp#27;[37m-->&amp#27;[39m &amp#27;[37mPOST&amp#27;[39m &amp#27;[37m/wd/hub/session/71784c92-b18a-46c1-a290-17ba74bb3393/element&amp#27;[39m
&amp#27;[35m[HTTP]&amp#27;[39m &amp#27;[90m{"using":"id","value":"com.nordpass.android.app.password.manager:id/clickableLoginView"}&amp#27;[39m
[debug] &amp#27;[35m[W3C (71784c92)]&amp#27;[39m Calling AppiumDriver.findElement() with args: ["id","com.nordpass.android.app.password.manager:id/clickableLoginView","71784c92-b18a-46c1-a290-17ba74bb3393"]
[debug] &amp#27;[35m[BaseDriver]&amp#27;[39m Valid locator strategies for this request: xpath, id, class name, accessibility id, -android uiautomator
[debug] &amp#27;[35m[BaseDriver]&amp#27;[39m Waiting up to 10000 ms for condition
[debug] &amp#27;[35m[WD Proxy]&amp#27;[39m Matched '/element' to command name 'findElement'
[debug] &amp#27;[35m[WD Proxy]&amp#27;[39m Proxying [POST /element] to [POST http://127.0.0.1:8201/wd/hub/session/e1a92ac3-39a4-4fa6-92fc-7041064cc14a/element] with body: {"strategy":"id","selector":"com.nordpass.android.app.password.manager:id/clickableLoginView","context":"","multiple":false}
[debug] &amp#27;[35m[WD Proxy]&amp#27;[39m Got response with status 200: {"sessionId":"e1a92ac3-39a4-4fa6-92fc-7041064cc14a","value":{"ELEMENT":"bf30be3c-b8c9-4459-88fd-1caaa50827d4","element-6066-11e4-a52e-4f735466cecf":"bf30be3c-b8c9-4459-88fd-1caaa50827d4"}}
[debug] &amp#27;[35m[W3C (71784c92)]&amp#27;[39m Responding to client with driver.findElement() result: {"element-6066-11e4-a52e-4f735466cecf":"bf30be3c-b8c9-4459-88fd-1caaa50827d4","ELEMENT":"bf30be3c-b8c9-4459-88fd-1caaa50827d4"}
&amp#27;[35m[HTTP]&amp#27;[39m &amp#27;[37m<-- POST /wd/hub/session/71784c92-b18a-46c1-a290-17ba74bb3393/element &amp#27;[39m&amp#27;[32m200&amp#27;[39m &amp#27;[90m142 ms - 137&amp#27;[39m
&amp#27;[35m[HTTP]&amp#27;[39m &amp#27;[90m&amp#27;[39m
&amp#27;[35m[HTTP]&amp#27;[39m &amp#27;[37m-->&amp#27;[39m &amp#27;[37mPOST&amp#27;[39m &amp#27;[37m/wd/hub/session/71784c92-b18a-46c1-a290-17ba74bb3393/element/bf30be3c-b8c9-4459-88fd-1caaa50827d4/click&amp#27;[39m
&amp#27;[35m[HTTP]&amp#27;[39m &amp#27;[90m{"id":"bf30be3c-b8c9-4459-88fd-1caaa50827d4"}&amp#27;[39m
[debug] &amp#27;[35m[W3C (71784c92)]&amp#27;[39m Calling AppiumDriver.click() with args: ["bf30be3c-b8c9-4459-88fd-1caaa50827d4","71784c92-b18a-46c1-a290-17ba74bb3393"]
[debug] &amp#27;[35m[WD Proxy]&amp#27;[39m Matched '/element/bf30be3c-b8c9-4459-88fd-1caaa50827d4/click' to command name 'click'
[debug] &amp#27;[35m[WD Proxy]&amp#27;[39m Proxying [POST /element/bf30be3c-b8c9-4459-88fd-1caaa50827d4/click] to [POST http://127.0.0.1:8201/wd/hub/session/e1a92ac3-39a4-4fa6-92fc-7041064cc14a/element/bf30be3c-b8c9-4459-88fd-1caaa50827d4/click] with body: {"element":"bf30be3c-b8c9-4459-88fd-1caaa50827d4"}
[debug] &amp#27;[35m[WD Proxy]&amp#27;[39m Got response with status 200: {"sessionId":"e1a92ac3-39a4-4fa6-92fc-7041064cc14a","value":null}
[debug] &amp#27;[35m[W3C (71784c92)]&amp#27;[39m Responding to client with driver.click() result: null
&amp#27;[35m[HTTP]&amp#27;[39m &amp#27;[37m<-- POST /wd/hub/session/71784c92-b18a-46c1-a290-17ba74bb3393/element/bf30be3c-b8c9-4459-88fd-1caaa50827d4/click &amp#27;[39m&amp#27;[32m200&amp#27;Searching for Password Title
[39m &amp#27;[90m636 ms - 14&amp#27;[39m
&amp#27;[35m[HTTP]&amp#27;[39m &amp#27;[90m&amp#27;[39m
&amp#27;[35m[HTTP]&amp#27;[39m &amp#27;[37m-->&amp#27;[39m &amp#27;[37mGET&amp#27;[39m &amp#27;[37m/wd/hub/session/71784c92-b18a-46c1-a290-17ba74bb3393/context&amp#27;[39m
&amp#27;[35m[HTTP]&amp#27;[39m &amp#27;[90m{}&amp#27;[39m
[debug] &amp#27;[35m[W3C (71784c92)]&amp#27;[39m Calling AppiumDriver.getCurrentContext() with args: ["71784c92-b18a-46c1-a290-17ba74bb3393"]
[debug] &amp#27;[35m[W3C (71784c92)]&amp#27;[39m Responding to client with driver.getCurrentContext() result: "NATIVE_APP"
&amp#27;[35m[HTTP]&amp#27;[39m &amp#27;[37m<-- GET /wd/hub/session/71784c92-b18a-46c1-a290-17ba74bb3393/context &amp#27;[39m&amp#27;[32m200&amp#27;[39m &amp#27;[90m2 ms - 22&amp#27;[39m
&amp#27;[35m[HTTP]&amp#27;[39m &amp#27;[90m&amp#27;[39m
&amp#27;[35m[HTTP]&amp#27;[39m &amp#27;[37m-->&amp#27;[39m &amp#27;[37mPOST&amp#27;[39m &amp#27;[37m/wd/hub/session/71784c92-b18a-46c1-a290-17ba74bb3393/element&amp#27;[39m
&amp#27;[35m[HTTP]&amp#27;[39m &amp#27;[90m{"using":"id","value":"com.nordpass.android.app.password.manager:id/passwordTitle"}&amp#27;[39m
[debug] &amp#27;[35m[W3C (71784c92)]&amp#27;[39m Calling AppiumDriver.findElement() with args: ["id","com.nordpass.android.app.password.manager:id/passwordTitle","71784c92-b18a-46c1-a290-17ba74bb3393"]
[debug] &amp#27;[35m[BaseDriver]&amp#27;[39m Valid locator strategies for this request: xpath, id, class name, accessibility id, -android uiautomator
[debug] &amp#27;[35m[BaseDriver]&amp#27;[39m Waiting up to 10000 ms for condition
[debug] &amp#27;[35m[WD Proxy]&amp#27;[39m Matched '/element' to command name 'findElement'
[debug] &amp#27;[35m[WD Proxy]&amp#27;[39m Proxying [POST /element] to [POST http://127.0.0.1:8201/wd/hub/session/e1a92ac3-39a4-4fa6-92fc-7041064cc14a/element] with body: {"strategy":"id","selector":"com.nordpass.android.app.password.manager:id/passwordTitle","context":"","multiple":false}
[debug] &amp#27;[35m[WD Proxy]&amp#27;[39m Got response with status 200: {"sessionId":"e1a92ac3-39a4-4fa6-92fc-7041064cc14a","value":{"ELEMENT":"d5072644-9ffd-42e9-8df4-1d67e04e92cb","element-6066-11e4-a52e-4f735466cecf":"d5072644-9ffd-42e9-8df4-1d67e04e92cb"}}
[debug] &amp#27;[35m[W3C (71784c92)]&amp#27;[39m Responding to client with driver.findElement() result: {"element-6066-11e4-a52e-4f735466cecf":"d5072644-9ffd-42e9-8df4-1d67e04e92cb","ELEMENT":"d5072644-9ffd-42e9-8df4-1d67e04e92cb"}
&amp#27;[35m[HTTP]&amp#27;[39m &amp#27;[37m<-- POST /wd/hub/session/71784c92-b18a-46c1-a290-17ba74bb3393/element &amp#27;[39m&amp#27;[32m200&amp#27;[39m &amp#27;[90m287 ms - 137&amp#27;[39m
&amp#27;[35m[HTTP]&amp#27;[39m &amp#27;[90m&amp#27;[39m
&amp#27;[35m[HTTP]&amp#27;[39m &amp#27;[37m-->&amp#27;[39m &amp#27;[37mPOST&amp#27;[39m &amp#27;[37m/wd/hub/session/71784c92-b18a-46c1-a290-17ba74bb3393/element/d5072644-9ffd-42e9-8df4-1d67e04e92cb/click&amp#27;[39m
&amp#27;[35m[HTTP]&amp#27;[39m &amp#27;[90m{"id":"d5072644-9ffd-42e9-8df4-1d67e04e92cb"}&amp#27;[39m
[debug] &amp#27;[35m[W3C (71784c92)]&amp#27;[39m Calling AppiumDriver.click() with args: ["d5072644-9ffd-42e9-8df4-1d67e04e92cb","71784c92-b18a-46c1-a290-17ba74bb3393"]
[debug] &amp#27;[35m[WD Proxy]&amp#27;[39m Matched '/element/d5072644-9ffd-42e9-8df4-1d67e04e92cb/click' to command name 'click'
[debug] &amp#27;[35m[WD Proxy]&amp#27;[39m Proxying [POST /element/d5072644-9ffd-42e9-8df4-1d67e04e92cb/click] to [POST http://127.0.0.1:8201/wd/hub/session/e1a92ac3-39a4-4fa6-92fc-7041064cc14a/element/d5072644-9ffd-42e9-8df4-1d67e04e92cb/click] with body: {"element":"d5072644-9ffd-42e9-8df4-1d67e04e92cb"}
[debug] &amp#27;[35m[WD Proxy]&amp#27;[39m Got response with status 200: {"sessionId":"e1a92ac3-39a4-4fa6-92fc-7041064cc14a","value":null}
[debug] &amp#27;[35m[W3C (71784c92)]&amp#27;[39m Responding to client with driver.click() result: null
&amp#27;[35m[HTTP]&amp#27;[39m &amp#27;[37m<-- POST /wd/hub/session/71784c92-b18a-46c1-a290-17ba74bb3393/element/d5072644-9ffd-42e9-8df4-1d67e04e92cb/click &amp#27;[39m&amp#27;[32m200&amp#27;[39m &amp#27;[90m496 ms - 14&amp#27;[39m
&amp#27;[35m[HTTP]&amp#27;[39m &amp#27;[90m&amp#27;[39m
&amp#27;[35m[HTTP]&amp#27;[39m &amp#27;[37m-->&amp#27;[39m &amp#27;[37mGET&amp#27;[39m &amp#27;[37m/wd/hub/session/71784c92-b18a-46c1-a290-17ba74bb3393/appium/device/is_keyboard_shown&amp#27;[39m
&amp#27;[35m[HTTP]&amp#27;[39m &amp#27;[90m{}&amp#27;[39m
[debug] &amp#27;[35m[W3C (71784c92)]&amp#27;[39m Calling AppiumDriver.isKeyboardShown() with args: ["71784c92-b18a-46c1-a290-17ba74bb3393"]
[debug] &amp#27;[35m[ADB]&amp#27;[39m Running 'C:\Users\T1170\AppData\Local\Android\Sdk\platform-tools\adb.exe -P 5037 -s emulator-5554 shell dumpsys input_method'
[debug] &amp#27;[35m[W3C (71784c92)]&amp#27;[39m Responding to client with driver.isKeyboardShown() result: true
&amp#27;[35m[HTTP]&amp#27;[39m &amp#27;[37m<-- GET /wd/hub/session/71784c92-b18a-46c1-a290-17ba74bb3393/appium/device/is_keyboard_shown &amp#27;[39m&amp#27;[32m200&amp#27;[39m &amp#27;[90m274 ms - 14&amp#27;[39m
&amp#27;[35m[HTTP]&amp#27;[39m &amp#27;[90m&amp#27;[39m
Searching for Password Title
&amp#27;[35m[HTTP]&amp#27;[39m &amp#27;[37m-->&amp#27;[39m &amp#27;[37mGET&amp#27;[39m &amp#27;[37m/wd/hub/session/71784c92-b18a-46c1-a290-17ba74bb3393/context&amp#27;[39m
&amp#27;[35m[HTTP]&amp#27;[39m &amp#27;[90m{}&amp#27;[39m
[debug] &amp#27;[35m[W3C (71784c92)]&amp#27;[39m Calling AppiumDriver.getCurrentContext() with args: ["71784c92-b18a-46c1-a290-17ba74bb3393"]
[debug] &amp#27;[35m[W3C (71784c92)]&amp#27;[39m Responding to client with driver.getCurrentContext() result: "NATIVE_APP"
&amp#27;[35m[HTTP]&amp#27;[39m &amp#27;[37m<-- GET /wd/hub/session/71784c92-b18a-46c1-a290-17ba74bb3393/context &amp#27;[39m&amp#27;[32m200&amp#27;[39m &amp#27;[90m1 ms - 22&amp#27;[39m
&amp#27;[35m[HTTP]&amp#27;[39m &amp#27;[90m&amp#27;[39m
&amp#27;[35m[HTTP]&amp#27;[39m &amp#27;[37m-->&amp#27;[39m &amp#27;[37mPOST&amp#27;[39m &amp#27;[37m/wd/hub/session/71784c92-b18a-46c1-a290-17ba74bb3393/element&amp#27;[39m
&amp#27;[35m[HTTP]&amp#27;[39m &amp#27;[90m{"using":"id","value":"com.nordpass.android.app.password.manager:id/passwordTitle"}&amp#27;[39m
[debug] &amp#27;[35m[W3C (71784c92)]&amp#27;[39m Calling AppiumDriver.findElement() with args: ["id","com.nordpass.android.app.password.manager:id/passwordTitle","71784c92-b18a-46c1-a290-17ba74bb3393"]
[debug] &amp#27;[35m[BaseDriver]&amp#27;[39m Valid locator strategies for this request: xpath, id, class name, accessibility id, -android uiautomator
[debug] &amp#27;[35m[BaseDriver]&amp#27;[39m Waiting up to 10000 ms for condition
[debug] &amp#27;[35m[WD Proxy]&amp#27;[39m Matched '/element' to command name 'findElement'
[debug] &amp#27;[35m[WD Proxy]&amp#27;[39m Proxying [POST /element] to [POST http://127.0.0.1:8201/wd/hub/session/e1a92ac3-39a4-4fa6-92fc-7041064cc14a/element] with body: {"strategy":"id","selector":"com.nordpass.android.app.password.manager:id/passwordTitle","context":"","multiple":false}
[debug] &amp#27;[35m[WD Proxy]&amp#27;[39m Got response with status 200: {"sessionId":"e1a92ac3-39a4-4fa6-92fc-7041064cc14a","value":{"ELEMENT":"022b32dc-a1a2-4894-96ef-6358cf0030a2","element-6066-11e4-a52e-4f735466cecf":"022b32dc-a1a2-4894-96ef-6358cf0030a2"}}
[debug] &amp#27;[35m[W3C (71784c92)]&amp#27;[39m Responding to client with driver.findElement() result: {"element-6066-11e4-a52e-4f735466cecf":"022b32dc-a1a2-4894-96ef-6358cf0030a2","ELEMENT":"022b32dc-a1a2-4894-96ef-6358cf0030a2"}
&amp#27;[35m[HTTP]&amp#27;[39m &amp#27;[37m<-- POST /wd/hub/session/71784c92-b18a-46c1-a290-17ba74bb3393/element &amp#27;[39m&amp#27;[32m200&amp#27;[39m &amp#27;[90m482 ms - 137&amp#27;[39m
&amp#27;[35m[HTTP]&amp#27;[39m &amp#27;[90m&amp#27;[39m
&amp#27;[35m[HTTP]&amp#27;[39m &amp#27;[37m-->&amp#27;[39m &amp#27;[37mPOST&amp#27;[39m &amp#27;[37m/wd/hub/session/71784c92-b18a-46c1-a290-17ba74bb3393/element/022b32dc-a1a2-4894-96ef-6358cf0030a2/value&amp#27;[39m
&amp#27;[35m[HTTP]&amp#27;[39m &amp#27;[90m{"id":"022b32dc-a1a2-4894-96ef-6358cf0030a2","text":"Testas 1","value":["T","e","s","t","a","s"," ","1"]}&amp#27;[39m
[debug] &amp#27;[35m[W3C (71784c92)]&amp#27;[39m Calling AppiumDriver.setValue() with args: [["T","e","s","t","a","s"," ","1"],"022b32dc-a1a2-4894-96ef-6358cf0030a2","71784c92-b18a-46c1-a290-17ba74bb3393"]
[debug] &amp#27;[35m[WD Proxy]&amp#27;[39m Matched '/element/022b32dc-a1a2-4894-96ef-6358cf0030a2/value' to command name 'setValue'
[debug] &amp#27;[35m[Protocol Converter]&amp#27;[39m Added 'value' property ["T","e","s","t","a","s"," ","1"] to 'setValue' request body
[debug] &amp#27;[35m[WD Proxy]&amp#27;[39m Proxying [POST /element/022b32dc-a1a2-4894-96ef-6358cf0030a2/value] to [POST http://127.0.0.1:8201/wd/hub/session/e1a92ac3-39a4-4fa6-92fc-7041064cc14a/element/022b32dc-a1a2-4894-96ef-6358cf0030a2/value] with body: {"elementId":"022b32dc-a1a2-4894-96ef-6358cf0030a2","text":"Testas 1","replace":false,"value":["T","e","s","t","a","s"," ","1"]}
[debug] &amp#27;[35m[WD Proxy]&amp#27;[39m Got response with status 200: {"sessionId":"e1a92ac3-39a4-4fa6-92fc-7041064cc14a","value":null}
[debug] &amp#27;[35m[W3C (71784c92)]&amp#27;[39m Responding to client with driver.setValue() result: null
&amp#27;[35m[HTTP]&amp#27;[39m &amp#27;[37m<-- POST /wd/hub/session/71784c92-b18a-46c1-a290-17ba74bb3393/element/022b32dc-a1a2-4894-96ef-6358cf0030a2/value &amp#27;[39m&amp#27;[32m200&amp#27;[39m &amp#27;[90m70 ms - 14&amp#27;[39m
&amp#27;[35m[HTTP]&amp#27;[39m &amp#27;[90m&amp#27;[39m
Searching for Password Title
&amp#27;[35m[HTTP]&amp#27;[39m &amp#27;[37m-->&amp#27;[39m &amp#27;[37mGET&amp#27;[39m &amp#27;[37m/wd/hub/session/71784c92-b18a-46c1-a290-17ba74bb3393/context&amp#27;[39m
&amp#27;[35m[HTTP]&amp#27;[39m &amp#27;[90m{}&amp#27;[39m
[debug] &amp#27;[35m[W3C (71784c92)]&amp#27;[39m Calling AppiumDriver.getCurrentContext() with args: ["71784c92-b18a-46c1-a290-17ba74bb3393"]
[debug] &amp#27;[35m[W3C (71784c92)]&amp#27;[39m Responding to client with driver.getCurrentContext() result: "NATIVE_APP"
&amp#27;[35m[HTTP]&amp#27;[39m &amp#27;[37m<-- GET /wd/hub/session/71784c92-b18a-46c1-a290-17ba74bb3393/context &amp#27;[39m&amp#27;[32m200&amp#27;[39m &amp#27;[90m2 ms - 22&amp#27;[39m
&amp#27;[35m[HTTP]&amp#27;[39m &amp#27;[90m&amp#27;[39m
&amp#27;[35m[HTTP]&amp#27;[39m &amp#27;[37m-->&amp#27;[39m &amp#27;[37mPOST&amp#27;[39m &amp#27;[37m/wd/hub/session/71784c92-b18a-46c1-a290-17ba74bb3393/element&amp#27;[39m
&amp#27;[35m[HTTP]&amp#27;[39m &amp#27;[90m{"using":"id","value":"com.nordpass.android.app.password.manager:id/passwordTitle"}&amp#27;[39m
[debug] &amp#27;[35m[W3C (71784c92)]&amp#27;[39m Calling AppiumDriver.findElement() with args: ["id","com.nordpass.android.app.password.manager:id/passwordTitle","71784c92-b18a-46c1-a290-17ba74bb3393"]
[debug] &amp#27;[35m[BaseDriver]&amp#27;[39m Valid locator strategies for this request: xpath, id, class name, accessibility id, -android uiautomator
[debug] &amp#27;[35m[BaseDriver]&amp#27;[39m Waiting up to 10000 ms for condition
[debug] &amp#27;[35m[WD Proxy]&amp#27;[39m Matched '/element' to command name 'findElement'
[debug] &amp#27;[35m[WD Proxy]&amp#27;[39m Proxying [POST /element] to [POST http://127.0.0.1:8201/wd/hub/session/e1a92ac3-39a4-4fa6-92fc-7041064cc14a/element] with body: {"strategy":"id","selector":"com.nordpass.android.app.password.manager:id/passwordTitle","context":"","multiple":false}
[debug] &amp#27;[35m[WD Proxy]&amp#27;[39m Got response with status 200: {"sessionId":"e1a92ac3-39a4-4fa6-92fc-7041064cc14a","value":{"ELEMENT":"2a6e5f1f-713e-4b63-9142-97524359ccb8","element-6066-11e4-a52e-4f735466cecf":"2a6e5f1f-713e-4b63-9142-97524359ccb8"}}
[debug] &amp#27;[35m[W3C (71784c92)]&amp#27;[39m Responding to client with driver.findElement() result: {"element-6066-11e4-a52e-4f735466cecf":"2a6e5f1f-713e-4b63-9142-97524359ccb8","ELEMENT":"2a6e5f1f-713e-4b63-9142-97524359ccb8"}
&amp#27;[35m[HTTP]&amp#27;[39m &amp#27;[37m<-- POST /wd/hub/session/71784c92-b18a-46c1-a290-17ba74bb3393/element &amp#27;[39m&amp#27;[32m200&amp#27;[39m &amp#27;[90m582 ms - 137&amp#27;[39m
&amp#27;[35m[HTTP]&amp#27;[39m &amp#27;[90m&amp#27;[39m
&amp#27;[35m[HTTP]&amp#27;[39m &amp#27;[37m-->&amp#27;[39m &amp#27;[37mGET&amp#27;[39m &amp#27;[37m/wd/hub/session/71784c92-b18a-46c1-a290-17ba74bb3393/element/2a6e5f1f-713e-4b63-9142-97524359ccb8/text&amp#27;[39m
&amp#27;[35m[HTTP]&amp#27;[39m &amp#27;[90m{}&amp#27;[39m
&amp#27;[35m[W3C (71784c92)]&amp#27;[39m Driver proxy active, passing request on via HTTP proxy
[debug] &amp#27;[35m[WD Proxy]&amp#27;[39m Matched '/wd/hub/session/71784c92-b18a-46c1-a290-17ba74bb3393/element/2a6e5f1f-713e-4b63-9142-97524359ccb8/text' to command name 'getText'
[debug] &amp#27;[35m[WD Proxy]&amp#27;[39m Proxying [GET /wd/hub/session/71784c92-b18a-46c1-a290-17ba74bb3393/element/2a6e5f1f-713e-4b63-9142-97524359ccb8/text] to [GET http://127.0.0.1:8201/wd/hub/session/e1a92ac3-39a4-4fa6-92fc-7041064cc14a/element/2a6e5f1f-713e-4b63-9142-97524359ccb8/text] with no body
[debug] &amp#27;[35m[WD Proxy]&amp#27;[39m Got response with status 200: {"sessionId":"e1a92ac3-39a4-4fa6-92fc-7041064cc14a","value":"Testas 1"}
&amp#27;[35m[WD Proxy]&amp#27;[39m Replacing sessionId e1a92ac3-39a4-4fa6-92fc-7041064cc14a with 71784c92-b18a-46c1-a290-17ba74bb3393
&amp#27;[35m[HTTP]&amp#27;[39m &amp#27;[37m<-- GET /wd/hub/session/71784c92-b18a-46c1-a290-17ba74bb3393/element/2a6e5f1f-713e-4b63-9142-97524359ccb8/text &amp#27;[39m&amp#27;[32m200&amp#27;[39m &amp#27;[90m12 ms - 71&amp#27;[39m
&amp#27;[35m[HTTP]&amp#27;[39m &amp#27;[90m&amp#27;[39m
&amp#27;[35m[HTTP]&amp#27;[39m &amp#27;[37m-->&amp#27;[39m &amp#27;[37mPOST&amp#27;[39m &amp#27;[37m/wd/hub/session/71784c92-b18a-46c1-a290-17ba74bb3393/appium/device/hide_keyboard&amp#27;[39m
&amp#27;[35m[HTTP]&amp#27;[39m &amp#27;[90m{}&amp#27;[39m
[debug] &amp#27;[35m[W3C (71784c92)]&amp#27;[39m Calling AppiumDriver.hideKeyboard() with args: [null,null,null,null,"71784c92-b18a-46c1-a290-17ba74bb3393"]
[debug] &amp#27;[35m[ADB]&amp#27;[39m Running 'C:\Users\T1170\AppData\Local\Android\Sdk\platform-tools\adb.exe -P 5037 -s emulator-5554 shell dumpsys input_method'
[debug] &amp#27;[35m[ADB]&amp#27;[39m Running 'C:\Users\T1170\AppData\Local\Android\Sdk\platform-tools\adb.exe -P 5037 -s emulator-5554 shell input keyevent 111'
[debug] &amp#27;[35m[ADB]&amp#27;[39m Running 'C:\Users\T1170\AppData\Local\Android\Sdk\platform-tools\adb.exe -P 5037 -s emulator-5554 shell dumpsys input_method'
[debug] &amp#27;[35m[W3C (71784c92)]&amp#27;[39m Responding to client with driver.hideKeyboard() result: true
&amp#27;[35m[HTTP]&amp#27;[39m &amp#27;[37m<-- POST /wd/hub/session/71784c92-b18a-46c1-a290-17ba74bb3393/appium/device/hide_keyboard &amp#27;[39m&amp#27;[32m200&amp#27;[39m &amp#27;[90m460 ms - 14&amp#27;[39m
&amp#27;[35m[HTTP]&amp#27;[39m &amp#27;[90m&amp#27;[39m
&amp#27;[35m[HTTP]&amp#27;[39m &amp#27;[37m-->&amp#27;[39m &amp#27;[37mGET&amp#27;[39m &amp#27;[37m/wd/hub/session/71784c92-b18a-46c1-a290-17ba74bb3393/screenshot&amp#27;[39m
&amp#27;[35m[HTTP]&amp#27;[39m &amp#27;[90m{}&amp#27;[39m
[debug] &amp#27;[35m[W3C (71784c92)]&amp#27;[39m Calling AppiumDriver.getScreenshot() with args: ["71784c92-b18a-46c1-a290-17ba74bb3393"]
[debug] &amp#27;[35m[WD Proxy]&amp#27;[39m Matched '/screenshot' to command name 'getScreenshot'
[debug] &amp#27;[35m[WD Proxy]&amp#27;[39m Proxying [GET /screenshot] to [GET http://127.0.0.1:8201/wd/hub/session/e1a92ac3-39a4-4fa6-92fc-7041064cc14a/screenshot] with no body
[debug] &amp#27;[35m[WD Proxy]&amp#27;[39m Got response with status 200: {"sessionId":"e1a92ac3-39a4-4fa6-92fc-7041064cc14a","value":"iVBORw0KGgoAAAANSUhEUgAABaAAAAoACAYAAABH9IXPAAAAAXNSR0IArs4c6QAAAARzQklUCAgI\nCHwIZIgAACAASURBVHic7N17dJXlnejx3ybhXohRBIp3FKXiFXvszTsqFSyKYNWeFlvFGad0qtZx\nelnTI60z1tZaUas91dapVaooiIgXvBZHKmCdohUUWxVjMygauYhAgIScPzxQELL3TrKf7CT781nL\ntdx5n/2+P1diYH3z5nkzEdEQAAAAAABQYJ2KPQAAAAAAAB2TAA0AAAAAQBICNAAAAAAASQjQAAAA\nAAAkIUADAAAAAJCEAA0AAAAAQBICNAAAAAAASQjQAAAAAAAkIUADAAAAAJCEAA0AAAAAQBICNAAA\nAAAASQjQAAAAAAAkIUADAAAAAJCEAA0AAAAAQBICNAAAAAAASQjQAAAAAAAkIUADAAAAAJCEAA0A\nAAAAQBLlxR4AAAAAAKAt2nvvveONN94o9hhx+eWX5732tttuaxMzb5aJiIZiDwEAAAAA0JZccMEF\ncdhhh8WECROKPUo0NOSfcI8//viYPXt2umGayBYcAAAAAABbGT9+fNx8883FHqNDEKABAAAAAP6/\n8ePHxy233FLsMToMARoAAAAAIMTnFARoAAAAAKDkTZgwoajx+dprr40VK1ZEQ0PDdv80xe9///vt\n3r9kyZImPciwkMqLclUAAAAAgDZiwoQJ8fOf/7xo1580aVJcdNFFyc6/9957x8SJEyOTycTEiROT\nXWdH3AENAAAAAJSsYsfniIhzzz23Q11nawI0AAAAAFCS2kJ8jojYaaedWuU6e++9d6tcZ2sCNAAA\nAABQctpKfO7oBGgAAAAAoKSIz61HgAYAAAAASsa3vvWtHcbnNWvWxIoVK7b5WENDQ2uN1WEJ0AAA\nAABASZgwYUJcc8012338gw8+...
[debug] &amp#27;[35m[W3C (71784c92)]&amp#27;[39m Responding to client with driver.getScreenshot() result: "iVBORw0KGgoAAAANSUhEUgAABaAAAAoACAYAAABH9IXPAAAAAXNSR0IArs4c6QAAAARzQklUCAgI\nCHwIZIgAACAASURBVHic7N17dJXlnejx3ybhXohRBIp3FKXiFXvszTsqFSyKYNWeFlvFGad0qtZx\nelnTI60z1tZaUas91dapVaooiIgXvBZHKmCdohUUWxVjMygauYhAgIScPzxQELL3TrKf7CT781nL\ntdx5n/2+P1diYH3z5nkzEdEQAAAAAABQYJ2KPQAAAAAAAB2TAA0AAAAAQBICNAAAAAAASQjQAAAA\nAAAkIUADAAAAAJCEAA0AAAAAQBICNAAAAAAASQjQAAAAAAAkIUADAAAAAJCEAA0AAAAAQBICNAAA\nAAAASQjQAAAAAAAkIUADAAAAAJCEAA0AAAAAQBICNAAAAAAASQjQAAAAAAAkIUADAAAAAJCEAA0A\nAAAAQBLlxR4AAAAAAKAt2nvvveONN94o9hhx+eWX5732tttuaxMzb5aJiIZiDwEAAAAA0JZccMEF\ncdhhh8WECROKPUo0NOSfcI8//viYPXt2umGayBYcAAAAAABbGT9+fNx8883FHqNDEKABAAAAAP6/\n8ePHxy233FLsMToMARoAAAAAIMTnFARoAAAAAKDkTZgwoajx+dprr40VK1ZEQ0PDdv80xe9///vt\n3r9kyZImPciwkMqLclUAAAAAgDZiwoQJ8fOf/7xo1580aVJcdNFFyc6/9957x8SJEyOTycTEiROT\nXWdH3AENAAAAAJSsYsfniIhzzz23Q11nawI0AAAAAFCS2kJ8jojYaaedWuU6e++9d6tcZ2sCNAAA\nAABQctpKfO7oBGgAAAAAoKSIz61HgAYAAAAASsa3vvWtHcbnNWvWxIoVK7b5WENDQ2uN1WEJ0AAA\nAABASZgwYUJcc8012338gw8+iBNOOCHefvvtbT6eyWRaa7QOS4AGAAAAADq8Sy+9dId3Pn/wwQcx\nbNiweP...
&amp#27;[35m[HTTP]&amp#27;[39m &amp#27;[37m<-- GET /wd/hub/session/71784c92-b18a-46c1-a290-17ba74bb3393/screenshot &amp#27;[39m&amp#27;[32m200&amp#27;[39m &amp#27;[90m379 ms - 119144&amp#27;[39m
&amp#27;[35m[HTTP]&amp#27;[39m &amp#27;[90m&amp#27;[39m
&amp#27;[35m[HTTP]&amp#27;[39m &amp#27;[37m-->&amp#27;[39m &amp#27;[37mPOST&amp#27;[39m &amp#27;[37m/wd/hub/session/71784c92-b18a-46c1-a290-17ba74bb3393/appium/compare_images&amp#27;[39m
&amp#27;[35m[HTTP]&amp#27;[39m &amp#27;[90m{"mode":"getSimilarity","firstImage":"iVBORw0KGgoAAAANSUhEUgAABaAAAAoACAYAAABH9IXPAAAAAXNSR0IArs4c6QAAAARzQklUCAgICHwIZIgAACAASURBVHic7N17dJXlnejx3ybhXohRBIp3FKXiFXvszTsqFSyKYNWeFlvFGad0qtZxelnTI60z1tZaUas91dapVaooiIgXvBZHKmCdohUUWxVjMygauYhAgIScPzxQELL3TrKf7CT781nLtdx5n/2+P1diYH3z5nkzEdEQAAAAAABQYJ2KPQAAAAAAAB2TAA0AAAAAQBICNAAAAAAASQjQAAAAAAAkIUADAAAAAJCEAA0AAAAAQBICNAAAAAAASQjQAAAAAAAkIUADAAAAAJCEAA0AAAAAQBICNAAAAAAASQjQAAAAAAAkIUADAAAAAJCEAA0AAAAAQBICNAAAAAAASQjQAAAAAAAkIUADAAAAAJCEAA0AAAAAQBLlxR4AAAAAAKAt2nvvveONN94o9hhx+eWX5732tttuaxMzb5aJiIZiDwEAAAAA0JZccMEFcdhhh8WECROKPUo0NOSfcI8//viYPXt2umGayBYcAAAAAABbGT9+fNx8883FHqNDEKABAAAAAP6/8ePHxy233FLsMToMARoAAAAAIMTnFARoAAAAAKDkTZgwoajx+dprr40VK1ZEQ0PDdv80xe9///vt3r9kyZImPciwkMqLclUAAAAAgDZiwoQJ8fOf/7xo1580aVJcdNFFyc6/9957x8SJEyOTycTEiROTXWdH3AENAAAAAJSsYsfniIhzzz23Q11nawI0AAAAAFCS2kJ8jojYaaedWuU6e++9d6tcZ2sCNAAAAABQctpKfO7oBGgAAAAAoKSIz61HgAYAAAAASsa3vvWtHcbnNWvWxIoVK7b5WENDQ2uN1WEJ0AAAAABASZgwYUJcc8012338gw8+iBNOOCHefvvtbT6eyWRaa7QOS4AGAAAAADq8Sy+9dId3Pn/...&amp#27;[39m
[debug] &amp#27;[35m[W3C (71784c92)]&amp#27;[39m Calling AppiumDriver.compareImages() with args: ["getSimilarity","iVBORw0KGgoAAAANSUhEUgAABaAAAAoACAYAAABH9IXPAAAAAXNSR0IArs4c6QAAAARzQklUCAgICHwIZIgAACAASURBVHic7N17dJXlnejx3ybhXohRBIp3FKXiFXvszTsqFSyKYNWeFlvFGad0qtZxelnTI60z1tZaUas91dapVaooiIgXvBZHKmCdohUUWxVjMygauYhAgIScPzxQELL3TrKf7CT781nLtdx5n/2+P1diYH3z5nkzEdEQAAAAAABQYJ2KPQAAAAAAAB2TAA0AAAAAQBICNAAAAAAASQjQAAAAAAAkIUADAAAAAJCEAA0AAAAAQBICNAAAAAAASQjQAAAAAAAkIUADAAAAAJCEAA0AAAAAQBICNAAAAAAASQjQAAAAAAAkIUADAAAAAJCEAA0AAAAAQBICNAAAAAAASQjQAAAAAAAkIUADAAAAAJCEAA0AAAAAQBLlxR4AAAAAAKAt2nvvveONN94o9hhx+eWX5732tttuaxMzb5aJiIZiDwEAAAAA0JZccMEFcdhhh8WECROKPUo0NOSfcI8//viYPXt2umGayBYcAAAAAABbGT9+fNx8883FHqNDEKABAAAAAP6/8ePHxy233FLsMToMARoAAAAAIMTnFARoAAAAAKDkTZgwoajx+dprr40VK1ZEQ0PDdv80xe9///vt3r9kyZImPciwkMqLclUAAAAAgDZiwoQJ8fOf/7xo1580aVJcdNFFyc6/9957x8SJEyOTycTEiROTXWdH3AENAAAAAJSsYsfniIhzzz23Q11nawI0AAAAAFCS2kJ8jojYaaedWuU6e++9d6tcZ2sCNAAAAABQctpKfO7oBGgAAAAAoKSIz61HgAYAAAAASsa3vvWtHcbnNWvWxIoVK7b5WENDQ2uN1WEJ0AAAAABASZgwYUJcc8012338gw8+iBNOOCHefvvtbT6eyWRaa7QOS4AGAAAAADq8Sy+9dId3Pn/wwQcxbNiwePbZZ4swVcc...
[debug] &amp#27;[35m[Support]&amp#27;[39m Initializing opencv
[debug] &amp#27;[35m[Support]&amp#27;[39m Loading local package 'opencv4nodejs'
[debug] &amp#27;[35m[W3C (71784c92)]&amp#27;[39m Responding to client with driver.compareImages() result: {"score":1,"visualization":"iVBORw0KGgoAAAANSUhEUgAAC0AAAAoACAIAAACtAjTvAAAgAElEQVR4AezBD2ycdeHH8c+XzfBnId2U5FHRyPgz+9CouMUmluXhygnNwYbVlG3gUScrccszBFdgArIehxojnejSPRowDRAaFCqg4oLHie0QHjh+YXNprlw6yAZPNIZlbFDCHFu/v6QJSZe7jo495dr1/XoZAQAAAAAAAAAAAAAAoKqMAAAAAAAAAAAAAAAAUFVGAAAAAAAAAAAAAAAAqCojAAAAAAAAAAAAAAAAVJURAAAAAAAAAAAAAAAAqsoIAAAAAAAAAAAAAAAAVWUEAAAAAAAAAAAAAACAqjICAAAAAAAAAAAAAABAVRkBAAAAAAAAAAAAAACgqowAAAAAAAAAAAAAAABQVUYAAAAAAAAAAAAAAACoKiMAAAAAAAAAAAAAAABUlREAAAAAAAAAAAAAAACqyggAAAAAAAAAAAAAAABVZQQAAAAAAAAAAAAAAICqMgIAAAAAAAAAAAAAAEBVGQEAAAAAAAAAAAAAAKCqjAAAAAAAAAAAAAAAAFBVRgAAAAAAAAAAAAAAAKgqIwAAAAAAcGI566yzdu3apUnW0dGho3rggQd27dolAAAAAACAY3fWWWft2rVLk6yjo0NH9cADD+zatUsfCyMAAAAAAHACue666y644ALf9zXJrLU6qsbGxr6+PgEAAAAAAByj66677oILLvB9X5PMWqujamxs7Ovr08fCCAAAAAAAnCja2truu+++IAh839cks9bqqBobG/v6+gQAAAAAAHAs2tra7rvvviAIfN/XJLPW6qgaGxv7+vr0sTACAAAAAAAnhLa2tvvuu09SEAS+72uSWWt1VI2NjX19fQIAAAAAAJiwtra2++67T1IQBL7va5JZa3VUjY2NfX19+lgYAQAAAACA6a+tre2+++7TqCAIfN/XJLPW6qgaGxv7+voEAAAAAAAwMW1tbffdd59GBUHg+74mm...
&amp#27;[35m[HTTP]&amp#27;[39m &amp#27;[37m<-- POST /wd/hub/session/71784c92-b18a-46c1-a290-17ba74bb3393/appium/compare_images &amp#27;[39m&amp#27;[32m200&amp#27;[39m &amp#27;[90m527 ms - 332708&amp#27;[39m
&amp#27;[35m[HTTP]&amp#27;[39m &amp#27;[90m&amp#27;[39m
Visual check of 'PasswordTitleText' passed; similarity match was 1,000000
Searching for Username field
&amp#27;[35m[HTTP]&amp#27;[39m &amp#27;[37m-->&amp#27;[39m &amp#27;[37mGET&amp#27;[39m &amp#27;[37m/wd/hub/session/71784c92-b18a-46c1-a290-17ba74bb3393/context&amp#27;[39m
&amp#27;[35m[HTTP]&amp#27;[39m &amp#27;[90m{}&amp#27;[39m
[debug] &amp#27;[35m[W3C (71784c92)]&amp#27;[39m Calling AppiumDriver.getCurrentContext() with args: ["71784c92-b18a-46c1-a290-17ba74bb3393"]
[debug] &amp#27;[35m[W3C (71784c92)]&amp#27;[39m Responding to client with driver.getCurrentContext() result: "NATIVE_APP"
&amp#27;[35m[HTTP]&amp#27;[39m &amp#27;[37m<-- GET /wd/hub/session/71784c92-b18a-46c1-a290-17ba74bb3393/context &amp#27;[39m&amp#27;[32m200&amp#27;[39m &amp#27;[90m1 ms - 22&amp#27;[39m
&amp#27;[35m[HTTP]&amp#27;[39m &amp#27;[90m&amp#27;[39m
&amp#27;[35m[HTTP]&amp#27;[39m &amp#27;[37m-->&amp#27;[39m &amp#27;[37mPOST&amp#27;[39m &amp#27;[37m/wd/hub/session/71784c92-b18a-46c1-a290-17ba74bb3393/element&amp#27;[39m
&amp#27;[35m[HTTP]&amp#27;[39m &amp#27;[90m{"using":"id","value":"com.nordpass.android.app.password.manager:id/username"}&amp#27;[39m
[debug] &amp#27;[35m[W3C (71784c92)]&amp#27;[39m Calling AppiumDriver.findElement() with args: ["id","com.nordpass.android.app.password.manager:id/username","71784c92-b18a-46c1-a290-17ba74bb3393"]
[debug] &amp#27;[35m[BaseDriver]&amp#27;[39m Valid locator strategies for this request: xpath, id, class name, accessibility id, -android uiautomator
[debug] &amp#27;[35m[BaseDriver]&amp#27;[39m Waiting up to 10000 ms for condition
[debug] &amp#27;[35m[WD Proxy]&amp#27;[39m Matched '/element' to command name 'findElement'
[debug] &amp#27;[35m[WD Proxy]&amp#27;[39m Proxying [POST /element] to [POST http://127.0.0.1:8201/wd/hub/session/e1a92ac3-39a4-4fa6-92fc-7041064cc14a/element] with body: {"strategy":"id","selector":"com.nordpass.android.app.password.manager:id/username","context":"","multiple":false}
[debug] &amp#27;[35m[WD Proxy]&amp#27;[39m Got response with status 200: {"sessionId":"e1a92ac3-39a4-4fa6-92fc-7041064cc14a","value":{"ELEMENT":"694df7da-883e-4015-b68e-dd27ff3648ea","element-6066-11e4-a52e-4f735466cecf":"694df7da-883e-4015-b68e-dd27ff3648ea"}}
[debug] &amp#27;[35m[W3C (71784c92)]&amp#27;[39m Responding to client with driver.findElement() result: {"element-6066-11e4-a52e-4f735466cecf":"694df7da-883e-4015-b68e-dd27ff3648ea","ELEMENT":"694df7da-883e-4015-b68e-dd27ff3648ea"}
&amp#27;[35m[HTTP]&amp#27;[39m &amp#27;[37m<-- POST /wd/hub/session/71784c92-b18a-46c1-a290-17ba74bb3393/element &amp#27;[39m&amp#27;[32m200&amp#27;[39m &amp#27;[90m22 ms - 137&amp#27;[39m
&amp#27;[35m[HTTP]&amp#27;[39m &amp#27;[90m&amp#27;[39m
&amp#27;[35m[HTTP]&amp#27;[39m &amp#27;[37m-->&amp#27;[39m &amp#27;[37mPOST&amp#27;[39m &amp#27;[37m/wd/hub/session/71784c92-b18a-46c1-a290-17ba74bb3393/element/694df7da-883e-4015-b68e-dd27ff3648ea/click&amp#27;[39m
&amp#27;[35m[HTTP]&amp#27;[39m &amp#27;[90m{"id":"694df7da-883e-4015-b68e-dd27ff3648ea"}&amp#27;[39m
[debug] &amp#27;[35m[W3C (71784c92)]&amp#27;[39m Calling AppiumDriver.click() with args: ["694df7da-883e-4015-b68e-dd27ff3648ea","71784c92-b18a-46c1-a290-17ba74bb3393"]
[debug] &amp#27;[35m[WD Proxy]&amp#27;[39m Matched '/element/694df7da-883e-4015-b68e-dd27ff3648ea/click' to command name 'click'
[debug] &amp#27;[35m[WD Proxy]&amp#27;[39m Proxying [POST /element/694df7da-883e-4015-b68e-dd27ff3648ea/click] to [POST http://127.0.0.1:8201/wd/hub/session/e1a92ac3-39a4-4fa6-92fc-7041064cc14a/element/694df7da-883e-4015-b68e-dd27ff3648ea/click] with body: {"element":"694df7da-883e-4015-b68e-dd27ff3648ea"}
[debug] &amp#27;[35m[WD Proxy]&amp#27;[39m Got response with status 200: {"sessionId":"e1a92ac3-39a4-4fa6-92fc-7041064cc14a","value":null}
[debug] &amp#27;[35m[W3C (71784c92)]&amp#27;[39m Responding to client with driver.click() result: null
&amp#27;[35m[HTTP]&amp#27;[39m &amp#27;[37m<-- POST /wd/hub/session/71784c92-b18a-46c1-a290-17ba74bb3393/element/694df7da-883e-4015-b68e-dd27ff3648ea/click &amp#27;[39m&amp#27;[32m200&amp#27;[39m &amp#27;[90m44 ms - 14&amp#27;[39m
&amp#27;[35m[HTTP]&amp#27;[39m &amp#27;[90m&amp#27;[39m
&amp#27;[35m[HTTP]&amp#27;[39m &amp#27;[37m-->&amp#27;[39m &amp#27;[37mGET&amp#27;[39m &amp#27;[37m/wd/hub/session/71784c92-b18a-46c1-a290-17ba74bb3393/appium/device/is_keyboard_shown&amp#27;[39m
&amp#27;[35m[HTTP]&amp#27;[39m &amp#27;[90m{}&amp#27;[39m
[debug] &amp#27;[35m[W3C (71784c92)]&amp#27;[39m Calling AppiumDriver.isKeyboardShown() with args: ["71784c92-b18a-46c1-a290-17ba74bb3393"]
[debug] &amp#27;[35m[ADB]&amp#27;[39m Running 'C:\Users\T1170\AppData\Local\Android\Sdk\platform-tools\adb.exe -P 5037 -s emulator-5554 shell dumpsys input_method'
[debug] &amp#27;[35m[W3C (71784c92)]&amp#27;[39m Responding to client with driver.isKeyboardShown() result: true
&amp#27;[35m[HTTP]&amp#27;[39m &amp#27;[37m<-- GET /wd/hub/session/71784c92-b18a-46c1-a290-17ba74bb3393/appium/device/is_keyboard_shown &amp#27;[39m&amp#27;[32m200&amp#27;[39m &amp#27;[90m225 ms - 14&amp#27;[39m
&amp#27;[35m[HTTP]&amp#27;[39m &amp#27;[90m&amp#27;[39m
Searching for Username field
&amp#27;[35m[HTTP]&amp#27;[39m &amp#27;[37m-->&amp#27;[39m &amp#27;[37mGET&amp#27;[39m &amp#27;[37m/wd/hub/session/71784c92-b18a-46c1-a290-17ba74bb3393/context&amp#27;[39m
&amp#27;[35m[HTTP]&amp#27;[39m &amp#27;[90m{}&amp#27;[39m
[debug] &amp#27;[35m[W3C (71784c92)]&amp#27;[39m Calling AppiumDriver.getCurrentContext() with args: ["71784c92-b18a-46c1-a290-17ba74bb3393"]
[debug] &amp#27;[35m[W3C (71784c92)]&amp#27;[39m Responding to client with driver.getCurrentContext() result: "NATIVE_APP"
&amp#27;[35m[HTTP]&amp#27;[39m &amp#27;[37m<-- GET /wd/hub/session/71784c92-b18a-46c1-a290-17ba74bb3393/context &amp#27;[39m&amp#27;[32m200&amp#27;[39m &amp#27;[90m1 ms - 22&amp#27;[39m
&amp#27;[35m[HTTP]&amp#27;[39m &amp#27;[90m&amp#27;[39m
&amp#27;[35m[HTTP]&amp#27;[39m &amp#27;[37m-->&amp#27;[39m &amp#27;[37mPOST&amp#27;[39m &amp#27;[37m/wd/hub/session/71784c92-b18a-46c1-a290-17ba74bb3393/element&amp#27;[39m
&amp#27;[35m[HTTP]&amp#27;[39m &amp#27;[90m{"using":"id","value":"com.nordpass.android.app.password.manager:id/username"}&amp#27;[39m
[debug] &amp#27;[35m[W3C (71784c92)]&amp#27;[39m Calling AppiumDriver.findElement() with args: ["id","com.nordpass.android.app.password.manager:id/username","71784c92-b18a-46c1-a290-17ba74bb3393"]
[debug] &amp#27;[35m[BaseDriver]&amp#27;[39m Valid locator strategies for this request: xpath, id, class name, accessibility id, -android uiautomator
[debug] &amp#27;[35m[BaseDriver]&amp#27;[39m Waiting up to 10000 ms for condition
[debug] &amp#27;[35m[WD Proxy]&amp#27;[39m Matched '/element' to command name 'findElement'
[debug] &amp#27;[35m[WD Proxy]&amp#27;[39m Proxying [POST /element] to [POST http://127.0.0.1:8201/wd/hub/session/e1a92ac3-39a4-4fa6-92fc-7041064cc14a/element] with body: {"strategy":"id","selector":"com.nordpass.android.app.password.manager:id/username","context":"","multiple":false}
[debug] &amp#27;[35m[WD Proxy]&amp#27;[39m Got response with status 200: {"sessionId":"e1a92ac3-39a4-4fa6-92fc-7041064cc14a","value":{"ELEMENT":"e0db8486-0784-4783-adc2-aad76a2c109d","element-6066-11e4-a52e-4f735466cecf":"e0db8486-0784-4783-adc2-aad76a2c109d"}}
[debug] &amp#27;[35m[W3C (71784c92)]&amp#27;[39m Responding to client with driver.findElement() result: {"element-6066-11e4-a52e-4f735466cecf":"e0db8486-0784-4783-adc2-aad76a2c109d","ELEMENT":"e0db8486-0784-4783-adc2-aad76a2c109d"}
&amp#27;[35m[HTTP]&amp#27;[39m &amp#27;[37m<-- POST /wd/hub/session/71784c92-b18a-46c1-a290-17ba74bb3393/element &amp#27;[39m&amp#27;[32m200&amp#27;[39m &amp#27;[90m480 ms - 137&amp#27;[39m
&amp#27;[35m[HTTP]&amp#27;[39m &amp#27;[90m&amp#27;[39m
&amp#27;[35m[HTTP]&amp#27;[39m &amp#27;[37m-->&amp#27;[39m &amp#27;[37mPOST&amp#27;[39m &amp#27;[37m/wd/hub/session/71784c92-b18a-46c1-a290-17ba74bb3393/element/e0db8486-0784-4783-adc2-aad76a2c109d/value&amp#27;[39m
&amp#27;[35m[HTTP]&amp#27;[39m &amp#27;[90m{"id":"e0db8486-0784-4783-adc2-aad76a2c109d","text":"Vartotojas 1","value":["V","a","r","t","o","t","o","j","a","s"," ","1"]}&amp#27;[39m
[debug] &amp#27;[35m[W3C (71784c92)]&amp#27;[39m Calling AppiumDriver.setValue() with args: [["V","a","r","t","o","t","o","j","a","s"," ","1"],"e0db8486-0784-4783-adc2-aad76a2c109d","71784c92-b18a-46c1-a290-17ba74bb3393"]
[debug] &amp#27;[35m[WD Proxy]&amp#27;[39m Matched '/element/e0db8486-0784-4783-adc2-aad76a2c109d/value' to command name 'setValue'
[debug] &amp#27;[35m[Protocol Converter]&amp#27;[39m Added 'value' property ["V","a","r","t","o","t","o","j","a","s"," ","1"] to 'setValue' request body
[debug] &amp#27;[35m[WD Proxy]&amp#27;[39m Proxying [POST /element/e0db8486-0784-4783-adc2-aad76a2c109d/value] to [POST http://127.0.0.1:8201/wd/hub/session/e1a92ac3-39a4-4fa6-92fc-7041064cc14a/element/e0db8486-0784-4783-adc2-aad76a2c109d/value] with body: {"elementId":"e0db8486-0784-4783-adc2-aad76a2c109d","text":"Vartotojas 1","replace":false,"value":["V","a","r","t","o","t","o","j","a","s"," ","1"]}
[debug] &amp#27;[35m[WD Proxy]&amp#27;[39m Got response with status 200: {"sessionId":"e1a92ac3-39a4-4fa6-92fc-7041064cc14a","value":null}
[debug] &amp#27;[35m[W3C (71784c92)]&amp#27;[39m Responding to client with driver.setValue() result: null
&amp#27;[35m[HTTP]&amp#27;[39m &amp#27;[37m<-- POST /wd/hub/session/71784c92-b18a-46c1-a290-17ba74bb3393/element/e0db8486-0784-4783-adc2-aad76a2c109d/value &amp#27;[39m&amp#27;[32m200&amp#27;[39m &amp#27;[90m52 ms - 14&amp#27;[39m
&amp#27;[35m[HTTP]&amp#27;[39m &amp#27;[90m&amp#27;[39m
Searching for Username field
&amp#27;[35m[HTTP]&amp#27;[39m &amp#27;[37m-->&amp#27;[39m &amp#27;[37mGET&amp#27;[39m &amp#27;[37m/wd/hub/session/71784c92-b18a-46c1-a290-17ba74bb3393/context&amp#27;[39m
&amp#27;[35m[HTTP]&amp#27;[39m &amp#27;[90m{}&amp#27;[39m
[debug] &amp#27;[35m[W3C (71784c92)]&amp#27;[39m Calling AppiumDriver.getCurrentContext() with args: ["71784c92-b18a-46c1-a290-17ba74bb3393"]
[debug] &amp#27;[35m[W3C (71784c92)]&amp#27;[39m Responding to client with driver.getCurrentContext() result: "NATIVE_APP"
&amp#27;[35m[HTTP]&amp#27;[39m &amp#27;[37m<-- GET /wd/hub/session/71784c92-b18a-46c1-a290-17ba74bb3393/context &amp#27;[39m&amp#27;[32m200&amp#27;[39m &amp#27;[90m2 ms - 22&amp#27;[39m
&amp#27;[35m[HTTP]&amp#27;[39m &amp#27;[90m&amp#27;[39m
&amp#27;[35m[HTTP]&amp#27;[39m &amp#27;[37m-->&amp#27;[39m &amp#27;[37mPOST&amp#27;[39m &amp#27;[37m/wd/hub/session/71784c92-b18a-46c1-a290-17ba74bb3393/element&amp#27;[39m
&amp#27;[35m[HTTP]&amp#27;[39m &amp#27;[90m{"using":"id","value":"com.nordpass.android.app.password.manager:id/username"}&amp#27;[39m
[debug] &amp#27;[35m[W3C (71784c92)]&amp#27;[39m Calling AppiumDriver.findElement() with args: ["id","com.nordpass.android.app.password.manager:id/username","71784c92-b18a-46c1-a290-17ba74bb3393"]
[debug] &amp#27;[35m[BaseDriver]&amp#27;[39m Valid locator strategies for this request: xpath, id, class name, accessibility id, -android uiautomator
[debug] &amp#27;[35m[BaseDriver]&amp#27;[39m Waiting up to 10000 ms for condition
[debug] &amp#27;[35m[WD Proxy]&amp#27;[39m Matched '/element' to command name 'findElement'
[debug] &amp#27;[35m[WD Proxy]&amp#27;[39m Proxying [POST /element] to [POST http://127.0.0.1:8201/wd/hub/session/e1a92ac3-39a4-4fa6-92fc-7041064cc14a/element] with body: {"strategy":"id","selector":"com.nordpass.android.app.password.manager:id/username","context":"","multiple":false}
[debug] &amp#27;[35m[WD Proxy]&amp#27;[39m Got response with status 200: {"sessionId":"e1a92ac3-39a4-4fa6-92fc-7041064cc14a","value":{"ELEMENT":"65198e50-d98b-4c14-a229-18276495079a","element-6066-11e4-a52e-4f735466cecf":"65198e50-d98b-4c14-a229-18276495079a"}}
[debug] &amp#27;[35m[W3C (71784c92)]&amp#27;[39m Responding to client with driver.findElement() result: {"element-6066-11e4-a52e-4f735466cecf":"65198e50-d98b-4c14-a229-18276495079a","ELEMENT":"65198e50-d98b-4c14-a229-18276495079a"}
&amp#27;[35m[HTTP]&amp#27;[39m &amp#27;[37m<-- POST /wd/hub/session/71784c92-b18a-46c1-a290-17ba74bb3393/element &amp#27;[39m&amp#27;[32m200&amp#27;[39m &amp#27;[90m588 ms - 137&amp#27;[39m
&amp#27;[35m[HTTP]&amp#27;[39m &amp#27;[90m&amp#27;[39m
&amp#27;[35m[HTTP]&amp#27;[39m &amp#27;[37m-->&amp#27;[39m &amp#27;[37mGET&amp#27;[39m &amp#27;[37m/wd/hub/session/71784c92-b18a-46c1-a290-17ba74bb3393/element/65198e50-d98b-4c14-a229-18276495079a/text&amp#27;[39m
&amp#27;[35m[HTTP]&amp#27;[39m &amp#27;[90m{}&amp#27;[39m
&amp#27;[35m[W3C (71784c92)]&amp#27;[39m Driver proxy active, passing request on via HTTP proxy
[debug] &amp#27;[35m[WD Proxy]&amp#27;[39m Matched '/wd/hub/session/71784c92-b18a-46c1-a290-17ba74bb3393/element/65198e50-d98b-4c14-a229-18276495079a/text' to command name 'getText'
[debug] &amp#27;[35m[WD Proxy]&amp#27;[39m Proxying [GET /wd/hub/session/71784c92-b18a-46c1-a290-17ba74bb3393/element/65198e50-d98b-4c14-a229-18276495079a/text] to [GET http://127.0.0.1:8201/wd/hub/session/e1a92ac3-39a4-4fa6-92fc-7041064cc14a/element/65198e50-d98b-4c14-a229-18276495079a/text] with no body
[debug] &amp#27;[35m[WD Proxy]&amp#27;[39m Got response with status 200: {"sessionId":"e1a92ac3-39a4-4fa6-92fc-7041064cc14a","value":"Vartotojas 1"}
&amp#27;[35m[WD Proxy]&amp#27;[39m Replacing sessionId e1a92ac3-39a4-4fa6-92fc-7041064cc14a with 71784c92-b18a-46c1-a290-17ba74bb3393
&amp#27;[35m[HTTP]&amp#27;[39m &amp#27;[37m<-- GET /wd/hub/session/71784c92-b18a-46c1-a290-17ba74bb3393/element/65198e50-d98b-4c14-a229-18276495079a/text &amp#27;[39m&amp#27;[32m200&amp#27;[39m &amp#27;[90m13 ms - 75&amp#27;[39m
&amp#27;[35m[HTTP]&amp#27;[39m &amp#27;[90m&amp#27;[39m
&amp#27;[35m[HTTP]&amp#27;[39m &amp#27;[37m-->&amp#27;[39m &amp#27;[37mPOST&amp#27;[39m &amp#27;[37m/wd/hub/session/71784c92-b18a-46c1-a290-17ba74bb3393/appium/device/hide_keyboard&amp#27;[39m
&amp#27;[35m[HTTP]&amp#27;[39m &amp#27;[90m{}&amp#27;[39m
[debug] &amp#27;[35m[W3C (71784c92)]&amp#27;[39m Calling AppiumDriver.hideKeyboard() with args: [null,null,null,null,"71784c92-b18a-46c1-a290-17ba74bb3393"]
[debug] &amp#27;[35m[ADB]&amp#27;[39m Running 'C:\Users\T1170\AppData\Local\Android\Sdk\platform-tools\adb.exe -P 5037 -s emulator-5554 shell dumpsys input_method'
[debug] &amp#27;[35m[ADB]&amp#27;[39m Running 'C:\Users\T1170\AppData\Local\Android\Sdk\platform-tools\adb.exe -P 5037 -s emulator-5554 shell input keyevent 111'
[debug] &amp#27;[35m[ADB]&amp#27;[39m Running 'C:\Users\T1170\AppData\Local\Android\Sdk\platform-tools\adb.exe -P 5037 -s emulator-5554 shell dumpsys input_method'
[debug] &amp#27;[35m[W3C (71784c92)]&amp#27;[39m Responding to client with driver.hideKeyboard() result: true
&amp#27;[35m[HTTP]&amp#27;[39m &amp#27;[37m<-- POST /wd/hub/session/71784c92-b18a-46c1-a290-17ba74bb3393/appium/device/hide_keyboard &amp#27;[39m&amp#27;[32m200&amp#27;[39m &amp#27;[90m444 ms - 14&amp#27;[39m
&amp#27;[35m[HTTP]&amp#27;[39m &amp#27;[90m&amp#27;[39m
&amp#27;[35m[HTTP]&amp#27;[39m &amp#27;[37m-->&amp#27;[39m &amp#27;[37mGET&amp#27;[39m &amp#27;[37m/wd/hub/session/71784c92-b18a-46c1-a290-17ba74bb3393/screenshot&amp#27;[39m
&amp#27;[35m[HTTP]&amp#27;[39m &amp#27;[90m{}&amp#27;[39m
[debug] &amp#27;[35m[W3C (71784c92)]&amp#27;[39m Calling AppiumDriver.getScreenshot() with args: ["71784c92-b18a-46c1-a290-17ba74bb3393"]
[debug] &amp#27;[35m[WD Proxy]&amp#27;[39m Matched '/screenshot' to command name 'getScreenshot'
[debug] &amp#27;[35m[WD Proxy]&amp#27;[39m Proxying [GET /screenshot] to [GET http://127.0.0.1:8201/wd/hub/session/e1a92ac3-39a4-4fa6-92fc-7041064cc14a/screenshot] with no body
[debug] &amp#27;[35m[WD Proxy]&amp#27;[39m Got response with status 200: {"sessionId":"e1a92ac3-39a4-4fa6-92fc-7041064cc14a","value":"iVBORw0KGgoAAAANSUhEUgAABaAAAAoACAYAAABH9IXPAAAAAXNSR0IArs4c6QAAAARzQklUCAgI\nCHwIZIgAACAASURBVHic7N17dFX1nfDh7yHhLkQUkaJWREEUqahdtlNvCCoVLIpgla6KrZcZp3Sq\n1nF6WdOR1hl7UStqtava2lpFRUFERBHRYkVB61RUUGhFjE1RNHKRQkJIOO8fvjAg5JyT5OycJOd5\n1upaPdm/vffXBSLrk53fTkVEOgAAAAAAIM/aFXoAAAAAAADaJgEaAAAAAIBECNAAAAAAACRCgAYA\nAAAAIBECNAAAAAAAiRCgAQAAAABIhAANAAAAAEAiBGgAAAAAABIhQAMAAAAAkAgBGgAAAACARAjQ\nAAAAAAAkQoAGAAAAACARAjQAAAAAAIkQoAEAAAAASIQADQAAAABAIgRoAAAAAAASIUADAAAAAJAI\nARoAAAAAgESUFnoAAAAAAICWqG/fvvH2228Xeoy4+uqrc1571113tYiZt0lFRLrQQwAAAAAAtCSX\nXHJJDBkyJCZOnFjoUSKdzj3hnnzyyTF//vzkhmkgW3AAAAAAAOzg4osvjttvv73QY7QJAjQAAAAA\nwP938cUXxx133FHoMdoMARoAAAAAIMTnJAjQAAAAAEDRmzhxYkHj84033hhr166NdDq9y/8a4g9/\n+MMu569cubJBLzLMp9KC3BUAAAAAoIWYOHFi/OIXvyjY/SdPnhyXXXZZYtfv27dvTJo0KVKpVEya\nNCmx++yOJ6ABAAAAgKJV6PgcEXHBBRe0qfvsSIAGAAAAAIpSS4jPERF77rlns9ynb9++zXKfHQnQ\nAAAAAEDRaSnxua0ToAEAAACAoiI+Nx8BGgAAAAAoGt/+9rd3G583btwYa9eu3elr6XS6ucZqswRo\nAAAAAKAoTJw4MW644YZdvv6P...
[debug] &amp#27;[35m[W3C (71784c92)]&amp#27;[39m Responding to client with driver.getScreenshot() result: "iVBORw0KGgoAAAANSUhEUgAABaAAAAoACAYAAABH9IXPAAAAAXNSR0IArs4c6QAAAARzQklUCAgI\nCHwIZIgAACAASURBVHic7N17dFX1nfDh7yHhLkQUkaJWREEUqahdtlNvCCoVLIpgla6KrZcZp3Sq\n1nF6WdOR1hl7UStqtava2lpFRUFERBHRYkVB61RUUGhFjE1RNHKRQkJIOO8fvjAg5JyT5OycJOd5\n1upaPdm/vffXBSLrk53fTkVEOgAAAAAAIM/aFXoAAAAAAADaJgEaAAAAAIBECNAAAAAAACRCgAYA\nAAAAIBECNAAAAAAAiRCgAQAAAABIhAANAAAAAEAiBGgAAAAAABIhQAMAAAAAkAgBGgAAAACARAjQ\nAAAAAAAkQoAGAAAAACARAjQAAAAAAIkQoAEAAAAASIQADQAAAABAIgRoAAAAAAASIUADAAAAAJAI\nARoAAAAAgESUFnoAAAAAAICWqG/fvvH2228Xeoy4+uqrc1571113tYiZt0lFRLrQQwAAAAAAtCSX\nXHJJDBkyJCZOnFjoUSKdzj3hnnzyyTF//vzkhmkgW3AAAAAAAOzg4osvjttvv73QY7QJAjQAAAAA\nwP938cUXxx133FHoMdoMARoAAAAAIMTnJAjQAAAAAEDRmzhxYkHj84033hhr166NdDq9y/8a4g9/\n+MMu569cubJBLzLMp9KC3BUAAAAAoIWYOHFi/OIXvyjY/SdPnhyXXXZZYtfv27dvTJo0KVKpVEya\nNCmx++yOJ6ABAAAAgKJV6PgcEXHBBRe0qfvsSIAGAAAAAIpSS4jPERF77rlns9ynb9++zXKfHQnQ\nAAAAAEDRaSnxua0ToAEAAACAoiI+Nx8BGgAAAAAoGt/+9rd3G583btwYa9eu3elr6XS6ucZqswRo\nAAAAAKAoTJw4MW644YZdvv6Pf/wjhg0bFu+9995OX0+lUs01WpslQAMAAAAAbd6VV1652yef//GP\nf8Tw4c...
&amp#27;[35m[HTTP]&amp#27;[39m &amp#27;[37m<-- GET /wd/hub/session/71784c92-b18a-46c1-a290-17ba74bb3393/screenshot &amp#27;[39m&amp#27;[32m200&amp#27;[39m &amp#27;[90m326 ms - 125700&amp#27;[39m
&amp#27;[35m[HTTP]&amp#27;[39m &amp#27;[90m&amp#27;[39m
&amp#27;[35m[HTTP]&amp#27;[39m &amp#27;[37m-->&amp#27;[39m &amp#27;[37mPOST&amp#27;[39m &amp#27;[37m/wd/hub/session/71784c92-b18a-46c1-a290-17ba74bb3393/appium/compare_images&amp#27;[39m
&amp#27;[35m[HTTP]&amp#27;[39m &amp#27;[90m{"mode":"getSimilarity","firstImage":"iVBORw0KGgoAAAANSUhEUgAABaAAAAoACAYAAABH9IXPAAAAAXNSR0IArs4c6QAAAARzQklUCAgICHwIZIgAACAASURBVHic7N17dFX1nfDh7yHhLkQUkaJWREEUqahdtlNvCCoVLIpgla6KrZcZp3Sq1nF6WdOR1hl7UStqtava2lpFRUFERBHRYkVB61RUUGhFjE1RNHKRQkJIOO8fvjAg5JyT5OycJOd51upaPdm/vffXBSLrk53fTkVEOgAAAAAAIM/aFXoAAAAAAADaJgEaAAAAAIBECNAAAAAAACRCgAYAAAAAIBECNAAAAAAAiRCgAQAAAABIhAANAAAAAEAiBGgAAAAAABIhQAMAAAAAkAgBGgAAAACARAjQAAAAAAAkQoAGAAAAACARAjQAAAAAAIkQoAEAAAAASIQADQAAAABAIgRoAAAAAAASIUADAAAAAJAIARoAAAAAgESUFnoAAAAAAICWqG/fvvH2228Xeoy4+uqrc1571113tYiZt0lFRLrQQwAAAAAAtCSXXHJJDBkyJCZOnFjoUSKdzj3hnnzyyTF//vzkhmkgW3AAAAAAAOzg4osvjttvv73QY7QJAjQAAAAAwP938cUXxx133FHoMdoMARoAAAAAIMTnJAjQAAAAAEDRmzhxYkHj84033hhr166NdDq9y/8a4g9/+MMu569cubJBLzLMp9KC3BUAAAAAoIWYOHFi/OIXvyjY/SdPnhyXXXZZYtfv27dvTJo0KVKpVEyaNCmx++yOJ6ABAAAAgKJV6PgcEXHBBRe0qfvsSIAGAAAAAIpSS4jPERF77rlns9ynb9++zXKfHQnQAAAAAEDRaSnxua0ToAEAAACAoiI+Nx8BGgAAAAAoGt/+9rd3G583btwYa9eu3elr6XS6ucZqswRoAAAAAKAoTJw4MW644YZdvv6Pf/wjhg0bFu+9995OX0+lUs01WpslQAMAAAAAbd6VV1652ye...&amp#27;[39m
[debug] &amp#27;[35m[W3C (71784c92)]&amp#27;[39m Calling AppiumDriver.compareImages() with args: ["getSimilarity","iVBORw0KGgoAAAANSUhEUgAABaAAAAoACAYAAABH9IXPAAAAAXNSR0IArs4c6QAAAARzQklUCAgICHwIZIgAACAASURBVHic7N17dFX1nfDh7yHhLkQUkaJWREEUqahdtlNvCCoVLIpgla6KrZcZp3Sq1nF6WdOR1hl7UStqtava2lpFRUFERBHRYkVB61RUUGhFjE1RNHKRQkJIOO8fvjAg5JyT5OycJOd51upaPdm/vffXBSLrk53fTkVEOgAAAAAAIM/aFXoAAAAAAADaJgEaAAAAAIBECNAAAAAAACRCgAYAAAAAIBECNAAAAAAAiRCgAQAAAABIhAANAAAAAEAiBGgAAAAAABIhQAMAAAAAkAgBGgAAAACARAjQAAAAAAAkQoAGAAAAACARAjQAAAAAAIkQoAEAAAAASIQADQAAAABAIgRoAAAAAAASIUADAAAAAJAIARoAAAAAgESUFnoAAAAAAICWqG/fvvH2228Xeoy4+uqrc1571113tYiZt0lFRLrQQwAAAAAAtCSXXHJJDBkyJCZOnFjoUSKdzj3hnnzyyTF//vzkhmkgW3AAAAAAAOzg4osvjttvv73QY7QJAjQAAAAAwP938cUXxx133FHoMdoMARoAAAAAIMTnJAjQAAAAAEDRmzhxYkHj84033hhr166NdDq9y/8a4g9/+MMu569cubJBLzLMp9KC3BUAAAAAoIWYOHFi/OIXvyjY/SdPnhyXXXZZYtfv27dvTJo0KVKpVEyaNCmx++yOJ6ABAAAAgKJV6PgcEXHBBRe0qfvsSIAGAAAAAIpSS4jPERF77rlns9ynb9++zXKfHQnQAAAAAEDRaSnxua0ToAEAAACAoiI+Nx8BGgAAAAAoGt/+9rd3G583btwYa9eu3elr6XS6ucZqswRoAAAAAKAoTJw4MW644YZdvv6Pf/wjhg0bFu+9995OX0+lUs01WpslQAMAAAAAbd6VV1652yef//GPf8Tw4cPjxRdfLMB...
[debug] &amp#27;[35m[W3C (71784c92)]&amp#27;[39m Responding to client with driver.compareImages() result: {"score":1,"visualization":"iVBORw0KGgoAAAANSUhEUgAAC0AAAAoACAIAAACtAjTvAAAgAElEQVR4AezBD2ycdeHH8c+XzfBnId2U5FHRyPgz+9CouMUmluXhygnNwYbVlG3gUScrccszBFdgArIehxojnejSPRowDRAaFCqg4oLHie0QHjh+YXNprlw6yAZPNIZlbFDCHFu/v6QJSZe7jo495dr1/XoZAQAAAAAAAAAAAAAAoKqMAAAAAAAAAAAAAAAAUFVGAAAAAAAAAAAAAAAAqCojAAAAAAAAAAAAAAAAVJURAAAAAAAAAAAAAAAAqsoIAAAAAAAAAAAAAAAAVWUEAAAAAAAAAAAAAACAqjICAAAAAAAAAAAAAABAVRkBAAAAAAAAAAAAAACgqowAAAAAAAAAAAAAAABQVUYAAAAAAAAAAAAAAACoKiMAAAAAAAAAAAAAAABUlREAAAAAAAAAAAAAAACqyggAAAAAAAAAAAAAAABVZQQAAAAAAAAAAAAAAICqMgIAAAAAAAAAAAAAAEBVGQEAAAAAAAAAAAAAAKCqjAAAAAAAAAAAAAAAAFBVRgAAAAAAAAAAAAAAAKgqIwAAAAAAcGI566yzdu3apUnW0dGho3rggQd27dolAAAAAACAY3fWWWft2rVLk6yjo0NH9cADD+zatUsfCyMAAAAAAHACue666y644ALf9zXJrLU6qsbGxr6+PgEAAAAAAByj66677oILLvB9X5PMWqujamxs7Ovr08fCCAAAAAAAnCja2truu+++IAh839cks9bqqBobG/v6+gQAAAAAAHAs2tra7rvvviAIfN/XJLPW6qgaGxv7+vr0sTACAAAAAAAnhLa2tvvuu09SEAS+72uSWWt1VI2NjX19fQIAAAAAAJiwtra2++67T1IQBL7va5JZa3VUjY2NfX19+lgYAQAAAACA6a+tre2+++7TqCAIfN/XJLPW6qgaGxv7+voEAAAAAAAwMW1tbffdd59GBUHg+74mm...
&amp#27;[35m[HTTP]&amp#27;[39m &amp#27;[37m<-- POST /wd/hub/session/71784c92-b18a-46c1-a290-17ba74bb3393/appium/compare_images &amp#27;[39m&amp#27;[32m200&amp#27;[39m &amp#27;[90m418 ms - 353580&amp#27;[39m
&amp#27;[35m[HTTP]&amp#27;[39m &amp#27;[90m&amp#27;[39m
Visual check of 'Username' passed; similarity match was 1,000000
Searching for Password field
&amp#27;[35m[HTTP]&amp#27;[39m &amp#27;[37m-->&amp#27;[39m &amp#27;[37mGET&amp#27;[39m &amp#27;[37m/wd/hub/session/71784c92-b18a-46c1-a290-17ba74bb3393/context&amp#27;[39m
&amp#27;[35m[HTTP]&amp#27;[39m &amp#27;[90m{}&amp#27;[39m
[debug] &amp#27;[35m[W3C (71784c92)]&amp#27;[39m Calling AppiumDriver.getCurrentContext() with args: ["71784c92-b18a-46c1-a290-17ba74bb3393"]
[debug] &amp#27;[35m[W3C (71784c92)]&amp#27;[39m Responding to client with driver.getCurrentContext() result: "NATIVE_APP"
&amp#27;[35m[HTTP]&amp#27;[39m &amp#27;[37m<-- GET /wd/hub/session/71784c92-b18a-46c1-a290-17ba74bb3393/context &amp#27;[39m&amp#27;[32m200&amp#27;[39m &amp#27;[90m1 ms - 22&amp#27;[39m
&amp#27;[35m[HTTP]&amp#27;[39m &amp#27;[90m&amp#27;[39m
&amp#27;[35m[HTTP]&amp#27;[39m &amp#27;[37m-->&amp#27;[39m &amp#27;[37mPOST&amp#27;[39m &amp#27;[37m/wd/hub/session/71784c92-b18a-46c1-a290-17ba74bb3393/element&amp#27;[39m
&amp#27;[35m[HTTP]&amp#27;[39m &amp#27;[90m{"using":"id","value":"com.nordpass.android.app.password.manager:id/password"}&amp#27;[39m
[debug] &amp#27;[35m[W3C (71784c92)]&amp#27;[39m Calling AppiumDriver.findElement() with args: ["id","com.nordpass.android.app.password.manager:id/password","71784c92-b18a-46c1-a290-17ba74bb3393"]
[debug] &amp#27;[35m[BaseDriver]&amp#27;[39m Valid locator strategies for this request: xpath, id, class name, accessibility id, -android uiautomator
[debug] &amp#27;[35m[BaseDriver]&amp#27;[39m Waiting up to 10000 ms for condition
[debug] &amp#27;[35m[WD Proxy]&amp#27;[39m Matched '/element' to command name 'findElement'
[debug] &amp#27;[35m[WD Proxy]&amp#27;[39m Proxying [POST /element] to [POST http://127.0.0.1:8201/wd/hub/session/e1a92ac3-39a4-4fa6-92fc-7041064cc14a/element] with body: {"strategy":"id","selector":"com.nordpass.android.app.password.manager:id/password","context":"","multiple":false}
[debug] &amp#27;[35m[WD Proxy]&amp#27;[39m Got response with status 200: {"sessionId":"e1a92ac3-39a4-4fa6-92fc-7041064cc14a","value":{"ELEMENT":"22b5a32c-d06c-4b10-a3a7-63d8b1951811","element-6066-11e4-a52e-4f735466cecf":"22b5a32c-d06c-4b10-a3a7-63d8b1951811"}}
[debug] &amp#27;[35m[W3C (71784c92)]&amp#27;[39m Responding to client with driver.findElement() result: {"element-6066-11e4-a52e-4f735466cecf":"22b5a32c-d06c-4b10-a3a7-63d8b1951811","ELEMENT":"22b5a32c-d06c-4b10-a3a7-63d8b1951811"}
&amp#27;[35m[HTTP]&amp#27;[39m &amp#27;[37m<-- POST /wd/hub/session/71784c92-b18a-46c1-a290-17ba74bb3393/element &amp#27;[39m&amp#27;[32m200&amp#27;[39m &amp#27;[90m22 ms - 137&amp#27;[39m
&amp#27;[35m[HTTP]&amp#27;[39m &amp#27;[90m&amp#27;[39m
&amp#27;[35m[HTTP]&amp#27;[39m &amp#27;[37m-->&amp#27;[39m &amp#27;[37mPOST&amp#27;[39m &amp#27;[37m/wd/hub/session/71784c92-b18a-46c1-a290-17ba74bb3393/element/22b5a32c-d06c-4b10-a3a7-63d8b1951811/click&amp#27;[39m
&amp#27;[35m[HTTP]&amp#27;[39m &amp#27;[90m{"id":"22b5a32c-d06c-4b10-a3a7-63d8b1951811"}&amp#27;[39m
[debug] &amp#27;[35m[W3C (71784c92)]&amp#27;[39m Calling AppiumDriver.click() with args: ["22b5a32c-d06c-4b10-a3a7-63d8b1951811","71784c92-b18a-46c1-a290-17ba74bb3393"]
[debug] &amp#27;[35m[WD Proxy]&amp#27;[39m Matched '/element/22b5a32c-d06c-4b10-a3a7-63d8b1951811/click' to command name 'click'
[debug] &amp#27;[35m[WD Proxy]&amp#27;[39m Proxying [POST /element/22b5a32c-d06c-4b10-a3a7-63d8b1951811/click] to [POST http://127.0.0.1:8201/wd/hub/session/e1a92ac3-39a4-4fa6-92fc-7041064cc14a/element/22b5a32c-d06c-4b10-a3a7-63d8b1951811/click] with body: {"element":"22b5a32c-d06c-4b10-a3a7-63d8b1951811"}
[debug] &amp#27;[35m[WD Proxy]&amp#27;[39m Got response with status 200: {"sessionId":"e1a92ac3-39a4-4fa6-92fc-7041064cc14a","value":null}
[debug] &amp#27;[35m[W3C (71784c92)]&amp#27;[39m Responding to client with driver.click() result: null
&amp#27;[35m[HTTP]&amp#27;[39m &amp#27;[37m<-- POST /wd/hub/session/71784c92-b18a-46c1-a290-17ba74bb3393/element/22b5a32c-d06c-4b10-a3a7-63d8b1951811/click &amp#27;[39m&amp#27;[32m200&amp#27;[39m &amp#27;[90m37 ms - 14&amp#27;[39m
&amp#27;[35m[HTTP]&amp#27;[39m &amp#27;[90m&amp#27;[39m
Searching for Password field
&amp#27;[35m[HTTP]&amp#27;[39m &amp#27;[37m-->&amp#27;[39m &amp#27;[37mGET&amp#27;[39m &amp#27;[37m/wd/hub/session/71784c92-b18a-46c1-a290-17ba74bb3393/context&amp#27;[39m
&amp#27;[35m[HTTP]&amp#27;[39m &amp#27;[90m{}&amp#27;[39m
[debug] &amp#27;[35m[W3C (71784c92)]&amp#27;[39m Calling AppiumDriver.getCurrentContext() with args: ["71784c92-b18a-46c1-a290-17ba74bb3393"]
[debug] &amp#27;[35m[W3C (71784c92)]&amp#27;[39m Responding to client with driver.getCurrentContext() result: "NATIVE_APP"
&amp#27;[35m[HTTP]&amp#27;[39m &amp#27;[37m<-- GET /wd/hub/session/71784c92-b18a-46c1-a290-17ba74bb3393/context &amp#27;[39m&amp#27;[32m200&amp#27;[39m &amp#27;[90m2 ms - 22&amp#27;[39m
&amp#27;[35m[HTTP]&amp#27;[39m &amp#27;[90m&amp#27;[39m
&amp#27;[35m[HTTP]&amp#27;[39m &amp#27;[37m-->&amp#27;[39m &amp#27;[37mPOST&amp#27;[39m &amp#27;[37m/wd/hub/session/71784c92-b18a-46c1-a290-17ba74bb3393/element&amp#27;[39m
&amp#27;[35m[HTTP]&amp#27;[39m &amp#27;[90m{"using":"id","value":"com.nordpass.android.app.password.manager:id/password"}&amp#27;[39m
[debug] &amp#27;[35m[W3C (71784c92)]&amp#27;[39m Calling AppiumDriver.findElement() with args: ["id","com.nordpass.android.app.password.manager:id/password","71784c92-b18a-46c1-a290-17ba74bb3393"]
[debug] &amp#27;[35m[BaseDriver]&amp#27;[39m Valid locator strategies for this request: xpath, id, class name, accessibility id, -android uiautomator
[debug] &amp#27;[35m[BaseDriver]&amp#27;[39m Waiting up to 10000 ms for condition
[debug] &amp#27;[35m[WD Proxy]&amp#27;[39m Matched '/element' to command name 'findElement'
[debug] &amp#27;[35m[WD Proxy]&amp#27;[39m Proxying [POST /element] to [POST http://127.0.0.1:8201/wd/hub/session/e1a92ac3-39a4-4fa6-92fc-7041064cc14a/element] with body: {"strategy":"id","selector":"com.nordpass.android.app.password.manager:id/password","context":"","multiple":false}
[debug] &amp#27;[35m[WD Proxy]&amp#27;[39m Got response with status 200: {"sessionId":"e1a92ac3-39a4-4fa6-92fc-7041064cc14a","value":{"ELEMENT":"73a95167-863a-4b67-b9e8-e7faabae5c64","element-6066-11e4-a52e-4f735466cecf":"73a95167-863a-4b67-b9e8-e7faabae5c64"}}
[debug] &amp#27;[35m[W3C (71784c92)]&amp#27;[39m Responding to client with driver.findElement() result: {"element-6066-11e4-a52e-4f735466cecf":"73a95167-863a-4b67-b9e8-e7faabae5c64","ELEMENT":"73a95167-863a-4b67-b9e8-e7faabae5c64"}
&amp#27;[35m[HTTP]&amp#27;[39m &amp#27;[37m<-- POST /wd/hub/session/71784c92-b18a-46c1-a290-17ba74bb3393/element &amp#27;[39m&amp#27;[32m200&amp#27;[39m &amp#27;[90m646 ms - 137&amp#27;[39m
&amp#27;[35m[HTTP]&amp#27;[39m &amp#27;[90m&amp#27;[39m
&amp#27;[35m[HTTP]&amp#27;[39m &amp#27;[37m-->&amp#27;[39m &amp#27;[37mPOST&amp#27;[39m &amp#27;[37m/wd/hub/session/71784c92-b18a-46c1-a290-17ba74bb3393/element/73a95167-863a-4b67-b9e8-e7faabae5c64/value&amp#27;[39m
&amp#27;[35m[HTTP]&amp#27;[39m &amp#27;[90m{"id":"73a95167-863a-4b67-b9e8-e7faabae5c64","text":"Slaptazodis1234567890{}|?><zXzxcdf","value":["S","l","a","p","t","a","z","o","d","i","s","1","2","3","4","5","6","7","8","9","0","{","}","|","?",">","<","z","X","z","x","c","d","f"]}&amp#27;[39m
[debug] &amp#27;[35m[W3C (71784c92)]&amp#27;[39m Calling AppiumDriver.setValue() with args: [["S","l","a","p","t","a","z","o","d","i","s","1","2","3","4","5","6","7","8","9","0","{","}","|","?",">","<","z","X","z","x","c","d","f"],"73a95167-863a-4b67-b9e8-e7faabae5c64","71784c92-b18a-46c1-a290-17ba74bb3393"]
[debug] &amp#27;[35m[WD Proxy]&amp#27;[39m Matched '/element/73a95167-863a-4b67-b9e8-e7faabae5c64/value' to command name 'setValue'
[debug] &amp#27;[35m[Protocol Converter]&amp#27;[39m Added 'value' property ["S","l","a","p","t","a","z","o","d","i","s","1","2","3","4","5","6","7","8","9","0","{","}","|","?",">","<","z","X","z","x","c","d","f"] to 'setValue' request body
[debug] &amp#27;[35m[WD Proxy]&amp#27;[39m Proxying [POST /element/73a95167-863a-4b67-b9e8-e7faabae5c64/value] to [POST http://127.0.0.1:8201/wd/hub/session/e1a92ac3-39a4-4fa6-92fc-7041064cc14a/element/73a95167-863a-4b67-b9e8-e7faabae5c64/value] with body: {"elementId":"73a95167-863a-4b67-b9e8-e7faabae5c64","text":"Slaptazodis1234567890{}|?><zXzxcdf","replace":false,"value":["S","l","a","p","t","a","z","o","d","i","s","1","2","3","4","5","6","7","8","9","0","{","}","|","?",">","<","z","X","z","x","c","d","f"]}
[debug] &amp#27;[35m[WD Proxy]&amp#27;[39m Got response with status 200: {"sessionId":"e1a92ac3-39a4-4fa6-92fc-7041064cc14a","value":null}
[debug] &amp#27;[35m[W3C (71784c92)]&amp#27;[39m Responding to client with driver.setValue() result: null
&amp#27;[35m[HTTP]&amp#27;[39m &amp#27;[37m<-- POST /wd/hub/session/71784c92-b18a-46c1-a290-17ba74bb3393/element/73a95167-863a-4b67-b9e8-e7faabae5c64/value &amp#27;[39m&amp#27;[32m200&amp#27;[39m &amp#27;[90m56 ms - 14&amp#27;[39m
&amp#27;[35m[HTTP]&amp#27;[39m &amp#27;[90m&amp#27;[39m
Searching for Password field
&amp#27;[35m[HTTP]&amp#27;[39m &amp#27;[37m-->&amp#27;[39m &amp#27;[37mGET&amp#27;[39m &amp#27;[37m/wd/hub/session/71784c92-b18a-46c1-a290-17ba74bb3393/context&amp#27;[39m
&amp#27;[35m[HTTP]&amp#27;[39m &amp#27;[90m{}&amp#27;[39m
[debug] &amp#27;[35m[W3C (71784c92)]&amp#27;[39m Calling AppiumDriver.getCurrentContext() with args: ["71784c92-b18a-46c1-a290-17ba74bb3393"]
[debug] &amp#27;[35m[W3C (71784c92)]&amp#27;[39m Responding to client with driver.getCurrentContext() result: "NATIVE_APP"
&amp#27;[35m[HTTP]&amp#27;[39m &amp#27;[37m<-- GET /wd/hub/session/71784c92-b18a-46c1-a290-17ba74bb3393/context &amp#27;[39m&amp#27;[32m200&amp#27;[39m &amp#27;[90m4 ms - 22&amp#27;[39m
&amp#27;[35m[HTTP]&amp#27;[39m &amp#27;[90m&amp#27;[39m
&amp#27;[35m[HTTP]&amp#27;[39m &amp#27;[37m-->&amp#27;[39m &amp#27;[37mPOST&amp#27;[39m &amp#27;[37m/wd/hub/session/71784c92-b18a-46c1-a290-17ba74bb3393/element&amp#27;[39m
&amp#27;[35m[HTTP]&amp#27;[39m &amp#27;[90m{"using":"id","value":"com.nordpass.android.app.password.manager:id/password"}&amp#27;[39m
[debug] &amp#27;[35m[W3C (71784c92)]&amp#27;[39m Calling AppiumDriver.findElement() with args: ["id","com.nordpass.android.app.password.manager:id/password","71784c92-b18a-46c1-a290-17ba74bb3393"]
[debug] &amp#27;[35m[BaseDriver]&amp#27;[39m Valid locator strategies for this request: xpath, id, class name, accessibility id, -android uiautomator
[debug] &amp#27;[35m[BaseDriver]&amp#27;[39m Waiting up to 10000 ms for condition
[debug] &amp#27;[35m[WD Proxy]&amp#27;[39m Matched '/element' to command name 'findElement'
[debug] &amp#27;[35m[WD Proxy]&amp#27;[39m Proxying [POST /element] to [POST http://127.0.0.1:8201/wd/hub/session/e1a92ac3-39a4-4fa6-92fc-7041064cc14a/element] with body: {"strategy":"id","selector":"com.nordpass.android.app.password.manager:id/password","context":"","multiple":false}
[debug] &amp#27;[35m[WD Proxy]&amp#27;[39m Got response with status 200: {"sessionId":"e1a92ac3-39a4-4fa6-92fc-7041064cc14a","value":{"ELEMENT":"0151a003-f6ff-47f7-8096-2e7af39ca71b","element-6066-11e4-a52e-4f735466cecf":"0151a003-f6ff-47f7-8096-2e7af39ca71b"}}
[debug] &amp#27;[35m[W3C (71784c92)]&amp#27;[39m Responding to client with driver.findElement() result: {"element-6066-11e4-a52e-4f735466cecf":"0151a003-f6ff-47f7-8096-2e7af39ca71b","ELEMENT":"0151a003-f6ff-47f7-8096-2e7af39ca71b"}
&amp#27;[35m[HTTP]&amp#27;[39m &amp#27;[37m<-- POST /wd/hub/session/71784c92-b18a-46c1-a290-17ba74bb3393/element &amp#27;[39m&amp#27;[32m200&amp#27;[39m &amp#27;[90m977 ms - 137&amp#27;[39m
&amp#27;[35m[HTTP]&amp#27;[39m &amp#27;[90m&amp#27;[39m
&amp#27;[35m[HTTP]&amp#27;[39m &amp#27;[37m-->&amp#27;[39m &amp#27;[37mGET&amp#27;[39m &amp#27;[37m/wd/hub/session/71784c92-b18a-46c1-a290-17ba74bb3393/element/0151a003-f6ff-47f7-8096-2e7af39ca71b/text&amp#27;[39m
&amp#27;[35m[HTTP]&amp#27;[39m &amp#27;[90m{}&amp#27;[39m
&amp#27;[35m[W3C (71784c92)]&amp#27;[39m Driver proxy active, passing request on via HTTP proxy
[debug] &amp#27;[35m[WD Proxy]&amp#27;[39m Matched '/wd/hub/session/71784c92-b18a-46c1-a290-17ba74bb3393/element/0151a003-f6ff-47f7-8096-2e7af39ca71b/text' to command name 'getText'
[debug] &amp#27;[35m[WD Proxy]&amp#27;[39m Proxying [GET /wd/hub/session/71784c92-b18a-46c1-a290-17ba74bb3393/element/0151a003-f6ff-47f7-8096-2e7af39ca71b/text] to [GET http://127.0.0.1:8201/wd/hub/session/e1a92ac3-39a4-4fa6-92fc-7041064cc14a/element/0151a003-f6ff-47f7-8096-2e7af39ca71b/text] with no body
[debug] &amp#27;[35m[WD Proxy]&amp#27;[39m Got response with status 200: {"sessionId":"e1a92ac3-39a4-4fa6-92fc-7041064cc14a","value":"Slaptazodis1234567890{}|?><zXzxcdf"}
&amp#27;[35m[WD Proxy]&amp#27;[39m Replacing sessionId e1a92ac3-39a4-4fa6-92fc-7041064cc14a with 71784c92-b18a-46c1-a290-17ba74bb3393
&amp#27;[35m[HTTP]&amp#27;[39m &amp#27;[37m<-- GET /wd/hub/session/71784c92-b18a-46c1-a290-17ba74bb3393/element/0151a003-f6ff-47f7-8096-2e7af39ca71b/text &amp#27;[39m&amp#27;[32m200&amp#27;[39m &amp#27;[90m27 ms - 97&amp#27;[39m
&amp#27;[35m[HTTP]&amp#27;[39m &amp#27;[90m&amp#27;[39m
&amp#27;[35m[HTTP]&amp#27;[39m &amp#27;[37m-->&amp#27;[39m &amp#27;[37mPOST&amp#27;[39m &amp#27;[37m/wd/hub/session/71784c92-b18a-46c1-a290-17ba74bb3393/appium/device/hide_keyboard&amp#27;[39m
&amp#27;[35m[HTTP]&amp#27;[39m &amp#27;[90m{}&amp#27;[39m
[debug] &amp#27;[35m[W3C (71784c92)]&amp#27;[39m Calling AppiumDriver.hideKeyboard() with args: [null,null,null,null,"71784c92-b18a-46c1-a290-17ba74bb3393"]
[debug] &amp#27;[35m[ADB]&amp#27;[39m Running 'C:\Users\T1170\AppData\Local\Android\Sdk\platform-tools\adb.exe -P 5037 -s emulator-5554 shell dumpsys input_method'
[debug] &amp#27;[35m[ADB]&amp#27;[39m Running 'C:\Users\T1170\AppData\Local\Android\Sdk\platform-tools\adb.exe -P 5037 -s emulator-5554 shell input keyevent 111'
[debug] &amp#27;[35m[ADB]&amp#27;[39m Running 'C:\Users\T1170\AppData\Local\Android\Sdk\platform-tools\adb.exe -P 5037 -s emulator-5554 shell dumpsys input_method'
[debug] &amp#27;[35m[ADB]&amp#27;[39m Running 'C:\Users\T1170\AppData\Local\Android\Sdk\platform-tools\adb.exe -P 5037 -s emulator-5554 shell dumpsys input_method'
[debug] &amp#27;[35m[ADB]&amp#27;[39m Running 'C:\Users\T1170\AppData\Local\Android\Sdk\platform-tools\adb.exe -P 5037 -s emulator-5554 shell dumpsys input_method'
[debug] &amp#27;[35m[ADB]&amp#27;[39m Running 'C:\Users\T1170\AppData\Local\Android\Sdk\platform-tools\adb.exe -P 5037 -s emulator-5554 shell input keyevent 4'
[debug] &amp#27;[35m[ADB]&amp#27;[39m Running 'C:\Users\T1170\AppData\Local\Android\Sdk\platform-tools\adb.exe -P 5037 -s emulator-5554 shell dumpsys input_method'
[debug] &amp#27;[35m[W3C (71784c92)]&amp#27;[39m Responding to client with driver.hideKeyboard() result: true
&amp#27;[35m[HTTP]&amp#27;[39m &amp#27;[37m<-- POST /wd/hub/session/71784c92-b18a-46c1-a290-17ba74bb3393/appium/device/hide_keyboard &amp#27;[39m&amp#27;[32m200&amp#27;[39m &amp#27;[90m1834 ms - 14&amp#27;[39m
&amp#27;[35m[HTTP]&amp#27;[39m &amp#27;[90m&amp#27;[39m
&amp#27;[35m[HTTP]&amp#27;[39m &amp#27;[37m-->&amp#27;[39m &amp#27;[37mGET&amp#27;[39m &amp#27;[37m/wd/hub/session/71784c92-b18a-46c1-a290-17ba74bb3393/screenshot&amp#27;[39m
&amp#27;[35m[HTTP]&amp#27;[39m &amp#27;[90m{}&amp#27;[39m
[debug] &amp#27;[35m[W3C (71784c92)]&amp#27;[39m Calling AppiumDriver.getScreenshot() with args: ["71784c92-b18a-46c1-a290-17ba74bb3393"]
[debug] &amp#27;[35m[WD Proxy]&amp#27;[39m Matched '/screenshot' to command name 'getScreenshot'
[debug] &amp#27;[35m[WD Proxy]&amp#27;[39m Proxying [GET /screenshot] to [GET http://127.0.0.1:8201/wd/hub/session/e1a92ac3-39a4-4fa6-92fc-7041064cc14a/screenshot] with no body
[debug] &amp#27;[35m[WD Proxy]&amp#27;[39m Got response with status 200: {"sessionId":"e1a92ac3-39a4-4fa6-92fc-7041064cc14a","value":"iVBORw0KGgoAAAANSUhEUgAABaAAAAoACAYAAABH9IXPAAAAAXNSR0IArs4c6QAAAARzQklUCAgI\nCHwIZIgAACAASURBVHic7N17dFX1nfDh7yHhLkQUkaJWREEUqahdtlNvCCoVLIpgla6KrZcZp3Sq\n1nF6WdOR1hl7UStqtava2lpFRUFERBHRYkVB61RUUGhFjE1RNHKRQkJIOO8fvjAg5JyT5OycJOd5\n1upaPdm/vffXBSLrk53fTkVEOgAAAAAAIM/aFXoAAAAAAADaJgEaAAAAAIBECNAAAAAAACRCgAYA\nAAAAIBECNAAAAAAAiRCgAQAAAABIhAANAAAAAEAiBGgAAAAAABIhQAMAAAAAkAgBGgAAAACARAjQ\nAAAAAAAkQoAGAAAAACARAjQAAAAAAIkQoAEAAAAASIQADQAAAABAIgRoAAAAAAASIUADAAAAAJAI\nARoAAAAAgESUFnoAAAAAAICWqG/fvvH2228Xeoy4+uqrc1571113tYiZt0lFRLrQQwAAAAAAtCSX\nXHJJDBkyJCZOnFjoUSKdzj3hnnzyyTF//vzkhmkgW3AAAAAAAOzg4osvjttvv73QY7QJAjQAAAAA\nwP938cUXxx133FHoMdoMARoAAAAAIMTnJAjQAAAAAEDRmzhxYkHj84033hhr166NdDq9y/8a4g9/\n+MMu569cubJBLzLMp9KC3BUAAAAAoIWYOHFi/OIXvyjY/SdPnhyXXXZZYtfv27dvTJo0KVKpVEya\nNCmx++yOJ6ABAAAAgKJV6PgcEXHBBRe0qfvsSIAGAAAAAIpSS4jPERF77rlns9ynb9++zXKfHQnQ\nAAAAAEDRaSnxua0ToAEAAACAoiI+Nx8BGgAAAAAoGt/+9rd3G583btwYa9eu3elr6XS6ucZqswRo\nAAAAAKAoTJw4MW644YZdvv6P...
[debug] &amp#27;[35m[W3C (71784c92)]&amp#27;[39m Responding to client with driver.getScreenshot() result: "iVBORw0KGgoAAAANSUhEUgAABaAAAAoACAYAAABH9IXPAAAAAXNSR0IArs4c6QAAAARzQklUCAgI\nCHwIZIgAACAASURBVHic7N17dFX1nfDh7yHhLkQUkaJWREEUqahdtlNvCCoVLIpgla6KrZcZp3Sq\n1nF6WdOR1hl7UStqtava2lpFRUFERBHRYkVB61RUUGhFjE1RNHKRQkJIOO8fvjAg5JyT5OycJOd5\n1upaPdm/vffXBSLrk53fTkVEOgAAAAAAIM/aFXoAAAAAAADaJgEaAAAAAIBECNAAAAAAACRCgAYA\nAAAAIBECNAAAAAAAiRCgAQAAAABIhAANAAAAAEAiBGgAAAAAABIhQAMAAAAAkAgBGgAAAACARAjQ\nAAAAAAAkQoAGAAAAACARAjQAAAAAAIkQoAEAAAAASIQADQAAAABAIgRoAAAAAAASIUADAAAAAJAI\nARoAAAAAgESUFnoAAAAAAICWqG/fvvH2228Xeoy4+uqrc1571113tYiZt0lFRLrQQwAAAAAAtCSX\nXHJJDBkyJCZOnFjoUSKdzj3hnnzyyTF//vzkhmkgW3AAAAAAAOzg4osvjttvv73QY7QJAjQAAAAA\nwP938cUXxx133FHoMdoMARoAAAAAIMTnJAjQAAAAAEDRmzhxYkHj84033hhr166NdDq9y/8a4g9/\n+MMu569cubJBLzLMp9KC3BUAAAAAoIWYOHFi/OIXvyjY/SdPnhyXXXZZYtfv27dvTJo0KVKpVEya\nNCmx++yOJ6ABAAAAgKJV6PgcEXHBBRe0qfvsSIAGAAAAAIpSS4jPERF77rlns9ynb9++zXKfHQnQ\nAAAAAEDRaSnxua0ToAEAAACAoiI+Nx8BGgAAAAAoGt/+9rd3G583btwYa9eu3elr6XS6ucZqswRo\nAAAAAKAoTJw4MW644YZdvv6Pf/wjhg0bFu+9995OX0+lUs01WpslQAMAAAAAbd6VV1652yef//GP\nf8Tw4c...
&amp#27;[35m[HTTP]&amp#27;[39m &amp#27;[37m<-- GET /wd/hub/session/71784c92-b18a-46c1-a290-17ba74bb3393/screenshot &amp#27;[39m&amp#27;[32m200&amp#27;[39m &amp#27;[90m323 ms - 140942&amp#27;[39m
&amp#27;[35m[HTTP]&amp#27;[39m &amp#27;[90m&amp#27;[39m
&amp#27;[35m[HTTP]&amp#27;[39m &amp#27;[37m-->&amp#27;[39m &amp#27;[37mPOST&amp#27;[39m &amp#27;[37m/wd/hub/session/71784c92-b18a-46c1-a290-17ba74bb3393/appium/compare_images&amp#27;[39m
&amp#27;[35m[HTTP]&amp#27;[39m &amp#27;[90m{"mode":"getSimilarity","firstImage":"iVBORw0KGgoAAAANSUhEUgAABaAAAAoACAYAAABH9IXPAAAAAXNSR0IArs4c6QAAAARzQklUCAgICHwIZIgAACAASURBVHic7N17dFX1nfDh7yHhLkQUkaJWREEUqahdtlNvCCoVLIpgla6KrZcZp3Sq1nF6WdOR1hl7UStqtava2lpFRUFERBHRYkVB61RUUGhFjE1RNHKRQkJIOO8fvjAg5JyT5OycJOd51upaPdm/vffXBSLrk53fTkVEOgAAAAAAIM/aFXoAAAAAAADaJgEaAAAAAIBECNAAAAAAACRCgAYAAAAAIBECNAAAAAAAiRCgAQAAAABIhAANAAAAAEAiBGgAAAAAABIhQAMAAAAAkAgBGgAAAACARAjQAAAAAAAkQoAGAAAAACARAjQAAAAAAIkQoAEAAAAASIQADQAAAABAIgRoAAAAAAASIUADAAAAAJAIARoAAAAAgESUFnoAAAAAAICWqG/fvvH2228Xeoy4+uqrc1571113tYiZt0lFRLrQQwAAAAAAtCSXXHJJDBkyJCZOnFjoUSKdzj3hnnzyyTF//vzkhmkgW3AAAAAAAOzg4osvjttvv73QY7QJAjQAAAAAwP938cUXxx133FHoMdoMARoAAAAAIMTnJAjQAAAAAEDRmzhxYkHj84033hhr166NdDq9y/8a4g9/+MMu569cubJBLzLMp9KC3BUAAAAAoIWYOHFi/OIXvyjY/SdPnhyXXXZZYtfv27dvTJo0KVKpVEyaNCmx++yOJ6ABAAAAgKJV6PgcEXHBBRe0qfvsSIAGAAAAAIpSS4jPERF77rlns9ynb9++zXKfHQnQAAAAAEDRaSnxua0ToAEAAACAoiI+Nx8BGgAAAAAoGt/+9rd3G583btwYa9eu3elr6XS6ucZqswRoAAAAAKAoTJw4MW644YZdvv6Pf/wjhg0bFu+9995OX0+lUs01WpslQAMAAAAAbd6VV1652ye...&amp#27;[39m
[debug] &amp#27;[35m[W3C (71784c92)]&amp#27;[39m Calling AppiumDriver.compareImages() with args: ["getSimilarity","iVBORw0KGgoAAAANSUhEUgAABaAAAAoACAYAAABH9IXPAAAAAXNSR0IArs4c6QAAAARzQklUCAgICHwIZIgAACAASURBVHic7N17dFX1nfDh7yHhLkQUkaJWREEUqahdtlNvCCoVLIpgla6KrZcZp3Sq1nF6WdOR1hl7UStqtava2lpFRUFERBHRYkVB61RUUGhFjE1RNHKRQkJIOO8fvjAg5JyT5OycJOd51upaPdm/vffXBSLrk53fTkVEOgAAAAAAIM/aFXoAAAAAAADaJgEaAAAAAIBECNAAAAAAACRCgAYAAAAAIBECNAAAAAAAiRCgAQAAAABIhAANAAAAAEAiBGgAAAAAABIhQAMAAAAAkAgBGgAAAACARAjQAAAAAAAkQoAGAAAAACARAjQAAAAAAIkQoAEAAAAASIQADQAAAABAIgRoAAAAAAASIUADAAAAAJAIARoAAAAAgESUFnoAAAAAAICWqG/fvvH2228Xeoy4+uqrc1571113tYiZt0lFRLrQQwAAAAAAtCSXXHJJDBkyJCZOnFjoUSKdzj3hnnzyyTF//vzkhmkgW3AAAAAAAOzg4osvjttvv73QY7QJAjQAAAAAwP938cUXxx133FHoMdoMARoAAAAAIMTnJAjQAAAAAEDRmzhxYkHj84033hhr166NdDq9y/8a4g9/+MMu569cubJBLzLMp9KC3BUAAAAAoIWYOHFi/OIXvyjY/SdPnhyXXXZZYtfv27dvTJo0KVKpVEyaNCmx++yOJ6ABAAAAgKJV6PgcEXHBBRe0qfvsSIAGAAAAAIpSS4jPERF77rlns9ynb9++zXKfHQnQAAAAAEDRaSnxua0ToAEAAACAoiI+Nx8BGgAAAAAoGt/+9rd3G583btwYa9eu3elr6XS6ucZqswRoAAAAAKAoTJw4MW644YZdvv6Pf/wjhg0bFu+9995OX0+lUs01WpslQAMAAAAAbd6VV1652yef//GPf8Tw4cPjxRdfLMB...
[debug] &amp#27;[35m[W3C (71784c92)]&amp#27;[39m Responding to client with driver.compareImages() result: {"score":1,"visualization":"iVBORw0KGgoAAAANSUhEUgAAC0AAAAoACAIAAACtAjTvAAAgAElEQVR4AezBD2ycdeHH8c+XzfBnId2U5FHRyPgz+9CouMUmluXhygnNwYbVlG3gUScrccszBFdgArIehxojnejSPRowDRAaFCqg4oLHie0QHjh+YXNprlw6yAZPNIZlbFDCHFu/v6QJSZe7jo495dr1/XoZAQAAAAAAAAAAAAAAoKqMAAAAAAAAAAAAAAAAUFVGAAAAAAAAAAAAAAAAqCojAAAAAAAAAAAAAAAAVJURAAAAAAAAAAAAAAAAqsoIAAAAAAAAAAAAAAAAVWUEAAAAAAAAAAAAAACAqjICAAAAAAAAAAAAAABAVRkBAAAAAAAAAAAAAACgqowAAAAAAAAAAAAAAABQVUYAAAAAAAAAAAAAAACoKiMAAAAAAAAAAAAAAABUlREAAAAAAAAAAAAAAACqyggAAAAAAAAAAAAAAABVZQQAAAAAAAAAAAAAAICqMgIAAAAAAAAAAAAAAEBVGQEAAAAAAAAAAAAAAKCqjAAAAAAAAAAAAAAAAFBVRgAAAAAAAAAAAAAAAKgqIwAAAAAAcGI566yzdu3apUnW0dGho3rggQd27dolAAAAAACAY3fWWWft2rVLk6yjo0NH9cADD+zatUsfCyMAAAAAAHACue666y644ALf9zXJrLU6qsbGxr6+PgEAAAAAAByj66677oILLvB9X5PMWqujamxs7Ovr08fCCAAAAAAAnCja2truu+++IAh839cks9bqqBobG/v6+gQAAAAAAHAs2tra7rvvviAIfN/XJLPW6qgaGxv7+vr0sTACAAAAAAAnhLa2tvvuu09SEAS+72uSWWt1VI2NjX19fQIAAAAAAJiwtra2++67T1IQBL7va5JZa3VUjY2NfX19+lgYAQAAAACA6a+tre2+++7TqCAIfN/XJLPW6qgaGxv7+voEAAAAAAAwMW1tbffdd59GBUHg+74mm...
&amp#27;[35m[HTTP]&amp#27;[39m &amp#27;[37m<-- POST /wd/hub/session/71784c92-b18a-46c1-a290-17ba74bb3393/appium/compare_images &amp#27;[39m&amp#27;[32m200&amp#27;[39m &amp#27;[90m430 ms - 409556&amp#27;[39m
&amp#27;[35m[HTTP]&amp#27;[39m &amp#27;[90m&amp#27;[39m
Visual check of 'Password' passed; similarity match was 1,000000
Searching for Website field
&amp#27;[35m[HTTP]&amp#27;[39m &amp#27;[37m-->&amp#27;[39m &amp#27;[37mGET&amp#27;[39m &amp#27;[37m/wd/hub/session/71784c92-b18a-46c1-a290-17ba74bb3393/context&amp#27;[39m
&amp#27;[35m[HTTP]&amp#27;[39m &amp#27;[90m{}&amp#27;[39m
[debug] &amp#27;[35m[W3C (71784c92)]&amp#27;[39m Calling AppiumDriver.getCurrentContext() with args: ["71784c92-b18a-46c1-a290-17ba74bb3393"]
[debug] &amp#27;[35m[W3C (71784c92)]&amp#27;[39m Responding to client with driver.getCurrentContext() result: "NATIVE_APP"
&amp#27;[35m[HTTP]&amp#27;[39m &amp#27;[37m<-- GET /wd/hub/session/71784c92-b18a-46c1-a290-17ba74bb3393/context &amp#27;[39m&amp#27;[32m200&amp#27;[39m &amp#27;[90m1 ms - 22&amp#27;[39m
&amp#27;[35m[HTTP]&amp#27;[39m &amp#27;[90m&amp#27;[39m
&amp#27;[35m[HTTP]&amp#27;[39m &amp#27;[37m-->&amp#27;[39m &amp#27;[37mPOST&amp#27;[39m &amp#27;[37m/wd/hub/session/71784c92-b18a-46c1-a290-17ba74bb3393/element&amp#27;[39m
&amp#27;[35m[HTTP]&amp#27;[39m &amp#27;[90m{"using":"id","value":"com.nordpass.android.app.password.manager:id/website"}&amp#27;[39m
[debug] &amp#27;[35m[W3C (71784c92)]&amp#27;[39m Calling AppiumDriver.findElement() with args: ["id","com.nordpass.android.app.password.manager:id/website","71784c92-b18a-46c1-a290-17ba74bb3393"]
[debug] &amp#27;[35m[BaseDriver]&amp#27;[39m Valid locator strategies for this request: xpath, id, class name, accessibility id, -android uiautomator
[debug] &amp#27;[35m[BaseDriver]&amp#27;[39m Waiting up to 10000 ms for condition
[debug] &amp#27;[35m[WD Proxy]&amp#27;[39m Matched '/element' to command name 'findElement'
[debug] &amp#27;[35m[WD Proxy]&amp#27;[39m Proxying [POST /element] to [POST http://127.0.0.1:8201/wd/hub/session/e1a92ac3-39a4-4fa6-92fc-7041064cc14a/element] with body: {"strategy":"id","selector":"com.nordpass.android.app.password.manager:id/website","context":"","multiple":false}
[debug] &amp#27;[35m[WD Proxy]&amp#27;[39m Got response with status 200: {"sessionId":"e1a92ac3-39a4-4fa6-92fc-7041064cc14a","value":{"ELEMENT":"ffc7f2e4-301b-4cef-94e5-21893f78a3dd","element-6066-11e4-a52e-4f735466cecf":"ffc7f2e4-301b-4cef-94e5-21893f78a3dd"}}
[debug] &amp#27;[35m[W3C (71784c92)]&amp#27;[39m Responding to client with driver.findElement() result: {"element-6066-11e4-a52e-4f735466cecf":"ffc7f2e4-301b-4cef-94e5-21893f78a3dd","ELEMENT":"ffc7f2e4-301b-4cef-94e5-21893f78a3dd"}
&amp#27;[35m[HTTP]&amp#27;[39m &amp#27;[37m<-- POST /wd/hub/session/71784c92-b18a-46c1-a290-17ba74bb3393/element &amp#27;[39m&amp#27;[32m200&amp#27;[39m &amp#27;[90m20 ms - 137&amp#27;[39m
&amp#27;[35m[HTTP]&amp#27;[39m &amp#27;[90m&amp#27;[39m
&amp#27;[35m[HTTP]&amp#27;[39m &amp#27;[37m-->&amp#27;[39m &amp#27;[37mPOST&amp#27;[39m &amp#27;[37m/wd/hub/session/71784c92-b18a-46c1-a290-17ba74bb3393/element/ffc7f2e4-301b-4cef-94e5-21893f78a3dd/click&amp#27;[39m
&amp#27;[35m[HTTP]&amp#27;[39m &amp#27;[90m{"id":"ffc7f2e4-301b-4cef-94e5-21893f78a3dd"}&amp#27;[39m
[debug] &amp#27;[35m[W3C (71784c92)]&amp#27;[39m Calling AppiumDriver.click() with args: ["ffc7f2e4-301b-4cef-94e5-21893f78a3dd","71784c92-b18a-46c1-a290-17ba74bb3393"]
[debug] &amp#27;[35m[WD Proxy]&amp#27;[39m Matched '/element/ffc7f2e4-301b-4cef-94e5-21893f78a3dd/click' to command name 'click'
[debug] &amp#27;[35m[WD Proxy]&amp#27;[39m Proxying [POST /element/ffc7f2e4-301b-4cef-94e5-21893f78a3dd/click] to [POST http://127.0.0.1:8201/wd/hub/session/e1a92ac3-39a4-4fa6-92fc-7041064cc14a/element/ffc7f2e4-301b-4cef-94e5-21893f78a3dd/click] with body: {"element":"ffc7f2e4-301b-4cef-94e5-21893f78a3dd"}
[debug] &amp#27;[35m[WD Proxy]&amp#27;[39m Got response with status 200: {"sessionId":"e1a92ac3-39a4-4fa6-92fc-7041064cc14a","value":null}
[debug] &amp#27;[35m[W3C (71784c92)]&amp#27;[39m Responding to client with driver.click() result: null
&amp#27;[35m[HTTP]&amp#27;[39m &amp#27;[37m<-- POST /wd/hub/session/71784c92-b18a-46c1-a290-17ba74bb3393/element/ffc7f2e4-301b-4cef-94e5-21893f78a3dd/click &amp#27;[39m&amp#27;[32m200&amp#27;[39m &amp#27;[90m727 ms - 14&amp#27;[39m
&amp#27;[35m[HTTP]&amp#27;[39m &amp#27;[90m&amp#27;[39m
&amp#27;[35m[HTTP]&amp#27;[39m &amp#27;[37m-->&amp#27;[39m &amp#27;[37mGET&amp#27;[39m &amp#27;[37m/wd/hub/session/71784c92-b18a-46c1-a290-17ba74bb3393/appium/device/is_keyboard_shown&amp#27;[39m
&amp#27;[35m[HTTP]&amp#27;[39m &amp#27;[90m{}&amp#27;[39m
[debug] &amp#27;[35m[W3C (71784c92)]&amp#27;[39m Calling AppiumDriver.isKeyboardShown() with args: ["71784c92-b18a-46c1-a290-17ba74bb3393"]
[debug] &amp#27;[35m[ADB]&amp#27;[39m Running 'C:\Users\T1170\AppData\Local\Android\Sdk\platform-tools\adb.exe -P 5037 -s emulator-5554 shell dumpsys input_method'
[debug] &amp#27;[35m[W3C (71784c92)]&amp#27;[39m Responding to client with driver.isKeyboardShown() result: true
&amp#27;[35m[HTTP]&amp#27;[39m &amp#27;[37m<-- GET /wd/hub/session/71784c92-b18a-46c1-a290-17ba74bb3393/appium/device/is_keyboard_shown &amp#27;[39m&amp#27;[32m200&amp#27;[39m &amp#27;[90m88 ms - 14&amp#27;[39m
&amp#27;[35m[HTTP]&amp#27;[39m &amp#27;[90m&amp#27;[39m
Searching for Website field
&amp#27;[35m[HTTP]&amp#27;[39m &amp#27;[37m-->&amp#27;[39m &amp#27;[37mGET&amp#27;[39m &amp#27;[37m/wd/hub/session/71784c92-b18a-46c1-a290-17ba74bb3393/context&amp#27;[39m
&amp#27;[35m[HTTP]&amp#27;[39m &amp#27;[90m{}&amp#27;[39m
[debug] &amp#27;[35m[W3C (71784c92)]&amp#27;[39m Calling AppiumDriver.getCurrentContext() with args: ["71784c92-b18a-46c1-a290-17ba74bb3393"]
[debug] &amp#27;[35m[W3C (71784c92)]&amp#27;[39m Responding to client with driver.getCurrentContext() result: "NATIVE_APP"
&amp#27;[35m[HTTP]&amp#27;[39m &amp#27;[37m<-- GET /wd/hub/session/71784c92-b18a-46c1-a290-17ba74bb3393/context &amp#27;[39m&amp#27;[32m200&amp#27;[39m &amp#27;[90m2 ms - 22&amp#27;[39m
&amp#27;[35m[HTTP]&amp#27;[39m &amp#27;[90m&amp#27;[39m
&amp#27;[35m[HTTP]&amp#27;[39m &amp#27;[37m-->&amp#27;[39m &amp#27;[37mPOST&amp#27;[39m &amp#27;[37m/wd/hub/session/71784c92-b18a-46c1-a290-17ba74bb3393/element&amp#27;[39m
&amp#27;[35m[HTTP]&amp#27;[39m &amp#27;[90m{"using":"id","value":"com.nordpass.android.app.password.manager:id/website"}&amp#27;[39m
[debug] &amp#27;[35m[W3C (71784c92)]&amp#27;[39m Calling AppiumDriver.findElement() with args: ["id","com.nordpass.android.app.password.manager:id/website","71784c92-b18a-46c1-a290-17ba74bb3393"]
[debug] &amp#27;[35m[BaseDriver]&amp#27;[39m Valid locator strategies for this request: xpath, id, class name, accessibility id, -android uiautomator
[debug] &amp#27;[35m[BaseDriver]&amp#27;[39m Waiting up to 10000 ms for condition
[debug] &amp#27;[35m[WD Proxy]&amp#27;[39m Matched '/element' to command name 'findElement'
[debug] &amp#27;[35m[WD Proxy]&amp#27;[39m Proxying [POST /element] to [POST http://127.0.0.1:8201/wd/hub/session/e1a92ac3-39a4-4fa6-92fc-7041064cc14a/element] with body: {"strategy":"id","selector":"com.nordpass.android.app.password.manager:id/website","context":"","multiple":false}
[debug] &amp#27;[35m[WD Proxy]&amp#27;[39m Got response with status 200: {"sessionId":"e1a92ac3-39a4-4fa6-92fc-7041064cc14a","value":{"ELEMENT":"3e40cac6-8c9a-4760-8d01-5fe65119a587","element-6066-11e4-a52e-4f735466cecf":"3e40cac6-8c9a-4760-8d01-5fe65119a587"}}
[debug] &amp#27;[35m[W3C (71784c92)]&amp#27;[39m Responding to client with driver.findElement() result: {"element-6066-11e4-a52e-4f735466cecf":"3e40cac6-8c9a-4760-8d01-5fe65119a587","ELEMENT":"3e40cac6-8c9a-4760-8d01-5fe65119a587"}
&amp#27;[35m[HTTP]&amp#27;[39m &amp#27;[37m<-- POST /wd/hub/session/71784c92-b18a-46c1-a290-17ba74bb3393/element &amp#27;[39m&amp#27;[32m200&amp#27;[39m &amp#27;[90m19 ms - 137&amp#27;[39m
&amp#27;[35m[HTTP]&amp#27;[39m &amp#27;[90m&amp#27;[39m
&amp#27;[35m[HTTP]&amp#27;[39m &amp#27;[37m-->&amp#27;[39m &amp#27;[37mPOST&amp#27;[39m &amp#27;[37m/wd/hub/session/71784c92-b18a-46c1-a290-17ba74bb3393/element/3e40cac6-8c9a-4760-8d01-5fe65119a587/value&amp#27;[39m
&amp#27;[35m[HTTP]&amp#27;[39m &amp#27;[90m{"id":"3e40cac6-8c9a-4760-8d01-5fe65119a587","text":"example-site.com","value":["e","x","a","m","p","l","e","-","s","i","t","e",".","c","o","m"]}&amp#27;[39m
[debug] &amp#27;[35m[W3C (71784c92)]&amp#27;[39m Calling AppiumDriver.setValue() with args: [["e","x","a","m","p","l","e","-","s","i","t","e",".","c","o","m"],"3e40cac6-8c9a-4760-8d01-5fe65119a587","71784c92-b18a-46c1-a290-17ba74bb3393"]
[debug] &amp#27;[35m[WD Proxy]&amp#27;[39m Matched '/element/3e40cac6-8c9a-4760-8d01-5fe65119a587/value' to command name 'setValue'
[debug] &amp#27;[35m[Protocol Converter]&amp#27;[39m Added 'value' property ["e","x","a","m","p","l","e","-","s","i","t","e",".","c","o","m"] to 'setValue' request body
[debug] &amp#27;[35m[WD Proxy]&amp#27;[39m Proxying [POST /element/3e40cac6-8c9a-4760-8d01-5fe65119a587/value] to [POST http://127.0.0.1:8201/wd/hub/session/e1a92ac3-39a4-4fa6-92fc-7041064cc14a/element/3e40cac6-8c9a-4760-8d01-5fe65119a587/value] with body: {"elementId":"3e40cac6-8c9a-4760-8d01-5fe65119a587","text":"example-site.com","replace":false,"value":["e","x","a","m","p","l","e","-","s","i","t","e",".","c","o","m"]}
[debug] &amp#27;[35m[WD Proxy]&amp#27;[39m Got response with status 200: {"sessionId":"e1a92ac3-39a4-4fa6-92fc-7041064cc14a","value":null}
[debug] &amp#27;[35m[W3C (71784c92)]&amp#27;[39m Responding to client with driver.setValue() result: null
&amp#27;[35m[HTTP]&amp#27;[39m &amp#27;[37m<-- POST /wd/hub/session/71784c92-b18a-46c1-a290-17ba74bb3393/element/3e40cac6-8c9a-4760-8d01-5fe65119a587/value &amp#27;[39m&amp#27;[32m200&amp#27;[39m &amp#27;[90m703 ms - 14&amp#27;[39m
&amp#27;[35m[HTTP]&amp#27;[39m &amp#27;[90m&amp#27;[39m
Searching for Website field
&amp#27;[35m[HTTP]&amp#27;[39m &amp#27;[37m-->&amp#27;[39m &amp#27;[37mGET&amp#27;[39m &amp#27;[37m/wd/hub/session/71784c92-b18a-46c1-a290-17ba74bb3393/context&amp#27;[39m
&amp#27;[35m[HTTP]&amp#27;[39m &amp#27;[90m{}&amp#27;[39m
[debug] &amp#27;[35m[W3C (71784c92)]&amp#27;[39m Calling AppiumDriver.getCurrentContext() with args: ["71784c92-b18a-46c1-a290-17ba74bb3393"]
[debug] &amp#27;[35m[W3C (71784c92)]&amp#27;[39m Responding to client with driver.getCurrentContext() result: "NATIVE_APP"
&amp#27;[35m[HTTP]&amp#27;[39m &amp#27;[37m<-- GET /wd/hub/session/71784c92-b18a-46c1-a290-17ba74bb3393/context &amp#27;[39m&amp#27;[32m200&amp#27;[39m &amp#27;[90m1 ms - 22&amp#27;[39m
&amp#27;[35m[HTTP]&amp#27;[39m &amp#27;[90m&amp#27;[39m
&amp#27;[35m[HTTP]&amp#27;[39m &amp#27;[37m-->&amp#27;[39m &amp#27;[37mPOST&amp#27;[39m &amp#27;[37m/wd/hub/session/71784c92-b18a-46c1-a290-17ba74bb3393/element&amp#27;[39m
&amp#27;[35m[HTTP]&amp#27;[39m &amp#27;[90m{"using":"id","value":"com.nordpass.android.app.password.manager:id/website"}&amp#27;[39m
[debug] &amp#27;[35m[W3C (71784c92)]&amp#27;[39m Calling AppiumDriver.findElement() with args: ["id","com.nordpass.android.app.password.manager:id/website","71784c92-b18a-46c1-a290-17ba74bb3393"]
[debug] &amp#27;[35m[BaseDriver]&amp#27;[39m Valid locator strategies for this request: xpath, id, class name, accessibility id, -android uiautomator
[debug] &amp#27;[35m[BaseDriver]&amp#27;[39m Waiting up to 10000 ms for condition
[debug] &amp#27;[35m[WD Proxy]&amp#27;[39m Matched '/element' to command name 'findElement'
[debug] &amp#27;[35m[WD Proxy]&amp#27;[39m Proxying [POST /element] to [POST http://127.0.0.1:8201/wd/hub/session/e1a92ac3-39a4-4fa6-92fc-7041064cc14a/element] with body: {"strategy":"id","selector":"com.nordpass.android.app.password.manager:id/website","context":"","multiple":false}
[debug] &amp#27;[35m[WD Proxy]&amp#27;[39m Got response with status 200: {"sessionId":"e1a92ac3-39a4-4fa6-92fc-7041064cc14a","value":{"ELEMENT":"0f8a5d09-b735-4d47-9682-d9eb56d28e30","element-6066-11e4-a52e-4f735466cecf":"0f8a5d09-b735-4d47-9682-d9eb56d28e30"}}
[debug] &amp#27;[35m[W3C (71784c92)]&amp#27;[39m Responding to client with driver.findElement() result: {"element-6066-11e4-a52e-4f735466cecf":"0f8a5d09-b735-4d47-9682-d9eb56d28e30","ELEMENT":"0f8a5d09-b735-4d47-9682-d9eb56d28e30"}
&amp#27;[35m[HTTP]&amp#27;[39m &amp#27;[37m<-- POST /wd/hub/session/71784c92-b18a-46c1-a290-17ba74bb3393/element &amp#27;[39m&amp#27;[32m200&amp#27;[39m &amp#27;[90m31 ms - 137&amp#27;[39m
&amp#27;[35m[HTTP]&amp#27;[39m &amp#27;[90m&amp#27;[39m
&amp#27;[35m[HTTP]&amp#27;[39m &amp#27;[37m-->&amp#27;[39m &amp#27;[37mGET&amp#27;[39m &amp#27;[37m/wd/hub/session/71784c92-b18a-46c1-a290-17ba74bb3393/element/0f8a5d09-b735-4d47-9682-d9eb56d28e30/text&amp#27;[39m
&amp#27;[35m[HTTP]&amp#27;[39m &amp#27;[90m{}&amp#27;[39m
&amp#27;[35m[W3C (71784c92)]&amp#27;[39m Driver proxy active, passing request on via HTTP proxy
[debug] &amp#27;[35m[WD Proxy]&amp#27;[39m Matched '/wd/hub/session/71784c92-b18a-46c1-a290-17ba74bb3393/element/0f8a5d09-b735-4d47-9682-d9eb56d28e30/text' to command name 'getText'
[debug] &amp#27;[35m[WD Proxy]&amp#27;[39m Proxying [GET /wd/hub/session/71784c92-b18a-46c1-a290-17ba74bb3393/element/0f8a5d09-b735-4d47-9682-d9eb56d28e30/text] to [GET http://127.0.0.1:8201/wd/hub/session/e1a92ac3-39a4-4fa6-92fc-7041064cc14a/element/0f8a5d09-b735-4d47-9682-d9eb56d28e30/text] with no body
[debug] &amp#27;[35m[WD Proxy]&amp#27;[39m Got response with status 200: {"sessionId":"e1a92ac3-39a4-4fa6-92fc-7041064cc14a","value":"example-site.com"}
&amp#27;[35m[WD Proxy]&amp#27;[39m Replacing sessionId e1a92ac3-39a4-4fa6-92fc-7041064cc14a with 71784c92-b18a-46c1-a290-17ba74bb3393
&amp#27;[35m[HTTP]&amp#27;[39m &amp#27;[37m<-- GET /wd/hub/session/71784c92-b18a-46c1-a290-17ba74bb3393/element/0f8a5d09-b735-4d47-9682-d9eb56d28e30/text &amp#27;[39m&amp#27;[32m200&amp#27;[39m &amp#27;[90m587 ms - 79&amp#27;[39m
&amp#27;[35m[HTTP]&amp#27;[39m &amp#27;[90m&amp#27;[39m
&amp#27;[35m[HTTP]&amp#27;[39m &amp#27;[37m-->&amp#27;[39m &amp#27;[37mPOST&amp#27;[39m &amp#27;[37m/wd/hub/session/71784c92-b18a-46c1-a290-17ba74bb3393/appium/device/hide_keyboard&amp#27;[39m
&amp#27;[35m[HTTP]&amp#27;[39m &amp#27;[90m{}&amp#27;[39m
[debug] &amp#27;[35m[W3C (71784c92)]&amp#27;[39m Calling AppiumDriver.hideKeyboard() with args: [null,null,null,null,"71784c92-b18a-46c1-a290-17ba74bb3393"]
[debug] &amp#27;[35m[ADB]&amp#27;[39m Running 'C:\Users\T1170\AppData\Local\Android\Sdk\platform-tools\adb.exe -P 5037 -s emulator-5554 shell dumpsys input_method'
[debug] &amp#27;[35m[ADB]&amp#27;[39m Running 'C:\Users\T1170\AppData\Local\Android\Sdk\platform-tools\adb.exe -P 5037 -s emulator-5554 shell input keyevent 111'
[debug] &amp#27;[35m[ADB]&amp#27;[39m Running 'C:\Users\T1170\AppData\Local\Android\Sdk\platform-tools\adb.exe -P 5037 -s emulator-5554 shell dumpsys input_method'
[debug] &amp#27;[35m[W3C (71784c92)]&amp#27;[39m Responding to client with driver.hideKeyboard() result: true
&amp#27;[35m[HTTP]&amp#27;[39m &amp#27;[37m<-- POST /wd/hub/session/71784c92-b18a-46c1-a290-17ba74bb3393/appium/device/hide_keyboard &amp#27;[39m&amp#27;[32m200&amp#27;[39m &amp#27;[90m363 ms - 14&amp#27;[39m
&amp#27;[35m[HTTP]&amp#27;[39m &amp#27;[90m&amp#27;[39m
&amp#27;[35m[HTTP]&amp#27;[39m &amp#27;[37m-->&amp#27;[39m &amp#27;[37mGET&amp#27;[39m &amp#27;[37m/wd/hub/session/71784c92-b18a-46c1-a290-17ba74bb3393/screenshot&amp#27;[39m
&amp#27;[35m[HTTP]&amp#27;[39m &amp#27;[90m{}&amp#27;[39m
[debug] &amp#27;[35m[W3C (71784c92)]&amp#27;[39m Calling AppiumDriver.getScreenshot() with args: ["71784c92-b18a-46c1-a290-17ba74bb3393"]
[debug] &amp#27;[35m[WD Proxy]&amp#27;[39m Matched '/screenshot' to command name 'getScreenshot'
[debug] &amp#27;[35m[WD Proxy]&amp#27;[39m Proxying [GET /screenshot] to [GET http://127.0.0.1:8201/wd/hub/session/e1a92ac3-39a4-4fa6-92fc-7041064cc14a/screenshot] with no body
[debug] &amp#27;[35m[WD Proxy]&amp#27;[39m Got response with status 200: {"sessionId":"e1a92ac3-39a4-4fa6-92fc-7041064cc14a","value":"iVBORw0KGgoAAAANSUhEUgAABaAAAAoACAYAAABH9IXPAAAAAXNSR0IArs4c6QAAAARzQklUCAgI\nCHwIZIgAACAASURBVHic7N17dFX1nfDh7yHhLkQUkaJWREEUqahdtlNvCCoVLIpgla6KrZcZp3Sq\n1nF6WdOR1hl7UStqtava2lpFRUFERBHRYkVB61RUUGhFjE1RNHKRQkJIOO8fvjAg5JyT5OycJOd5\n1upaPdm/vffXBSLrk53fTkVEOgAAAAAAIM/aFXoAAAAAAADaJgEaAAAAAIBECNAAAAAAACRCgAYA\nAAAAIBECNAAAAAAAiRCgAQAAAABIhAANAAAAAEAiBGgAAAAAABIhQAMAAAAAkAgBGgAAAACARAjQ\nAAAAAAAkQoAGAAAAACARAjQAAAAAAIkQoAEAAAAASIQADQAAAABAIgRoAAAAAAASIUADAAAAAJAI\nARoAAAAAgESUFnoAAAAAAICWqG/fvvH2228Xeoy4+uqrc1571113tYiZt0lFRLrQQwAAAAAAtCSX\nXHJJDBkyJCZOnFjoUSKdzj3hnnzyyTF//vzkhmkgW3AAAAAAAOzg4osvjttvv73QY7QJAjQAAAAA\nwP938cUXxx133FHoMdoMARoAAAAAIMTnJAjQAAAAAEDRmzhxYkHj84033hhr166NdDq9y/8a4g9/\n+MMu569cubJBLzLMp9KC3BUAAAAAoIWYOHFi/OIXvyjY/SdPnhyXXXZZYtfv27dvTJo0KVKpVEya\nNCmx++yOJ6ABAAAAgKJV6PgcEXHBBRe0qfvsSIAGAAAAAIpSS4jPERF77rlns9ynb9++zXKfHQnQ\nAAAAAEDRaSnxua0ToAEAAACAoiI+Nx8BGgAAAAAoGt/+9rd3G583btwYa9eu3elr6XS6ucZqswRo\nAAAAAKAoTJw4MW644YZdvv6P...
[debug] &amp#27;[35m[W3C (71784c92)]&amp#27;[39m Responding to client with driver.getScreenshot() result: "iVBORw0KGgoAAAANSUhEUgAABaAAAAoACAYAAABH9IXPAAAAAXNSR0IArs4c6QAAAARzQklUCAgI\nCHwIZIgAACAASURBVHic7N17dFX1nfDh7yHhLkQUkaJWREEUqahdtlNvCCoVLIpgla6KrZcZp3Sq\n1nF6WdOR1hl7UStqtava2lpFRUFERBHRYkVB61RUUGhFjE1RNHKRQkJIOO8fvjAg5JyT5OycJOd5\n1upaPdm/vffXBSLrk53fTkVEOgAAAAAAIM/aFXoAAAAAAADaJgEaAAAAAIBECNAAAAAAACRCgAYA\nAAAAIBECNAAAAAAAiRCgAQAAAABIhAANAAAAAEAiBGgAAAAAABIhQAMAAAAAkAgBGgAAAACARAjQ\nAAAAAAAkQoAGAAAAACARAjQAAAAAAIkQoAEAAAAASIQADQAAAABAIgRoAAAAAAASIUADAAAAAJAI\nARoAAAAAgESUFnoAAAAAAICWqG/fvvH2228Xeoy4+uqrc1571113tYiZt0lFRLrQQwAAAAAAtCSX\nXHJJDBkyJCZOnFjoUSKdzj3hnnzyyTF//vzkhmkgW3AAAAAAAOzg4osvjttvv73QY7QJAjQAAAAA\nwP938cUXxx133FHoMdoMARoAAAAAIMTnJAjQAAAAAEDRmzhxYkHj84033hhr166NdDq9y/8a4g9/\n+MMu569cubJBLzLMp9KC3BUAAAAAoIWYOHFi/OIXvyjY/SdPnhyXXXZZYtfv27dvTJo0KVKpVEya\nNCmx++yOJ6ABAAAAgKJV6PgcEXHBBRe0qfvsSIAGAAAAAIpSS4jPERF77rlns9ynb9++zXKfHQnQ\nAAAAAEDRaSnxua0ToAEAAACAoiI+Nx8BGgAAAAAoGt/+9rd3G583btwYa9eu3elr6XS6ucZqswRo\nAAAAAKAoTJw4MW644YZdvv6Pf/wjhg0bFu+9995OX0+lUs01WpslQAMAAAAAbd6VV1652yef//GP\nf8Tw4c...
&amp#27;[35m[HTTP]&amp#27;[39m &amp#27;[37m<-- GET /wd/hub/session/71784c92-b18a-46c1-a290-17ba74bb3393/screenshot &amp#27;[39m&amp#27;[32m200&amp#27;[39m &amp#27;[90m355 ms - 139954&amp#27;[39m
&amp#27;[35m[HTTP]&amp#27;[39m &amp#27;[90m&amp#27;[39m
&amp#27;[35m[HTTP]&amp#27;[39m &amp#27;[37m-->&amp#27;[39m &amp#27;[37mPOST&amp#27;[39m &amp#27;[37m/wd/hub/session/71784c92-b18a-46c1-a290-17ba74bb3393/appium/compare_images&amp#27;[39m
&amp#27;[35m[HTTP]&amp#27;[39m &amp#27;[90m{"mode":"getSimilarity","firstImage":"iVBORw0KGgoAAAANSUhEUgAABaAAAAoACAYAAABH9IXPAAAAAXNSR0IArs4c6QAAAARzQklUCAgICHwIZIgAACAASURBVHic7N17dFX1nfDh7yHhLkQUkaJWREEUqahdtlNvCCoVLIpgla6KrZcZp3Sq1nF6WdOR1hl7UStqtava2lpFRUFERBHRYkVB61RUUGhFjE1RNHKRQkJIOO8fvjAg5JyT5OycJOd51upaPdm/vffXBSLrk53fTkVEOgAAAAAAIM/aFXoAAAAAAADaJgEaAAAAAIBECNAAAAAAACRCgAYAAAAAIBECNAAAAAAAiRCgAQAAAABIhAANAAAAAEAiBGgAAAAAABIhQAMAAAAAkAgBGgAAAACARAjQAAAAAAAkQoAGAAAAACARAjQAAAAAAIkQoAEAAAAASIQADQAAAABAIgRoAAAAAAASIUADAAAAAJAIARoAAAAAgESUFnoAAAAAAICWqG/fvvH2228Xeoy4+uqrc1571113tYiZt0lFRLrQQwAAAAAAtCSXXHJJDBkyJCZOnFjoUSKdzj3hnnzyyTF//vzkhmkgW3AAAAAAAOzg4osvjttvv73QY7QJAjQAAAAAwP938cUXxx133FHoMdoMARoAAAAAIMTnJAjQAAAAAEDRmzhxYkHj84033hhr166NdDq9y/8a4g9/+MMu569cubJBLzLMp9KC3BUAAAAAoIWYOHFi/OIXvyjY/SdPnhyXXXZZYtfv27dvTJo0KVKpVEyaNCmx++yOJ6ABAAAAgKJV6PgcEXHBBRe0qfvsSIAGAAAAAIpSS4jPERF77rlns9ynb9++zXKfHQnQAAAAAEDRaSnxua0ToAEAAACAoiI+Nx8BGgAAAAAoGt/+9rd3G583btwYa9eu3elr6XS6ucZqswRoAAAAAKAoTJw4MW644YZdvv6Pf/wjhg0bFu+9995OX0+lUs01WpslQAMAAAAAbd6VV1652ye...&amp#27;[39m
[debug] &amp#27;[35m[W3C (71784c92)]&amp#27;[39m Calling AppiumDriver.compareImages() with args: ["getSimilarity","iVBORw0KGgoAAAANSUhEUgAABaAAAAoACAYAAABH9IXPAAAAAXNSR0IArs4c6QAAAARzQklUCAgICHwIZIgAACAASURBVHic7N17dFX1nfDh7yHhLkQUkaJWREEUqahdtlNvCCoVLIpgla6KrZcZp3Sq1nF6WdOR1hl7UStqtava2lpFRUFERBHRYkVB61RUUGhFjE1RNHKRQkJIOO8fvjAg5JyT5OycJOd51upaPdm/vffXBSLrk53fTkVEOgAAAAAAIM/aFXoAAAAAAADaJgEaAAAAAIBECNAAAAAAACRCgAYAAAAAIBECNAAAAAAAiRCgAQAAAABIhAANAAAAAEAiBGgAAAAAABIhQAMAAAAAkAgBGgAAAACARAjQAAAAAAAkQoAGAAAAACARAjQAAAAAAIkQoAEAAAAASIQADQAAAABAIgRoAAAAAAASIUADAAAAAJAIARoAAAAAgESUFnoAAAAAAICWqG/fvvH2228Xeoy4+uqrc1571113tYiZt0lFRLrQQwAAAAAAtCSXXHJJDBkyJCZOnFjoUSKdzj3hnnzyyTF//vzkhmkgW3AAAAAAAOzg4osvjttvv73QY7QJAjQAAAAAwP938cUXxx133FHoMdoMARoAAAAAIMTnJAjQAAAAAEDRmzhxYkHj84033hhr166NdDq9y/8a4g9/+MMu569cubJBLzLMp9KC3BUAAAAAoIWYOHFi/OIXvyjY/SdPnhyXXXZZYtfv27dvTJo0KVKpVEyaNCmx++yOJ6ABAAAAgKJV6PgcEXHBBRe0qfvsSIAGAAAAAIpSS4jPERF77rlns9ynb9++zXKfHQnQAAAAAEDRaSnxua0ToAEAAACAoiI+Nx8BGgAAAAAoGt/+9rd3G583btwYa9eu3elr6XS6ucZqswRoAAAAAKAoTJw4MW644YZdvv6Pf/wjhg0bFu+9995OX0+lUs01WpslQAMAAAAAbd6VV1652yef//GPf8Tw4cPjxRdfLMB...
[debug] &amp#27;[35m[W3C (71784c92)]&amp#27;[39m Responding to client with driver.compareImages() result: {"score":0.9999991059303284,"visualization":"iVBORw0KGgoAAAANSUhEUgAAC0AAAAoACAIAAACtAjTvAAAgAElEQVR4AezBD2ycdeHH8c+XzfBnId2U5FHRyPgz+9CouMUmluXhygnNwYbVlG3gUScrccszBFdgArIehxojnejSPRowDRAaFCqg4oLHie0QHjh+YXNprlw6yAZPNIZlbFDCHFu/v6QJSZe7jo495dr1/XoZAQAAAAAAAAAAAAAAoKqMAAAAAAAAAAAAAAAAUFVGAAAAAAAAAAAAAAAAqCojAAAAAAAAAAAAAAAAVJURAAAAAAAAAAAAAAAAqsoIAAAAAAAAAAAAAAAAVWUEAAAAAAAAAAAAAACAqjICAAAAAAAAAAAAAABAVRkBAAAAAAAAAAAAAACgqowAAAAAAAAAAAAAAABQVUYAAAAAAAAAAAAAAACoKiMAAAAAAAAAAAAAAABUlREAAAAAAAAAAAAAAACqyggAAAAAAAAAAAAAAABVZQQAAAAAAAAAAAAAAICqMgIAAAAAAAAAAAAAAEBVGQEAAAAAAAAAAAAAAKCqjAAAAAAAAAAAAAAAAFBVRgAAAAAAAAAAAAAAAKgqIwAAAAAAcGI566yzdu3apUnW0dGho3rggQd27dolAAAAAACAY3fWWWft2rVLk6yjo0NH9cADD+zatUsfCyMAAAAAAHACue666y644ALf9zXJrLU6qsbGxr6+PgEAAAAAAByj66677oILLvB9X5PMWqujamxs7Ovr08fCCAAAAAAAnCja2truu+++IAh839cks9bqqBobG/v6+gQAAAAAAHAs2tra7rvvviAIfN/XJLPW6qgaGxv7+vr0sTACAAAAAAAnhLa2tvvuu09SEAS+72uSWWt1VI2NjX19fQIAAAAAAJiwtra2++67T1IQBL7va5JZa3VUjY2NfX19+lgYAQAAAACA6a+tre2+++7TqCAIfN/XJLPW6qgaGxv7+voEAAAAAAAwMW1t...
&amp#27;[35m[HTTP]&amp#27;[39m &amp#27;[37m<-- POST /wd/hub/session/71784c92-b18a-46c1-a290-17ba74bb3393/appium/compare_images &amp#27;[39m&amp#27;[32m200&amp#27;[39m &amp#27;[90m429 ms - 411977&amp#27;[39m
&amp#27;[35m[HTTP]&amp#27;[39m &amp#27;[90m&amp#27;[39m
Visual check of 'Website' passed; similarity match was 0,999999
Searching for FolderDropDown
&amp#27;[35m[HTTP]&amp#27;[39m &amp#27;[37m-->&amp#27;[39m &amp#27;[37mGET&amp#27;[39m &amp#27;[37m/wd/hub/session/71784c92-b18a-46c1-a290-17ba74bb3393/context&amp#27;[39m
&amp#27;[35m[HTTP]&amp#27;[39m &amp#27;[90m{}&amp#27;[39m
[debug] &amp#27;[35m[W3C (71784c92)]&amp#27;[39m Calling AppiumDriver.getCurrentContext() with args: ["71784c92-b18a-46c1-a290-17ba74bb3393"]
[debug] &amp#27;[35m[W3C (71784c92)]&amp#27;[39m Responding to client with driver.getCurrentContext() result: "NATIVE_APP"
&amp#27;[35m[HTTP]&amp#27;[39m &amp#27;[37m<-- GET /wd/hub/session/71784c92-b18a-46c1-a290-17ba74bb3393/context &amp#27;[39m&amp#27;[32m200&amp#27;[39m &amp#27;[90m1 ms - 22&amp#27;[39m
&amp#27;[35m[HTTP]&amp#27;[39m &amp#27;[90m&amp#27;[39m
&amp#27;[35m[HTTP]&amp#27;[39m &amp#27;[37m-->&amp#27;[39m &amp#27;[37mPOST&amp#27;[39m &amp#27;[37m/wd/hub/session/71784c92-b18a-46c1-a290-17ba74bb3393/element&amp#27;[39m
&amp#27;[35m[HTTP]&amp#27;[39m &amp#27;[90m{"using":"id","value":"com.nordpass.android.app.password.manager:id/dropdownTitle"}&amp#27;[39m
[debug] &amp#27;[35m[W3C (71784c92)]&amp#27;[39m Calling AppiumDriver.findElement() with args: ["id","com.nordpass.android.app.password.manager:id/dropdownTitle","71784c92-b18a-46c1-a290-17ba74bb3393"]
[debug] &amp#27;[35m[BaseDriver]&amp#27;[39m Valid locator strategies for this request: xpath, id, class name, accessibility id, -android uiautomator
[debug] &amp#27;[35m[BaseDriver]&amp#27;[39m Waiting up to 10000 ms for condition
[debug] &amp#27;[35m[WD Proxy]&amp#27;[39m Matched '/element' to command name 'findElement'
[debug] &amp#27;[35m[WD Proxy]&amp#27;[39m Proxying [POST /element] to [POST http://127.0.0.1:8201/wd/hub/session/e1a92ac3-39a4-4fa6-92fc-7041064cc14a/element] with body: {"strategy":"id","selector":"com.nordpass.android.app.password.manager:id/dropdownTitle","context":"","multiple":false}
[debug] &amp#27;[35m[WD Proxy]&amp#27;[39m Got response with status 200: {"sessionId":"e1a92ac3-39a4-4fa6-92fc-7041064cc14a","value":{"ELEMENT":"a1f089e4-0a0d-41f7-bad2-bf37e195f6bf","element-6066-11e4-a52e-4f735466cecf":"a1f089e4-0a0d-41f7-bad2-bf37e195f6bf"}}
[debug] &amp#27;[35m[W3C (71784c92)]&amp#27;[39m Responding to client with driver.findElement() result: {"element-6066-11e4-a52e-4f735466cecf":"a1f089e4-0a0d-41f7-bad2-bf37e195f6bf","ELEMENT":"a1f089e4-0a0d-41f7-bad2-bf37e195f6bf"}
&amp#27;[35m[HTTP]&amp#27;[39m &amp#27;[37m<-- POST /wd/hub/session/71784c92-b18a-46c1-a290-17ba74bb3393/element &amp#27;[39m&amp#27;[32m200&amp#27;[39m &amp#27;[90m61 ms - 137&amp#27;[39m
&amp#27;[35m[HTTP]&amp#27;[39m &amp#27;[90m&amp#27;[39m
&amp#27;[35m[HTTP]&amp#27;[39m &amp#27;[37m-->&amp#27;[39m &amp#27;[37mPOST&amp#27;[39m &amp#27;[37m/wd/hub/session/71784c92-b18a-46c1-a290-17ba74bb3393/element/a1f089e4-0a0d-41f7-bad2-bf37e195f6bf/click&amp#27;[39m
&amp#27;[35m[HTTP]&amp#27;[39m &amp#27;[90m{"id":"a1f089e4-0a0d-41f7-bad2-bf37e195f6bf"}&amp#27;[39m
[debug] &amp#27;[35m[W3C (71784c92)]&amp#27;[39m Calling AppiumDriver.click() with args: ["a1f089e4-0a0d-41f7-bad2-bf37e195f6bf","71784c92-b18a-46c1-a290-17ba74bb3393"]
[debug] &amp#27;[35m[WD Proxy]&amp#27;[39m Matched '/element/a1f089e4-0a0d-41f7-bad2-bf37e195f6bf/click' to command name 'click'
[debug] &amp#27;[35m[WD Proxy]&amp#27;[39m Proxying [POST /element/a1f089e4-0a0d-41f7-bad2-bf37e195f6bf/click] to [POST http://127.0.0.1:8201/wd/hub/session/e1a92ac3-39a4-4fa6-92fc-7041064cc14a/element/a1f089e4-0a0d-41f7-bad2-bf37e195f6bf/click] with body: {"element":"a1f089e4-0a0d-41f7-bad2-bf37e195f6bf"}
[debug] &amp#27;[35m[WD Proxy]&amp#27;[39m Got response with status 200: {"sessionId":"e1a92ac3-39a4-4fa6-92fc-7041064cc14a","value":null}
[debug] &amp#27;[35m[W3C (71784c92)]&amp#27;[39m Responding to client with driver.click() result: null
&amp#27;[35m[HTTP]&amp#27;[39m &amp#27;[37m<-- POST /wd/hub/session/71784c92-b18a-46c1-a290-17ba74bb3393/element/a1f089e4-0a0d-41f7-bad2-bf37e195f6bf/click &amp#27;[39m&amp#27;[32m200&amp#27;[39m &amp#27;[90m44 ms - 14&amp#27;[39m
&amp#27;[35m[HTTP]&amp#27;[39m &amp#27;[90m&amp#27;[39m
&amp#27;[35m[HTTP]&amp#27;[39m &amp#27;[37m-->&amp#27;[39m &amp#27;[37mGET&amp#27;[39m &amp#27;[37m/wd/hub/session/71784c92-b18a-46c1-a290-17ba74bb3393/screenshot&amp#27;[39m
&amp#27;[35m[HTTP]&amp#27;[39m &amp#27;[90m{}&amp#27;[39m
[debug] &amp#27;[35m[W3C (71784c92)]&amp#27;[39m Calling AppiumDriver.getScreenshot() with args: ["71784c92-b18a-46c1-a290-17ba74bb3393"]
[debug] &amp#27;[35m[WD Proxy]&amp#27;[39m Matched '/screenshot' to command name 'getScreenshot'
[debug] &amp#27;[35m[WD Proxy]&amp#27;[39m Proxying [GET /screenshot] to [GET http://127.0.0.1:8201/wd/hub/session/e1a92ac3-39a4-4fa6-92fc-7041064cc14a/screenshot] with no body
[debug] &amp#27;[35m[WD Proxy]&amp#27;[39m Got response with status 200: {"sessionId":"e1a92ac3-39a4-4fa6-92fc-7041064cc14a","value":"iVBORw0KGgoAAAANSUhEUgAABaAAAAoACAYAAABH9IXPAAAAAXNSR0IArs4c6QAAAARzQklUCAgI\nCHwIZIgAACAASURBVHic7N17dFX1nfDh7yHhLkQUkaJWREEUqahdtlNvCCoVLIpgla6KrZcZp3Sq\n1nF6WdOR1hl7UStqtava2lpFRUFERBHRYkVB61RUUGhFjE1RNHKRQkJIOO8fvjAg5JyT5OycJOd5\n1upaPdm/vffXBSLrk53fTkVEOgAAAAAAIM/aFXoAAAAAAADaJgEaAAAAAIBECNAAAAAAACRCgAYA\nAAAAIBECNAAAAAAAiRCgAQAAAABIhAANAAAAAEAiBGgAAAAAABIhQAMAAAAAkAgBGgAAAACARAjQ\nAAAAAAAkQoAGAAAAACARAjQAAAAAAIkQoAEAAAAASIQADQAAAABAIgRoAAAAAAASIUADAAAAAJAI\nARoAAAAAgESUFnoAAAAAAICWqG/fvvH2228Xeoy4+uqrc1571113tYiZt0lFRLrQQwAAAAAAtCSX\nXHJJDBkyJCZOnFjoUSKdzj3hnnzyyTF//vzkhmkgW3AAAAAAAOzg4osvjttvv73QY7QJAjQAAAAA\nwP938cUXxx133FHoMdoMARoAAAAAIMTnJAjQAAAAAEDRmzhxYkHj84033hhr166NdDq9y/8a4g9/\n+MMu569cubJBLzLMp9KC3BUAAAAAoIWYOHFi/OIXvyjY/SdPnhyXXXZZYtfv27dvTJo0KVKpVEya\nNCmx++yOJ6ABAAAAgKJV6PgcEXHBBRe0qfvsSIAGAAAAAIpSS4jPERF77rlns9ynb9++zXKfHQnQ\nAAAAAEDRaSnxua0ToAEAAACAoiI+Nx8BGgAAAAAoGt/+9rd3G583btwYa9eu3elr6XS6ucZqswRo\nAAAAAKAoTJw4MW644YZdvv6P...
[debug] &amp#27;[35m[W3C (71784c92)]&amp#27;[39m Responding to client with driver.getScreenshot() result: "iVBORw0KGgoAAAANSUhEUgAABaAAAAoACAYAAABH9IXPAAAAAXNSR0IArs4c6QAAAARzQklUCAgI\nCHwIZIgAACAASURBVHic7N17dFX1nfDh7yHhLkQUkaJWREEUqahdtlNvCCoVLIpgla6KrZcZp3Sq\n1nF6WdOR1hl7UStqtava2lpFRUFERBHRYkVB61RUUGhFjE1RNHKRQkJIOO8fvjAg5JyT5OycJOd5\n1upaPdm/vffXBSLrk53fTkVEOgAAAAAAIM/aFXoAAAAAAADaJgEaAAAAAIBECNAAAAAAACRCgAYA\nAAAAIBECNAAAAAAAiRCgAQAAAABIhAANAAAAAEAiBGgAAAAAABIhQAMAAAAAkAgBGgAAAACARAjQ\nAAAAAAAkQoAGAAAAACARAjQAAAAAAIkQoAEAAAAASIQADQAAAABAIgRoAAAAAAASIUADAAAAAJAI\nARoAAAAAgESUFnoAAAAAAICWqG/fvvH2228Xeoy4+uqrc1571113tYiZt0lFRLrQQwAAAAAAtCSX\nXHJJDBkyJCZOnFjoUSKdzj3hnnzyyTF//vzkhmkgW3AAAAAAAOzg4osvjttvv73QY7QJAjQAAAAA\nwP938cUXxx133FHoMdoMARoAAAAAIMTnJAjQAAAAAEDRmzhxYkHj84033hhr166NdDq9y/8a4g9/\n+MMu569cubJBLzLMp9KC3BUAAAAAoIWYOHFi/OIXvyjY/SdPnhyXXXZZYtfv27dvTJo0KVKpVEya\nNCmx++yOJ6ABAAAAgKJV6PgcEXHBBRe0qfvsSIAGAAAAAIpSS4jPERF77rlns9ynb9++zXKfHQnQ\nAAAAAEDRaSnxua0ToAEAAACAoiI+Nx8BGgAAAAAoGt/+9rd3G583btwYa9eu3elr6XS6ucZqswRo\nAAAAAKAoTJw4MW644YZdvv6Pf/wjhg0bFu+9995OX0+lUs01WpslQAMAAAAAbd6VV1652yef//GP\nf8Tw4c...
&amp#27;[35m[HTTP]&amp#27;[39m &amp#27;[37m<-- GET /wd/hub/session/71784c92-b18a-46c1-a290-17ba74bb3393/screenshot &amp#27;[39m&amp#27;[32m200&amp#27;[39m &amp#27;[90m377 ms - 164958&amp#27;[39m
&amp#27;[35m[HTTP]&amp#27;[39m &amp#27;[90m&amp#27;[39m
&amp#27;[35m[HTTP]&amp#27;[39m &amp#27;[37m-->&amp#27;[39m &amp#27;[37mPOST&amp#27;[39m &amp#27;[37m/wd/hub/session/71784c92-b18a-46c1-a290-17ba74bb3393/appium/compare_images&amp#27;[39m
&amp#27;[35m[HTTP]&amp#27;[39m &amp#27;[90m{"mode":"getSimilarity","firstImage":"iVBORw0KGgoAAAANSUhEUgAABaAAAAoACAYAAABH9IXPAAAAAXNSR0IArs4c6QAAAARzQklUCAgICHwIZIgAACAASURBVHic7N17dFX1nfDh7yHhLkQUkaJWREEUqahdtlNvCCoVLIpgla6KrZcZp3Sq1nF6WdOR1hl7UStqtava2lpFRUFERBHRYkVB61RUUGhFjE1RNHKRQkJIOO8fvjAg5JyT5OycJOd51upaPdm/vffXBSLrk53fTkVEOgAAAAAAIM/aFXoAAAAAAADaJgEaAAAAAIBECNAAAAAAACRCgAYAAAAAIBECNAAAAAAAiRCgAQAAAABIhAANAAAAAEAiBGgAAAAAABIhQAMAAAAAkAgBGgAAAACARAjQAAAAAAAkQoAGAAAAACARAjQAAAAAAIkQoAEAAAAASIQADQAAAABAIgRoAAAAAAASIUADAAAAAJAIARoAAAAAgESUFnoAAAAAAICWqG/fvvH2228Xeoy4+uqrc1571113tYiZt0lFRLrQQwAAAAAAtCSXXHJJDBkyJCZOnFjoUSKdzj3hnnzyyTF//vzkhmkgW3AAAAAAAOzg4osvjttvv73QY7QJAjQAAAAAwP938cUXxx133FHoMdoMARoAAAAAIMTnJAjQAAAAAEDRmzhxYkHj84033hhr166NdDq9y/8a4g9/+MMu569cubJBLzLMp9KC3BUAAAAAoIWYOHFi/OIXvyjY/SdPnhyXXXZZYtfv27dvTJo0KVKpVEyaNCmx++yOJ6ABAAAAgKJV6PgcEXHBBRe0qfvsSIAGAAAAAIpSS4jPERF77rlns9ynb9++zXKfHQnQAAAAAEDRaSnxua0ToAEAAACAoiI+Nx8BGgAAAAAoGt/+9rd3G583btwYa9eu3elr6XS6ucZqswRoAAAAAKAoTJw4MW644YZdvv6Pf/wjhg0bFu+9995OX0+lUs01WpslQAMAAAAAbd6VV1652ye...&amp#27;[39m
[debug] &amp#27;[35m[W3C (71784c92)]&amp#27;[39m Calling AppiumDriver.compareImages() with args: ["getSimilarity","iVBORw0KGgoAAAANSUhEUgAABaAAAAoACAYAAABH9IXPAAAAAXNSR0IArs4c6QAAAARzQklUCAgICHwIZIgAACAASURBVHic7N17dFX1nfDh7yHhLkQUkaJWREEUqahdtlNvCCoVLIpgla6KrZcZp3Sq1nF6WdOR1hl7UStqtava2lpFRUFERBHRYkVB61RUUGhFjE1RNHKRQkJIOO8fvjAg5JyT5OycJOd51upaPdm/vffXBSLrk53fTkVEOgAAAAAAIM/aFXoAAAAAAADaJgEaAAAAAIBECNAAAAAAACRCgAYAAAAAIBECNAAAAAAAiRCgAQAAAABIhAANAAAAAEAiBGgAAAAAABIhQAMAAAAAkAgBGgAAAACARAjQAAAAAAAkQoAGAAAAACARAjQAAAAAAIkQoAEAAAAASIQADQAAAABAIgRoAAAAAAASIUADAAAAAJAIARoAAAAAgESUFnoAAAAAAICWqG/fvvH2228Xeoy4+uqrc1571113tYiZt0lFRLrQQwAAAAAAtCSXXHJJDBkyJCZOnFjoUSKdzj3hnnzyyTF//vzkhmkgW3AAAAAAAOzg4osvjttvv73QY7QJAjQAAAAAwP938cUXxx133FHoMdoMARoAAAAAIMTnJAjQAAAAAEDRmzhxYkHj84033hhr166NdDq9y/8a4g9/+MMu569cubJBLzLMp9KC3BUAAAAAoIWYOHFi/OIXvyjY/SdPnhyXXXZZYtfv27dvTJo0KVKpVEyaNCmx++yOJ6ABAAAAgKJV6PgcEXHBBRe0qfvsSIAGAAAAAIpSS4jPERF77rlns9ynb9++zXKfHQnQAAAAAEDRaSnxua0ToAEAAACAoiI+Nx8BGgAAAAAoGt/+9rd3G583btwYa9eu3elr6XS6ucZqswRoAAAAAKAoTJw4MW644YZdvv6Pf/wjhg0bFu+9995OX0+lUs01WpslQAMAAAAAbd6VV1652yef//GPf8Tw4cPjxRdfLMB...
[debug] &amp#27;[35m[W3C (71784c92)]&amp#27;[39m Responding to client with driver.compareImages() result: {"score":0.9999993443489075,"visualization":"iVBORw0KGgoAAAANSUhEUgAAC0AAAAoACAIAAACtAjTvAAAgAElEQVR4AezBD2ycdeHH8c+XzfBnId2U5FHRyPgz+9CouMUmluXhygnNwYbVlG3gUScrccszBFdgArIehxojnejSPRowDRAaFCqg4oLHie0QHjh+YXNprlw6yAZPNIZlbFDCHFu/v6QJSZe7jo495dr1/XoZAQAAAAAAAAAAAAAAoKqMAAAAAAAAAAAAAAAAUFVGAAAAAAAAAAAAAAAAqCojAAAAAAAAAAAAAAAAVJURAAAAAAAAAAAAAAAAqsoIAAAAAAAAAAAAAAAAVWUEAAAAAAAAAAAAAACAqjICAAAAAAAAAAAAAABAVRkBAAAAAAAAAAAAAACgqowAAAAAAAAAAAAAAABQVUYAAAAAAAAAAAAAAACoKiMAAAAAAAAAAAAAAABUlREAAAAAAAAAAAAAAACqyggAAAAAAAAAAAAAAABVZQQAAAAAAAAAAAAAAICqMgIAAAAAAAAAAAAAAEBVGQEAAAAAAAAAAAAAAKCqjAAAAAAAAAAAAAAAAFBVRgAAAAAAAAAAAAAAAKgqIwAAAAAAcGI566yzdu3apUnW0dGho3rggQd27dolAAAAAACAY3fWWWft2rVLk6yjo0NH9cADD+zatUsfCyMAAAAAAHACue666y644ALf9zXJrLU6qsbGxr6+PgEAAAAAAByj66677oILLvB9X5PMWqujamxs7Ovr08fCCAAAAAAAnCja2truu+++IAh839cks9bqqBobG/v6+gQAAAAAAHAs2tra7rvvviAIfN/XJLPW6qgaGxv7+vr0sTACAAAAAAAnhLa2tvvuu09SEAS+72uSWWt1VI2NjX19fQIAAAAAAJiwtra2++67T1IQBL7va5JZa3VUjY2NfX19+lgYAQAAAACA6a+tre2+++7TqCAIfN/XJLPW6qgaGxv7+voEAAAAAAAwMW1t...
&amp#27;[35m[HTTP]&amp#27;[39m &amp#27;[37m<-- POST /wd/hub/session/71784c92-b18a-46c1-a290-17ba74bb3393/appium/compare_images &amp#27;[39m&amp#27;[32m200&amp#27;[39m &amp#27;[90m450 ms - 550849&amp#27;[39m
&amp#27;[35m[HTTP]&amp#27;[39m &amp#27;[90m&amp#27;[39m
Visual check of 'Folder_dropdown' passed; similarity match was 0,999999
Searching for Add New Folder DropDown
&amp#27;[35m[HTTP]&amp#27;[39m &amp#27;[37m-->&amp#27;[39m &amp#27;[37mGET&amp#27;[39m &amp#27;[37m/wd/hub/session/71784c92-b18a-46c1-a290-17ba74bb3393/context&amp#27;[39m
&amp#27;[35m[HTTP]&amp#27;[39m &amp#27;[90m{}&amp#27;[39m
[debug] &amp#27;[35m[W3C (71784c92)]&amp#27;[39m Calling AppiumDriver.getCurrentContext() with args: ["71784c92-b18a-46c1-a290-17ba74bb3393"]
[debug] &amp#27;[35m[W3C (71784c92)]&amp#27;[39m Responding to client with driver.getCurrentContext() result: "NATIVE_APP"
&amp#27;[35m[HTTP]&amp#27;[39m &amp#27;[37m<-- GET /wd/hub/session/71784c92-b18a-46c1-a290-17ba74bb3393/context &amp#27;[39m&amp#27;[32m200&amp#27;[39m &amp#27;[90m1 ms - 22&amp#27;[39m
&amp#27;[35m[HTTP]&amp#27;[39m &amp#27;[90m&amp#27;[39m
&amp#27;[35m[HTTP]&amp#27;[39m &amp#27;[37m-->&amp#27;[39m &amp#27;[37mPOST&amp#27;[39m &amp#27;[37m/wd/hub/session/71784c92-b18a-46c1-a290-17ba74bb3393/element&amp#27;[39m
&amp#27;[35m[HTTP]&amp#27;[39m &amp#27;[90m{"using":"id","value":"com.nordpass.android.app.password.manager:id/addNew"}&amp#27;[39m
[debug] &amp#27;[35m[W3C (71784c92)]&amp#27;[39m Calling AppiumDriver.findElement() with args: ["id","com.nordpass.android.app.password.manager:id/addNew","71784c92-b18a-46c1-a290-17ba74bb3393"]
[debug] &amp#27;[35m[BaseDriver]&amp#27;[39m Valid locator strategies for this request: xpath, id, class name, accessibility id, -android uiautomator
[debug] &amp#27;[35m[BaseDriver]&amp#27;[39m Waiting up to 10000 ms for condition
[debug] &amp#27;[35m[WD Proxy]&amp#27;[39m Matched '/element' to command name 'findElement'
[debug] &amp#27;[35m[WD Proxy]&amp#27;[39m Proxying [POST /element] to [POST http://127.0.0.1:8201/wd/hub/session/e1a92ac3-39a4-4fa6-92fc-7041064cc14a/element] with body: {"strategy":"id","selector":"com.nordpass.android.app.password.manager:id/addNew","context":"","multiple":false}
[debug] &amp#27;[35m[WD Proxy]&amp#27;[39m Got response with status 200: {"sessionId":"e1a92ac3-39a4-4fa6-92fc-7041064cc14a","value":{"ELEMENT":"5e75727e-525c-4036-9122-7985bc36f2d9","element-6066-11e4-a52e-4f735466cecf":"5e75727e-525c-4036-9122-7985bc36f2d9"}}
[debug] &amp#27;[35m[W3C (71784c92)]&amp#27;[39m Responding to client with driver.findElement() result: {"element-6066-11e4-a52e-4f735466cecf":"5e75727e-525c-4036-9122-7985bc36f2d9","ELEMENT":"5e75727e-525c-4036-9122-7985bc36f2d9"}
&amp#27;[35m[HTTP]&amp#27;[39m &amp#27;[37m<-- POST /wd/hub/session/71784c92-b18a-46c1-a290-17ba74bb3393/element &amp#27;[39m&amp#27;[32m200&amp#27;[39m &amp#27;[90m23 ms - 137&amp#27;[39m
&amp#27;[35m[HTTP]&amp#27;[39m &amp#27;[90m&amp#27;[39m
&amp#27;[35m[HTTP]&amp#27;[39m &amp#27;[37m-->&amp#27;[39m &amp#27;[37mPOST&amp#27;[39m &amp#27;[37m/wd/hub/session/71784c92-b18a-46c1-a290-17ba74bb3393/element/5e75727e-525c-4036-9122-7985bc36f2d9/click&amp#27;[39m
&amp#27;[35m[HTTP]&amp#27;[39m &amp#27;[90m{"id":"5e75727e-525c-4036-9122-7985bc36f2d9"}&amp#27;[39m
[debug] &amp#27;[35m[W3C (71784c92)]&amp#27;[39m Calling AppiumDriver.click() with args: ["5e75727e-525c-4036-9122-7985bc36f2d9","71784c92-b18a-46c1-a290-17ba74bb3393"]
[debug] &amp#27;[35m[WD Proxy]&amp#27;[39m Matched '/element/5e75727e-525c-4036-9122-7985bc36f2d9/click' to command name 'click'
[debug] &amp#27;[35m[WD Proxy]&amp#27;[39m Proxying [POST /element/5e75727e-525c-4036-9122-7985bc36f2d9/click] to [POST http://127.0.0.1:8201/wd/hub/session/e1a92ac3-39a4-4fa6-92fc-7041064cc14a/element/5e75727e-525c-4036-9122-7985bc36f2d9/click] with body: {"element":"5e75727e-525c-4036-9122-7985bc36f2d9"}
[debug] &amp#27;[35m[WD Proxy]&amp#27;[39m Got response with status 200: {"sessionId":"e1a92ac3-39a4-4fa6-92fc-7041064cc14a","value":null}
[debug] &amp#27;[35m[W3C (71784c92)]&amp#27;[39m Responding to client with driver.click() result: null
&amp#27;[35m[HTTP]&amp#27;[39m &amp#27;[37m<-- POST /wd/hub/session/71784c92-b18a-46c1-a290-17ba74bb3393/element/5e75727e-525c-4036-9122-7985bc36f2d9/click &amp#27;[39m&amp#27;[32m200&amp#27;[39m &amp#27;[90m42 ms - 14&amp#27;[39m
&amp#27;[35m[HTTP]&amp#27;[39m &amp#27;[90m&amp#27;[39m
&amp#27;[35m[HTTP]&amp#27;[39m &amp#27;[37m-->&amp#27;[39m &amp#27;[37mPOST&amp#27;[39m &amp#27;[37m/wd/hub/session/71784c92-b18a-46c1-a290-17ba74bb3393/element&amp#27;[39m
&amp#27;[35m[HTTP]&amp#27;[39m &amp#27;[90m{"using":"id","value":"com.nordpass.android.app.password.manager:id/cancelButton"}&amp#27;[39m
[debug] &amp#27;[35m[W3C (71784c92)]&amp#27;[39m Calling AppiumDriver.findElement() with args: ["id","com.nordpass.android.app.password.manager:id/cancelButton","71784c92-b18a-46c1-a290-17ba74bb3393"]
[debug] &amp#27;[35m[BaseDriver]&amp#27;[39m Valid locator strategies for this request: xpath, id, class name, accessibility id, -android uiautomator
[debug] &amp#27;[35m[BaseDriver]&amp#27;[39m Waiting up to 10000 ms for condition
[debug] &amp#27;[35m[WD Proxy]&amp#27;[39m Matched '/element' to command name 'findElement'
[debug] &amp#27;[35m[WD Proxy]&amp#27;[39m Proxying [POST /element] to [POST http://127.0.0.1:8201/wd/hub/session/e1a92ac3-39a4-4fa6-92fc-7041064cc14a/element] with body: {"strategy":"id","selector":"com.nordpass.android.app.password.manager:id/cancelButton","context":"","multiple":false}
[debug] &amp#27;[35m[WD Proxy]&amp#27;[39m Got response with status 200: {"sessionId":"e1a92ac3-39a4-4fa6-92fc-7041064cc14a","value":{"ELEMENT":"c26561de-290c-4236-a4f7-2184d15d364d","element-6066-11e4-a52e-4f735466cecf":"c26561de-290c-4236-a4f7-2184d15d364d"}}
[debug] &amp#27;[35m[W3C (71784c92)]&amp#27;[39m Responding to client with driver.findElement() result: {"element-6066-11e4-a52e-4f735466cecf":"c26561de-290c-4236-a4f7-2184d15d364d","ELEMENT":"c26561de-290c-4236-a4f7-2184d15d364d"}
&amp#27;[35m[HTTP]&amp#27;[39m &amp#27;[37m<-- POST /wd/hub/session/71784c92-b18a-46c1-a290-17ba74bb3393/element &amp#27;[39m&amp#27;[32m200&amp#27;[39m &amp#27;[90m99 ms - 137&amp#27;[39m
&amp#27;[35m[HTTP]&amp#27;[39m &amp#27;[90m&amp#27;[39m
&amp#27;[35m[HTTP]&amp#27;[39m &amp#27;[37m-->&amp#27;[39m &amp#27;[37mGET&amp#27;[39m &amp#27;[37m/wd/hub/session/71784c92-b18a-46c1-a290-17ba74bb3393/element/c26561de-290c-4236-a4f7-2184d15d364d/displayed&amp#27;[39m
&amp#27;[35m[HTTP]&amp#27;[39m &amp#27;[90m{}&amp#27;[39m
[debug] &amp#27;[35m[W3C (71784c92)]&amp#27;[39m Calling AppiumDriver.elementDisplayed() with args: ["c26561de-290c-4236-a4f7-2184d15d364d","71784c92-b18a-46c1-a290-17ba74bb3393"]
[debug] &amp#27;[35m[WD Proxy]&amp#27;[39m Matched '/element/c26561de-290c-4236-a4f7-2184d15d364d/attribute/displayed' to command name 'getAttribute'
[debug] &amp#27;[35m[WD Proxy]&amp#27;[39m Proxying [GET /element/c26561de-290c-4236-a4f7-2184d15d364d/attribute/displayed] to [GET http://127.0.0.1:8201/wd/hub/session/e1a92ac3-39a4-4fa6-92fc-7041064cc14a/element/c26561de-290c-4236-a4f7-2184d15d364d/attribute/displayed] with no body
[debug] &amp#27;[35m[WD Proxy]&amp#27;[39m Got response with status 200: {"sessionId":"e1a92ac3-39a4-4fa6-92fc-7041064cc14a","value":"true"}
[debug] &amp#27;[35m[W3C (71784c92)]&amp#27;[39m Responding to client with driver.elementDisplayed() result: true
&amp#27;[35m[HTTP]&amp#27;[39m &amp#27;[37m<-- GET /wd/hub/session/71784c92-b18a-46c1-a290-17ba74bb3393/element/c26561de-290c-4236-a4f7-2184d15d364d/displayed &amp#27;[39m&amp#27;[32m200&amp#27;[39m &amp#27;[90m726 ms - 14&amp#27;[39m
&amp#27;[35m[HTTP]&amp#27;[39m &amp#27;[90m&amp#27;[39m
&amp#27;[35m[HTTP]&amp#27;[39m &amp#27;[37m-->&amp#27;[39m &amp#27;[37mGET&amp#27;[39m &amp#27;[37m/wd/hub/session/71784c92-b18a-46c1-a290-17ba74bb3393/screenshot&amp#27;[39m
&amp#27;[35m[HTTP]&amp#27;[39m &amp#27;[90m{}&amp#27;[39m
[debug] &amp#27;[35m[W3C (71784c92)]&amp#27;[39m Calling AppiumDriver.getScreenshot() with args: ["71784c92-b18a-46c1-a290-17ba74bb3393"]
[debug] &amp#27;[35m[WD Proxy]&amp#27;[39m Matched '/screenshot' to command name 'getScreenshot'
[debug] &amp#27;[35m[WD Proxy]&amp#27;[39m Proxying [GET /screenshot] to [GET http://127.0.0.1:8201/wd/hub/session/e1a92ac3-39a4-4fa6-92fc-7041064cc14a/screenshot] with no body
[debug] &amp#27;[35m[WD Proxy]&amp#27;[39m Got response with status 200: {"sessionId":"e1a92ac3-39a4-4fa6-92fc-7041064cc14a","value":"iVBORw0KGgoAAAANSUhEUgAABaAAAAoACAYAAABH9IXPAAAAAXNSR0IArs4c6QAAAARzQklUCAgI\nCHwIZIgAACAASURBVHic7N3Lc1znmR/+pxv3CwFewCt4AakLKcmK5Mg2KUuxbM1MeapmqqZqsskq\nyWIyGy+SmvkDxn/ApJJFVskqqyyTVBZTqimXJI89sjmiLJuieDFxIUCQAEjifu9G92+hHzkEAXQ3\ngD7daPTnU6Uq9Dnvec9DdAMUv/3286YiIh8AAAAAAFBm6WoXAAAAAADA/iSABgAAAAAgEQJoAAAA\nAAASIYAGAAAAACARAmgAAAAAABIhgAYAAAAAIBECaAAAAAAAEiGABgAAAAAgEQJoAAAAAAASIYAG\nAAAAACARAmgAAAAAABIhgAYAAAAAIBECaAAAAAAAEiGABgAAAAAgEQJoAAAAAAASIYAGAAAAACAR\nAmgAAAAAABIhgAYAAAAAIBGN1S4AAAAAAGAv6uvri6GhoWqXEX/zN39T8tj/+T//556o+alUROSr\nXQQAAAAAwF7yH/7Df4i33347fvKTn1S7lMjnS49wf/SjH8Unn3ySXDHbpAUHAAAAAMBz/uIv/iL+\n+3//79UuY18QQAMAAAAA/P/+4i/+Iv7H//gf1S5j3xBAAwAAAACE8DkJAmgAAAAAoO795Cc/qWr4\n/F/+y3+JqampyOfzG/7bjo8//njD9YODg9vayLCcGqtyVwAAAACAPeInP/lJ/Lf/9t+qdv//+l//\na/zH//gfE5u/r68vfvrTn0YqlYqf/vSnid1nM1ZAAwAAAAB1q9rhc0TEv/t3/25f3ed5AmgAAAAA\noC7thfA5IuLgwYMVuU9fX19F7vM8ATQAAAAAUHf2Svi83wmgAQAAAIC6InyuHAE0AAAAAFA3/uqv\n/mrT8HlhYSGmpqbWHcvn85Uq...
[debug] &amp#27;[35m[W3C (71784c92)]&amp#27;[39m Responding to client with driver.getScreenshot() result: "iVBORw0KGgoAAAANSUhEUgAABaAAAAoACAYAAABH9IXPAAAAAXNSR0IArs4c6QAAAARzQklUCAgI\nCHwIZIgAACAASURBVHic7N3Lc1znmR/+pxv3CwFewCt4AakLKcmK5Mg2KUuxbM1MeapmqqZqsskq\nyWIyGy+SmvkDxn/ApJJFVskqqyyTVBZTqimXJI89sjmiLJuieDFxIUCQAEjifu9G92+hHzkEAXQ3\ngD7daPTnU6Uq9Dnvec9DdAMUv/3286YiIh8AAAAAAFBm6WoXAAAAAADA/iSABgAAAAAgEQJoAAAA\nAAASIYAGAAAAACARAmgAAAAAABIhgAYAAAAAIBECaAAAAAAAEiGABgAAAAAgEQJoAAAAAAASIYAG\nAAAAACARAmgAAAAAABIhgAYAAAAAIBECaAAAAAAAEiGABgAAAAAgEQJoAAAAAAASIYAGAAAAACAR\nAmgAAAAAABIhgAYAAAAAIBGN1S4AAAAAAGAv6uvri6GhoWqXEX/zN39T8tj/+T//556o+alUROSr\nXQQAAAAAwF7yH/7Df4i33347fvKTn1S7lMjnS49wf/SjH8Unn3ySXDHbpAUHAAAAAMBz/uIv/iL+\n+3//79UuY18QQAMAAAAA/P/+4i/+Iv7H//gf1S5j3xBAAwAAAACE8DkJAmgAAAAAoO795Cc/qWr4\n/F/+y3+JqampyOfzG/7bjo8//njD9YODg9vayLCcGqtyVwAAAACAPeInP/lJ/Lf/9t+qdv//+l//\na/zH//gfE5u/r68vfvrTn0YqlYqf/vSnid1nM1ZAAwAAAAB1q9rhc0TEv/t3/25f3ed5AmgAAAAA\noC7thfA5IuLgwYMVuU9fX19F7vM8ATQAAAAAUHf2Svi83wmgAQAAAIC6InyuHAE0AAAAAFA3/uqv\n/mrT8HlhYSGmpqbWHcvn85Uqa98SQAMAAAAAdeEnP/lJ/Of//J83HJ+fn48PP/wwxsbG1h1PpVKV\nKm3fEk...
&amp#27;[35m[HTTP]&amp#27;[39m &amp#27;[37m<-- GET /wd/hub/session/71784c92-b18a-46c1-a290-17ba74bb3393/screenshot &amp#27;[39m&amp#27;[32m200&amp#27;[39m &amp#27;[90m373 ms - 246312&amp#27;[39m
&amp#27;[35m[HTTP]&amp#27;[39m &amp#27;[90m&amp#27;[39m
&amp#27;[35m[HTTP]&amp#27;[39m &amp#27;[37m-->&amp#27;[39m &amp#27;[37mPOST&amp#27;[39m &amp#27;[37m/wd/hub/session/71784c92-b18a-46c1-a290-17ba74bb3393/appium/compare_images&amp#27;[39m
&amp#27;[35m[HTTP]&amp#27;[39m &amp#27;[90m{"mode":"getSimilarity","firstImage":"iVBORw0KGgoAAAANSUhEUgAABaAAAAoACAYAAABH9IXPAAAAAXNSR0IArs4c6QAAAARzQklUCAgICHwIZIgAACAASURBVHic7N3Lc1znmR/+pxv3CwFewCt4AakLKcmK5Mg2KUuxbM1MeapmqqZqsskqyWIyGy+SmvkDxn/ApJJFVskqqyyTVBZTqimXJI89sjmiLJuieDFxIUCQAEjifu9G92+hHzkEAXQ3gD7daPTnU6Uq9Dnvec9DdAMUv/3286YiIh8AAAAAAFBm6WoXAAAAAADA/iSABgAAAAAgEQJoAAAAAAASIYAGAAAAACARAmgAAAAAABIhgAYAAAAAIBECaAAAAAAAEiGABgAAAAAgEQJoAAAAAAASIYAGAAAAACARAmgAAAAAABIhgAYAAAAAIBECaAAAAAAAEiGABgAAAAAgEQJoAAAAAAASIYAGAAAAACARAmgAAAAAABIhgAYAAAAAIBGN1S4AAAAAAGAv6uvri6GhoWqXEX/zN39T8tj/+T//556o+alUROSrXQQAAAAAwF7yH/7Df4i33347fvKTn1S7lMjnS49wf/SjH8Unn3ySXDHbpAUHAAAAAMBz/uIv/iL++3//79UuY18QQAMAAAAA/P/+4i/+Iv7H//gf1S5j3xBAAwAAAACE8DkJAmgAAAAAoO795Cc/qWr4/F/+y3+JqampyOfzG/7bjo8//njD9YODg9vayLCcGqtyVwAAAACAPeInP/lJ/Lf/9t+qdv//+l//a/zH//gfE5u/r68vfvrTn0YqlYqf/vSnid1nM1ZAAwAAAAB1q9rhc0TEv/t3/25f3ed5AmgAAAAAoC7thfA5IuLgwYMVuU9fX19F7vM8ATQAAAAAUHf2Svi83wmgAQAAAIC6InyuHAE0AAAAAFA3/uqv/mrT8HlhYSGmpqbWHcvn85Uqa98SQAMAAAAAdeEnP/lJ/Of//J83HJ+fn48PP/wwxsbG1h1...&amp#27;[39m
[debug] &amp#27;[35m[W3C (71784c92)]&amp#27;[39m Calling AppiumDriver.compareImages() with args: ["getSimilarity","iVBORw0KGgoAAAANSUhEUgAABaAAAAoACAYAAABH9IXPAAAAAXNSR0IArs4c6QAAAARzQklUCAgICHwIZIgAACAASURBVHic7N3Lc1znmR/+pxv3CwFewCt4AakLKcmK5Mg2KUuxbM1MeapmqqZqsskqyWIyGy+SmvkDxn/ApJJFVskqqyyTVBZTqimXJI89sjmiLJuieDFxIUCQAEjifu9G92+hHzkEAXQ3gD7daPTnU6Uq9Dnvec9DdAMUv/3286YiIh8AAAAAAFBm6WoXAAAAAADA/iSABgAAAAAgEQJoAAAAAAASIYAGAAAAACARAmgAAAAAABIhgAYAAAAAIBECaAAAAAAAEiGABgAAAAAgEQJoAAAAAAASIYAGAAAAACARAmgAAAAAABIhgAYAAAAAIBECaAAAAAAAEiGABgAAAAAgEQJoAAAAAAASIYAGAAAAACARAmgAAAAAABIhgAYAAAAAIBGN1S4AAAAAAGAv6uvri6GhoWqXEX/zN39T8tj/+T//556o+alUROSrXQQAAAAAwF7yH/7Df4i33347fvKTn1S7lMjnS49wf/SjH8Unn3ySXDHbpAUHAAAAAMBz/uIv/iL++3//79UuY18QQAMAAAAA/P/+4i/+Iv7H//gf1S5j3xBAAwAAAACE8DkJAmgAAAAAoO795Cc/qWr4/F/+y3+JqampyOfzG/7bjo8//njD9YODg9vayLCcGqtyVwAAAACAPeInP/lJ/Lf/9t+qdv//+l//a/zH//gfE5u/r68vfvrTn0YqlYqf/vSnid1nM1ZAAwAAAAB1q9rhc0TEv/t3/25f3ed5AmgAAAAAoC7thfA5IuLgwYMVuU9fX19F7vM8ATQAAAAAUHf2Svi83wmgAQAAAIC6InyuHAE0AAAAAFA3/uqv/mrT8HlhYSGmpqbWHcvn85Uqa98SQAMAAAAAdeEnP/lJ/Of//J83HJ+fn48PP/wwxsbG1h1PpVKVKm3fEkADAAAAAPv...
[debug] &amp#27;[35m[W3C (71784c92)]&amp#27;[39m Responding to client with driver.compareImages() result: {"score":0.9997504949569702,"visualization":"iVBORw0KGgoAAAANSUhEUgAAC0AAAAoACAIAAACtAjTvAAAgAElEQVR4AezBz28c9eH/8dfbcZwMIb+QZdOQOHbJGk9MIOBF/AgVG1ZUFSAyqi899kDnMqiV6j+g5e6qPZi5cKGnXptBeIUaYy8VguwnQOjXjGviGkN2CQSSrt2d1k6w5yuthORod4MDY9ZOno+HEQAAAAAAAAAAAAAAAJrKCAAAAAAAAAAAAAAAAE1lBAAAAAAAAAAAAAAAgKYyAgAAAAAAAAAAAAAAQFMZAQAAAAAAAAAAAAAAoKmMAAAAAAAAAAAAAAAA0FRGAAAAAAAAAAAAAAAAaCojAAAAAAAAAAAAAAAANJURAAAAAAAAAAAAAAAAmsoIAAAAAAAAAAAAAAAATWUEAAAAAAAAAAAAAACApjICAAAAAAAAAAAAAABAUxkBAAAAAAAAAAAAAACgqYwAAAAAAAAAAAAAAADQVEYAAAAAAAAAAAAAAABoKiMAAAAAAAAAAAAAAAA0lREAAAAAAAAAAAAAAACayggAAAAAAAAAAAAAAABNZQQAAAAAAAAAAAAAAICmMgIAAAAAADeX7u7uubk5rbPf/e53uq4///nPc3NzAgAAAAAAuHHd3d1zc3NaZ7/73e90XX/+85/n5ub0gzACAAAAAAA3kV/96ldHjx71PE/rLI5jXdfx48cnJiYEAAAAAABwg371q18dPXrU8zytsziOdV3Hjx+fmJjQD8IIAAAAAADcLJ5//vmXX37Z933P87TO4jjWdR0/fnxiYkIAAAAAAAA34vnnn3/55Zd93/c8T+ssjmNd1/HjxycmJvSDMAIAAAAAADeF559//uWXX5bk+77neVpncRzruo4fPz4xMSEAAAAAAIA1e/75519++WVJvu97nqd1Fsexruv48eMTExP6QRgBAAAAAIDN7/nnn3/55ZdV5fu+53laZ3Ec67qOHz8+MTEhAAAAAACA...
&amp#27;[35m[HTTP]&amp#27;[39m &amp#27;[37m<-- POST /wd/hub/session/71784c92-b18a-46c1-a290-17ba74bb3393/appium/compare_images &amp#27;[39m&amp#27;[32m200&amp#27;[39m &amp#27;[90m447 ms - 759245&amp#27;[39m
&amp#27;[35m[HTTP]&amp#27;[39m &amp#27;[90m&amp#27;[39m
Visual check of 'Add_new_folder' passed; similarity match was 0,999750
Searching for Add New Folder DropDown Name
&amp#27;[35m[HTTP]&amp#27;[39m &amp#27;[37m-->&amp#27;[39m &amp#27;[37mGET&amp#27;[39m &amp#27;[37m/wd/hub/session/71784c92-b18a-46c1-a290-17ba74bb3393/context&amp#27;[39m
&amp#27;[35m[HTTP]&amp#27;[39m &amp#27;[90m{}&amp#27;[39m
[debug] &amp#27;[35m[W3C (71784c92)]&amp#27;[39m Calling AppiumDriver.getCurrentContext() with args: ["71784c92-b18a-46c1-a290-17ba74bb3393"]
[debug] &amp#27;[35m[W3C (71784c92)]&amp#27;[39m Responding to client with driver.getCurrentContext() result: "NATIVE_APP"
&amp#27;[35m[HTTP]&amp#27;[39m &amp#27;[37m<-- GET /wd/hub/session/71784c92-b18a-46c1-a290-17ba74bb3393/context &amp#27;[39m&amp#27;[32m200&amp#27;[39m &amp#27;[90m1 ms - 22&amp#27;[39m
&amp#27;[35m[HTTP]&amp#27;[39m &amp#27;[90m&amp#27;[39m
&amp#27;[35m[HTTP]&amp#27;[39m &amp#27;[37m-->&amp#27;[39m &amp#27;[37mPOST&amp#27;[39m &amp#27;[37m/wd/hub/session/71784c92-b18a-46c1-a290-17ba74bb3393/element&amp#27;[39m
&amp#27;[35m[HTTP]&amp#27;[39m &amp#27;[90m{"using":"id","value":"com.nordpass.android.app.password.manager:id/folderName"}&amp#27;[39m
[debug] &amp#27;[35m[W3C (71784c92)]&amp#27;[39m Calling AppiumDriver.findElement() with args: ["id","com.nordpass.android.app.password.manager:id/folderName","71784c92-b18a-46c1-a290-17ba74bb3393"]
[debug] &amp#27;[35m[BaseDriver]&amp#27;[39m Valid locator strategies for this request: xpath, id, class name, accessibility id, -android uiautomator
[debug] &amp#27;[35m[BaseDriver]&amp#27;[39m Waiting up to 10000 ms for condition
[debug] &amp#27;[35m[WD Proxy]&amp#27;[39m Matched '/element' to command name 'findElement'
[debug] &amp#27;[35m[WD Proxy]&amp#27;[39m Proxying [POST /element] to [POST http://127.0.0.1:8201/wd/hub/session/e1a92ac3-39a4-4fa6-92fc-7041064cc14a/element] with body: {"strategy":"id","selector":"com.nordpass.android.app.password.manager:id/folderName","context":"","multiple":false}
[debug] &amp#27;[35m[WD Proxy]&amp#27;[39m Got response with status 200: {"sessionId":"e1a92ac3-39a4-4fa6-92fc-7041064cc14a","value":{"ELEMENT":"dbc4be92-0eed-416a-91fd-60e92ddc336e","element-6066-11e4-a52e-4f735466cecf":"dbc4be92-0eed-416a-91fd-60e92ddc336e"}}
[debug] &amp#27;[35m[W3C (71784c92)]&amp#27;[39m Responding to client with driver.findElement() result: {"element-6066-11e4-a52e-4f735466cecf":"dbc4be92-0eed-416a-91fd-60e92ddc336e","ELEMENT":"dbc4be92-0eed-416a-91fd-60e92ddc336e"}
&amp#27;[35m[HTTP]&amp#27;[39m &amp#27;[37m<-- POST /wd/hub/session/71784c92-b18a-46c1-a290-17ba74bb3393/element &amp#27;[39m&amp#27;[32m200&amp#27;[39m &amp#27;[90m20 ms - 137&amp#27;[39m
&amp#27;[35m[HTTP]&amp#27;[39m &amp#27;[90m&amp#27;[39m
&amp#27;[35m[HTTP]&amp#27;[39m &amp#27;[37m-->&amp#27;[39m &amp#27;[37mPOST&amp#27;[39m &amp#27;[37m/wd/hub/session/71784c92-b18a-46c1-a290-17ba74bb3393/element/dbc4be92-0eed-416a-91fd-60e92ddc336e/value&amp#27;[39m
&amp#27;[35m[HTTP]&amp#27;[39m &amp#27;[90m{"id":"dbc4be92-0eed-416a-91fd-60e92ddc336e","text":"Work Folder","value":["W","o","r","k"," ","F","o","l","d","e","r"]}&amp#27;[39m
[debug] &amp#27;[35m[W3C (71784c92)]&amp#27;[39m Calling AppiumDriver.setValue() with args: [["W","o","r","k"," ","F","o","l","d","e","r"],"dbc4be92-0eed-416a-91fd-60e92ddc336e","71784c92-b18a-46c1-a290-17ba74bb3393"]
[debug] &amp#27;[35m[WD Proxy]&amp#27;[39m Matched '/element/dbc4be92-0eed-416a-91fd-60e92ddc336e/value' to command name 'setValue'
[debug] &amp#27;[35m[Protocol Converter]&amp#27;[39m Added 'value' property ["W","o","r","k"," ","F","o","l","d","e","r"] to 'setValue' request body
[debug] &amp#27;[35m[WD Proxy]&amp#27;[39m Proxying [POST /element/dbc4be92-0eed-416a-91fd-60e92ddc336e/value] to [POST http://127.0.0.1:8201/wd/hub/session/e1a92ac3-39a4-4fa6-92fc-7041064cc14a/element/dbc4be92-0eed-416a-91fd-60e92ddc336e/value] with body: {"elementId":"dbc4be92-0eed-416a-91fd-60e92ddc336e","text":"Work Folder","replace":false,"value":["W","o","r","k"," ","F","o","l","d","e","r"]}
[debug] &amp#27;[35m[WD Proxy]&amp#27;[39m Got response with status 200: {"sessionId":"e1a92ac3-39a4-4fa6-92fc-7041064cc14a","value":null}
[debug] &amp#27;[35m[W3C (71784c92)]&amp#27;[39m Responding to client with driver.setValue() result: null
&amp#27;[35m[HTTP]&amp#27;[39m &amp#27;[37m<-- POST /wd/hub/session/71784c92-b18a-46c1-a290-17ba74bb3393/element/dbc4be92-0eed-416a-91fd-60e92ddc336e/value &amp#27;[39m&amp#27;[32m200&amp#27;[39m &amp#27;[90m25 ms - 14&amp#27;[39m
&amp#27;[35m[HTTP]&amp#27;[39m &amp#27;[90m&amp#27;[39m
Searching for save button
&amp#27;[35m[HTTP]&amp#27;[39m &amp#27;[37m-->&amp#27;[39m &amp#27;[37mGET&amp#27;[39m &amp#27;[37m/wd/hub/session/71784c92-b18a-46c1-a290-17ba74bb3393/context&amp#27;[39m
&amp#27;[35m[HTTP]&amp#27;[39m &amp#27;[90m{}&amp#27;[39m
[debug] &amp#27;[35m[W3C (71784c92)]&amp#27;[39m Calling AppiumDriver.getCurrentContext() with args: ["71784c92-b18a-46c1-a290-17ba74bb3393"]
[debug] &amp#27;[35m[W3C (71784c92)]&amp#27;[39m Responding to client with driver.getCurrentContext() result: "NATIVE_APP"
&amp#27;[35m[HTTP]&amp#27;[39m &amp#27;[37m<-- GET /wd/hub/session/71784c92-b18a-46c1-a290-17ba74bb3393/context &amp#27;[39m&amp#27;[32m200&amp#27;[39m &amp#27;[90m1 ms - 22&amp#27;[39m
&amp#27;[35m[HTTP]&amp#27;[39m &amp#27;[90m&amp#27;[39m
&amp#27;[35m[HTTP]&amp#27;[39m &amp#27;[37m-->&amp#27;[39m &amp#27;[37mPOST&amp#27;[39m &amp#27;[37m/wd/hub/session/71784c92-b18a-46c1-a290-17ba74bb3393/element&amp#27;[39m
&amp#27;[35m[HTTP]&amp#27;[39m &amp#27;[90m{"using":"id","value":"com.nordpass.android.app.password.manager:id/saveButton"}&amp#27;[39m
[debug] &amp#27;[35m[W3C (71784c92)]&amp#27;[39m Calling AppiumDriver.findElement() with args: ["id","com.nordpass.android.app.password.manager:id/saveButton","71784c92-b18a-46c1-a290-17ba74bb3393"]
[debug] &amp#27;[35m[BaseDriver]&amp#27;[39m Valid locator strategies for this request: xpath, id, class name, accessibility id, -android uiautomator
[debug] &amp#27;[35m[BaseDriver]&amp#27;[39m Waiting up to 10000 ms for condition
[debug] &amp#27;[35m[WD Proxy]&amp#27;[39m Matched '/element' to command name 'findElement'
[debug] &amp#27;[35m[WD Proxy]&amp#27;[39m Proxying [POST /element] to [POST http://127.0.0.1:8201/wd/hub/session/e1a92ac3-39a4-4fa6-92fc-7041064cc14a/element] with body: {"strategy":"id","selector":"com.nordpass.android.app.password.manager:id/saveButton","context":"","multiple":false}
[debug] &amp#27;[35m[WD Proxy]&amp#27;[39m Got response with status 200: {"sessionId":"e1a92ac3-39a4-4fa6-92fc-7041064cc14a","value":{"ELEMENT":"592535a9-7355-4f09-b994-f536170f85c0","element-6066-11e4-a52e-4f735466cecf":"592535a9-7355-4f09-b994-f536170f85c0"}}
[debug] &amp#27;[35m[W3C (71784c92)]&amp#27;[39m Responding to client with driver.findElement() result: {"element-6066-11e4-a52e-4f735466cecf":"592535a9-7355-4f09-b994-f536170f85c0","ELEMENT":"592535a9-7355-4f09-b994-f536170f85c0"}
&amp#27;[35m[HTTP]&amp#27;[39m &amp#27;[37m<-- POST /wd/hub/session/71784c92-b18a-46c1-a290-17ba74bb3393/element &amp#27;[39m&amp#27;[32m200&amp#27;[39m &amp#27;[90m902 ms - 137&amp#27;[39m
&amp#27;[35m[HTTP]&amp#27;[39m &amp#27;[90m&amp#27;[39m
&amp#27;[35m[HTTP]&amp#27;[39m &amp#27;[37m-->&amp#27;[39m &amp#27;[37mPOST&amp#27;[39m &amp#27;[37m/wd/hub/session/71784c92-b18a-46c1-a290-17ba74bb3393/element/592535a9-7355-4f09-b994-f536170f85c0/click&amp#27;[39m
&amp#27;[35m[HTTP]&amp#27;[39m &amp#27;[90m{"id":"592535a9-7355-4f09-b994-f536170f85c0"}&amp#27;[39m
[debug] &amp#27;[35m[W3C (71784c92)]&amp#27;[39m Calling AppiumDriver.click() with args: ["592535a9-7355-4f09-b994-f536170f85c0","71784c92-b18a-46c1-a290-17ba74bb3393"]
[debug] &amp#27;[35m[WD Proxy]&amp#27;[39m Matched '/element/592535a9-7355-4f09-b994-f536170f85c0/click' to command name 'click'
[debug] &amp#27;[35m[WD Proxy]&amp#27;[39m Proxying [POST /element/592535a9-7355-4f09-b994-f536170f85c0/click] to [POST http://127.0.0.1:8201/wd/hub/session/e1a92ac3-39a4-4fa6-92fc-7041064cc14a/element/592535a9-7355-4f09-b994-f536170f85c0/click] with body: {"element":"592535a9-7355-4f09-b994-f536170f85c0"}
[debug] &amp#27;[35m[WD Proxy]&amp#27;[39m Got response with status 200: {"sessionId":"e1a92ac3-39a4-4fa6-92fc-7041064cc14a","value":null}
[debug] &amp#27;[35m[W3C (71784c92)]&amp#27;[39m Responding to client with driver.click() result: null
&amp#27;[35m[HTTP]&amp#27;[39m &amp#27;[37m<-- POST /wd/hub/session/71784c92-b18a-46c1-a290-17ba74bb3393/element/592535a9-7355-4f09-b994-f536170f85c0/click &amp#27;[39m&amp#27;[32m200&amp#27;[39m &amp#27;[90m46 ms - 14&amp#27;[39m
&amp#27;[35m[HTTP]&amp#27;[39m &amp#27;[90m&amp#27;[39m
Search for Snackbar text
&amp#27;[35m[HTTP]&amp#27;[39m &amp#27;[37m-->&amp#27;[39m &amp#27;[37mGET&amp#27;[39m &amp#27;[37m/wd/hub/session/71784c92-b18a-46c1-a290-17ba74bb3393/context&amp#27;[39m
&amp#27;[35m[HTTP]&amp#27;[39m &amp#27;[90m{}&amp#27;[39m
[debug] &amp#27;[35m[W3C (71784c92)]&amp#27;[39m Calling AppiumDriver.getCurrentContext() with args: ["71784c92-b18a-46c1-a290-17ba74bb3393"]
[debug] &amp#27;[35m[W3C (71784c92)]&amp#27;[39m Responding to client with driver.getCurrentContext() result: "NATIVE_APP"
&amp#27;[35m[HTTP]&amp#27;[39m &amp#27;[37m<-- GET /wd/hub/session/71784c92-b18a-46c1-a290-17ba74bb3393/context &amp#27;[39m&amp#27;[32m200&amp#27;[39m &amp#27;[90m2 ms - 22&amp#27;[39m
&amp#27;[35m[HTTP]&amp#27;[39m &amp#27;[90m&amp#27;[39m
&amp#27;[35m[HTTP]&amp#27;[39m &amp#27;[37m-->&amp#27;[39m &amp#27;[37mPOST&amp#27;[39m &amp#27;[37m/wd/hub/session/71784c92-b18a-46c1-a290-17ba74bb3393/element&amp#27;[39m
&amp#27;[35m[HTTP]&amp#27;[39m &amp#27;[90m{"using":"id","value":"com.nordpass.android.app.password.manager:id/snackbar_text"}&amp#27;[39m
[debug] &amp#27;[35m[W3C (71784c92)]&amp#27;[39m Calling AppiumDriver.findElement() with args: ["id","com.nordpass.android.app.password.manager:id/snackbar_text","71784c92-b18a-46c1-a290-17ba74bb3393"]
[debug] &amp#27;[35m[BaseDriver]&amp#27;[39m Valid locator strategies for this request: xpath, id, class name, accessibility id, -android uiautomator
[debug] &amp#27;[35m[BaseDriver]&amp#27;[39m Waiting up to 10000 ms for condition
[debug] &amp#27;[35m[WD Proxy]&amp#27;[39m Matched '/element' to command name 'findElement'
[debug] &amp#27;[35m[WD Proxy]&amp#27;[39m Proxying [POST /element] to [POST http://127.0.0.1:8201/wd/hub/session/e1a92ac3-39a4-4fa6-92fc-7041064cc14a/element] with body: {"strategy":"id","selector":"com.nordpass.android.app.password.manager:id/snackbar_text","context":"","multiple":false}
&amp#27;[35m[WD Proxy]&amp#27;[39m Got response with status 404: {"sessionId":"e1a92ac3-39a4-4fa6-92fc-7041064cc14a","value":{"error":"no such element","message":"An element could not be located on the page using the given search parameters","stacktrace":"io.appium.uiautomator2.common.exceptions.ElementNotFoundException: An element could not be located on the page using the given search parameters\n\tat io.appium.uiautomator2.handler.FindElement.safeHandle(FindElement.java:73)\n\tat io.appium.uiautomator2.handler.request.SafeRequestHandler.handle(SafeRequestHandler.java:41)\n\tat io.appium.uiautomator2.server.AppiumServlet.handleRequest(AppiumServlet.java:257)\n\tat io.appium.uiautomator2.server.AppiumServlet.handleHttpRequest(AppiumServlet.java:247)\n\tat io.appium.uiautomator2.http.ServerHandler.channelRead(ServerHandler.java:50)\n\tat io.netty.channel.AbstractChannelHandlerContext.invokeChannelRead(AbstractChannelHandlerContext.java:366)\n\tat io.netty.channel.AbstractChannelHandlerContext.invokeChannelRead(AbstractChannelHandlerContext.java:352)\n\tat io.netty.chann...
[debug] &amp#27;[35m[W3C]&amp#27;[39m Matched W3C error code 'no such element' to NoSuchElementError
[debug] &amp#27;[35m[BaseDriver]&amp#27;[39m Waited for 59 ms so far
[debug] &amp#27;[35m[WD Proxy]&amp#27;[39m Matched '/element' to command name 'findElement'
[debug] &amp#27;[35m[WD Proxy]&amp#27;[39m Proxying [POST /element] to [POST http://127.0.0.1:8201/wd/hub/session/e1a92ac3-39a4-4fa6-92fc-7041064cc14a/element] with body: {"strategy":"id","selector":"com.nordpass.android.app.password.manager:id/snackbar_text","context":"","multiple":false}
[debug] &amp#27;[35m[WD Proxy]&amp#27;[39m Got response with status 200: {"sessionId":"e1a92ac3-39a4-4fa6-92fc-7041064cc14a","value":{"ELEMENT":"2ae9cd68-135c-4560-aae7-fafb2db07a9e","element-6066-11e4-a52e-4f735466cecf":"2ae9cd68-135c-4560-aae7-fafb2db07a9e"}}
[debug] &amp#27;[35m[W3C (71784c92)]&amp#27;[39m Responding to client with driver.findElement() result: {"element-6066-11e4-a52e-4f735466cecf":"2ae9cd68-135c-4560-aae7-fafb2db07a9e","ELEMENT":"2ae9cd68-135c-4560-aae7-fafb2db07a9e"}
&amp#27;[35m[HTTP]&amp#27;[39m &amp#27;[37m<-- POST /wd/hub/session/71784c92-b18a-46c1-a290-17ba74bb3393/element &amp#27;[39m&amp#27;[32m200&amp#27;[39m &amp#27;[90m1010 ms - 137&amp#27;[39m
&amp#27;[35m[HTTP]&amp#27;[39m &amp#27;[90m&amp#27;[39m
&amp#27;[35m[HTTP]&amp#27;[39m &amp#27;[37m-->&amp#27;[39m &amp#27;[37mGET&amp#27;[39m &amp#27;[37m/wd/hub/session/71784c92-b18a-46c1-a290-17ba74bb3393/element/2ae9cd68-135c-4560-aae7-fafb2db07a9e/text&amp#27;[39m
&amp#27;[35m[HTTP]&amp#27;[39m &amp#27;[90m{}&amp#27;[39m
&amp#27;[35m[W3C (71784c92)]&amp#27;[39m Driver proxy active, passing request on via HTTP proxy
[debug] &amp#27;[35m[WD Proxy]&amp#27;[39m Matched '/wd/hub/session/71784c92-b18a-46c1-a290-17ba74bb3393/element/2ae9cd68-135c-4560-aae7-fafb2db07a9e/text' to command name 'getText'
[debug] &amp#27;[35m[WD Proxy]&amp#27;[39m Proxying [GET /wd/hub/session/71784c92-b18a-46c1-a290-17ba74bb3393/element/2ae9cd68-135c-4560-aae7-fafb2db07a9e/text] to [GET http://127.0.0.1:8201/wd/hub/session/e1a92ac3-39a4-4fa6-92fc-7041064cc14a/element/2ae9cd68-135c-4560-aae7-fafb2db07a9e/text] with no body
[debug] &amp#27;[35m[WD Proxy]&amp#27;[39m Got response with status 200: {"sessionId":"e1a92ac3-39a4-4fa6-92fc-7041064cc14a","value":"Folder created successfully"}
&amp#27;[35m[WD Proxy]&amp#27;[39m Replacing sessionId e1a92ac3-39a4-4fa6-92fc-7041064cc14a with 71784c92-b18a-46c1-a290-17ba74bb3393
&amp#27;[35m[HTTP]&amp#27;[39m &amp#27;[37m<-- GET /wd/hub/session/71784c92-b18a-46c1-a290-17ba74bb3393/element/2ae9cd68-135c-4560-aae7-fafb2db07a9e/text &amp#27;[39m&amp#27;[32m200&amp#27;[39m &amp#27;[90m10 ms - 90&amp#27;[39m
&amp#27;[35m[HTTP]&amp#27;[39m &amp#27;[90m&amp#27;[39m
Search for Snackbar action
&amp#27;[35m[HTTP]&amp#27;[39m &amp#27;[37m-->&amp#27;[39m &amp#27;[37mGET&amp#27;[39m &amp#27;[37m/wd/hub/session/71784c92-b18a-46c1-a290-17ba74bb3393/context&amp#27;[39m
&amp#27;[35m[HTTP]&amp#27;[39m &amp#27;[90m{}&amp#27;[39m
[debug] &amp#27;[35m[W3C (71784c92)]&amp#27;[39m Calling AppiumDriver.getCurrentContext() with args: ["71784c92-b18a-46c1-a290-17ba74bb3393"]
[debug] &amp#27;[35m[W3C (71784c92)]&amp#27;[39m Responding to client with driver.getCurrentContext() result: "NATIVE_APP"
&amp#27;[35m[HTTP]&amp#27;[39m &amp#27;[37m<-- GET /wd/hub/session/71784c92-b18a-46c1-a290-17ba74bb3393/context &amp#27;[39m&amp#27;[32m200&amp#27;[39m &amp#27;[90m1 ms - 22&amp#27;[39m
&amp#27;[35m[HTTP]&amp#27;[39m &amp#27;[90m&amp#27;[39m
&amp#27;[35m[HTTP]&amp#27;[39m &amp#27;[37m-->&amp#27;[39m &amp#27;[37mPOST&amp#27;[39m &amp#27;[37m/wd/hub/session/71784c92-b18a-46c1-a290-17ba74bb3393/element&amp#27;[39m
&amp#27;[35m[HTTP]&amp#27;[39m &amp#27;[90m{"using":"id","value":"com.nordpass.android.app.password.manager:id/snackbar_action"}&amp#27;[39m
[debug] &amp#27;[35m[W3C (71784c92)]&amp#27;[39m Calling AppiumDriver.findElement() with args: ["id","com.nordpass.android.app.password.manager:id/snackbar_action","71784c92-b18a-46c1-a290-17ba74bb3393"]
[debug] &amp#27;[35m[BaseDriver]&amp#27;[39m Valid locator strategies for this request: xpath, id, class name, accessibility id, -android uiautomator
[debug] &amp#27;[35m[BaseDriver]&amp#27;[39m Waiting up to 10000 ms for condition
[debug] &amp#27;[35m[WD Proxy]&amp#27;[39m Matched '/element' to command name 'findElement'
[debug] &amp#27;[35m[WD Proxy]&amp#27;[39m Proxying [POST /element] to [POST http://127.0.0.1:8201/wd/hub/session/e1a92ac3-39a4-4fa6-92fc-7041064cc14a/element] with body: {"strategy":"id","selector":"com.nordpass.android.app.password.manager:id/snackbar_action","context":"","multiple":false}
[debug] &amp#27;[35m[WD Proxy]&amp#27;[39m Got response with status 200: {"sessionId":"e1a92ac3-39a4-4fa6-92fc-7041064cc14a","value":{"ELEMENT":"9c04095b-a796-453e-9165-57c542ced1e5","element-6066-11e4-a52e-4f735466cecf":"9c04095b-a796-453e-9165-57c542ced1e5"}}
[debug] &amp#27;[35m[W3C (71784c92)]&amp#27;[39m Responding to client with driver.findElement() result: {"element-6066-11e4-a52e-4f735466cecf":"9c04095b-a796-453e-9165-57c542ced1e5","ELEMENT":"9c04095b-a796-453e-9165-57c542ced1e5"}
&amp#27;[35m[HTTP]&amp#27;[39m &amp#27;[37m<-- POST /wd/hub/session/71784c92-b18a-46c1-a290-17ba74bb3393/element &amp#27;[39m&amp#27;[32m200&amp#27;[39m &amp#27;[90m25 ms - 137&amp#27;[39m
&amp#27;[35m[HTTP]&amp#27;[39m &amp#27;[90m&amp#27;[39m
&amp#27;[35m[HTTP]&amp#27;[39m &amp#27;[37m-->&amp#27;[39m &amp#27;[37mPOST&amp#27;[39m &amp#27;[37m/wd/hub/session/71784c92-b18a-46c1-a290-17ba74bb3393/element/9c04095b-a796-453e-9165-57c542ced1e5/click&amp#27;[39m
&amp#27;[35m[HTTP]&amp#27;[39m &amp#27;[90m{"id":"9c04095b-a796-453e-9165-57c542ced1e5"}&amp#27;[39m
[debug] &amp#27;[35m[W3C (71784c92)]&amp#27;[39m Calling AppiumDriver.click() with args: ["9c04095b-a796-453e-9165-57c542ced1e5","71784c92-b18a-46c1-a290-17ba74bb3393"]
[debug] &amp#27;[35m[WD Proxy]&amp#27;[39m Matched '/element/9c04095b-a796-453e-9165-57c542ced1e5/click' to command name 'click'
[debug] &amp#27;[35m[WD Proxy]&amp#27;[39m Proxying [POST /element/9c04095b-a796-453e-9165-57c542ced1e5/click] to [POST http://127.0.0.1:8201/wd/hub/session/e1a92ac3-39a4-4fa6-92fc-7041064cc14a/element/9c04095b-a796-453e-9165-57c542ced1e5/click] with body: {"element":"9c04095b-a796-453e-9165-57c542ced1e5"}
[debug] &amp#27;[35m[WD Proxy]&amp#27;[39m Got response with status 200: {"sessionId":"e1a92ac3-39a4-4fa6-92fc-7041064cc14a","value":null}
[debug] &amp#27;[35m[W3C (71784c92)]&amp#27;[39m Responding to client with driver.click() result: null
&amp#27;[35m[HTTP]&amp#27;[39m &amp#27;[37m<-- POST /wd/hub/session/71784c92-b18a-46c1-a290-17ba74bb3393/element/9c04095b-a796-453e-9165-57c542ced1e5/click &amp#27;[39m&amp#27;[32m200&amp#27;[39m &amp#27;[90m49 ms - 14&amp#27;[39m
&amp#27;[35m[HTTP]&amp#27;[39m &amp#27;[90m&amp#27;[39m
&amp#27;[35m[HTTP]&amp#27;[39m &amp#27;[37m-->&amp#27;[39m &amp#27;[37mPOST&amp#27;[39m &amp#27;[37m/wd/hub/session/71784c92-b18a-46c1-a290-17ba74bb3393/appium/device/hide_keyboard&amp#27;[39m
&amp#27;[35m[HTTP]&amp#27;[39m &amp#27;[90m{}&amp#27;[39m
[debug] &amp#27;[35m[W3C (71784c92)]&amp#27;[39m Calling AppiumDriver.hideKeyboard() with args: [null,null,null,null,"71784c92-b18a-46c1-a290-17ba74bb3393"]
[debug] &amp#27;[35m[ADB]&amp#27;[39m Running 'C:\Users\T1170\AppData\Local\Android\Sdk\platform-tools\adb.exe -P 5037 -s emulator-5554 shell dumpsys input_method'
[debug] &amp#27;[35m[ADB]&amp#27;[39m Running 'C:\Users\T1170\AppData\Local\Android\Sdk\platform-tools\adb.exe -P 5037 -s emulator-5554 shell input keyevent 111'
[debug] &amp#27;[35m[ADB]&amp#27;[39m Running 'C:\Users\T1170\AppData\Local\Android\Sdk\platform-tools\adb.exe -P 5037 -s emulator-5554 shell dumpsys input_method'
[debug] &amp#27;[35m[W3C (71784c92)]&amp#27;[39m Responding to client with driver.hideKeyboard() result: true
&amp#27;[35m[HTTP]&amp#27;[39m &amp#27;[37m<-- POST /wd/hub/session/71784c92-b18a-46c1-a290-17ba74bb3393/appium/device/hide_keyboard &amp#27;[39m&amp#27;[32m200&amp#27;[39m &amp#27;[90m480 ms - 14&amp#27;[39m
&amp#27;[35m[HTTP]&amp#27;[39m &amp#27;[90m&amp#27;[39m
&amp#27;[35m[HTTP]&amp#27;[39m &amp#27;[37m-->&amp#27;[39m &amp#27;[37mGET&amp#27;[39m &amp#27;[37m/wd/hub/session/71784c92-b18a-46c1-a290-17ba74bb3393/screenshot&amp#27;[39m
&amp#27;[35m[HTTP]&amp#27;[39m &amp#27;[90m{}&amp#27;[39m
[debug] &amp#27;[35m[W3C (71784c92)]&amp#27;[39m Calling AppiumDriver.getScreenshot() with args: ["71784c92-b18a-46c1-a290-17ba74bb3393"]
[debug] &amp#27;[35m[WD Proxy]&amp#27;[39m Matched '/screenshot' to command name 'getScreenshot'
[debug] &amp#27;[35m[WD Proxy]&amp#27;[39m Proxying [GET /screenshot] to [GET http://127.0.0.1:8201/wd/hub/session/e1a92ac3-39a4-4fa6-92fc-7041064cc14a/screenshot] with no body
[debug] &amp#27;[35m[WD Proxy]&amp#27;[39m Got response with status 200: {"sessionId":"e1a92ac3-39a4-4fa6-92fc-7041064cc14a","value":"iVBORw0KGgoAAAANSUhEUgAABaAAAAoACAYAAABH9IXPAAAAAXNSR0IArs4c6QAAAARzQklUCAgI\nCHwIZIgAACAASURBVHic7N17dFX1nfDh7yHhLkQUkaJWREEUqahdtlNvCCoVLIpgla6KrZcZp3Sq\n1nF6WdOR1hl7UStqtava2lpFRUFERBHRYkVB61RUUGhFjE1RNHKRQkJIOO8fvjAg5JyT5OycJOd5\n1upaPdm/vffXBSLrk53fTkVEOgAAAAAAIM/aFXoAAAAAAADaJgEaAAAAAIBECNAAAAAAACRCgAYA\nAAAAIBECNAAAAAAAiRCgAQAAAABIhAANAAAAAEAiBGgAAAAAABIhQAMAAAAAkAgBGgAAAACARAjQ\nAAAAAAAkQoAGAAAAACARAjQAAAAAAIkQoAEAAAAASIQADQAAAABAIgRoAAAAAAASIUADAAAAAJAI\nARoAAAAAgESUFnoAAAAAAICWqG/fvvH2228Xeoy4+uqrc1571113tYiZt0lFRLrQQwAAAAAAtCSX\nXHJJDBkyJCZOnFjoUSKdzj3hnnzyyTF//vzkhmkgW3AAAAAAAOzg4osvjttvv73QY7QJAjQAAAAA\nwP938cUXxx133FHoMdoMARoAAAAAIMTnJAjQAAAAAEDRmzhxYkHj84033hhr166NdDq9y/8a4g9/\n+MMu569cubJBLzLMp9KC3BUAAAAAoIWYOHFi/OIXvyjY/SdPnhyXXXZZYtfv27dvTJo0KVKpVEya\nNCmx++yOJ6ABAAAAgKJV6PgcEXHBBRe0qfvsSIAGAAAAAIpSS4jPERF77rlns9ynb9++zXKfHQnQ\nAAAAAEDRaSnxua0ToAEAAACAoiI+Nx8BGgAAAAAoGt/+9rd3G583btwYa9eu3elr6XS6ucZqswRo\nAAAAAKAoTJw4MW644YZdvv6P...
[debug] &amp#27;[35m[W3C (71784c92)]&amp#27;[39m Responding to client with driver.getScreenshot() result: "iVBORw0KGgoAAAANSUhEUgAABaAAAAoACAYAAABH9IXPAAAAAXNSR0IArs4c6QAAAARzQklUCAgI\nCHwIZIgAACAASURBVHic7N17dFX1nfDh7yHhLkQUkaJWREEUqahdtlNvCCoVLIpgla6KrZcZp3Sq\n1nF6WdOR1hl7UStqtava2lpFRUFERBHRYkVB61RUUGhFjE1RNHKRQkJIOO8fvjAg5JyT5OycJOd5\n1upaPdm/vffXBSLrk53fTkVEOgAAAAAAIM/aFXoAAAAAAADaJgEaAAAAAIBECNAAAAAAACRCgAYA\nAAAAIBECNAAAAAAAiRCgAQAAAABIhAANAAAAAEAiBGgAAAAAABIhQAMAAAAAkAgBGgAAAACARAjQ\nAAAAAAAkQoAGAAAAACARAjQAAAAAAIkQoAEAAAAASIQADQAAAABAIgRoAAAAAAASIUADAAAAAJAI\nARoAAAAAgESUFnoAAAAAAICWqG/fvvH2228Xeoy4+uqrc1571113tYiZt0lFRLrQQwAAAAAAtCSX\nXHJJDBkyJCZOnFjoUSKdzj3hnnzyyTF//vzkhmkgW3AAAAAAAOzg4osvjttvv73QY7QJAjQAAAAA\nwP938cUXxx133FHoMdoMARoAAAAAIMTnJAjQAAAAAEDRmzhxYkHj84033hhr166NdDq9y/8a4g9/\n+MMu569cubJBLzLMp9KC3BUAAAAAoIWYOHFi/OIXvyjY/SdPnhyXXXZZYtfv27dvTJo0KVKpVEya\nNCmx++yOJ6ABAAAAgKJV6PgcEXHBBRe0qfvsSIAGAAAAAIpSS4jPERF77rlns9ynb9++zXKfHQnQ\nAAAAAEDRaSnxua0ToAEAAACAoiI+Nx8BGgAAAAAoGt/+9rd3G583btwYa9eu3elr6XS6ucZqswRo\nAAAAAKAoTJw4MW644YZdvv6Pf/wjhg0bFu+9995OX0+lUs01WpslQAMAAAAAbd6VV1652yef//GP\nf8Tw4c...
&amp#27;[35m[HTTP]&amp#27;[39m &amp#27;[37m<-- GET /wd/hub/session/71784c92-b18a-46c1-a290-17ba74bb3393/screenshot &amp#27;[39m&amp#27;[32m200&amp#27;[39m &amp#27;[90m379 ms - 143894&amp#27;[39m
&amp#27;[35m[HTTP]&amp#27;[39m &amp#27;[90m&amp#27;[39m
&amp#27;[35m[HTTP]&amp#27;[39m &amp#27;[37m-->&amp#27;[39m &amp#27;[37mPOST&amp#27;[39m &amp#27;[37m/wd/hub/session/71784c92-b18a-46c1-a290-17ba74bb3393/appium/compare_images&amp#27;[39m
&amp#27;[35m[HTTP]&amp#27;[39m &amp#27;[90m{"mode":"getSimilarity","firstImage":"iVBORw0KGgoAAAANSUhEUgAABaAAAAoACAYAAABH9IXPAAAAAXNSR0IArs4c6QAAAARzQklUCAgICHwIZIgAACAASURBVHic7N17dFX1nfDh7yHhLkQUkaJWREEUqahdtlNvCCoVLIpgla6KrZcZp3Sq1nF6WdOR1hl7UStqtava2lpFRUFERBHRYkVB61RUUGhFjE1RNHKRQkJIOO8fvjAg5JyT5OycJOd51upaPdm/vffXBSLrk53fTkVEOgAAAAAAIM/aFXoAAAAAAADaJgEaAAAAAIBECNAAAAAAACRCgAYAAAAAIBECNAAAAAAAiRCgAQAAAABIhAANAAAAAEAiBGgAAAAAABIhQAMAAAAAkAgBGgAAAACARAjQAAAAAAAkQoAGAAAAACARAjQAAAAAAIkQoAEAAAAASIQADQAAAABAIgRoAAAAAAASIUADAAAAAJAIARoAAAAAgESUFnoAAAAAAICWqG/fvvH2228Xeoy4+uqrc1571113tYiZt0lFRLrQQwAAAAAAtCSXXHJJDBkyJCZOnFjoUSKdzj3hnnzyyTF//vzkhmkgW3AAAAAAAOzg4osvjttvv73QY7QJAjQAAAAAwP938cUXxx133FHoMdoMARoAAAAAIMTnJAjQAAAAAEDRmzhxYkHj84033hhr166NdDq9y/8a4g9/+MMu569cubJBLzLMp9KC3BUAAAAAoIWYOHFi/OIXvyjY/SdPnhyXXXZZYtfv27dvTJo0KVKpVEyaNCmx++yOJ6ABAAAAgKJV6PgcEXHBBRe0qfvsSIAGAAAAAIpSS4jPERF77rlns9ynb9++zXKfHQnQAAAAAEDRaSnxua0ToAEAAACAoiI+Nx8BGgAAAAAoGt/+9rd3G583btwYa9eu3elr6XS6ucZqswRoAAAAAKAoTJw4MW644YZdvv6Pf/wjhg0bFu+9995OX0+lUs01WpslQAMAAAAAbd6VV1652ye...&amp#27;[39m
[debug] &amp#27;[35m[W3C (71784c92)]&amp#27;[39m Calling AppiumDriver.compareImages() with args: ["getSimilarity","iVBORw0KGgoAAAANSUhEUgAABaAAAAoACAYAAABH9IXPAAAAAXNSR0IArs4c6QAAAARzQklUCAgICHwIZIgAACAASURBVHic7N17dFX1nfDh7yHhLkQUkaJWREEUqahdtlNvCCoVLIpgla6KrZcZp3Sq1nF6WdOR1hl7UStqtava2lpFRUFERBHRYkVB61RUUGhFjE1RNHKRQkJIOO8fvjAg5JyT5OycJOd51upaPdm/vffXBSLrk53fTkVEOgAAAAAAIM/aFXoAAAAAAADaJgEaAAAAAIBECNAAAAAAACRCgAYAAAAAIBECNAAAAAAAiRCgAQAAAABIhAANAAAAAEAiBGgAAAAAABIhQAMAAAAAkAgBGgAAAACARAjQAAAAAAAkQoAGAAAAACARAjQAAAAAAIkQoAEAAAAASIQADQAAAABAIgRoAAAAAAASIUADAAAAAJAIARoAAAAAgESUFnoAAAAAAICWqG/fvvH2228Xeoy4+uqrc1571113tYiZt0lFRLrQQwAAAAAAtCSXXHJJDBkyJCZOnFjoUSKdzj3hnnzyyTF//vzkhmkgW3AAAAAAAOzg4osvjttvv73QY7QJAjQAAAAAwP938cUXxx133FHoMdoMARoAAAAAIMTnJAjQAAAAAEDRmzhxYkHj84033hhr166NdDq9y/8a4g9/+MMu569cubJBLzLMp9KC3BUAAAAAoIWYOHFi/OIXvyjY/SdPnhyXXXZZYtfv27dvTJo0KVKpVEyaNCmx++yOJ6ABAAAAgKJV6PgcEXHBBRe0qfvsSIAGAAAAAIpSS4jPERF77rlns9ynb9++zXKfHQnQAAAAAEDRaSnxua0ToAEAAACAoiI+Nx8BGgAAAAAoGt/+9rd3G583btwYa9eu3elr6XS6ucZqswRoAAAAAKAoTJw4MW644YZdvv6Pf/wjhg0bFu+9995OX0+lUs01WpslQAMAAAAAbd6VV1652yef//GPf8Tw4cPjxRdfLMB...
[debug] &amp#27;[35m[W3C (71784c92)]&amp#27;[39m Responding to client with driver.compareImages() result: {"score":1,"visualization":"iVBORw0KGgoAAAANSUhEUgAAC0AAAAoACAIAAACtAjTvAAAgAElEQVR4AezBD2ycdeHH8c+XzfBnId2U5FHRyPgz+9CouMUmluXhygnNwYbVlG3gUScrccszBFdgArIehxojnejSPRowDRAaFCqg4oLHie0QHjh+YXNprlw6yAZPNIZlbFDCHFu/v6QJSZe7jo495dr1/XoZAQAAAAAAAAAAAAAAoKqMAAAAAAAAAAAAAAAAUFVGAAAAAAAAAAAAAAAAqCojAAAAAAAAAAAAAAAAVJURAAAAAAAAAAAAAAAAqsoIAAAAAAAAAAAAAAAAVWUEAAAAAAAAAAAAAACAqjICAAAAAAAAAAAAAABAVRkBAAAAAAAAAAAAAACgqowAAAAAAAAAAAAAAABQVUYAAAAAAAAAAAAAAACoKiMAAAAAAAAAAAAAAABUlREAAAAAAAAAAAAAAACqyggAAAAAAAAAAAAAAABVZQQAAAAAAAAAAAAAAICqMgIAAAAAAAAAAAAAAEBVGQEAAAAAAAAAAAAAAKCqjAAAAAAAAAAAAAAAAFBVRgAAAAAAAAAAAAAAAKgqIwAAAAAAcGI566yzdu3apUnW0dGho3rggQd27dolAAAAAACAY3fWWWft2rVLk6yjo0NH9cADD+zatUsfCyMAAAAAAHACue666y644ALf9zXJrLU6qsbGxr6+PgEAAAAAAByj66677oILLvB9X5PMWqujamxs7Ovr08fCCAAAAAAAnCja2truu+++IAh839cks9bqqBobG/v6+gQAAAAAAHAs2tra7rvvviAIfN/XJLPW6qgaGxv7+vr0sTACAAAAAAAnhLa2tvvuu09SEAS+72uSWWt1VI2NjX19fQIAAAAAAJiwtra2++67T1IQBL7va5JZa3VUjY2NfX19+lgYAQAAAACA6a+tre2+++7TqCAIfN/XJLPW6qgaGxv7+voEAAAAAAAwMW1tbffdd59GBUHg+74mm...
&amp#27;[35m[HTTP]&amp#27;[39m &amp#27;[37m<-- POST /wd/hub/session/71784c92-b18a-46c1-a290-17ba74bb3393/appium/compare_images &amp#27;[39m&amp#27;[32m200&amp#27;[39m &amp#27;[90m417 ms - 423920&amp#27;[39m
&amp#27;[35m[HTTP]&amp#27;[39m &amp#27;[90m&amp#27;[39m
Visual check of 'Folder created' passed; similarity match was 1,000000
Searching for Note field
&amp#27;[35m[HTTP]&amp#27;[39m &amp#27;[37m-->&amp#27;[39m &amp#27;[37mGET&amp#27;[39m &amp#27;[37m/wd/hub/session/71784c92-b18a-46c1-a290-17ba74bb3393/context&amp#27;[39m
&amp#27;[35m[HTTP]&amp#27;[39m &amp#27;[90m{}&amp#27;[39m
[debug] &amp#27;[35m[W3C (71784c92)]&amp#27;[39m Calling AppiumDriver.getCurrentContext() with args: ["71784c92-b18a-46c1-a290-17ba74bb3393"]
[debug] &amp#27;[35m[W3C (71784c92)]&amp#27;[39m Responding to client with driver.getCurrentContext() result: "NATIVE_APP"
&amp#27;[35m[HTTP]&amp#27;[39m &amp#27;[37m<-- GET /wd/hub/session/71784c92-b18a-46c1-a290-17ba74bb3393/context &amp#27;[39m&amp#27;[32m200&amp#27;[39m &amp#27;[90m1 ms - 22&amp#27;[39m
&amp#27;[35m[HTTP]&amp#27;[39m &amp#27;[90m&amp#27;[39m
&amp#27;[35m[HTTP]&amp#27;[39m &amp#27;[37m-->&amp#27;[39m &amp#27;[37mPOST&amp#27;[39m &amp#27;[37m/wd/hub/session/71784c92-b18a-46c1-a290-17ba74bb3393/element&amp#27;[39m
&amp#27;[35m[HTTP]&amp#27;[39m &amp#27;[90m{"using":"id","value":"com.nordpass.android.app.password.manager:id/note"}&amp#27;[39m
[debug] &amp#27;[35m[W3C (71784c92)]&amp#27;[39m Calling AppiumDriver.findElement() with args: ["id","com.nordpass.android.app.password.manager:id/note","71784c92-b18a-46c1-a290-17ba74bb3393"]
[debug] &amp#27;[35m[BaseDriver]&amp#27;[39m Valid locator strategies for this request: xpath, id, class name, accessibility id, -android uiautomator
[debug] &amp#27;[35m[BaseDriver]&amp#27;[39m Waiting up to 10000 ms for condition
[debug] &amp#27;[35m[WD Proxy]&amp#27;[39m Matched '/element' to command name 'findElement'
[debug] &amp#27;[35m[WD Proxy]&amp#27;[39m Proxying [POST /element] to [POST http://127.0.0.1:8201/wd/hub/session/e1a92ac3-39a4-4fa6-92fc-7041064cc14a/element] with body: {"strategy":"id","selector":"com.nordpass.android.app.password.manager:id/note","context":"","multiple":false}
[debug] &amp#27;[35m[WD Proxy]&amp#27;[39m Got response with status 200: {"sessionId":"e1a92ac3-39a4-4fa6-92fc-7041064cc14a","value":{"ELEMENT":"c9435a43-c1e0-4674-af05-5253c3e35f9c","element-6066-11e4-a52e-4f735466cecf":"c9435a43-c1e0-4674-af05-5253c3e35f9c"}}
[debug] &amp#27;[35m[W3C (71784c92)]&amp#27;[39m Responding to client with driver.findElement() result: {"element-6066-11e4-a52e-4f735466cecf":"c9435a43-c1e0-4674-af05-5253c3e35f9c","ELEMENT":"c9435a43-c1e0-4674-af05-5253c3e35f9c"}
&amp#27;[35m[HTTP]&amp#27;[39m &amp#27;[37m<-- POST /wd/hub/session/71784c92-b18a-46c1-a290-17ba74bb3393/element &amp#27;[39m&amp#27;[32m200&amp#27;[39m &amp#27;[90m29 ms - 137&amp#27;[39m
&amp#27;[35m[HTTP]&amp#27;[39m &amp#27;[90m&amp#27;[39m
&amp#27;[35m[HTTP]&amp#27;[39m &amp#27;[37m-->&amp#27;[39m &amp#27;[37mPOST&amp#27;[39m &amp#27;[37m/wd/hub/session/71784c92-b18a-46c1-a290-17ba74bb3393/element/c9435a43-c1e0-4674-af05-5253c3e35f9c/click&amp#27;[39m
&amp#27;[35m[HTTP]&amp#27;[39m &amp#27;[90m{"id":"c9435a43-c1e0-4674-af05-5253c3e35f9c"}&amp#27;[39m
[debug] &amp#27;[35m[W3C (71784c92)]&amp#27;[39m Calling AppiumDriver.click() with args: ["c9435a43-c1e0-4674-af05-5253c3e35f9c","71784c92-b18a-46c1-a290-17ba74bb3393"]
[debug] &amp#27;[35m[WD Proxy]&amp#27;[39m Matched '/element/c9435a43-c1e0-4674-af05-5253c3e35f9c/click' to command name 'click'
[debug] &amp#27;[35m[WD Proxy]&amp#27;[39m Proxying [POST /element/c9435a43-c1e0-4674-af05-5253c3e35f9c/click] to [POST http://127.0.0.1:8201/wd/hub/session/e1a92ac3-39a4-4fa6-92fc-7041064cc14a/element/c9435a43-c1e0-4674-af05-5253c3e35f9c/click] with body: {"element":"c9435a43-c1e0-4674-af05-5253c3e35f9c"}
[debug] &amp#27;[35m[WD Proxy]&amp#27;[39m Got response with status 200: {"sessionId":"e1a92ac3-39a4-4fa6-92fc-7041064cc14a","value":null}
[debug] &amp#27;[35m[W3C (71784c92)]&amp#27;[39m Responding to client with driver.click() result: null
&amp#27;[35m[HTTP]&amp#27;[39m &amp#27;[37m<-- POST /wd/hub/session/71784c92-b18a-46c1-a290-17ba74bb3393/element/c9435a43-c1e0-4674-af05-5253c3e35f9c/click &amp#27;[39m&amp#27;[32m200&amp#27;[39m &amp#27;[90m802 ms - 14&amp#27;[39m
&amp#27;[35m[HTTP]&amp#27;[39m &amp#27;[90m&amp#27;[39m
&amp#27;[35m[HTTP]&amp#27;[39m &amp#27;[37m-->&amp#27;[39m &amp#27;[37mGET&amp#27;[39m &amp#27;[37m/wd/hub/session/71784c92-b18a-46c1-a290-17ba74bb3393/appium/device/is_keyboard_shown&amp#27;[39m
&amp#27;[35m[HTTP]&amp#27;[39m &amp#27;[90m{}&amp#27;[39m
[debug] &amp#27;[35m[W3C (71784c92)]&amp#27;[39m Calling AppiumDriver.isKeyboardShown() with args: ["71784c92-b18a-46c1-a290-17ba74bb3393"]
[debug] &amp#27;[35m[ADB]&amp#27;[39m Running 'C:\Users\T1170\AppData\Local\Android\Sdk\platform-tools\adb.exe -P 5037 -s emulator-5554 shell dumpsys input_method'
[debug] &amp#27;[35m[W3C (71784c92)]&amp#27;[39m Responding to client with driver.isKeyboardShown() result: true
&amp#27;[35m[HTTP]&amp#27;[39m &amp#27;[37m<-- GET /wd/hub/session/71784c92-b18a-46c1-a290-17ba74bb3393/appium/device/is_keyboard_shown &amp#27;[39m&amp#27;[32m200&amp#27;[39m &amp#27;[90m95 ms - 14&amp#27;[39m
&amp#27;[35m[HTTP]&amp#27;[39m &amp#27;[90m&amp#27;[39m
Searching for Note field
&amp#27;[35m[HTTP]&amp#27;[39m &amp#27;[37m-->&amp#27;[39m &amp#27;[37mGET&amp#27;[39m &amp#27;[37m/wd/hub/session/71784c92-b18a-46c1-a290-17ba74bb3393/context&amp#27;[39m
&amp#27;[35m[HTTP]&amp#27;[39m &amp#27;[90m{}&amp#27;[39m
[debug] &amp#27;[35m[W3C (71784c92)]&amp#27;[39m Calling AppiumDriver.getCurrentContext() with args: ["71784c92-b18a-46c1-a290-17ba74bb3393"]
[debug] &amp#27;[35m[W3C (71784c92)]&amp#27;[39m Responding to client with driver.getCurrentContext() result: "NATIVE_APP"
&amp#27;[35m[HTTP]&amp#27;[39m &amp#27;[37m<-- GET /wd/hub/session/71784c92-b18a-46c1-a290-17ba74bb3393/context &amp#27;[39m&amp#27;[32m200&amp#27;[39m &amp#27;[90m1 ms - 22&amp#27;[39m
&amp#27;[35m[HTTP]&amp#27;[39m &amp#27;[90m&amp#27;[39m
&amp#27;[35m[HTTP]&amp#27;[39m &amp#27;[37m-->&amp#27;[39m &amp#27;[37mPOST&amp#27;[39m &amp#27;[37m/wd/hub/session/71784c92-b18a-46c1-a290-17ba74bb3393/element&amp#27;[39m
&amp#27;[35m[HTTP]&amp#27;[39m &amp#27;[90m{"using":"id","value":"com.nordpass.android.app.password.manager:id/note"}&amp#27;[39m
[debug] &amp#27;[35m[W3C (71784c92)]&amp#27;[39m Calling AppiumDriver.findElement() with args: ["id","com.nordpass.android.app.password.manager:id/note","71784c92-b18a-46c1-a290-17ba74bb3393"]
[debug] &amp#27;[35m[BaseDriver]&amp#27;[39m Valid locator strategies for this request: xpath, id, class name, accessibility id, -android uiautomator
[debug] &amp#27;[35m[BaseDriver]&amp#27;[39m Waiting up to 10000 ms for condition
[debug] &amp#27;[35m[WD Proxy]&amp#27;[39m Matched '/element' to command name 'findElement'
[debug] &amp#27;[35m[WD Proxy]&amp#27;[39m Proxying [POST /element] to [POST http://127.0.0.1:8201/wd/hub/session/e1a92ac3-39a4-4fa6-92fc-7041064cc14a/element] with body: {"strategy":"id","selector":"com.nordpass.android.app.password.manager:id/note","context":"","multiple":false}
[debug] &amp#27;[35m[WD Proxy]&amp#27;[39m Got response with status 200: {"sessionId":"e1a92ac3-39a4-4fa6-92fc-7041064cc14a","value":{"ELEMENT":"3e527a2b-58c3-4064-b60b-9a45891c7c30","element-6066-11e4-a52e-4f735466cecf":"3e527a2b-58c3-4064-b60b-9a45891c7c30"}}
[debug] &amp#27;[35m[W3C (71784c92)]&amp#27;[39m Responding to client with driver.findElement() result: {"element-6066-11e4-a52e-4f735466cecf":"3e527a2b-58c3-4064-b60b-9a45891c7c30","ELEMENT":"3e527a2b-58c3-4064-b60b-9a45891c7c30"}
&amp#27;[35m[HTTP]&amp#27;[39m &amp#27;[37m<-- POST /wd/hub/session/71784c92-b18a-46c1-a290-17ba74bb3393/element &amp#27;[39m&amp#27;[32m200&amp#27;[39m &amp#27;[90m52 ms - 137&amp#27;[39m
&amp#27;[35m[HTTP]&amp#27;[39m &amp#27;[90m&amp#27;[39m
&amp#27;[35m[HTTP]&amp#27;[39m &amp#27;[37m-->&amp#27;[39m &amp#27;[37mPOST&amp#27;[39m &amp#27;[37m/wd/hub/session/71784c92-b18a-46c1-a290-17ba74bb3393/element/3e527a2b-58c3-4064-b60b-9a45891c7c30/value&amp#27;[39m
&amp#27;[35m[HTTP]&amp#27;[39m &amp#27;[90m{"id":"3e527a2b-58c3-4064-b60b-9a45891c7c30","text":"Lorem ipsum dolor sit amet, consectetur adipiscing elit. Vivamus ac libero in metus ullamcorper tincidunt. Aliquam hendrerit, ipsum eget auctor ultrices, nibh massa ultricies lacus, sed sollicitudin sapien dolor et turpis. Integer nec lacus vitae justo gravida gravida. Quisque tempor ex luctus iaculis pretium. Pellentesque lectus mi, pellentesque vel sem vitae, semper tristique tortor. Fusce et convallis magna, rhoncus accumsan enim. Curabitur non egestas orci. Interdum et malesuada fames ac ante ipsum primis in faucibus. Vivamus tincidunt dolor ut convallis efficitur. Praesent hendrerit porttitor turpis. Praesent vel lectus fringilla, imperdiet velit ac, elementum dolor. Sed varius orci et ex imperdiet sodales. Nullam finibus dignissim nisi vel fringilla. Donec nec cursus urna, vitae malesuada purus. Ut vel sapien nec ex condimentum tincidunt a in felis. Pellentesque ac egestas mi.","value":["L","o","r","e","m"," ","i","p","s","u","m"," ","d","o","l","o...&amp#27;[39m
[debug] &amp#27;[35m[W3C (71784c92)]&amp#27;[39m Calling AppiumDriver.setValue() with args: [["L","o","r","e","m"," ","i","p","s","u","m"," ","d","o","l","o","r"," ","s","i","t"," ","a","m","e","t",","," ","c","o","n","s","e","c","t","e","t","u","r"," ","a","d","i","p","i","s","c","i","n","g"," ","e","l","i","t","."," ","V","i","v","a","m","u","s"," ","a","c"," ","l","i","b","e","r","o"," ","i","n"," ","m","e","t","u","s"," ","u","l","l","a","m","c","o","r","p","e","r"," ","t","i","n","c","i","d","u","n","t","."," ","A","l","i","q","u","a","m"," ","h","e","n","d","r","e","r","i","t",","," ","i","p","s","u","m"," ","e","g","e","t"," ","a","u","c","t","o","r"," ","u","l","t","r","i","c","e","s",","," ","n","i","b","h"," ","m","a","s","s","a"," ","u","l","t","r","i","c","i","e","s"," ","l","a","c","u","s",","," ","s","e","d"," ","s","o","l","l","i","c","i","t","u","d","i","n"," ","s","a","p","i","e","n"," ","d","o","l","o","r"," ","e","t"," ","t","u","r","p","i","s","."," ","I","n","t","e","g","e","r"," ","n","e","c"," ","l","a","c","u","s"," ","v","i","t","a","e"," ","j","u","s","t","o"," ","g","r"...
[debug] &amp#27;[35m[WD Proxy]&amp#27;[39m Matched '/element/3e527a2b-58c3-4064-b60b-9a45891c7c30/value' to command name 'setValue'
[debug] &amp#27;[35m[Protocol Converter]&amp#27;[39m Added 'value' property ["L","o","r","e","m"," ","i","p","s","u","m"," ","d","o","l","o","r"," ","s","i","t"," ","a","m","e","t",","," ","c","o","n","s","e","c","t","e","t","u","r"," ","a","d","i","p","i","s","c","i","n","g"," ","e","l","i","t","."," ","V","i","v","a","m","u","s"," ","a","c"," ","l","i","b","e","r","o"," ","i","n"," ","m","e","t","u","s"," ","u","l","l","a","m","c","o","r","p","e","r"," ","t","i","n","c","i","d","u","n","t","."," ","A","l","i","q","u","a","m"," ","h","e","n","d","r","e","r","i","t",","," ","i","p","s","u","m"," ","e","g","e","t"," ","a","u","c","t","o","r"," ","u","l","t","r","i","c","e","s",","," ","n","i","b","h"," ","m","a","s","s","a"," ","u","l","t","r","i","c","i","e","s"," ","l","a","c","u","s",","," ","s","e","d"," ","s","o","l","l","i","c","i","t","u","d","i","n"," ","s","a","p","i","e","n"," ","d","o","l","o","r"," ","e","t"," ","t","u","r","p","i","s","."," ","I","n","t","e","g","e","r"," ","n","e","c"," ","l","a","c","u","s"," ","v","i","t","a","e"," ","j","u","s","t","o"," ","g","r","a","v","i","d","a"," ","g","r","a","v","i","d","a","."," ","Q","u","i","s","q","u","e"," ","t","e","m","p","o","r"," ","e","x"," ","l","u","c","t","u","s"," ","i","a","c","u","l","i","s"," ","p","r","e","t","i","u","m","."," ","P","e","l","l","e","n","t","e","s","q","u","e"," ","l","e","c","t","u","s"," ","m","i",","," ","p","e","l","l","e","n","t","e","s","q","u","e"," ","v","e","l"," ","s","e","m"," ","v","i","t","a","e",","," ","s","e","m","p","e","r"," ","t","r","i","s","t","i","q","u","e"," ","t","o","r","t","o","r","."," ","F","u","s","c","e"," ","e","t"," ","c","o","n","v","a","l","l","i","s"," ","m","a","g","n","a",","," ","r","h","o","n","c","u","s"," ","a","c","c","u","m","s","a","n"," ","e","n","i","m","."," ","C","u","r","a","b","i","t","u","r"," ","n","o","n"," ","e","g","e","s","t","a","s"," ","o","r","c","i","."," ","I","n","t","e","r","d","u","m"," ","e","t"," ","m","a","l","e","s","u","a","d","a"," ","f","a","m","e","s"," ","a","c"," ","a","n","t","e"," ","i","p","s","u","m"," ","p","r","i","m","i","s"," ","i","n"," ","f","a","u","c","i","b","u","s","."," ","V","i","v","a","m","u","s"," ","t","i","n","c","i","d","u","n","t"," ","d","o","l","o","r"," ","u","t"," ","c","o","n","v","a","l","l","i","s"," ","e","f","f","i","c","i","t","u","r","."," ","P","r","a","e","s","e","n","t"," ","h","e","n","d","r","e","r","i","t"," ","p","o","r","t","t","i","t","o","r"," ","t","u","r","p","i","s","."," ","P","r","a","e","s","e","n","t"," ","v","e","l"," ","l","e","c","t","u","s"," ","f","r","i","n","g","i","l","l","a",","," ","i","m","p","e","r","d","i","e","t"," ","v","e","l","i","t"," ","a","c",","," ","e","l","e","m","e","n","t","u","m"," ","d","o","l","o","r","."," ","S","e","d"," ","v","a","r","i","u","s"," ","o","r","c","i"," ","e","t"," ","e","x"," ","i","m","p","e","r","d","i","e","t"," ","s","o","d","a","l","e","s","."," ","N","u","l","l","a","m"," ","f","i","n","i","b","u","s"," ","d","i","g","n","i","s","s","i","m"," ","n","i","s","i"," ","v","e","l"," ","f","r","i","n","g","i","l","l","a","."," ","D","o","n","e","c"," ","n","e","c"," ","c","u","r","s","u","s"," ","u","r","n","a",","," ","v","i","t","a","e"," ","m","a","l","e","s","u","a","d","a"," ","p","u","r","u","s","."," ","U","t"," ","v","e","l"," ","s","a","p","i","e","n"," ","n","e","c"," ","e","x"," ","c","o","n","d","i","m","e","n","t","u","m"," ","t","i","n","c","i","d","u","n","t"," ","a"," ","i","n"," ","f","e","l","i","s","."," ","P","e","l","l","e","n","t","e","s","q","u","e"," ","a","c"," ","e","g","e","s","t","a","s"," ","m","i","."] to 'setValue' request body
[debug] &amp#27;[35m[WD Proxy]&amp#27;[39m Proxying [POST /element/3e527a2b-58c3-4064-b60b-9a45891c7c30/value] to [POST http://127.0.0.1:8201/wd/hub/session/e1a92ac3-39a4-4fa6-92fc-7041064cc14a/element/3e527a2b-58c3-4064-b60b-9a45891c7c30/value] with body: {"elementId":"3e527a2b-58c3-4064-b60b-9a45891c7c30","text":"Lorem ipsum dolor sit amet, consectetur adipiscing elit. Vivamus ac libero in metus ullamcorper tincidunt. Aliquam hendrerit, ipsum eget auctor ultrices, nibh massa ultricies lacus, sed sollicitudin sapien dolor et turpis. Integer nec lacus vitae justo gravida gravida. Quisque tempor ex luctus iaculis pretium. Pellentesque lectus mi, pellentesque vel sem vitae, semper tristique tortor. Fusce et convallis magna, rhoncus accumsan enim. Curabitur non egestas orci. Interdum et malesuada fames ac ante ipsum primis in faucibus. Vivamus tincidunt dolor ut convallis efficitur. Praesent hendrerit porttitor turpis. Praesent vel lectus fringilla, imperdiet velit ac, elementum dolor. Sed varius orci et ex imperdiet sodales. Nullam finibus dignissim nisi vel fringilla. Donec nec cursus urna, vitae malesuada purus. Ut vel sapien nec ex condimentum tincidunt a in felis. Pellentesque ac egestas mi.","replace":false,"value":["L","o","r","e","m"," ","i","p","s","u"...
[debug] &amp#27;[35m[WD Proxy]&amp#27;[39m Got response with status 200: {"sessionId":"e1a92ac3-39a4-4fa6-92fc-7041064cc14a","value":null}
[debug] &amp#27;[35m[W3C (71784c92)]&amp#27;[39m Responding to client with driver.setValue() result: null
&amp#27;[35m[HTTP]&amp#27;[39m &amp#27;[37m<-- POST /wd/hub/session/71784c92-b18a-46c1-a290-17ba74bb3393/element/3e527a2b-58c3-4064-b60b-9a45891c7c30/value &amp#27;[39m&amp#27;[32m200&amp#27;[39m &amp#27;[90m750 ms - 14&amp#27;[39m
&amp#27;[35m[HTTP]&amp#27;[39m &amp#27;[90m&amp#27;[39m
Searching for Note field
&amp#27;[35m[HTTP]&amp#27;[39m &amp#27;[37m-->&amp#27;[39m &amp#27;[37mGET&amp#27;[39m &amp#27;[37m/wd/hub/session/71784c92-b18a-46c1-a290-17ba74bb3393/context&amp#27;[39m
&amp#27;[35m[HTTP]&amp#27;[39m &amp#27;[90m{}&amp#27;[39m
[debug] &amp#27;[35m[W3C (71784c92)]&amp#27;[39m Calling AppiumDriver.getCurrentContext() with args: ["71784c92-b18a-46c1-a290-17ba74bb3393"]
[debug] &amp#27;[35m[W3C (71784c92)]&amp#27;[39m Responding to client with driver.getCurrentContext() result: "NATIVE_APP"
&amp#27;[35m[HTTP]&amp#27;[39m &amp#27;[37m<-- GET /wd/hub/session/71784c92-b18a-46c1-a290-17ba74bb3393/context &amp#27;[39m&amp#27;[32m200&amp#27;[39m &amp#27;[90m2 ms - 22&amp#27;[39m
&amp#27;[35m[HTTP]&amp#27;[39m &amp#27;[90m&amp#27;[39m
&amp#27;[35m[HTTP]&amp#27;[39m &amp#27;[37m-->&amp#27;[39m &amp#27;[37mPOST&amp#27;[39m &amp#27;[37m/wd/hub/session/71784c92-b18a-46c1-a290-17ba74bb3393/element&amp#27;[39m
&amp#27;[35m[HTTP]&amp#27;[39m &amp#27;[90m{"using":"id","value":"com.nordpass.android.app.password.manager:id/note"}&amp#27;[39m
[debug] &amp#27;[35m[W3C (71784c92)]&amp#27;[39m Calling AppiumDriver.findElement() with args: ["id","com.nordpass.android.app.password.manager:id/note","71784c92-b18a-46c1-a290-17ba74bb3393"]
[debug] &amp#27;[35m[BaseDriver]&amp#27;[39m Valid locator strategies for this request: xpath, id, class name, accessibility id, -android uiautomator
[debug] &amp#27;[35m[BaseDriver]&amp#27;[39m Waiting up to 10000 ms for condition
[debug] &amp#27;[35m[WD Proxy]&amp#27;[39m Matched '/element' to command name 'findElement'
[debug] &amp#27;[35m[WD Proxy]&amp#27;[39m Proxying [POST /element] to [POST http://127.0.0.1:8201/wd/hub/session/e1a92ac3-39a4-4fa6-92fc-7041064cc14a/element] with body: {"strategy":"id","selector":"com.nordpass.android.app.password.manager:id/note","context":"","multiple":false}
[debug] &amp#27;[35m[WD Proxy]&amp#27;[39m Got response with status 200: {"sessionId":"e1a92ac3-39a4-4fa6-92fc-7041064cc14a","value":{"ELEMENT":"04bc9ea5-d408-4e2b-9e87-f76660c25a17","element-6066-11e4-a52e-4f735466cecf":"04bc9ea5-d408-4e2b-9e87-f76660c25a17"}}
[debug] &amp#27;[35m[W3C (71784c92)]&amp#27;[39m Responding to client with driver.findElement() result: {"element-6066-11e4-a52e-4f735466cecf":"04bc9ea5-d408-4e2b-9e87-f76660c25a17","ELEMENT":"04bc9ea5-d408-4e2b-9e87-f76660c25a17"}
&amp#27;[35m[HTTP]&amp#27;[39m &amp#27;[37m<-- POST /wd/hub/session/71784c92-b18a-46c1-a290-17ba74bb3393/element &amp#27;[39m&amp#27;[32m200&amp#27;[39m &amp#27;[90m882 ms - 137&amp#27;[39m
&amp#27;[35m[HTTP]&amp#27;[39m &amp#27;[90m&amp#27;[39m
&amp#27;[35m[HTTP]&amp#27;[39m &amp#27;[37m-->&amp#27;[39m &amp#27;[37mGET&amp#27;[39m &amp#27;[37m/wd/hub/session/71784c92-b18a-46c1-a290-17ba74bb3393/element/04bc9ea5-d408-4e2b-9e87-f76660c25a17/text&amp#27;[39m
&amp#27;[35m[HTTP]&amp#27;[39m &amp#27;[90m{}&amp#27;[39m
&amp#27;[35m[W3C (71784c92)]&amp#27;[39m Driver proxy active, passing request on via HTTP proxy
[debug] &amp#27;[35m[WD Proxy]&amp#27;[39m Matched '/wd/hub/session/71784c92-b18a-46c1-a290-17ba74bb3393/element/04bc9ea5-d408-4e2b-9e87-f76660c25a17/text' to command name 'getText'
[debug] &amp#27;[35m[WD Proxy]&amp#27;[39m Proxying [GET /wd/hub/session/71784c92-b18a-46c1-a290-17ba74bb3393/element/04bc9ea5-d408-4e2b-9e87-f76660c25a17/text] to [GET http://127.0.0.1:8201/wd/hub/session/e1a92ac3-39a4-4fa6-92fc-7041064cc14a/element/04bc9ea5-d408-4e2b-9e87-f76660c25a17/text] with no body
[debug] &amp#27;[35m[WD Proxy]&amp#27;[39m Got response with status 200: {"sessionId":"e1a92ac3-39a4-4fa6-92fc-7041064cc14a","value":"Lorem ipsum dolor sit amet, consectetur adipiscing elit. Vivamus ac libero in metus ullamcorper tincidunt. Aliquam hendrerit, ipsum eget auctor ultrices, nibh massa ultricies lacus, sed sollicitudin sapien dolor et turpis. Integer nec lacus vitae justo gravida gravida. Quisque tempor ex luctus iaculis pretium. Pellentesque lectus mi, pellentesque vel sem vitae, semper tristique tortor. Fusce et convallis magna, rhoncus accumsan enim. Curabitur non egestas orci. Interdum et malesuada fames ac ante ipsum primis in faucibus. Vivamus tincidunt dolor ut convallis efficitur. Praesent hendrerit porttitor turpis. Praesent vel lectus fringilla, imperdiet velit ac, elementum dolor. Sed varius orci et ex imperdiet sodales. Nullam finibus dignissim nisi vel fringilla. Donec nec cursus urna, vitae malesuada purus. Ut vel sapien nec ex condimentum tincidunt a in felis. Pellentesque ac egestas mi."}
&amp#27;[35m[WD Proxy]&amp#27;[39m Replacing sessionId e1a92ac3-39a4-4fa6-92fc-7041064cc14a with 71784c92-b18a-46c1-a290-17ba74bb3393
&amp#27;[35m[HTTP]&amp#27;[39m &amp#27;[37m<-- GET /wd/hub/session/71784c92-b18a-46c1-a290-17ba74bb3393/element/04bc9ea5-d408-4e2b-9e87-f76660c25a17/text &amp#27;[39m&amp#27;[32m200&amp#27;[39m &amp#27;[90m42 ms - 958&amp#27;[39m
&amp#27;[35m[HTTP]&amp#27;[39m &amp#27;[90m&amp#27;[39m
&amp#27;[35m[HTTP]&amp#27;[39m &amp#27;[37m-->&amp#27;[39m &amp#27;[37mPOST&amp#27;[39m &amp#27;[37m/wd/hub/session/71784c92-b18a-46c1-a290-17ba74bb3393/appium/device/hide_keyboard&amp#27;[39m
&amp#27;[35m[HTTP]&amp#27;[39m &amp#27;[90m{}&amp#27;[39m
[debug] &amp#27;[35m[W3C (71784c92)]&amp#27;[39m Calling AppiumDriver.hideKeyboard() with args: [null,null,null,null,"71784c92-b18a-46c1-a290-17ba74bb3393"]
[debug] &amp#27;[35m[ADB]&amp#27;[39m Running 'C:\Users\T1170\AppData\Local\Android\Sdk\platform-tools\adb.exe -P 5037 -s emulator-5554 shell dumpsys input_method'
[debug] &amp#27;[35m[ADB]&amp#27;[39m Running 'C:\Users\T1170\AppData\Local\Android\Sdk\platform-tools\adb.exe -P 5037 -s emulator-5554 shell input keyevent 111'
[debug] &amp#27;[35m[ADB]&amp#27;[39m Running 'C:\Users\T1170\AppData\Local\Android\Sdk\platform-tools\adb.exe -P 5037 -s emulator-5554 shell dumpsys input_method'
[debug] &amp#27;[35m[W3C (71784c92)]&amp#27;[39m Responding to client with driver.hideKeyboard() result: true
&amp#27;[35m[HTTP]&amp#27;[39m &amp#27;[37m<-- POST /wd/hub/session/71784c92-b18a-46c1-a290-17ba74bb3393/appium/device/hide_keyboard &amp#27;[39m&amp#27;[32m200&amp#27;[39m &amp#27;[90m410 ms - 14&amp#27;[39m
&amp#27;[35m[HTTP]&amp#27;[39m &amp#27;[90m&amp#27;[39m
&amp#27;[35m[HTTP]&amp#27;[39m &amp#27;[37m-->&amp#27;[39m &amp#27;[37mGET&amp#27;[39m &amp#27;[37m/wd/hub/session/71784c92-b18a-46c1-a290-17ba74bb3393/screenshot&amp#27;[39m
&amp#27;[35m[HTTP]&amp#27;[39m &amp#27;[90m{}&amp#27;[39m
[debug] &amp#27;[35m[W3C (71784c92)]&amp#27;[39m Calling AppiumDriver.getScreenshot() with args: ["71784c92-b18a-46c1-a290-17ba74bb3393"]
[debug] &amp#27;[35m[WD Proxy]&amp#27;[39m Matched '/screenshot' to command name 'getScreenshot'
[debug] &amp#27;[35m[WD Proxy]&amp#27;[39m Proxying [GET /screenshot] to [GET http://127.0.0.1:8201/wd/hub/session/e1a92ac3-39a4-4fa6-92fc-7041064cc14a/screenshot] with no body
[debug] &amp#27;[35m[WD Proxy]&amp#27;[39m Got response with status 200: {"sessionId":"e1a92ac3-39a4-4fa6-92fc-7041064cc14a","value":"iVBORw0KGgoAAAANSUhEUgAABaAAAAoACAYAAABH9IXPAAAAAXNSR0IArs4c6QAAAARzQklUCAgI\nCHwIZIgAACAASURBVHic7N17dNTlnfjxT0i4iYBxEa1KRRSlolWx67b1goJKBQURrNrTYqt01y3d\nonXdXs52tXXXXqwVtdpTbd1apYrcREQRlWKlgtatWPF+wVhWUVOuQiAm5PeHP1wVMjNJ5slkZl6v\nczzH5PvMMx8O1/PON8+3IiKaAgAAAAAA8qxToQcAAAAAAKA0CdAAAAAAACQhQAMAAAAAkIQADQAA\nAABAEgI0AAAAAABJCNAAAAAAACQhQAMAAAAAkIQADQAAAABAEgI0AAAAAABJCNAAAAAAACQhQAMA\nAAAAkIQADQAAAABAEgI0AAAAAABJCNAAAAAAACQhQAMAAAAAkIQADQAAAABAEgI0AAAAAABJCNAA\nAAAAACRRVegBAAAAAAA6ov79+8err75a6DHikksuyXntzTff3CFm3qYiIpoKPQQAAAAAQEfy1a9+\nNQ477LCYNGlSoUeJpqbcE+7xxx8fixYtSjdMCzmCAwAAAADgAyZOnBg33HBDoccoCQI0AAAAAMD/\nN3HixLjxxhsLPUbJEKABAAAAAEJ8TkGABgAAAADK3qRJkwoan6+66qpYs2ZNNDU1bfdfS/z+97/f\n7vUrVqxo0YMM86mqIO8KAAAAANBBTJo0KX7+858X7P2nTJkSkydPTrZ///7949JLL42Kioq49NJL\nk73PjrgDGgAAAAAoW4WOzxER55xzTkm9zwcJ0AAAAABAWeoI8TkiYpdddmmX9+nfv3+7vM8HCdAA\nAAAAQNnpKPG51AnQAAAAAEBZEZ/bjwANAAAAAJSNb37zmzuMzxs3bow1a9Z86HNNTU3tNVbJEqAB\nAAAAgLIwadKkuPLKK7f7/Dvv...
[debug] &amp#27;[35m[W3C (71784c92)]&amp#27;[39m Responding to client with driver.getScreenshot() result: "iVBORw0KGgoAAAANSUhEUgAABaAAAAoACAYAAABH9IXPAAAAAXNSR0IArs4c6QAAAARzQklUCAgI\nCHwIZIgAACAASURBVHic7N17dNTlnfjxT0i4iYBxEa1KRRSlolWx67b1goJKBQURrNrTYqt01y3d\nonXdXs52tXXXXqwVtdpTbd1apYrcREQRlWKlgtatWPF+wVhWUVOuQiAm5PeHP1wVMjNJ5slkZl6v\nczzH5PvMMx8O1/PON8+3IiKaAgAAAAAA8qxToQcAAAAAAKA0CdAAAAAAACQhQAMAAAAAkIQADQAA\nAABAEgI0AAAAAABJCNAAAAAAACQhQAMAAAAAkIQADQAAAABAEgI0AAAAAABJCNAAAAAAACQhQAMA\nAAAAkIQADQAAAABAEgI0AAAAAABJCNAAAAAAACQhQAMAAAAAkIQADQAAAABAEgI0AAAAAABJCNAA\nAAAAACRRVegBAAAAAAA6ov79+8err75a6DHikksuyXntzTff3CFm3qYiIpoKPQQAAAAAQEfy1a9+\nNQ477LCYNGlSoUeJpqbcE+7xxx8fixYtSjdMCzmCAwAAAADgAyZOnBg33HBDoccoCQI0AAAAAMD/\nN3HixLjxxhsLPUbJEKABAAAAAEJ8TkGABgAAAADK3qRJkwoan6+66qpYs2ZNNDU1bfdfS/z+97/f\n7vUrVqxo0YMM86mqIO8KAAAAANBBTJo0KX7+858X7P2nTJkSkydPTrZ///7949JLL42Kioq49NJL\nk73PjrgDGgAAAAAoW4WOzxER55xzTkm9zwcJ0AAAAABAWeoI8TkiYpdddmmX9+nfv3+7vM8HCdAA\nAAAAQNnpKPG51AnQAAAAAEBZEZ/bjwANAAAAAJSNb37zmzuMzxs3bow1a9Z86HNNTU3tNVbJEqAB\nAAAAgLIwadKkuPLKK7f7/DvvvBPDhg2LVatWfejzFRUV7TVayRKgAQAAAICSd9FFF+3wzud33nkn\nhg8fHo...
&amp#27;[35m[HTTP]&amp#27;[39m &amp#27;[37m<-- GET /wd/hub/session/71784c92-b18a-46c1-a290-17ba74bb3393/screenshot &amp#27;[39m&amp#27;[32m200&amp#27;[39m &amp#27;[90m432 ms - 398396&amp#27;[39m
&amp#27;[35m[HTTP]&amp#27;[39m &amp#27;[90m&amp#27;[39m
&amp#27;[35m[HTTP]&amp#27;[39m &amp#27;[37m-->&amp#27;[39m &amp#27;[37mPOST&amp#27;[39m &amp#27;[37m/wd/hub/session/71784c92-b18a-46c1-a290-17ba74bb3393/appium/compare_images&amp#27;[39m
&amp#27;[35m[HTTP]&amp#27;[39m &amp#27;[90m{"mode":"getSimilarity","firstImage":"iVBORw0KGgoAAAANSUhEUgAABaAAAAoACAYAAABH9IXPAAAAAXNSR0IArs4c6QAAAARzQklUCAgICHwIZIgAACAASURBVHic7N17dNTlnfjxT0i4iYBxEa1KRRSlolWx67b1goJKBQURrNrTYqt01y3donXdXs52tXXXXqwVtdpTbd1apYrcREQRlWKlgtatWPF+wVhWUVOuQiAm5PeHP1wVMjNJ5slkZl6vczzH5PvMMx8O1/PON8+3IiKaAgAAAAAA8qxToQcAAAAAAKA0CdAAAAAAACQhQAMAAAAAkIQADQAAAABAEgI0AAAAAABJCNAAAAAAACQhQAMAAAAAkIQADQAAAABAEgI0AAAAAABJCNAAAAAAACQhQAMAAAAAkIQADQAAAABAEgI0AAAAAABJCNAAAAAAACQhQAMAAAAAkIQADQAAAABAEgI0AAAAAABJCNAAAAAAACRRVegBAAAAAAA6ov79+8err75a6DHikksuyXntzTff3CFm3qYiIpoKPQQAAAAAQEfy1a9+NQ477LCYNGlSoUeJpqbcE+7xxx8fixYtSjdMCzmCAwAAAADgAyZOnBg33HBDoccoCQI0AAAAAMD/N3HixLjxxhsLPUbJEKABAAAAAEJ8TkGABgAAAADK3qRJkwoan6+66qpYs2ZNNDU1bfdfS/z+97/f7vUrVqxo0YMM86mqIO8KAAAAANBBTJo0KX7+858X7P2nTJkSkydPTrZ///7949JLL42Kioq49NJLk73PjrgDGgAAAAAoW4WOzxER55xzTkm9zwcJ0AAAAABAWeoI8TkiYpdddmmX9+nfv3+7vM8HCdAAAAAAQNnpKPG51AnQAAAAAEBZEZ/bjwANAAAAAJSNb37zmzuMzxs3bow1a9Z86HNNTU3tNVbJEqABAAAAgLIwadKkuPLKK7f7/DvvvBPDhg2LVatWfejzFRUV7TVayRKgAQAAAICSd9FFF+3wzud...&amp#27;[39m
[debug] &amp#27;[35m[W3C (71784c92)]&amp#27;[39m Calling AppiumDriver.compareImages() with args: ["getSimilarity","iVBORw0KGgoAAAANSUhEUgAABaAAAAoACAYAAABH9IXPAAAAAXNSR0IArs4c6QAAAARzQklUCAgICHwIZIgAACAASURBVHic7N17dNTlnfjxT0i4iYBxEa1KRRSlolWx67b1goJKBQURrNrTYqt01y3donXdXs52tXXXXqwVtdpTbd1apYrcREQRlWKlgtatWPF+wVhWUVOuQiAm5PeHP1wVMjNJ5slkZl6vczzH5PvMMx8O1/PON8+3IiKaAgAAAAAA8qxToQcAAAAAAKA0CdAAAAAAACQhQAMAAAAAkIQADQAAAABAEgI0AAAAAABJCNAAAAAAACQhQAMAAAAAkIQADQAAAABAEgI0AAAAAABJCNAAAAAAACQhQAMAAAAAkIQADQAAAABAEgI0AAAAAABJCNAAAAAAACQhQAMAAAAAkIQADQAAAABAEgI0AAAAAABJCNAAAAAAACRRVegBAAAAAAA6ov79+8err75a6DHikksuyXntzTff3CFm3qYiIpoKPQQAAAAAQEfy1a9+NQ477LCYNGlSoUeJpqbcE+7xxx8fixYtSjdMCzmCAwAAAADgAyZOnBg33HBDoccoCQI0AAAAAMD/N3HixLjxxhsLPUbJEKABAAAAAEJ8TkGABgAAAADK3qRJkwoan6+66qpYs2ZNNDU1bfdfS/z+97/f7vUrVqxo0YMM86mqIO8KAAAAANBBTJo0KX7+858X7P2nTJkSkydPTrZ///7949JLL42Kioq49NJLk73PjrgDGgAAAAAoW4WOzxER55xzTkm9zwcJ0AAAAABAWeoI8TkiYpdddmmX9+nfv3+7vM8HCdAAAAAAQNnpKPG51AnQAAAAAEBZEZ/bjwANAAAAAJSNb37zmzuMzxs3bow1a9Z86HNNTU3tNVbJEqABAAAAgLIwadKkuPLKK7f7/DvvvBPDhg2LVatWfejzFRUV7TVayRKgAQAAAICSd9FFF+3wzud33nknhg8fHo899lgBpip...
[debug] &amp#27;[35m[W3C (71784c92)]&amp#27;[39m Responding to client with driver.compareImages() result: {"score":0.999739944934845,"visualization":"iVBORw0KGgoAAAANSUhEUgAAC0AAAAoACAIAAACtAjTvAAAgAElEQVR4AezBD2ycdeHH8c+XzfBnId2U5FHRyPgz+9CouMUmluXhygnNwYbVlG3gUScrccszBFdgArIehxojnejSPRowDRAaFCqg4oLHie0QHjh+YXNprlw6yAZPNIZlbFDCHFu/v6QJSZe7jo495dr1/XoZAQAAAAAAAAAAAAAAoKqMAAAAAAAAAAAAAAAAUFVGAAAAAAAAAAAAAAAAqCojAAAAAAAAAAAAAAAAVJURAAAAAAAAAAAAAAAAqsoIAAAAAAAAAAAAAAAAVWUEAAAAAAAAAAAAAACAqjICAAAAAAAAAAAAAABAVRkBAAAAAAAAAAAAAACgqowAAAAAAAAAAAAAAABQVUYAAAAAAAAAAAAAAACoKiMAAAAAAAAAAAAAAABUlREAAAAAAAAAAAAAAACqyggAAAAAAAAAAAAAAABVZQQAAAAAAAAAAAAAAICqMgIAAAAAAAAAAAAAAEBVGQEAAAAAAAAAAAAAAKCqjAAAAAAAAAAAAAAAAFBVRgAAAAAAAAAAAAAAAKgqIwAAAAAAcGI566yzdu3apUnW0dGho3rggQd27dolAAAAAACAY3fWWWft2rVLk6yjo0NH9cADD+zatUsfCyMAAAAAAHACue666y644ALf9zXJrLU6qsbGxr6+PgEAAAAAAByj66677oILLvB9X5PMWqujamxs7Ovr08fCCAAAAAAAnCja2truu+++IAh839cks9bqqBobG/v6+gQAAAAAAHAs2tra7rvvviAIfN/XJLPW6qgaGxv7+vr0sTACAAAAAAAnhLa2tvvuu09SEAS+72uSWWt1VI2NjX19fQIAAAAAAJiwtra2++67T1IQBL7va5JZa3VUjY2NfX19+lgYAQAAAACA6a+tre2+++7TqCAIfN/XJLPW6qgaGxv7+voEAAAAAAAwMW1tb...
&amp#27;[35m[HTTP]&amp#27;[39m &amp#27;[37m<-- POST /wd/hub/session/71784c92-b18a-46c1-a290-17ba74bb3393/appium/compare_images &amp#27;[39m&amp#27;[32m200&amp#27;[39m &amp#27;[90m453 ms - 1956324&amp#27;[39m
&amp#27;[35m[HTTP]&amp#27;[39m &amp#27;[90m&amp#27;[39m
Visual check of 'Note Field' passed; similarity match was 0,999740
Searching for Done button
&amp#27;[35m[HTTP]&amp#27;[39m &amp#27;[37m-->&amp#27;[39m &amp#27;[37mGET&amp#27;[39m &amp#27;[37m/wd/hub/session/71784c92-b18a-46c1-a290-17ba74bb3393/context&amp#27;[39m
&amp#27;[35m[HTTP]&amp#27;[39m &amp#27;[90m{}&amp#27;[39m
[debug] &amp#27;[35m[W3C (71784c92)]&amp#27;[39m Calling AppiumDriver.getCurrentContext() with args: ["71784c92-b18a-46c1-a290-17ba74bb3393"]
[debug] &amp#27;[35m[W3C (71784c92)]&amp#27;[39m Responding to client with driver.getCurrentContext() result: "NATIVE_APP"
&amp#27;[35m[HTTP]&amp#27;[39m &amp#27;[37m<-- GET /wd/hub/session/71784c92-b18a-46c1-a290-17ba74bb3393/context &amp#27;[39m&amp#27;[32m200&amp#27;[39m &amp#27;[90m1 ms - 22&amp#27;[39m
&amp#27;[35m[HTTP]&amp#27;[39m &amp#27;[90m&amp#27;[39m
&amp#27;[35m[HTTP]&amp#27;[39m &amp#27;[37m-->&amp#27;[39m &amp#27;[37mPOST&amp#27;[39m &amp#27;[37m/wd/hub/session/71784c92-b18a-46c1-a290-17ba74bb3393/element&amp#27;[39m
&amp#27;[35m[HTTP]&amp#27;[39m &amp#27;[90m{"using":"accessibility id","value":"Done"}&amp#27;[39m
[debug] &amp#27;[35m[W3C (71784c92)]&amp#27;[39m Calling AppiumDriver.findElement() with args: ["accessibility id","Done","71784c92-b18a-46c1-a290-17ba74bb3393"]
[debug] &amp#27;[35m[BaseDriver]&amp#27;[39m Valid locator strategies for this request: xpath, id, class name, accessibility id, -android uiautomator
[debug] &amp#27;[35m[BaseDriver]&amp#27;[39m Waiting up to 10000 ms for condition
[debug] &amp#27;[35m[WD Proxy]&amp#27;[39m Matched '/element' to command name 'findElement'
[debug] &amp#27;[35m[WD Proxy]&amp#27;[39m Proxying [POST /element] to [POST http://127.0.0.1:8201/wd/hub/session/e1a92ac3-39a4-4fa6-92fc-7041064cc14a/element] with body: {"strategy":"accessibility id","selector":"Done","context":"","multiple":false}
[debug] &amp#27;[35m[WD Proxy]&amp#27;[39m Got response with status 200: {"sessionId":"e1a92ac3-39a4-4fa6-92fc-7041064cc14a","value":{"ELEMENT":"7530143b-ea29-48d9-a32b-bd290dbdcab3","element-6066-11e4-a52e-4f735466cecf":"7530143b-ea29-48d9-a32b-bd290dbdcab3"}}
[debug] &amp#27;[35m[W3C (71784c92)]&amp#27;[39m Responding to client with driver.findElement() result: {"element-6066-11e4-a52e-4f735466cecf":"7530143b-ea29-48d9-a32b-bd290dbdcab3","ELEMENT":"7530143b-ea29-48d9-a32b-bd290dbdcab3"}
&amp#27;[35m[HTTP]&amp#27;[39m &amp#27;[37m<-- POST /wd/hub/session/71784c92-b18a-46c1-a290-17ba74bb3393/element &amp#27;[39m&amp#27;[32m200&amp#27;[39m &amp#27;[90m17 ms - 137&amp#27;[39m
&amp#27;[35m[HTTP]&amp#27;[39m &amp#27;[90m&amp#27;[39m
&amp#27;[35m[HTTP]&amp#27;[39m &amp#27;[37m-->&amp#27;[39m &amp#27;[37mPOST&amp#27;[39m &amp#27;[37m/wd/hub/session/71784c92-b18a-46c1-a290-17ba74bb3393/element/7530143b-ea29-48d9-a32b-bd290dbdcab3/click&amp#27;[39m
&amp#27;[35m[HTTP]&amp#27;[39m &amp#27;[90m{"id":"7530143b-ea29-48d9-a32b-bd290dbdcab3"}&amp#27;[39m
[debug] &amp#27;[35m[W3C (71784c92)]&amp#27;[39m Calling AppiumDriver.click() with args: ["7530143b-ea29-48d9-a32b-bd290dbdcab3","71784c92-b18a-46c1-a290-17ba74bb3393"]
[debug] &amp#27;[35m[WD Proxy]&amp#27;[39m Matched '/element/7530143b-ea29-48d9-a32b-bd290dbdcab3/click' to command name 'click'
[debug] &amp#27;[35m[WD Proxy]&amp#27;[39m Proxying [POST /element/7530143b-ea29-48d9-a32b-bd290dbdcab3/click] to [POST http://127.0.0.1:8201/wd/hub/session/e1a92ac3-39a4-4fa6-92fc-7041064cc14a/element/7530143b-ea29-48d9-a32b-bd290dbdcab3/click] with body: {"element":"7530143b-ea29-48d9-a32b-bd290dbdcab3"}
[debug] &amp#27;[35m[WD Proxy]&amp#27;[39m Got response with status 200: {"sessionId":"e1a92ac3-39a4-4fa6-92fc-7041064cc14a","value":null}
[debug] &amp#27;[35m[W3C (71784c92)]&amp#27;[39m Responding to client with driver.click() result: null
&amp#27;[35m[HTTP]&amp#27;[39m &amp#27;[37m<-- POST /wd/hub/session/71784c92-b18a-46c1-a290-17ba74bb3393/element/7530143b-ea29-48d9-a32b-bd290dbdcab3/click &amp#27;[39m&amp#27;[32m200&amp#27;[39m &amp#27;[90m63 ms - 14&amp#27;[39m
&amp#27;[35m[HTTP]&amp#27;[39m &amp#27;[90m&amp#27;[39m
&amp#27;[35m[HTTP]&amp#27;[39m &amp#27;[37m-->&amp#27;[39m &amp#27;[37mGET&amp#27;[39m &amp#27;[37m/wd/hub/session/71784c92-b18a-46c1-a290-17ba74bb3393/screenshot&amp#27;[39m
&amp#27;[35m[HTTP]&amp#27;[39m &amp#27;[90m{}&amp#27;[39m
[debug] &amp#27;[35m[W3C (71784c92)]&amp#27;[39m Calling AppiumDriver.getScreenshot() with args: ["71784c92-b18a-46c1-a290-17ba74bb3393"]
[debug] &amp#27;[35m[WD Proxy]&amp#27;[39m Matched '/screenshot' to command name 'getScreenshot'
[debug] &amp#27;[35m[WD Proxy]&amp#27;[39m Proxying [GET /screenshot] to [GET http://127.0.0.1:8201/wd/hub/session/e1a92ac3-39a4-4fa6-92fc-7041064cc14a/screenshot] with no body
[debug] &amp#27;[35m[WD Proxy]&amp#27;[39m Got response with status 200: {"sessionId":"e1a92ac3-39a4-4fa6-92fc-7041064cc14a","value":"iVBORw0KGgoAAAANSUhEUgAABaAAAAoACAYAAABH9IXPAAAAAXNSR0IArs4c6QAAAARzQklUCAgI\nCHwIZIgAACAASURBVHic7N15dJ11nfjxT5Y2TdMkTYmALMpWRAqyOYyKshWoAhYKRcRRUKwOTkdB\nOG4cPeIy4IYsZ2COoswgIBQKLVvZBMtYAZURlCKgbMUOa8ieJmm23x/8ygBt7r1J7nOf3Htfr3M4\nZ8zzvd/n0+kFyjtPvrciIkYCAAAAAADyrDLtAQAAAAAAKE0CNAAAAAAAiRCgAQAAAABIhAANAAAA\nAEAiBGgAAAAAABIhQAMAAAAAkAgBGgAAAACARAjQAAAAAAAkQoAGAAAAACARAjQAAAAAAIkQoAEA\nAAAASIQADQAAAABAIgRoAAAAAAASIUADAAAAAJAIARoAAAAAgEQI0AAAAAAAJEKABgAAAAAgEQI0\nAAAAAACJqE57AAAAAACAyWi77baLZ555Ju0x4pvf/GbOay+77LJJMfMGFRExkvYQAAAAAACTyWc+\n85nYc889Y/HixWmPEiMjuSfcgw46KFauXJncMGPkCA4AAAAAgNdZtGhR/PSnP017jJIgQAMAAAAA\n/H+LFi2KSy65JO0xSoYADQAAAAAQ4nMSBGgAAAAAoOwtXrw41fh83nnnRVtbW4yMjGz011j8+te/\n3uj1Tz/99Jg+yDCfqlO5KwAAAADAJLF48eL493//99Tuf/7558epp56a2P7bbbddnHXWWVFRURFn\nnXVWYvfZFE9AAwAAAABlK+34HBFx0kknldR9Xk+ABgAAAADK0mSIzxERM2fOLMh9tttuu4Lc5/UE\naAAAAACg7EyW+FzqBGgAAAAAoKyIz4UjQAMAAAAAZeP000/fZHzu6emJtra2N3xtZGSkUGOVLAEa\nAAAAACgLixcvjnPPPXejr3d3...
[debug] &amp#27;[35m[W3C (71784c92)]&amp#27;[39m Responding to client with driver.getScreenshot() result: "iVBORw0KGgoAAAANSUhEUgAABaAAAAoACAYAAABH9IXPAAAAAXNSR0IArs4c6QAAAARzQklUCAgI\nCHwIZIgAACAASURBVHic7N15dJ11nfjxT5Y2TdMkTYmALMpWRAqyOYyKshWoAhYKRcRRUKwOTkdB\nOG4cPeIy4IYsZ2COoswgIBQKLVvZBMtYAZURlCKgbMUOa8ieJmm23x/8ygBt7r1J7nOf3Htfr3M4\nZ8zzvd/n0+kFyjtPvrciIkYCAAAAAADyrDLtAQAAAAAAKE0CNAAAAAAAiRCgAQAAAABIhAANAAAA\nAEAiBGgAAAAAABIhQAMAAAAAkAgBGgAAAACARAjQAAAAAAAkQoAGAAAAACARAjQAAAAAAIkQoAEA\nAAAASIQADQAAAABAIgRoAAAAAAASIUADAAAAAJAIARoAAAAAgEQI0AAAAAAAJEKABgAAAAAgEQI0\nAAAAAACJqE57AAAAAACAyWi77baLZ555Ju0x4pvf/GbOay+77LJJMfMGFRExkvYQAAAAAACTyWc+\n85nYc889Y/HixWmPEiMjuSfcgw46KFauXJncMGPkCA4AAAAAgNdZtGhR/PSnP017jJIgQAMAAAAA\n/H+LFi2KSy65JO0xSoYADQAAAAAQ4nMSBGgAAAAAoOwtXrw41fh83nnnRVtbW4yMjGz011j8+te/\n3uj1Tz/99Jg+yDCfqlO5KwAAAADAJLF48eL493//99Tuf/7558epp56a2P7bbbddnHXWWVFRURFn\nnXVWYvfZFE9AAwAAAABlK+34HBFx0kknldR9Xk+ABgAAAADK0mSIzxERM2fOLMh9tttuu4Lc5/UE\naAAAAACg7EyW+FzqBGgAAAAAoKyIz4UjQAMAAAAAZeP000/fZHzu6emJtra2N3xtZGSkUGOVLAEa\nAAAAACgLixcvjnPPPXejr3d3d8fBBx8cL7zwwhu+XlFRUajRSpYADQAAAACUvDPOOGOTTz53d3fH\n3Llz4/...
&amp#27;[35m[HTTP]&amp#27;[39m &amp#27;[37m<-- GET /wd/hub/session/71784c92-b18a-46c1-a290-17ba74bb3393/screenshot &amp#27;[39m&amp#27;[32m200&amp#27;[39m &amp#27;[90m463 ms - 401934&amp#27;[39m
&amp#27;[35m[HTTP]&amp#27;[39m &amp#27;[90m&amp#27;[39m
&amp#27;[35m[HTTP]&amp#27;[39m &amp#27;[37m-->&amp#27;[39m &amp#27;[37mPOST&amp#27;[39m &amp#27;[37m/wd/hub/session/71784c92-b18a-46c1-a290-17ba74bb3393/appium/compare_images&amp#27;[39m
&amp#27;[35m[HTTP]&amp#27;[39m &amp#27;[90m{"mode":"getSimilarity","firstImage":"iVBORw0KGgoAAAANSUhEUgAABaAAAAoACAYAAABH9IXPAAAAAXNSR0IArs4c6QAAAARzQklUCAgICHwIZIgAACAASURBVHic7N15dJ11nfjxT5Y2TdMkTYmALMpWRAqyOYyKshWoAhYKRcRRUKwOTkdBOG4cPeIy4IYsZ2COoswgIBQKLVvZBMtYAZURlCKgbMUOa8ieJmm23x/8ygBt7r1J7nOf3Htfr3M4Z8zzvd/n0+kFyjtPvrciIkYCAAAAAADyrDLtAQAAAAAAKE0CNAAAAAAAiRCgAQAAAABIhAANAAAAAEAiBGgAAAAAABIhQAMAAAAAkAgBGgAAAACARAjQAAAAAAAkQoAGAAAAACARAjQAAAAAAIkQoAEAAAAASIQADQAAAABAIgRoAAAAAAASIUADAAAAAJAIARoAAAAAgEQI0AAAAAAAJEKABgAAAAAgEQI0AAAAAACJqE57AAAAAACAyWi77baLZ555Ju0x4pvf/GbOay+77LJJMfMGFRExkvYQAAAAAACTyWc+85nYc889Y/HixWmPEiMjuSfcgw46KFauXJncMGPkCA4AAAAAgNdZtGhR/PSnP017jJIgQAMAAAAA/H+LFi2KSy65JO0xSoYADQAAAAAQ4nMSBGgAAAAAoOwtXrw41fh83nnnRVtbW4yMjGz011j8+te/3uj1Tz/99Jg+yDCfqlO5KwAAAADAJLF48eL493//99Tuf/7558epp56a2P7bbbddnHXWWVFRURFnnXVWYvfZFE9AAwAAAABlK+34HBFx0kknldR9Xk+ABgAAAADK0mSIzxERM2fOLMh9tttuu4Lc5/UEaAAAAACg7EyW+FzqBGgAAAAAoKyIz4UjQAMAAAAAZeP000/fZHzu6emJtra2N3xtZGSkUGOVLAEaAAAAACgLixcvjnPPPXejr3d3d8fBBx8cL7zwwhu+XlFRUajRSpYADQAAAACUvDPOOGOTTz5...&amp#27;[39m
[debug] &amp#27;[35m[W3C (71784c92)]&amp#27;[39m Calling AppiumDriver.compareImages() with args: ["getSimilarity","iVBORw0KGgoAAAANSUhEUgAABaAAAAoACAYAAABH9IXPAAAAAXNSR0IArs4c6QAAAARzQklUCAgICHwIZIgAACAASURBVHic7N15dJ11nfjxT5Y2TdMkTYmALMpWRAqyOYyKshWoAhYKRcRRUKwOTkdBOG4cPeIy4IYsZ2COoswgIBQKLVvZBMtYAZURlCKgbMUOa8ieJmm23x/8ygBt7r1J7nOf3Htfr3M4Z8zzvd/n0+kFyjtPvrciIkYCAAAAAADyrDLtAQAAAAAAKE0CNAAAAAAAiRCgAQAAAABIhAANAAAAAEAiBGgAAAAAABIhQAMAAAAAkAgBGgAAAACARAjQAAAAAAAkQoAGAAAAACARAjQAAAAAAIkQoAEAAAAASIQADQAAAABAIgRoAAAAAAASIUADAAAAAJAIARoAAAAAgEQI0AAAAAAAJEKABgAAAAAgEQI0AAAAAACJqE57AAAAAACAyWi77baLZ555Ju0x4pvf/GbOay+77LJJMfMGFRExkvYQAAAAAACTyWc+85nYc889Y/HixWmPEiMjuSfcgw46KFauXJncMGPkCA4AAAAAgNdZtGhR/PSnP017jJIgQAMAAAAA/H+LFi2KSy65JO0xSoYADQAAAAAQ4nMSBGgAAAAAoOwtXrw41fh83nnnRVtbW4yMjGz011j8+te/3uj1Tz/99Jg+yDCfqlO5KwAAAADAJLF48eL493//99Tuf/7558epp56a2P7bbbddnHXWWVFRURFnnXVWYvfZFE9AAwAAAABlK+34HBFx0kknldR9Xk+ABgAAAADK0mSIzxERM2fOLMh9tttuu4Lc5/UEaAAAAACg7EyW+FzqBGgAAAAAoKyIz4UjQAMAAAAAZeP000/fZHzu6emJtra2N3xtZGSkUGOVLAEaAAAAACgLixcvjnPPPXejr3d3d8fBBx8cL7zwwhu+XlFRUajRSpYADQAAAACUvDPOOGOTTz53d3fH3Llz4/e//30KU5U...
[debug] &amp#27;[35m[W3C (71784c92)]&amp#27;[39m Responding to client with driver.compareImages() result: {"score":0.9999989867210388,"visualization":"iVBORw0KGgoAAAANSUhEUgAAC0AAAAoACAIAAACtAjTvAAAgAElEQVR4AezBf2xddeH/8de7P75t143b/ZDTbMOAyOylMfKBsD8qOdymHyQXnFZTE4EGEUY+mIOAXWRRZErlDxNK1E+6o5GEQALBDDTV4ILXq58VlRMviUzS3HLDj2zzMAd0273bLWvXte9vcpMlXXo7Onba267Px8MIAAAAAAAAAAAAAAAAFWUEAAAAAAAAAAAAAACAijICAAAAAAAAAAAAAABARRkBAAAAAAAAAAAAAACgoowAAAAAAAAAAAAAAABQUUYAAAAAAAAAAAAAAACoKCMAAAAAAAAAAAAAAABUlBEAAAAAAAAAAAAAAAAqyggAAAAAAAAAAAAAAAAVZQQAAAAAAAAAAAAAAICKMgIAAAAAAAAAAAAAAEBFGQEAAAAAAAAAAAAAAKCijAAAAAAAAAAAAAAAAFBRRgAAAAAAAAAAAAAAAKgoIwAAAAAAAAAAAAAAAFSUEQAAAAAAAAAAAAAAACrKCAAAAAAAAAAAAAAAABVlBAAAAAAAAAAAAAAAgIoyAgAAAAAAAAAAAAAAQEUZAQAAAACAC8ull166b98+zbMf/vCHOqunn3563759AgAAAAAAOHeXXnrpvn37NM9++MMf6qyefvrpffv2aUEYAQAAAACAC8jdd9991VVXeZ6neWat1Vm1t7fv2bNHAAAAAAAA5+juu+++6qqrPM/TPLPW6qza29v37NmjBWEEAAAAAAAuFFu3bn3iiSd83/c8T/PMWquzam9v37NnjwAAAAAAAM7F1q1bn3jiCd/3Pc/TPLPW6qza29v37NmjBWEEAAAAAAAuCFu3bn3iiSck+b7veZ7mmbVWZ9Xe3r5nzx4BAAAAAADM2datW5944glJvu97nqd5Zq3VWbW3t+/Zs0cLwggAAAAAACx9W7dufeKJJ1Ti+77neZpn1lqdVXt7+549...
&amp#27;[35m[HTTP]&amp#27;[39m &amp#27;[37m<-- POST /wd/hub/session/71784c92-b18a-46c1-a290-17ba74bb3393/appium/compare_images &amp#27;[39m&amp#27;[32m200&amp#27;[39m &amp#27;[90m473 ms - 1953809&amp#27;[39m
&amp#27;[35m[HTTP]&amp#27;[39m &amp#27;[90m&amp#27;[39m
Visual check of 'Accountles password protection' passed; similarity match was 0,999999
Searching for Skip Crate Account button
&amp#27;[35m[HTTP]&amp#27;[39m &amp#27;[37m-->&amp#27;[39m &amp#27;[37mGET&amp#27;[39m &amp#27;[37m/wd/hub/session/71784c92-b18a-46c1-a290-17ba74bb3393/context&amp#27;[39m
&amp#27;[35m[HTTP]&amp#27;[39m &amp#27;[90m{}&amp#27;[39m
[debug] &amp#27;[35m[W3C (71784c92)]&amp#27;[39m Calling AppiumDriver.getCurrentContext() with args: ["71784c92-b18a-46c1-a290-17ba74bb3393"]
[debug] &amp#27;[35m[W3C (71784c92)]&amp#27;[39m Responding to client with driver.getCurrentContext() result: "NATIVE_APP"
&amp#27;[35m[HTTP]&amp#27;[39m &amp#27;[37m<-- GET /wd/hub/session/71784c92-b18a-46c1-a290-17ba74bb3393/context &amp#27;[39m&amp#27;[32m200&amp#27;[39m &amp#27;[90m1 ms - 22&amp#27;[39m
&amp#27;[35m[HTTP]&amp#27;[39m &amp#27;[90m&amp#27;[39m
&amp#27;[35m[HTTP]&amp#27;[39m &amp#27;[37m-->&amp#27;[39m &amp#27;[37mPOST&amp#27;[39m &amp#27;[37m/wd/hub/session/71784c92-b18a-46c1-a290-17ba74bb3393/element&amp#27;[39m
&amp#27;[35m[HTTP]&amp#27;[39m &amp#27;[90m{"using":"id","value":"com.nordpass.android.app.password.manager:id/skipButton"}&amp#27;[39m
[debug] &amp#27;[35m[W3C (71784c92)]&amp#27;[39m Calling AppiumDriver.findElement() with args: ["id","com.nordpass.android.app.password.manager:id/skipButton","71784c92-b18a-46c1-a290-17ba74bb3393"]
[debug] &amp#27;[35m[BaseDriver]&amp#27;[39m Valid locator strategies for this request: xpath, id, class name, accessibility id, -android uiautomator
[debug] &amp#27;[35m[BaseDriver]&amp#27;[39m Waiting up to 10000 ms for condition
[debug] &amp#27;[35m[WD Proxy]&amp#27;[39m Matched '/element' to command name 'findElement'
[debug] &amp#27;[35m[WD Proxy]&amp#27;[39m Proxying [POST /element] to [POST http://127.0.0.1:8201/wd/hub/session/e1a92ac3-39a4-4fa6-92fc-7041064cc14a/element] with body: {"strategy":"id","selector":"com.nordpass.android.app.password.manager:id/skipButton","context":"","multiple":false}
[debug] &amp#27;[35m[WD Proxy]&amp#27;[39m Got response with status 200: {"sessionId":"e1a92ac3-39a4-4fa6-92fc-7041064cc14a","value":{"ELEMENT":"d3118359-a6dc-402c-aba6-f712ca517043","element-6066-11e4-a52e-4f735466cecf":"d3118359-a6dc-402c-aba6-f712ca517043"}}
[debug] &amp#27;[35m[W3C (71784c92)]&amp#27;[39m Responding to client with driver.findElement() result: {"element-6066-11e4-a52e-4f735466cecf":"d3118359-a6dc-402c-aba6-f712ca517043","ELEMENT":"d3118359-a6dc-402c-aba6-f712ca517043"}
&amp#27;[35m[HTTP]&amp#27;[39m &amp#27;[37m<-- POST /wd/hub/session/71784c92-b18a-46c1-a290-17ba74bb3393/element &amp#27;[39m&amp#27;[32m200&amp#27;[39m &amp#27;[90m17 ms - 137&amp#27;[39m
&amp#27;[35m[HTTP]&amp#27;[39m &amp#27;[90m&amp#27;[39m
&amp#27;[35m[HTTP]&amp#27;[39m &amp#27;[37m-->&amp#27;[39m &amp#27;[37mPOST&amp#27;[39m &amp#27;[37m/wd/hub/session/71784c92-b18a-46c1-a290-17ba74bb3393/element/d3118359-a6dc-402c-aba6-f712ca517043/click&amp#27;[39m
&amp#27;[35m[HTTP]&amp#27;[39m &amp#27;[90m{"id":"d3118359-a6dc-402c-aba6-f712ca517043"}&amp#27;[39m
[debug] &amp#27;[35m[W3C (71784c92)]&amp#27;[39m Calling AppiumDriver.click() with args: ["d3118359-a6dc-402c-aba6-f712ca517043","71784c92-b18a-46c1-a290-17ba74bb3393"]
[debug] &amp#27;[35m[WD Proxy]&amp#27;[39m Matched '/element/d3118359-a6dc-402c-aba6-f712ca517043/click' to command name 'click'
[debug] &amp#27;[35m[WD Proxy]&amp#27;[39m Proxying [POST /element/d3118359-a6dc-402c-aba6-f712ca517043/click] to [POST http://127.0.0.1:8201/wd/hub/session/e1a92ac3-39a4-4fa6-92fc-7041064cc14a/element/d3118359-a6dc-402c-aba6-f712ca517043/click] with body: {"element":"d3118359-a6dc-402c-aba6-f712ca517043"}
[debug] &amp#27;[35m[WD Proxy]&amp#27;[39m Got response with status 200: {"sessionId":"e1a92ac3-39a4-4fa6-92fc-7041064cc14a","value":null}
[debug] &amp#27;[35m[W3C (71784c92)]&amp#27;[39m Responding to client with driver.click() result: null
&amp#27;[35m[HTTP]&amp#27;[39m &amp#27;[37m<-- POST /wd/hub/session/71784c92-b18a-46c1-a290-17ba74bb3393/element/d3118359-a6dc-402c-aba6-f712ca517043/click &amp#27;[39m&amp#27;[32m200&amp#27;[39m &amp#27;[90m51 ms - 14&amp#27;[39m
&amp#27;[35m[HTTP]&amp#27;[39m &amp#27;[90m&amp#27;[39m
Search for Item named Testas 1
&amp#27;[35m[HTTP]&amp#27;[39m &amp#27;[37m-->&amp#27;[39m &amp#27;[37mGET&amp#27;[39m &amp#27;[37m/wd/hub/session/71784c92-b18a-46c1-a290-17ba74bb3393/context&amp#27;[39m
&amp#27;[35m[HTTP]&amp#27;[39m &amp#27;[90m{}&amp#27;[39m
[debug] &amp#27;[35m[W3C (71784c92)]&amp#27;[39m Calling AppiumDriver.getCurrentContext() with args: ["71784c92-b18a-46c1-a290-17ba74bb3393"]
[debug] &amp#27;[35m[W3C (71784c92)]&amp#27;[39m Responding to client with driver.getCurrentContext() result: "NATIVE_APP"
&amp#27;[35m[HTTP]&amp#27;[39m &amp#27;[37m<-- GET /wd/hub/session/71784c92-b18a-46c1-a290-17ba74bb3393/context &amp#27;[39m&amp#27;[32m200&amp#27;[39m &amp#27;[90m2 ms - 22&amp#27;[39m
&amp#27;[35m[HTTP]&amp#27;[39m &amp#27;[90m&amp#27;[39m
&amp#27;[35m[HTTP]&amp#27;[39m &amp#27;[37m-->&amp#27;[39m &amp#27;[37mPOST&amp#27;[39m &amp#27;[37m/wd/hub/session/71784c92-b18a-46c1-a290-17ba74bb3393/element&amp#27;[39m
&amp#27;[35m[HTTP]&amp#27;[39m &amp#27;[90m{"using":"xpath","value":"//android.widget.TextView[contains(@text, 'Testas 1')]"}&amp#27;[39m
[debug] &amp#27;[35m[W3C (71784c92)]&amp#27;[39m Calling AppiumDriver.findElement() with args: ["xpath","//android.widget.TextView[contains(@text, 'Testas 1')]","71784c92-b18a-46c1-a290-17ba74bb3393"]
[debug] &amp#27;[35m[BaseDriver]&amp#27;[39m Valid locator strategies for this request: xpath, id, class name, accessibility id, -android uiautomator
[debug] &amp#27;[35m[BaseDriver]&amp#27;[39m Waiting up to 10000 ms for condition
[debug] &amp#27;[35m[WD Proxy]&amp#27;[39m Matched '/element' to command name 'findElement'
[debug] &amp#27;[35m[WD Proxy]&amp#27;[39m Proxying [POST /element] to [POST http://127.0.0.1:8201/wd/hub/session/e1a92ac3-39a4-4fa6-92fc-7041064cc14a/element] with body: {"strategy":"xpath","selector":"//android.widget.TextView[contains(@text, 'Testas 1')]","context":"","multiple":false}
[debug] &amp#27;[35m[WD Proxy]&amp#27;[39m Got response with status 200: {"sessionId":"e1a92ac3-39a4-4fa6-92fc-7041064cc14a","value":{"ELEMENT":"5d221840-2bcf-4012-a570-cffe027931ee","element-6066-11e4-a52e-4f735466cecf":"5d221840-2bcf-4012-a570-cffe027931ee"}}
[debug] &amp#27;[35m[W3C (71784c92)]&amp#27;[39m Responding to client with driver.findElement() result: {"element-6066-11e4-a52e-4f735466cecf":"5d221840-2bcf-4012-a570-cffe027931ee","ELEMENT":"5d221840-2bcf-4012-a570-cffe027931ee"}
&amp#27;[35m[HTTP]&amp#27;[39m &amp#27;[37m<-- POST /wd/hub/session/71784c92-b18a-46c1-a290-17ba74bb3393/element &amp#27;[39m&amp#27;[32m200&amp#27;[39m &amp#27;[90m377 ms - 137&amp#27;[39m
&amp#27;[35m[HTTP]&amp#27;[39m &amp#27;[90m&amp#27;[39m
&amp#27;[35m[HTTP]&amp#27;[39m &amp#27;[37m-->&amp#27;[39m &amp#27;[37mPOST&amp#27;[39m &amp#27;[37m/wd/hub/session/71784c92-b18a-46c1-a290-17ba74bb3393/element/5d221840-2bcf-4012-a570-cffe027931ee/click&amp#27;[39m
&amp#27;[35m[HTTP]&amp#27;[39m &amp#27;[90m{"id":"5d221840-2bcf-4012-a570-cffe027931ee"}&amp#27;[39m
[debug] &amp#27;[35m[W3C (71784c92)]&amp#27;[39m Calling AppiumDriver.click() with args: ["5d221840-2bcf-4012-a570-cffe027931ee","71784c92-b18a-46c1-a290-17ba74bb3393"]
[debug] &amp#27;[35m[WD Proxy]&amp#27;[39m Matched '/element/5d221840-2bcf-4012-a570-cffe027931ee/click' to command name 'click'
[debug] &amp#27;[35m[WD Proxy]&amp#27;[39m Proxying [POST /element/5d221840-2bcf-4012-a570-cffe027931ee/click] to [POST http://127.0.0.1:8201/wd/hub/session/e1a92ac3-39a4-4fa6-92fc-7041064cc14a/element/5d221840-2bcf-4012-a570-cffe027931ee/click] with body: {"element":"5d221840-2bcf-4012-a570-cffe027931ee"}
[debug] &amp#27;[35m[WD Proxy]&amp#27;[39m Got response with status 200: {"sessionId":"e1a92ac3-39a4-4fa6-92fc-7041064cc14a","value":null}
[debug] &amp#27;[35m[W3C (71784c92)]&amp#27;[39m Responding to client with driver.click() result: null
&amp#27;[35m[HTTP]&amp#27;[39m &amp#27;[37m<-- POST /wd/hub/session/71784c92-b18a-46c1-a290-17ba74bb3393/element/5d221840-2bcf-4012-a570-cffe0279Searching for item settings
31ee/click &amp#27;[39m&amp#27;[32m200&amp#27;[39m &amp#27;[90m361 ms - 14&amp#27;[39m
&amp#27;[35m[HTTP]&amp#27;[39m &amp#27;[90m&amp#27;[39m
&amp#27;[35m[HTTP]&amp#27;[39m &amp#27;[37m-->&amp#27;[39m &amp#27;[37mGET&amp#27;[39m &amp#27;[37m/wd/hub/session/71784c92-b18a-46c1-a290-17ba74bb3393/context&amp#27;[39m
&amp#27;[35m[HTTP]&amp#27;[39m &amp#27;[90m{}&amp#27;[39m
[debug] &amp#27;[35m[W3C (71784c92)]&amp#27;[39m Calling AppiumDriver.getCurrentContext() with args: ["71784c92-b18a-46c1-a290-17ba74bb3393"]
[debug] &amp#27;[35m[W3C (71784c92)]&amp#27;[39m Responding to client with driver.getCurrentContext() result: "NATIVE_APP"
&amp#27;[35m[HTTP]&amp#27;[39m &amp#27;[37m<-- GET /wd/hub/session/71784c92-b18a-46c1-a290-17ba74bb3393/context &amp#27;[39m&amp#27;[32m200&amp#27;[39m &amp#27;[90m1 ms - 22&amp#27;[39m
&amp#27;[35m[HTTP]&amp#27;[39m &amp#27;[90m&amp#27;[39m
&amp#27;[35m[HTTP]&amp#27;[39m &amp#27;[37m-->&amp#27;[39m &amp#27;[37mPOST&amp#27;[39m &amp#27;[37m/wd/hub/session/71784c92-b18a-46c1-a290-17ba74bb3393/element&amp#27;[39m
&amp#27;[35m[HTTP]&amp#27;[39m &amp#27;[90m{"using":"id","value":"com.nordpass.android.app.password.manager:id/more"}&amp#27;[39m
[debug] &amp#27;[35m[W3C (71784c92)]&amp#27;[39m Calling AppiumDriver.findElement() with args: ["id","com.nordpass.android.app.password.manager:id/more","71784c92-b18a-46c1-a290-17ba74bb3393"]
[debug] &amp#27;[35m[BaseDriver]&amp#27;[39m Valid locator strategies for this request: xpath, id, class name, accessibility id, -android uiautomator
[debug] &amp#27;[35m[BaseDriver]&amp#27;[39m Waiting up to 10000 ms for condition
[debug] &amp#27;[35m[WD Proxy]&amp#27;[39m Matched '/element' to command name 'findElement'
[debug] &amp#27;[35m[WD Proxy]&amp#27;[39m Proxying [POST /element] to [POST http://127.0.0.1:8201/wd/hub/session/e1a92ac3-39a4-4fa6-92fc-7041064cc14a/element] with body: {"strategy":"id","selector":"com.nordpass.android.app.password.manager:id/more","context":"","multiple":false}
[debug] &amp#27;[35m[WD Proxy]&amp#27;[39m Got response with status 200: {"sessionId":"e1a92ac3-39a4-4fa6-92fc-7041064cc14a","value":{"ELEMENT":"de2394d5-30d4-425a-bcbd-7060a6e94e80","element-6066-11e4-a52e-4f735466cecf":"de2394d5-30d4-425a-bcbd-7060a6e94e80"}}
[debug] &amp#27;[35m[W3C (71784c92)]&amp#27;[39m Responding to client with driver.findElement() result: {"element-6066-11e4-a52e-4f735466cecf":"de2394d5-30d4-425a-bcbd-7060a6e94e80","ELEMENT":"de2394d5-30d4-425a-bcbd-7060a6e94e80"}
&amp#27;[35m[HTTP]&amp#27;[39m &amp#27;[37m<-- POST /wd/hub/session/71784c92-b18a-46c1-a290-17ba74bb3393/element &amp#27;[39m&amp#27;[32m200&amp#27;[39m &amp#27;[90m177 ms - 137&amp#27;[39m
&amp#27;[35m[HTTP]&amp#27;[39m &amp#27;[90m&amp#27;[39m
&amp#27;[35m[HTTP]&amp#27;[39m &amp#27;[37m-->&amp#27;[39m &amp#27;[37mPOST&amp#27;[39m &amp#27;[37m/wd/hub/session/71784c92-b18a-46c1-a290-17ba74bb3393/element/de2394d5-30d4-425a-bcbd-7060a6e94e80/click&amp#27;[39m
&amp#27;[35m[HTTP]&amp#27;[39m &amp#27;[90m{"id":"de2394d5-30d4-425a-bcbd-7060a6e94e80"}&amp#27;[39m
[debug] &amp#27;[35m[W3C (71784c92)]&amp#27;[39m Calling AppiumDriver.click() with args: ["de2394d5-30d4-425a-bcbd-7060a6e94e80","71784c92-b18a-46c1-a290-17ba74bb3393"]
[debug] &amp#27;[35m[WD Proxy]&amp#27;[39m Matched '/element/de2394d5-30d4-425a-bcbd-7060a6e94e80/click' to command name 'click'
[debug] &amp#27;[35m[WD Proxy]&amp#27;[39m Proxying [POST /element/de2394d5-30d4-425a-bcbd-7060a6e94e80/click] to [POST http://127.0.0.1:8201/wd/hub/session/e1a92ac3-39a4-4fa6-92fc-7041064cc14a/element/de2394d5-30d4-425a-bcbd-7060a6e94e80/click] with body: {"element":"de2394d5-30d4-425a-bcbd-7060a6e94e80"}
[debug] &amp#27;[35m[WD Proxy]&amp#27;[39m Got response with status 200: {"sessionId":"e1a92ac3-39a4-4fa6-92fc-7041064cc14a","value":null}
[debug] &amp#27;[35m[W3C (71784c92)]&amp#27;[39m Responding to client with driver.click() result: null
&amp#27;[35m[HTTP]&amp#27;[39m &amp#27;[37m<-- POST /wd/hub/session/71784c92-b18a-46c1-a290-17ba74bb3393/element/de2394d5-30d4-425a-bcbd-7060a6e94e80/click &amp#27;[39m&amp#27;[32m200&amp#27;[39m &amp#27;[90m811 ms - 14&amp#27;[39mSearch for Edit button

&amp#27;[35m[HTTP]&amp#27;[39m &amp#27;[90m&amp#27;[39m
&amp#27;[35m[HTTP]&amp#27;[39m &amp#27;[37m-->&amp#27;[39m &amp#27;[37mGET&amp#27;[39m &amp#27;[37m/wd/hub/session/71784c92-b18a-46c1-a290-17ba74bb3393/context&amp#27;[39m
&amp#27;[35m[HTTP]&amp#27;[39m &amp#27;[90m{}&amp#27;[39m
[debug] &amp#27;[35m[W3C (71784c92)]&amp#27;[39m Calling AppiumDriver.getCurrentContext() with args: ["71784c92-b18a-46c1-a290-17ba74bb3393"]
[debug] &amp#27;[35m[W3C (71784c92)]&amp#27;[39m Responding to client with driver.getCurrentContext() result: "NATIVE_APP"
&amp#27;[35m[HTTP]&amp#27;[39m &amp#27;[37m<-- GET /wd/hub/session/71784c92-b18a-46c1-a290-17ba74bb3393/context &amp#27;[39m&amp#27;[32m200&amp#27;[39m &amp#27;[90m2 ms - 22&amp#27;[39m
&amp#27;[35m[HTTP]&amp#27;[39m &amp#27;[90m&amp#27;[39m
&amp#27;[35m[HTTP]&amp#27;[39m &amp#27;[37m-->&amp#27;[39m &amp#27;[37mPOST&amp#27;[39m &amp#27;[37m/wd/hub/session/71784c92-b18a-46c1-a290-17ba74bb3393/element&amp#27;[39m
&amp#27;[35m[HTTP]&amp#27;[39m &amp#27;[90m{"using":"xpath","value":"//android.widget.TextView[contains(@text, 'Edit')]"}&amp#27;[39m
[debug] &amp#27;[35m[W3C (71784c92)]&amp#27;[39m Calling AppiumDriver.findElement() with args: ["xpath","//android.widget.TextView[contains(@text, 'Edit')]","71784c92-b18a-46c1-a290-17ba74bb3393"]
[debug] &amp#27;[35m[BaseDriver]&amp#27;[39m Valid locator strategies for this request: xpath, id, class name, accessibility id, -android uiautomator
[debug] &amp#27;[35m[BaseDriver]&amp#27;[39m Waiting up to 10000 ms for condition
[debug] &amp#27;[35m[WD Proxy]&amp#27;[39m Matched '/element' to command name 'findElement'
[debug] &amp#27;[35m[WD Proxy]&amp#27;[39m Proxying [POST /element] to [POST http://127.0.0.1:8201/wd/hub/session/e1a92ac3-39a4-4fa6-92fc-7041064cc14a/element] with body: {"strategy":"xpath","selector":"//android.widget.TextView[contains(@text, 'Edit')]","context":"","multiple":false}
&amp#27;[35m[WD Proxy]&amp#27;[39m Got response with status 404: {"sessionId":"e1a92ac3-39a4-4fa6-92fc-7041064cc14a","value":{"error":"no such element","message":"An element could not be located on the page using the given search parameters","stacktrace":"io.appium.uiautomator2.common.exceptions.ElementNotFoundException: An element could not be located on the page using the given search parameters\n\tat io.appium.uiautomator2.handler.FindElement.findElement(FindElement.java:96)\n\tat io.appium.uiautomator2.handler.FindElement.safeHandle(FindElement.java:71)\n\tat io.appium.uiautomator2.handler.request.SafeRequestHandler.handle(SafeRequestHandler.java:41)\n\tat io.appium.uiautomator2.server.AppiumServlet.handleRequest(AppiumServlet.java:257)\n\tat io.appium.uiautomator2.server.AppiumServlet.handleHttpRequest(AppiumServlet.java:247)\n\tat io.appium.uiautomator2.http.ServerHandler.channelRead(ServerHandler.java:50)\n\tat io.netty.channel.AbstractChannelHandlerContext.invokeChannelRead(AbstractChannelHandlerContext.java:366)\n\tat io.netty.channel.AbstractChannelHandlerCont...
[debug] &amp#27;[35m[W3C]&amp#27;[39m Matched W3C error code 'no such element' to NoSuchElementError
[debug] &amp#27;[35m[BaseDriver]&amp#27;[39m Waited for 73 ms so far
[debug] &amp#27;[35m[WD Proxy]&amp#27;[39m Matched '/element' to command name 'findElement'
[debug] &amp#27;[35m[WD Proxy]&amp#27;[39m Proxying [POST /element] to [POST http://127.0.0.1:8201/wd/hub/session/e1a92ac3-39a4-4fa6-92fc-7041064cc14a/element] with body: {"strategy":"xpath","selector":"//android.widget.TextView[contains(@text, 'Edit')]","context":"","multiple":false}
[debug] &amp#27;[35m[WD Proxy]&amp#27;[39m Got response with status 200: {"sessionId":"e1a92ac3-39a4-4fa6-92fc-7041064cc14a","value":{"ELEMENT":"d4e23cd0-f807-43f8-a8ad-af72aa0c2ec3","element-6066-11e4-a52e-4f735466cecf":"d4e23cd0-f807-43f8-a8ad-af72aa0c2ec3"}}
[debug] &amp#27;[35m[W3C (71784c92)]&amp#27;[39m Responding to client with driver.findElement() result: {"element-6066-11e4-a52e-4f735466cecf":"d4e23cd0-f807-43f8-a8ad-af72aa0c2ec3","ELEMENT":"d4e23cd0-f807-43f8-a8ad-af72aa0c2ec3"}
&amp#27;[35m[HTTP]&amp#27;[39m &amp#27;[37m<-- POST /wd/hub/session/71784c92-b18a-46c1-a290-17ba74bb3393/element &amp#27;[39m&amp#27;[32m200&amp#27;[39m &amp#27;[90m672 ms - 137&amp#27;[39m
&amp#27;[35m[HTTP]&amp#27;[39m &amp#27;[90m&amp#27;[39m
&amp#27;[35m[HTTP]&amp#27;[39m &amp#27;[37m-->&amp#27;[39m &amp#27;[37mPOST&amp#27;[39m &amp#27;[37m/wd/hub/session/71784c92-b18a-46c1-a290-17ba74bb3393/element/d4e23cd0-f807-43f8-a8ad-af72aa0c2ec3/click&amp#27;[39m
&amp#27;[35m[HTTP]&amp#27;[39m &amp#27;[90m{"id":"d4e23cd0-f807-43f8-a8ad-af72aa0c2ec3"}&amp#27;[39m
[debug] &amp#27;[35m[W3C (71784c92)]&amp#27;[39m Calling AppiumDriver.click() with args: ["d4e23cd0-f807-43f8-a8ad-af72aa0c2ec3","71784c92-b18a-46c1-a290-17ba74bb3393"]
[debug] &amp#27;[35m[WD Proxy]&amp#27;[39m Matched '/element/d4e23cd0-f807-43f8-a8ad-af72aa0c2ec3/click' to command name 'click'
[debug] &amp#27;[35m[WD Proxy]&amp#27;[39m Proxying [POST /element/d4e23cd0-f807-43f8-a8ad-af72aa0c2ec3/click] to [POST http://127.0.0.1:8201/wd/hub/session/e1a92ac3-39a4-4fa6-92fc-7041064cc14a/element/d4e23cd0-f807-43f8-a8ad-af72aa0c2ec3/click] with body: {"element":"d4e23cd0-f807-43f8-a8ad-af72aa0c2ec3"}
[debug] &amp#27;[35m[WD Proxy]&amp#27;[39m Got response with status 200: {"sessionId":"e1a92ac3-39a4-4fa6-92fc-7041064cc14a","value":null}
[debug] &amp#27;[35m[W3C (71784c92)]&amp#27;[39m Responding to client with driver.click() result: null
&amp#27;[35m[HTTP]&amp#27;[39m &amp#27;[37m<-- POST /wd/hub/session/71784c92-b18a-46c1-a290-17ba74bb3393/element/d4e23cd0-f807-43f8-a8ad-af72aa0c2ec3/click &amp#27;[39m&amp#27;[32m200&amp#27;[39m &amp#27;[90m1003 ms - 14&amp#27;[39m
&amp#27;[35m[HTTP]&amp#27;[39m &amp#27;[90m&amp#27;[39m
&amp#27;[35m[HTTP]&amp#27;[39m &amp#27;[37m-->&amp#27;[39m &amp#27;[37mGET&amp#27;[39m &amp#27;[37m/wd/hub/session/71784c92-b18a-46c1-a290-17ba74bb3393/screenshot&amp#27;[39m
&amp#27;[35m[HTTP]&amp#27;[39m &amp#27;[90m{}&amp#27;[39m
[debug] &amp#27;[35m[W3C (71784c92)]&amp#27;[39m Calling AppiumDriver.getScreenshot() with args: ["71784c92-b18a-46c1-a290-17ba74bb3393"]
[debug] &amp#27;[35m[WD Proxy]&amp#27;[39m Matched '/screenshot' to command name 'getScreenshot'
[debug] &amp#27;[35m[WD Proxy]&amp#27;[39m Proxying [GET /screenshot] to [GET http://127.0.0.1:8201/wd/hub/session/e1a92ac3-39a4-4fa6-92fc-7041064cc14a/screenshot] with no body
[debug] &amp#27;[35m[WD Proxy]&amp#27;[39m Got response with status 200: {"sessionId":"e1a92ac3-39a4-4fa6-92fc-7041064cc14a","value":"iVBORw0KGgoAAAANSUhEUgAABaAAAAoACAYAAABH9IXPAAAAAXNSR0IArs4c6QAAAARzQklUCAgI\nCHwIZIgAACAASURBVHic7N19mNV1nfj/12FmuHUYBxFMUREBb5BE3bUtNe9FpVADC9vCTXEvN9pI\nXbeta/tK0VreFWnptWKWJZqKKGKKSq5uJFqWpKiYIuKyKDrcCwzDDOf3Rws/EOacuTnvc+bm8bgu\nr4tzPu/z+by65qRcTz68P5mIyAYAAAAAABRYl1IPAAAAAABAxyRAAwAAAACQhAANAAAAAEASAjQA\nAAAAAEkI0AAAAAAAJCFAAwAAAACQhAANAAAAAEASAjQAAAAAAEkI0AAAAAAAJCFAAwAAAACQhAAN\nAAAAAEASAjQAAAAAAEkI0AAAAAAAJCFAAwAAAACQhAANAAAAAEASAjQAAAAAAEkI0AAAAAAAJCFA\nAwAAAACQRHmpBwAAAAAAaIsGDhwYb731VqnHiKuuuqrJa++44442MfM2mYjIlnoIAAAAAIC25JJL\nLokRI0bExIkTSz1KZLNNT7gnn3xyPPXUU+mGaSZbcAAAAAAA7GDChAlx6623lnqMDkGABgAAAAD4\nPxMmTIhp06aVeowOQ4AGAAAAAAjxOQUBGgAAAADo9CZOnFjS+PzDH/4wVq9eHdlsdpd/muO//uu/\ndvn8kiVLmvUgw0IqL8lVAQAAAADaiIkTJ8aPf/zjkl1/6tSpMWnSpGTnHzhwYEyePDkymUxMnjw5\n2XV2xx3QAAAAAECnVer4HBFx4YUXdqjr7EiABgAAAAA6pbYQnyMi9txzz6JcZ+DAgUW5zo4EaAAA\nAACg02kr8bmjE6ABAAAAgE5FfC4eARoAAAAA6DQuv/zy3cbnDRs2xOrVq3d6L5vNFmusDkuABgAA\nAAA6hYkTJ8YNN9ywy/sffPBB...
[debug] &amp#27;[35m[W3C (71784c92)]&amp#27;[39m Responding to client with driver.getScreenshot() result: "iVBORw0KGgoAAAANSUhEUgAABaAAAAoACAYAAABH9IXPAAAAAXNSR0IArs4c6QAAAARzQklUCAgI\nCHwIZIgAACAASURBVHic7N19mNV1nfj/12FmuHUYBxFMUREBb5BE3bUtNe9FpVADC9vCTXEvN9pI\nXbeta/tK0VreFWnptWKWJZqKKGKKSq5uJFqWpKiYIuKyKDrcCwzDDOf3Rws/EOacuTnvc+bm8bgu\nr4tzPu/z+by65qRcTz68P5mIyAYAAAAAABRYl1IPAAAAAABAxyRAAwAAAACQhAANAAAAAEASAjQA\nAAAAAEkI0AAAAAAAJCFAAwAAAACQhAANAAAAAEASAjQAAAAAAEkI0AAAAAAAJCFAAwAAAACQhAAN\nAAAAAEASAjQAAAAAAEkI0AAAAAAAJCFAAwAAAACQhAANAAAAAEASAjQAAAAAAEkI0AAAAAAAJCFA\nAwAAAACQRHmpBwAAAAAAaIsGDhwYb731VqnHiKuuuqrJa++44442MfM2mYjIlnoIAAAAAIC25JJL\nLokRI0bExIkTSz1KZLNNT7gnn3xyPPXUU+mGaSZbcAAAAAAA7GDChAlx6623lnqMDkGABgAAAAD4\nPxMmTIhp06aVeowOQ4AGAAAAAAjxOQUBGgAAAADo9CZOnFjS+PzDH/4wVq9eHdlsdpd/muO//uu/\ndvn8kiVLmvUgw0IqL8lVAQAAAADaiIkTJ8aPf/zjkl1/6tSpMWnSpGTnHzhwYEyePDkymUxMnjw5\n2XV2xx3QAAAAAECnVer4HBFx4YUXdqjr7EiABgAAAAA6pbYQnyMi9txzz6JcZ+DAgUW5zo4EaAAA\nAACg02kr8bmjE6ABAAAAgE5FfC4eARoAAAAA6DQuv/zy3cbnDRs2xOrVq3d6L5vNFmusDkuABgAA\nAAA6hYkTJ8YNN9ywy/sffPBBnHLKKfHuu+/u9H4mkynWaB2WAA0AAAAAdHhXXHHFbu98/uCDD+LU\nU0+N3/...
&amp#27;[35m[HTTP]&amp#27;[39m &amp#27;[37m<-- GET /wd/hub/session/71784c92-b18a-46c1-a290-17ba74bb3393/screenshot &amp#27;[39m&amp#27;[32m200&amp#27;[39m &amp#27;[90m348 ms - 211476&amp#27;[39m
&amp#27;[35m[HTTP]&amp#27;[39m &amp#27;[90m&amp#27;[39m
&amp#27;[35m[HTTP]&amp#27;[39m &amp#27;[37m-->&amp#27;[39m &amp#27;[37mPOST&amp#27;[39m &amp#27;[37m/wd/hub/session/71784c92-b18a-46c1-a290-17ba74bb3393/appium/compare_images&amp#27;[39m
&amp#27;[35m[HTTP]&amp#27;[39m &amp#27;[90m{"mode":"getSimilarity","firstImage":"iVBORw0KGgoAAAANSUhEUgAABaAAAAoACAYAAABH9IXPAAAAAXNSR0IArs4c6QAAAARzQklUCAgICHwIZIgAACAASURBVHic7N19mNV1nfj/12FmuHUYBxFMUREBb5BE3bUtNe9FpVADC9vCTXEvN9pIXbeta/tK0VreFWnptWKWJZqKKGKKSq5uJFqWpKiYIuKyKDrcCwzDDOf3Rws/EOacuTnvc+bm8bgur4tzPu/z+by65qRcTz68P5mIyAYAAAAAABRYl1IPAAAAAABAxyRAAwAAAACQhAANAAAAAEASAjQAAAAAAEkI0AAAAAAAJCFAAwAAAACQhAANAAAAAEASAjQAAAAAAEkI0AAAAAAAJCFAAwAAAACQhAANAAAAAEASAjQAAAAAAEkI0AAAAAAAJCFAAwAAAACQhAANAAAAAEASAjQAAAAAAEkI0AAAAAAAJCFAAwAAAACQRHmpBwAAAAAAaIsGDhwYb731VqnHiKuuuqrJa++44442MfM2mYjIlnoIAAAAAIC25JJLLokRI0bExIkTSz1KZLNNT7gnn3xyPPXUU+mGaSZbcAAAAAAA7GDChAlx6623lnqMDkGABgAAAAD4PxMmTIhp06aVeowOQ4AGAAAAAAjxOQUBGgAAAADo9CZOnFjS+PzDH/4wVq9eHdlsdpd/muO//uu/dvn8kiVLmvUgw0IqL8lVAQAAAADaiIkTJ8aPf/zjkl1/6tSpMWnSpGTnHzhwYEyePDkymUxMnjw52XV2xx3QAAAAAECnVer4HBFx4YUXdqjr7EiABgAAAAA6pbYQnyMi9txzz6JcZ+DAgUW5zo4EaAAAAACg02kr8bmjE6ABAAAAgE5FfC4eARoAAAAA6DQuv/zy3cbnDRs2xOrVq3d6L5vNFmusDkuABgAAAAA6hYkTJ8YNN9ywy/sffPBBnHLKKfHuu+/u9H4mkynWaB2WAA0AAAAAdHhXXHHFbu98/uC...&amp#27;[39m
[debug] &amp#27;[35m[W3C (71784c92)]&amp#27;[39m Calling AppiumDriver.compareImages() with args: ["getSimilarity","iVBORw0KGgoAAAANSUhEUgAABaAAAAoACAYAAABH9IXPAAAAAXNSR0IArs4c6QAAAARzQklUCAgICHwIZIgAACAASURBVHic7N19mNV1nfj/12FmuHUYBxFMUREBb5BE3bUtNe9FpVADC9vCTXEvN9pIXbeta/tK0VreFWnptWKWJZqKKGKKSq5uJFqWpKiYIuKyKDrcCwzDDOf3Rws/EOacuTnvc+bm8bgur4tzPu/z+by65qRcTz68P5mIyAYAAAAAABRYl1IPAAAAAABAxyRAAwAAAACQhAANAAAAAEASAjQAAAAAAEkI0AAAAAAAJCFAAwAAAACQhAANAAAAAEASAjQAAAAAAEkI0AAAAAAAJCFAAwAAAACQhAANAAAAAEASAjQAAAAAAEkI0AAAAAAAJCFAAwAAAACQhAANAAAAAEASAjQAAAAAAEkI0AAAAAAAJCFAAwAAAACQRHmpBwAAAAAAaIsGDhwYb731VqnHiKuuuqrJa++44442MfM2mYjIlnoIAAAAAIC25JJLLokRI0bExIkTSz1KZLNNT7gnn3xyPPXUU+mGaSZbcAAAAAAA7GDChAlx6623lnqMDkGABgAAAAD4PxMmTIhp06aVeowOQ4AGAAAAAAjxOQUBGgAAAADo9CZOnFjS+PzDH/4wVq9eHdlsdpd/muO//uu/dvn8kiVLmvUgw0IqL8lVAQAAAADaiIkTJ8aPf/zjkl1/6tSpMWnSpGTnHzhwYEyePDkymUxMnjw52XV2xx3QAAAAAECnVer4HBFx4YUXdqjr7EiABgAAAAA6pbYQnyMi9txzz6JcZ+DAgUW5zo4EaAAAAACg02kr8bmjE6ABAAAAgE5FfC4eARoAAAAA6DQuv/zy3cbnDRs2xOrVq3d6L5vNFmusDkuABgAAAAA6hYkTJ8YNN9ywy/sffPBBnHLKKfHuu+/u9H4mkynWaB2WAA0AAAAAdHhXXHHFbu98/uCDD+LUU0+N3//+9yWYquM...
[debug] &amp#27;[35m[W3C (71784c92)]&amp#27;[39m Responding to client with driver.compareImages() result: {"score":1,"visualization":"iVBORw0KGgoAAAANSUhEUgAAC0AAAAoACAIAAACtAjTvAAAgAElEQVR4AezBf2jc9eHH8de7RvAH+6Z1fr/33WSrP0s+5rvNtSx/BDmvHn7DR1vNRrSdfhaKTYny6aZrhpnWLteP7J/ZzhDSj7CMflUIHS66zQ03z2NtOvTcbZhOwsUPp9LKsTFWbB2RFW3z/kJAiNxdl9bP9dLk+XgYAQAAAAAAAAAAAAAAoKGMAAAAAAAAAAAAAAAA0FBGAAAAAAAAAAAAAAAAaCgjAAAAAAAAAAAAAAAANJQRAAAAAAAAAAAAAAAAGsoIAAAAAAAAAAAAAAAADWUEAAAAAAAAAAAAAACAhjICAAAAAAAAAAAAAABAQxkBAAAAAAAAAAAAAACgoYwAAAAAAAAAAAAAAADQUEYAAAAAAAAAAAAAAABoKCMAAAAAAAAAAAAAAAA0lBEAAAAAAAAAAAAAAAAayggAAAAAAAAAAAAAAAANZQQAAAAAAAAAAAAAAICGMgIAAAAAAAAAAAAAAEBDGQEAAAAAAAAAAAAAAKChjAAAAAAAAAAAAAAAANBQRgAAAAAAAAAAAAAAAGgoIwAAAAAAsLhceeWVhw8fVp0NDAzotJ5++unDhw8LAAAAAADgzF155ZWHDx9WnQ0MDOi0nn766cOHD+ucMAIAAAAAAIvIli1bbrjhBt/3VWfWWp3W2rVrDxw4IAAAAAAAgDO0ZcuWG264wfd91Zm1Vqe1du3aAwcO6JwwAgAAAAAAi0VPT8/IyEgYhr7vq86stTqttWvXHjhwQAAAAAAAAGeip6dnZGQkDEPf91Vn1lqd1tq1aw8cOKBzwggAAAAAACwKPT09IyMjksIw9H1fdWat1WmtXbv2wIEDAgAAAAAAmLeenp6RkRFJYRj6vq86s9bqtNauXXvgwAGdE0YAAAAAAOD819PTMzIyollhGPq+rzqz1uq01q5de+DAAQEAAAAAAMxPT0/PyMiIZoVh6...
&amp#27;[35m[HTTP]&amp#27;[39m &amp#27;[37m<-- POST /wd/hub/session/71784c92-b18a-46c1-a290-17ba74bb3393/appium/compare_images &amp#27;[39m&amp#27;[32m200&amp#27;[39m &amp#27;[90m436 ms - 758648&amp#27;[39m
&amp#27;[35m[HTTP]&amp#27;[39m &amp#27;[90m&amp#27;[39m
Visual check of 'Edit view' passed; similarity match was 1,000000
Searching for Password Title
&amp#27;[35m[HTTP]&amp#27;[39m &amp#27;[37m-->&amp#27;[39m &amp#27;[37mGET&amp#27;[39m &amp#27;[37m/wd/hub/session/71784c92-b18a-46c1-a290-17ba74bb3393/context&amp#27;[39m
&amp#27;[35m[HTTP]&amp#27;[39m &amp#27;[90m{}&amp#27;[39m
[debug] &amp#27;[35m[W3C (71784c92)]&amp#27;[39m Calling AppiumDriver.getCurrentContext() with args: ["71784c92-b18a-46c1-a290-17ba74bb3393"]
[debug] &amp#27;[35m[W3C (71784c92)]&amp#27;[39m Responding to client with driver.getCurrentContext() result: "NATIVE_APP"
&amp#27;[35m[HTTP]&amp#27;[39m &amp#27;[37m<-- GET /wd/hub/session/71784c92-b18a-46c1-a290-17ba74bb3393/context &amp#27;[39m&amp#27;[32m200&amp#27;[39m &amp#27;[90m1 ms - 22&amp#27;[39m
&amp#27;[35m[HTTP]&amp#27;[39m &amp#27;[90m&amp#27;[39m
&amp#27;[35m[HTTP]&amp#27;[39m &amp#27;[37m-->&amp#27;[39m &amp#27;[37mPOST&amp#27;[39m &amp#27;[37m/wd/hub/session/71784c92-b18a-46c1-a290-17ba74bb3393/element&amp#27;[39m
&amp#27;[35m[HTTP]&amp#27;[39m &amp#27;[90m{"using":"id","value":"com.nordpass.android.app.password.manager:id/passwordTitle"}&amp#27;[39m
[debug] &amp#27;[35m[W3C (71784c92)]&amp#27;[39m Calling AppiumDriver.findElement() with args: ["id","com.nordpass.android.app.password.manager:id/passwordTitle","71784c92-b18a-46c1-a290-17ba74bb3393"]
[debug] &amp#27;[35m[BaseDriver]&amp#27;[39m Valid locator strategies for this request: xpath, id, class name, accessibility id, -android uiautomator
[debug] &amp#27;[35m[BaseDriver]&amp#27;[39m Waiting up to 10000 ms for condition
[debug] &amp#27;[35m[WD Proxy]&amp#27;[39m Matched '/element' to command name 'findElement'
[debug] &amp#27;[35m[WD Proxy]&amp#27;[39m Proxying [POST /element] to [POST http://127.0.0.1:8201/wd/hub/session/e1a92ac3-39a4-4fa6-92fc-7041064cc14a/element] with body: {"strategy":"id","selector":"com.nordpass.android.app.password.manager:id/passwordTitle","context":"","multiple":false}
[debug] &amp#27;[35m[WD Proxy]&amp#27;[39m Got response with status 200: {"sessionId":"e1a92ac3-39a4-4fa6-92fc-7041064cc14a","value":{"ELEMENT":"8beddf2f-bf8c-4496-b42a-83dcb5188af2","element-6066-11e4-a52e-4f735466cecf":"8beddf2f-bf8c-4496-b42a-83dcb5188af2"}}
[debug] &amp#27;[35m[W3C (71784c92)]&amp#27;[39m Responding to client with driver.findElement() result: {"element-6066-11e4-a52e-4f735466cecf":"8beddf2f-bf8c-4496-b42a-83dcb5188af2","ELEMENT":"8beddf2f-bf8c-4496-b42a-83dcb5188af2"}
&amp#27;[35m[HTTP]&amp#27;[39m &amp#27;[37m<-- POST /wd/hub/session/71784c92-b18a-46c1-a290-17ba74bb3393/element &amp#27;[39m&amp#27;[32m200&amp#27;[39m &amp#27;[90m69 ms - 137&amp#27;[39m
&amp#27;[35m[HTTP]&amp#27;[39m &amp#27;[90m&amp#27;[39m
&amp#27;[35m[HTTP]&amp#27;[39m &amp#27;[37m-->&amp#27;[39m &amp#27;[37mPOST&amp#27;[39m &amp#27;[37m/wd/hub/session/71784c92-b18a-46c1-a290-17ba74bb3393/element/8beddf2f-bf8c-4496-b42a-83dcb5188af2/click&amp#27;[39m
&amp#27;[35m[HTTP]&amp#27;[39m &amp#27;[90m{"id":"8beddf2f-bf8c-4496-b42a-83dcb5188af2"}&amp#27;[39m
[debug] &amp#27;[35m[W3C (71784c92)]&amp#27;[39m Calling AppiumDriver.click() with args: ["8beddf2f-bf8c-4496-b42a-83dcb5188af2","71784c92-b18a-46c1-a290-17ba74bb3393"]
[debug] &amp#27;[35m[WD Proxy]&amp#27;[39m Matched '/element/8beddf2f-bf8c-4496-b42a-83dcb5188af2/click' to command name 'click'
[debug] &amp#27;[35m[WD Proxy]&amp#27;[39m Proxying [POST /element/8beddf2f-bf8c-4496-b42a-83dcb5188af2/click] to [POST http://127.0.0.1:8201/wd/hub/session/e1a92ac3-39a4-4fa6-92fc-7041064cc14a/element/8beddf2f-bf8c-4496-b42a-83dcb5188af2/click] with body: {"element":"8beddf2f-bf8c-4496-b42a-83dcb5188af2"}
[debug] &amp#27;[35m[WD Proxy]&amp#27;[39m Got response with status 200: {"sessionId":"e1a92ac3-39a4-4fa6-92fc-7041064cc14a","value":null}
[debug] &amp#27;[35m[W3C (71784c92)]&amp#27;[39m Responding to client with driver.click() result: null
&amp#27;[35m[HTTP]&amp#27;[39m &amp#27;[37m<-- POST /wd/hub/session/71784c92-b18a-46c1-a290-17ba74bb3393/element/8beddf2f-bf8c-4496-b42a-83dcb5188af2/click &amp#27;[39m&amp#27;[32m200&amp#27;[39m &amp#27;[90m81 ms - 14&amp#27;[39m
&amp#27;[35m[HTTP]&amp#27;[39m &amp#27;[90m&amp#27;[39m
Searching for Password Title
&amp#27;[35m[HTTP]&amp#27;[39m &amp#27;[37m-->&amp#27;[39m &amp#27;[37mGET&amp#27;[39m &amp#27;[37m/wd/hub/session/71784c92-b18a-46c1-a290-17ba74bb3393/context&amp#27;[39m
&amp#27;[35m[HTTP]&amp#27;[39m &amp#27;[90m{}&amp#27;[39m
[debug] &amp#27;[35m[W3C (71784c92)]&amp#27;[39m Calling AppiumDriver.getCurrentContext() with args: ["71784c92-b18a-46c1-a290-17ba74bb3393"]
[debug] &amp#27;[35m[W3C (71784c92)]&amp#27;[39m Responding to client with driver.getCurrentContext() result: "NATIVE_APP"
&amp#27;[35m[HTTP]&amp#27;[39m &amp#27;[37m<-- GET /wd/hub/session/71784c92-b18a-46c1-a290-17ba74bb3393/context &amp#27;[39m&amp#27;[32m200&amp#27;[39m &amp#27;[90m1 ms - 22&amp#27;[39m
&amp#27;[35m[HTTP]&amp#27;[39m &amp#27;[90m&amp#27;[39m
&amp#27;[35m[HTTP]&amp#27;[39m &amp#27;[37m-->&amp#27;[39m &amp#27;[37mPOST&amp#27;[39m &amp#27;[37m/wd/hub/session/71784c92-b18a-46c1-a290-17ba74bb3393/element&amp#27;[39m
&amp#27;[35m[HTTP]&amp#27;[39m &amp#27;[90m{"using":"id","value":"com.nordpass.android.app.password.manager:id/passwordTitle"}&amp#27;[39m
[debug] &amp#27;[35m[W3C (71784c92)]&amp#27;[39m Calling AppiumDriver.findElement() with args: ["id","com.nordpass.android.app.password.manager:id/passwordTitle","71784c92-b18a-46c1-a290-17ba74bb3393"]
[debug] &amp#27;[35m[BaseDriver]&amp#27;[39m Valid locator strategies for this request: xpath, id, class name, accessibility id, -android uiautomator
[debug] &amp#27;[35m[BaseDriver]&amp#27;[39m Waiting up to 10000 ms for condition
[debug] &amp#27;[35m[WD Proxy]&amp#27;[39m Matched '/element' to command name 'findElement'
[debug] &amp#27;[35m[WD Proxy]&amp#27;[39m Proxying [POST /element] to [POST http://127.0.0.1:8201/wd/hub/session/e1a92ac3-39a4-4fa6-92fc-7041064cc14a/element] with body: {"strategy":"id","selector":"com.nordpass.android.app.password.manager:id/passwordTitle","context":"","multiple":false}
[debug] &amp#27;[35m[WD Proxy]&amp#27;[39m Got response with status 200: {"sessionId":"e1a92ac3-39a4-4fa6-92fc-7041064cc14a","value":{"ELEMENT":"db4f3610-6dcf-4415-9ab3-81665133d6c2","element-6066-11e4-a52e-4f735466cecf":"db4f3610-6dcf-4415-9ab3-81665133d6c2"}}
[debug] &amp#27;[35m[W3C (71784c92)]&amp#27;[39m Responding to client with driver.findElement() result: {"element-6066-11e4-a52e-4f735466cecf":"db4f3610-6dcf-4415-9ab3-81665133d6c2","ELEMENT":"db4f3610-6dcf-4415-9ab3-81665133d6c2"}
&amp#27;[35m[HTTP]&amp#27;[39m &amp#27;[37m<-- POST /wd/hub/session/71784c92-b18a-46c1-a290-17ba74bb3393/element &amp#27;[39m&amp#27;[32m200&amp#27;[39m &amp#27;[90m826 ms - 137&amp#27;[39m
&amp#27;[35m[HTTP]&amp#27;[39m &amp#27;[90m&amp#27;[39m
&amp#27;[35m[HTTP]&amp#27;[39m &amp#27;[37m-->&amp#27;[39m &amp#27;[37mPOST&amp#27;[39m &amp#27;[37m/wd/hub/session/71784c92-b18a-46c1-a290-17ba74bb3393/element/db4f3610-6dcf-4415-9ab3-81665133d6c2/value&amp#27;[39m
&amp#27;[35m[HTTP]&amp#27;[39m &amp#27;[90m{"id":"db4f3610-6dcf-4415-9ab3-81665133d6c2","text":"Test 01234567890123456789012345678901234567890123456789","value":["T","e","s","t"," ","0","1","2","3","4","5","6","7","8","9","0","1","2","3","4","5","6","7","8","9","0","1","2","3","4","5","6","7","8","9","0","1","2","3","4","5","6","7","8","9","0","1","2","3","4","5","6","7","8","9"]}&amp#27;[39m
[debug] &amp#27;[35m[W3C (71784c92)]&amp#27;[39m Calling AppiumDriver.setValue() with args: [["T","e","s","t"," ","0","1","2","3","4","5","6","7","8","9","0","1","2","3","4","5","6","7","8","9","0","1","2","3","4","5","6","7","8","9","0","1","2","3","4","5","6","7","8","9","0","1","2","3","4","5","6","7","8","9"],"db4f3610-6dcf-4415-9ab3-81665133d6c2","71784c92-b18a-46c1-a290-17ba74bb3393"]
[debug] &amp#27;[35m[WD Proxy]&amp#27;[39m Matched '/element/db4f3610-6dcf-4415-9ab3-81665133d6c2/value' to command name 'setValue'
[debug] &amp#27;[35m[Protocol Converter]&amp#27;[39m Added 'value' property ["T","e","s","t"," ","0","1","2","3","4","5","6","7","8","9","0","1","2","3","4","5","6","7","8","9","0","1","2","3","4","5","6","7","8","9","0","1","2","3","4","5","6","7","8","9","0","1","2","3","4","5","6","7","8","9"] to 'setValue' request body
[debug] &amp#27;[35m[WD Proxy]&amp#27;[39m Proxying [POST /element/db4f3610-6dcf-4415-9ab3-81665133d6c2/value] to [POST http://127.0.0.1:8201/wd/hub/session/e1a92ac3-39a4-4fa6-92fc-7041064cc14a/element/db4f3610-6dcf-4415-9ab3-81665133d6c2/value] with body: {"elementId":"db4f3610-6dcf-4415-9ab3-81665133d6c2","text":"Test 01234567890123456789012345678901234567890123456789","replace":false,"value":["T","e","s","t"," ","0","1","2","3","4","5","6","7","8","9","0","1","2","3","4","5","6","7","8","9","0","1","2","3","4","5","6","7","8","9","0","1","2","3","4","5","6","7","8","9","0","1","2","3","4","5","6","7","8","9"]}
[debug] &amp#27;[35m[WD Proxy]&amp#27;[39m Got response with status 200: {"sessionId":"e1a92ac3-39a4-4fa6-92fc-7041064cc14a","value":null}
[debug] &amp#27;[35m[W3C (71784c92)]&amp#27;[39m Responding to client with driver.setValue() result: null
&amp#27;[35m[HTTP]&amp#27;[39m &amp#27;[37m<-- POST /wd/hub/session/71784c92-b18a-46c1-a290-17ba74bb3393/element/db4f3610-6dcf-4415-9ab3-81665133d6c2/value &amp#27;[39m&amp#27;[32m200&amp#27;[39m &amp#27;[90m646 ms - 14&amp#27;[39m
&amp#27;[35m[HTTP]&amp#27;[39m &amp#27;[90m&amp#27;[39m
Searching for Password Title
&amp#27;[35m[HTTP]&amp#27;[39m &amp#27;[37m-->&amp#27;[39m &amp#27;[37mGET&amp#27;[39m &amp#27;[37m/wd/hub/session/71784c92-b18a-46c1-a290-17ba74bb3393/context&amp#27;[39m
&amp#27;[35m[HTTP]&amp#27;[39m &amp#27;[90m{}&amp#27;[39m
[debug] &amp#27;[35m[W3C (71784c92)]&amp#27;[39m Calling AppiumDriver.getCurrentContext() with args: ["71784c92-b18a-46c1-a290-17ba74bb3393"]
[debug] &amp#27;[35m[W3C (71784c92)]&amp#27;[39m Responding to client with driver.getCurrentContext() result: "NATIVE_APP"
&amp#27;[35m[HTTP]&amp#27;[39m &amp#27;[37m<-- GET /wd/hub/session/71784c92-b18a-46c1-a290-17ba74bb3393/context &amp#27;[39m&amp#27;[32m200&amp#27;[39m &amp#27;[90m1 ms - 22&amp#27;[39m
&amp#27;[35m[HTTP]&amp#27;[39m &amp#27;[90m&amp#27;[39m
&amp#27;[35m[HTTP]&amp#27;[39m &amp#27;[37m-->&amp#27;[39m &amp#27;[37mPOST&amp#27;[39m &amp#27;[37m/wd/hub/session/71784c92-b18a-46c1-a290-17ba74bb3393/element&amp#27;[39m
&amp#27;[35m[HTTP]&amp#27;[39m &amp#27;[90m{"using":"id","value":"com.nordpass.android.app.password.manager:id/passwordTitle"}&amp#27;[39m
[debug] &amp#27;[35m[W3C (71784c92)]&amp#27;[39m Calling AppiumDriver.findElement() with args: ["id","com.nordpass.android.app.password.manager:id/passwordTitle","71784c92-b18a-46c1-a290-17ba74bb3393"]
[debug] &amp#27;[35m[BaseDriver]&amp#27;[39m Valid locator strategies for this request: xpath, id, class name, accessibility id, -android uiautomator
[debug] &amp#27;[35m[BaseDriver]&amp#27;[39m Waiting up to 10000 ms for condition
[debug] &amp#27;[35m[WD Proxy]&amp#27;[39m Matched '/element' to command name 'findElement'
[debug] &amp#27;[35m[WD Proxy]&amp#27;[39m Proxying [POST /element] to [POST http://127.0.0.1:8201/wd/hub/session/e1a92ac3-39a4-4fa6-92fc-7041064cc14a/element] with body: {"strategy":"id","selector":"com.nordpass.android.app.password.manager:id/passwordTitle","context":"","multiple":false}
[debug] &amp#27;[35m[WD Proxy]&amp#27;[39m Got response with status 200: {"sessionId":"e1a92ac3-39a4-4fa6-92fc-7041064cc14a","value":{"ELEMENT":"978f38db-ef2c-4c67-97a3-c57d091e1d2c","element-6066-11e4-a52e-4f735466cecf":"978f38db-ef2c-4c67-97a3-c57d091e1d2c"}}
[debug] &amp#27;[35m[W3C (71784c92)]&amp#27;[39m Responding to client with driver.findElement() result: {"element-6066-11e4-a52e-4f735466cecf":"978f38db-ef2c-4c67-97a3-c57d091e1d2c","ELEMENT":"978f38db-ef2c-4c67-97a3-c57d091e1d2c"}
&amp#27;[35m[HTTP]&amp#27;[39m &amp#27;[37m<-- POST /wd/hub/session/71784c92-b18a-46c1-a290-17ba74bb3393/element &amp#27;[39m&amp#27;[32m200&amp#27;[39m &amp#27;[90m637 ms - 137&amp#27;[39m
&amp#27;[35m[HTTP]&amp#27;[39m &amp#27;[90m&amp#27;[39m
&amp#27;[35m[HTTP]&amp#27;[39m &amp#27;[37m-->&amp#27;[39m &amp#27;[37mGET&amp#27;[39m &amp#27;[37m/wd/hub/session/71784c92-b18a-46c1-a290-17ba74bb3393/element/978f38db-ef2c-4c67-97a3-c57d091e1d2c/text&amp#27;[39m
&amp#27;[35m[HTTP]&amp#27;[39m &amp#27;[90m{}&amp#27;[39m
&amp#27;[35m[W3C (71784c92)]&amp#27;[39m Driver proxy active, passing request on via HTTP proxy
[debug] &amp#27;[35m[WD Proxy]&amp#27;[39m Matched '/wd/hub/session/71784c92-b18a-46c1-a290-17ba74bb3393/element/978f38db-ef2c-4c67-97a3-c57d091e1d2c/text' to command name 'getText'
[debug] &amp#27;[35m[WD Proxy]&amp#27;[39m Proxying [GET /wd/hub/session/71784c92-b18a-46c1-a290-17ba74bb3393/element/978f38db-ef2c-4c67-97a3-c57d091e1d2c/text] to [GET http://127.0.0.1:8201/wd/hub/session/e1a92ac3-39a4-4fa6-92fc-7041064cc14a/element/978f38db-ef2c-4c67-97a3-c57d091e1d2c/text] with no body
[debug] &amp#27;[35m[WD Proxy]&amp#27;[39m Got response with status 200: {"sessionId":"e1a92ac3-39a4-4fa6-92fc-7041064cc14a","value":"Test 01234567890123456789012345678901234567890123456789"}
&amp#27;[35m[WD Proxy]&amp#27;[39m Replacing sessionId e1a92ac3-39a4-4fa6-92fc-7041064cc14a with 71784c92-b18a-46c1-a290-17ba74bb3393
&amp#27;[35m[HTTP]&amp#27;[39m &amp#27;[37m<-- GET /wd/hub/session/71784c92-b18a-46c1-a290-17ba74bb3393/element/978f38db-ef2c-4c67-97a3-c57d091e1d2c/text &amp#27;[39m&amp#27;[32m200&amp#27;[39m &amp#27;[90m10 ms - 118&amp#27;[39m
&amp#27;[35m[HTTP]&amp#27;[39m &amp#27;[90m&amp#27;[39m
&amp#27;[35m[HTTP]&amp#27;[39m &amp#27;[37m-->&amp#27;[39m &amp#27;[37mPOST&amp#27;[39m &amp#27;[37m/wd/hub/session/71784c92-b18a-46c1-a290-17ba74bb3393/appium/device/hide_keyboard&amp#27;[39m
&amp#27;[35m[HTTP]&amp#27;[39m &amp#27;[90m{}&amp#27;[39m
[debug] &amp#27;[35m[W3C (71784c92)]&amp#27;[39m Calling AppiumDriver.hideKeyboard() with args: [null,null,null,null,"71784c92-b18a-46c1-a290-17ba74bb3393"]
[debug] &amp#27;[35m[ADB]&amp#27;[39m Running 'C:\Users\T1170\AppData\Local\Android\Sdk\platform-tools\adb.exe -P 5037 -s emulator-5554 shell dumpsys input_method'
[debug] &amp#27;[35m[ADB]&amp#27;[39m Running 'C:\Users\T1170\AppData\Local\Android\Sdk\platform-tools\adb.exe -P 5037 -s emulator-5554 shell input keyevent 111'
[debug] &amp#27;[35m[ADB]&amp#27;[39m Running 'C:\Users\T1170\AppData\Local\Android\Sdk\platform-tools\adb.exe -P 5037 -s emulator-5554 shell dumpsys input_method'
[debug] &amp#27;[35m[W3C (71784c92)]&amp#27;[39m Responding to client with driver.hideKeyboard() result: true
&amp#27;[35m[HTTP]&amp#27;[39m &amp#27;[37m<-- POST /wd/hub/session/71784c92-b18a-46c1-a290-17ba74bb3393/appium/device/hide_keyboard &amp#27;[39m&amp#27;[32m200&amp#27;[39m &amp#27;[90m435 ms - 14&amp#27;[39m
&amp#27;[35m[HTTP]&amp#27;[39m &amp#27;[90m&amp#27;[39m
&amp#27;[35m[HTTP]&amp#27;[39m &amp#27;[37m-->&amp#27;[39m &amp#27;[37mGET&amp#27;[39m &amp#27;[37m/wd/hub/session/71784c92-b18a-46c1-a290-17ba74bb3393/screenshot&amp#27;[39m
&amp#27;[35m[HTTP]&amp#27;[39m &amp#27;[90m{}&amp#27;[39m
[debug] &amp#27;[35m[W3C (71784c92)]&amp#27;[39m Calling AppiumDriver.getScreenshot() with args: ["71784c92-b18a-46c1-a290-17ba74bb3393"]
[debug] &amp#27;[35m[WD Proxy]&amp#27;[39m Matched '/screenshot' to command name 'getScreenshot'
[debug] &amp#27;[35m[WD Proxy]&amp#27;[39m Proxying [GET /screenshot] to [GET http://127.0.0.1:8201/wd/hub/session/e1a92ac3-39a4-4fa6-92fc-7041064cc14a/screenshot] with no body
[debug] &amp#27;[35m[WD Proxy]&amp#27;[39m Got response with status 200: {"sessionId":"e1a92ac3-39a4-4fa6-92fc-7041064cc14a","value":"iVBORw0KGgoAAAANSUhEUgAABaAAAAoACAYAAABH9IXPAAAAAXNSR0IArs4c6QAAAARzQklUCAgI\nCHwIZIgAACAASURBVHic7N15lFTlmfjxp+hmF5o2CC6IiOKKUTAxE/e4oaK4gBGNwURxjhOS4DJO\nJjmTETVjXBOiRn8jxsQFTRRx35fRCcElRo3gFlHEMK4tzSpN0931+yMDA4Gu6qXeql4+n3NyDtX3\nve99PKmjnC+XezMRkQ0AAAAAACiwLqUeAAAAAACAjkmABgAAAAAgCQEaAAAAAIAkBGgAAAAAAJIQ\noAEAAAAASEKABgAAAAAgCQEaAAAAAIAkBGgAAAAAAJIQoAEAAAAASEKABgAAAAAgCQEaAAAAAIAk\nBGgAAAAAAJIQoAEAAAAASEKABgAAAAAgCQEaAAAAAIAkBGgAAAAAAJIQoAEAAAAASEKABgAAAAAg\nifJSDwAAAAAA0BYNGTIk3nvvvVKPEeeff36T1950001tYuY1MhGRLfUQAAAAAABtyRlnnBF77LFH\nTJo0qdSjRDbb9IT7ta99LZ5++ul0wzSTR3AAAAAAAKxj4sSJcf3115d6jA5BgAYAAAAA+F8TJ06M\nadOmlXqMDkOABgAAAAAI8TkFARoAAAAA6PQmTZpU0vj885//PKqrqyObzW7wv+b4r//6rw3Onz9/\nfrNeZFhI5SW5KgAAAABAGzFp0qS45pprSnb9qVOnxuTJk5PtP2TIkJgyZUpkMpmYMmVKsutsjDug\nAQAAAIBOq9TxOSLi1FNP7VDXWZcADQAAAAB0Sm0hPkdE9OvXryjXGTJkSFGusy4BGgAAAADodNpK\nfO7oBGgAAAAAoFMRn4tHgAYAAAAAOo1zzjlno/F5xYoVUV1dvd7PstlsscbqsARoAAAAAKBTmDRp\nUlx55ZUb/Hz58uVx0EEHxUcf...
[debug] &amp#27;[35m[W3C (71784c92)]&amp#27;[39m Responding to client with driver.getScreenshot() result: "iVBORw0KGgoAAAANSUhEUgAABaAAAAoACAYAAABH9IXPAAAAAXNSR0IArs4c6QAAAARzQklUCAgI\nCHwIZIgAACAASURBVHic7N15lFTlmfjxp+hmF5o2CC6IiOKKUTAxE/e4oaK4gBGNwURxjhOS4DJO\nJjmTETVjXBOiRn8jxsQFTRRx35fRCcElRo3gFlHEMK4tzSpN0931+yMDA4Gu6qXeql4+n3NyDtX3\nve99PKmjnC+XezMRkQ0AAAAAACiwLqUeAAAAAACAjkmABgAAAAAgCQEaAAAAAIAkBGgAAAAAAJIQ\noAEAAAAASEKABgAAAAAgCQEaAAAAAIAkBGgAAAAAAJIQoAEAAAAASEKABgAAAAAgCQEaAAAAAIAk\nBGgAAAAAAJIQoAEAAAAASEKABgAAAAAgCQEaAAAAAIAkBGgAAAAAAJIQoAEAAAAASEKABgAAAAAg\nifJSDwAAAAAA0BYNGTIk3nvvvVKPEeeff36T1950001tYuY1MhGRLfUQAAAAAABtyRlnnBF77LFH\nTJo0qdSjRDbb9IT7ta99LZ5++ul0wzSTR3AAAAAAAKxj4sSJcf3115d6jA5BgAYAAAAA+F8TJ06M\nadOmlXqMDkOABgAAAAAI8TkFARoAAAAA6PQmTZpU0vj885//PKqrqyObzW7wv+b4r//6rw3Onz9/\nfrNeZFhI5SW5KgAAAABAGzFp0qS45pprSnb9qVOnxuTJk5PtP2TIkJgyZUpkMpmYMmVKsutsjDug\nAQAAAIBOq9TxOSLi1FNP7VDXWZcADQAAAAB0Sm0hPkdE9OvXryjXGTJkSFGusy4BGgAAAADodNpK\nfO7oBGgAAAAAoFMRn4tHgAYAAAAAOo1zzjlno/F5xYoVUV1dvd7PstlsscbqsARoAAAAAKBTmDRp\nUlx55ZUb/Hz58uVx0EEHxUcffbTezzOZTLFG67AEaAAAAACgwzv33HM3eufz8uXL4+CDD44XXnih\nBFN1fA...
&amp#27;[35m[HTTP]&amp#27;[39m &amp#27;[37m<-- GET /wd/hub/session/71784c92-b18a-46c1-a290-17ba74bb3393/screenshot &amp#27;[39m&amp#27;[32m200&amp#27;[39m &amp#27;[90m338 ms - 203294&amp#27;[39m
&amp#27;[35m[HTTP]&amp#27;[39m &amp#27;[90m&amp#27;[39m
&amp#27;[35m[HTTP]&amp#27;[39m &amp#27;[37m-->&amp#27;[39m &amp#27;[37mPOST&amp#27;[39m &amp#27;[37m/wd/hub/session/71784c92-b18a-46c1-a290-17ba74bb3393/appium/compare_images&amp#27;[39m
&amp#27;[35m[HTTP]&amp#27;[39m &amp#27;[90m{"mode":"getSimilarity","firstImage":"iVBORw0KGgoAAAANSUhEUgAABaAAAAoACAYAAABH9IXPAAAAAXNSR0IArs4c6QAAAARzQklUCAgICHwIZIgAACAASURBVHic7N15lFTlmfjxp+hmF5o2CC6IiOKKUTAxE/e4oaK4gBGNwURxjhOS4DJOJjmTETVjXBOiRn8jxsQFTRRx35fRCcElRo3gFlHEMK4tzSpN0931+yMDA4Gu6qXeql4+n3NyDtX3ve99PKmjnC+XezMRkQ0AAAAAACiwLqUeAAAAAACAjkmABgAAAAAgCQEaAAAAAIAkBGgAAAAAAJIQoAEAAAAASEKABgAAAAAgCQEaAAAAAIAkBGgAAAAAAJIQoAEAAAAASEKABgAAAAAgCQEaAAAAAIAkBGgAAAAAAJIQoAEAAAAASEKABgAAAAAgCQEaAAAAAIAkBGgAAAAAAJIQoAEAAAAASEKABgAAAAAgifJSDwAAAAAA0BYNGTIk3nvvvVKPEeeff36T1950001tYuY1MhGRLfUQAAAAAABtyRlnnBF77LFHTJo0qdSjRDbb9IT7ta99LZ5++ul0wzSTR3AAAAAAAKxj4sSJcf3115d6jA5BgAYAAAAA+F8TJ06MadOmlXqMDkOABgAAAAAI8TkFARoAAAAA6PQmTZpU0vj885//PKqrqyObzW7wv+b4r//6rw3Onz9/frNeZFhI5SW5KgAAAABAGzFp0qS45pprSnb9qVOnxuTJk5PtP2TIkJgyZUpkMpmYMmVKsutsjDugAQAAAIBOq9TxOSLi1FNP7VDXWZcADQAAAAB0Sm0hPkdE9OvXryjXGTJkSFGusy4BGgAAAADodNpKfO7oBGgAAAAAoFMRn4tHgAYAAAAAOo1zzjlno/F5xYoVUV1dvd7PstlsscbqsARoAAAAAKBTmDRpUlx55ZUb/Hz58uVx0EEHxUcffbTezzOZTLFG67AEaAAAAACgwzv33HM3eufz8uXL4+CDD44...&amp#27;[39m
[debug] &amp#27;[35m[W3C (71784c92)]&amp#27;[39m Calling AppiumDriver.compareImages() with args: ["getSimilarity","iVBORw0KGgoAAAANSUhEUgAABaAAAAoACAYAAABH9IXPAAAAAXNSR0IArs4c6QAAAARzQklUCAgICHwIZIgAACAASURBVHic7N15lFTlmfjxp+hmF5o2CC6IiOKKUTAxE/e4oaK4gBGNwURxjhOS4DJOJjmTETVjXBOiRn8jxsQFTRRx35fRCcElRo3gFlHEMK4tzSpN0931+yMDA4Gu6qXeql4+n3NyDtX3ve99PKmjnC+XezMRkQ0AAAAAACiwLqUeAAAAAACAjkmABgAAAAAgCQEaAAAAAIAkBGgAAAAAAJIQoAEAAAAASEKABgAAAAAgCQEaAAAAAIAkBGgAAAAAAJIQoAEAAAAASEKABgAAAAAgCQEaAAAAAIAkBGgAAAAAAJIQoAEAAAAASEKABgAAAAAgCQEaAAAAAIAkBGgAAAAAAJIQoAEAAAAASEKABgAAAAAgifJSDwAAAAAA0BYNGTIk3nvvvVKPEeeff36T1950001tYuY1MhGRLfUQAAAAAABtyRlnnBF77LFHTJo0qdSjRDbb9IT7ta99LZ5++ul0wzSTR3AAAAAAAKxj4sSJcf3115d6jA5BgAYAAAAA+F8TJ06MadOmlXqMDkOABgAAAAAI8TkFARoAAAAA6PQmTZpU0vj885//PKqrqyObzW7wv+b4r//6rw3Onz9/frNeZFhI5SW5KgAAAABAGzFp0qS45pprSnb9qVOnxuTJk5PtP2TIkJgyZUpkMpmYMmVKsutsjDugAQAAAIBOq9TxOSLi1FNP7VDXWZcADQAAAAB0Sm0hPkdE9OvXryjXGTJkSFGusy4BGgAAAADodNpKfO7oBGgAAAAAoFMRn4tHgAYAAAAAOo1zzjlno/F5xYoVUV1dvd7PstlsscbqsARoAAAAAKBTmDRpUlx55ZUb/Hz58uVx0EEHxUcffbTezzOZTLFG67AEaAAAAACgwzv33HM3eufz8uXL4+CDD44XXnihBFN1fAI0AAAAANC...
[debug] &amp#27;[35m[W3C (71784c92)]&amp#27;[39m Responding to client with driver.compareImages() result: {"score":0.9999994039535522,"visualization":"iVBORw0KGgoAAAANSUhEUgAAC0AAAAoACAIAAACtAjTvAAAgAElEQVR4AezBf2jc9eHH8de7RvAH+6Z1fr/33WSrP0s+5rvNtSx/BDmvHn7DR1vNRrSdfhaKTYny6aZrhpnWLteP7J/ZzhDSj7CMflUIHS66zQ03z2NtOvTcbZhOwsUPp9LKsTFWbB2RFW3z/kJAiNxdl9bP9dLk+XgYAQAAAAAAAAAAAAAAoKGMAAAAAAAAAAAAAAAA0FBGAAAAAAAAAAAAAAAAaCgjAAAAAAAAAAAAAAAANJQRAAAAAAAAAAAAAAAAGsoIAAAAAAAAAAAAAAAADWUEAAAAAAAAAAAAAACAhjICAAAAAAAAAAAAAABAQxkBAAAAAAAAAAAAAACgoYwAAAAAAAAAAAAAAADQUEYAAAAAAAAAAAAAAABoKCMAAAAAAAAAAAAAAAA0lBEAAAAAAAAAAAAAAAAayggAAAAAAAAAAAAAAAANZQQAAAAAAAAAAAAAAICGMgIAAAAAAAAAAAAAAEBDGQEAAAAAAAAAAAAAAKChjAAAAAAAAAAAAAAAANBQRgAAAAAAAAAAAAAAAGgoIwAAAAAAsLhceeWVhw8fVp0NDAzotJ5++unDhw8LAAAAAADgzF155ZWHDx9WnQ0MDOi0nn766cOHD+ucMAIAAAAAAIvIli1bbrjhBt/3VWfWWp3W2rVrDxw4IAAAAAAAgDO0ZcuWG264wfd91Zm1Vqe1du3aAwcO6JwwAgAAAAAAi0VPT8/IyEgYhr7vq86stTqttWvXHjhwQAAAAAAAAGeip6dnZGQkDEPf91Vn1lqd1tq1aw8cOKBzwggAAAAAACwKPT09IyMjksIw9H1fdWat1WmtXbv2wIEDAgAAAAAAmLeenp6RkRFJYRj6vq86s9bqtNauXXvgwAGdE0YAAAAAAOD819PTMzIyollhGPq+rzqz1uq01q5de+DAAQEAAAAA...
&amp#27;[35m[HTTP]&amp#27;[39m &amp#27;[37m<-- POST /wd/hub/session/71784c92-b18a-46c1-a290-17ba74bb3393/appium/compare_images &amp#27;[39m&amp#27;[32m200&amp#27;[39m &amp#27;[90m531 ms - 694397&amp#27;[39m
&amp#27;[35m[HTTP]&amp#27;[39m &amp#27;[90m&amp#27;[39m
Visual check of 'Edit PasswordTitleText' passed; similarity match was 0,999999
Searching for Username field
&amp#27;[35m[HTTP]&amp#27;[39m &amp#27;[37m-->&amp#27;[39m &amp#27;[37mGET&amp#27;[39m &amp#27;[37m/wd/hub/session/71784c92-b18a-46c1-a290-17ba74bb3393/context&amp#27;[39m
&amp#27;[35m[HTTP]&amp#27;[39m &amp#27;[90m{}&amp#27;[39m
[debug] &amp#27;[35m[W3C (71784c92)]&amp#27;[39m Calling AppiumDriver.getCurrentContext() with args: ["71784c92-b18a-46c1-a290-17ba74bb3393"]
[debug] &amp#27;[35m[W3C (71784c92)]&amp#27;[39m Responding to client with driver.getCurrentContext() result: "NATIVE_APP"
&amp#27;[35m[HTTP]&amp#27;[39m &amp#27;[37m<-- GET /wd/hub/session/71784c92-b18a-46c1-a290-17ba74bb3393/context &amp#27;[39m&amp#27;[32m200&amp#27;[39m &amp#27;[90m2 ms - 22&amp#27;[39m
&amp#27;[35m[HTTP]&amp#27;[39m &amp#27;[90m&amp#27;[39m
&amp#27;[35m[HTTP]&amp#27;[39m &amp#27;[37m-->&amp#27;[39m &amp#27;[37mPOST&amp#27;[39m &amp#27;[37m/wd/hub/session/71784c92-b18a-46c1-a290-17ba74bb3393/element&amp#27;[39m
&amp#27;[35m[HTTP]&amp#27;[39m &amp#27;[90m{"using":"id","value":"com.nordpass.android.app.password.manager:id/username"}&amp#27;[39m
[debug] &amp#27;[35m[W3C (71784c92)]&amp#27;[39m Calling AppiumDriver.findElement() with args: ["id","com.nordpass.android.app.password.manager:id/username","71784c92-b18a-46c1-a290-17ba74bb3393"]
[debug] &amp#27;[35m[BaseDriver]&amp#27;[39m Valid locator strategies for this request: xpath, id, class name, accessibility id, -android uiautomator
[debug] &amp#27;[35m[BaseDriver]&amp#27;[39m Waiting up to 10000 ms for condition
[debug] &amp#27;[35m[WD Proxy]&amp#27;[39m Matched '/element' to command name 'findElement'
[debug] &amp#27;[35m[WD Proxy]&amp#27;[39m Proxying [POST /element] to [POST http://127.0.0.1:8201/wd/hub/session/e1a92ac3-39a4-4fa6-92fc-7041064cc14a/element] with body: {"strategy":"id","selector":"com.nordpass.android.app.password.manager:id/username","context":"","multiple":false}
[debug] &amp#27;[35m[WD Proxy]&amp#27;[39m Got response with status 200: {"sessionId":"e1a92ac3-39a4-4fa6-92fc-7041064cc14a","value":{"ELEMENT":"9868f5c7-5951-44a6-82b3-7e248173017d","element-6066-11e4-a52e-4f735466cecf":"9868f5c7-5951-44a6-82b3-7e248173017d"}}
[debug] &amp#27;[35m[W3C (71784c92)]&amp#27;[39m Responding to client with driver.findElement() result: {"element-6066-11e4-a52e-4f735466cecf":"9868f5c7-5951-44a6-82b3-7e248173017d","ELEMENT":"9868f5c7-5951-44a6-82b3-7e248173017d"}
&amp#27;[35m[HTTP]&amp#27;[39m &amp#27;[37m<-- POST /wd/hub/session/71784c92-b18a-46c1-a290-17ba74bb3393/element &amp#27;[39m&amp#27;[32m200&amp#27;[39m &amp#27;[90m26 ms - 137&amp#27;[39m
&amp#27;[35m[HTTP]&amp#27;[39m &amp#27;[90m&amp#27;[39m
&amp#27;[35m[HTTP]&amp#27;[39m &amp#27;[37m-->&amp#27;[39m &amp#27;[37mPOST&amp#27;[39m &amp#27;[37m/wd/hub/session/71784c92-b18a-46c1-a290-17ba74bb3393/element/9868f5c7-5951-44a6-82b3-7e248173017d/click&amp#27;[39m
&amp#27;[35m[HTTP]&amp#27;[39m &amp#27;[90m{"id":"9868f5c7-5951-44a6-82b3-7e248173017d"}&amp#27;[39m
[debug] &amp#27;[35m[W3C (71784c92)]&amp#27;[39m Calling AppiumDriver.click() with args: ["9868f5c7-5951-44a6-82b3-7e248173017d","71784c92-b18a-46c1-a290-17ba74bb3393"]
[debug] &amp#27;[35m[WD Proxy]&amp#27;[39m Matched '/element/9868f5c7-5951-44a6-82b3-7e248173017d/click' to command name 'click'
[debug] &amp#27;[35m[WD Proxy]&amp#27;[39m Proxying [POST /element/9868f5c7-5951-44a6-82b3-7e248173017d/click] to [POST http://127.0.0.1:8201/wd/hub/session/e1a92ac3-39a4-4fa6-92fc-7041064cc14a/element/9868f5c7-5951-44a6-82b3-7e248173017d/click] with body: {"element":"9868f5c7-5951-44a6-82b3-7e248173017d"}
[debug] &amp#27;[35m[WD Proxy]&amp#27;[39m Got response with status 200: {"sessionId":"e1a92ac3-39a4-4fa6-92fc-7041064cc14a","value":null}
[debug] &amp#27;[35m[W3C (71784c92)]&amp#27;[39m Responding to client with driver.click() result: null
&amp#27;[35m[HTTP]&amp#27;[39m &amp#27;[37m<-- POST /wd/hub/session/71784c92-b18a-46c1-a290-17ba74bb3393/element/9868f5c7-5951-44a6-82b3-7e248173017d/click &amp#27;[39m&amp#27;[32m200&amp#27;[39m &amp#27;[90m755 ms - 14&amp#27;[39m
&amp#27;[35m[HTTP]&amp#27;[39m &amp#27;[90m&amp#27;[39m
&amp#27;[35m[HTTP]&amp#27;[39m &amp#27;[37m-->&amp#27;[39m &amp#27;[37mGET&amp#27;[39m &amp#27;[37m/wd/hub/session/71784c92-b18a-46c1-a290-17ba74bb3393/appium/device/is_keyboard_shown&amp#27;[39m
&amp#27;[35m[HTTP]&amp#27;[39m &amp#27;[90m{}&amp#27;[39m
[debug] &amp#27;[35m[W3C (71784c92)]&amp#27;[39m Calling AppiumDriver.isKeyboardShown() with args: ["71784c92-b18a-46c1-a290-17ba74bb3393"]
[debug] &amp#27;[35m[ADB]&amp#27;[39m Running 'C:\Users\T1170\AppData\Local\Android\Sdk\platform-tools\adb.exe -P 5037 -s emulator-5554 shell dumpsys input_method'
[debug] &amp#27;[35m[W3C (71784c92)]&amp#27;[39m Responding to client with driver.isKeyboardShown() result: true
&amp#27;[35m[HTTP]&amp#27;[39m &amp#27;[37m<-- GET /wd/hub/session/71784c92-b18a-46c1-a290-17ba74bb3393/appium/device/is_keyboard_shown &amp#27;[39m&amp#27;[32m200&amp#27;[39m &amp#27;[90m122 ms - 14&amp#27;[39m
&amp#27;[35m[HTTP]&amp#27;[39m &amp#27;Searching for Username field
[90m&amp#27;[39m
&amp#27;[35m[HTTP]&amp#27;[39m &amp#27;[37m-->&amp#27;[39m &amp#27;[37mGET&amp#27;[39m &amp#27;[37m/wd/hub/session/71784c92-b18a-46c1-a290-17ba74bb3393/context&amp#27;[39m
&amp#27;[35m[HTTP]&amp#27;[39m &amp#27;[90m{}&amp#27;[39m
[debug] &amp#27;[35m[W3C (71784c92)]&amp#27;[39m Calling AppiumDriver.getCurrentContext() with args: ["71784c92-b18a-46c1-a290-17ba74bb3393"]
[debug] &amp#27;[35m[W3C (71784c92)]&amp#27;[39m Responding to client with driver.getCurrentContext() result: "NATIVE_APP"
&amp#27;[35m[HTTP]&amp#27;[39m &amp#27;[37m<-- GET /wd/hub/session/71784c92-b18a-46c1-a290-17ba74bb3393/context &amp#27;[39m&amp#27;[32m200&amp#27;[39m &amp#27;[90m1 ms - 22&amp#27;[39m
&amp#27;[35m[HTTP]&amp#27;[39m &amp#27;[90m&amp#27;[39m
&amp#27;[35m[HTTP]&amp#27;[39m &amp#27;[37m-->&amp#27;[39m &amp#27;[37mPOST&amp#27;[39m &amp#27;[37m/wd/hub/session/71784c92-b18a-46c1-a290-17ba74bb3393/element&amp#27;[39m
&amp#27;[35m[HTTP]&amp#27;[39m &amp#27;[90m{"using":"id","value":"com.nordpass.android.app.password.manager:id/username"}&amp#27;[39m
[debug] &amp#27;[35m[W3C (71784c92)]&amp#27;[39m Calling AppiumDriver.findElement() with args: ["id","com.nordpass.android.app.password.manager:id/username","71784c92-b18a-46c1-a290-17ba74bb3393"]
[debug] &amp#27;[35m[BaseDriver]&amp#27;[39m Valid locator strategies for this request: xpath, id, class name, accessibility id, -android uiautomator
[debug] &amp#27;[35m[BaseDriver]&amp#27;[39m Waiting up to 10000 ms for condition
[debug] &amp#27;[35m[WD Proxy]&amp#27;[39m Matched '/element' to command name 'findElement'
[debug] &amp#27;[35m[WD Proxy]&amp#27;[39m Proxying [POST /element] to [POST http://127.0.0.1:8201/wd/hub/session/e1a92ac3-39a4-4fa6-92fc-7041064cc14a/element] with body: {"strategy":"id","selector":"com.nordpass.android.app.password.manager:id/username","context":"","multiple":false}
[debug] &amp#27;[35m[WD Proxy]&amp#27;[39m Got response with status 200: {"sessionId":"e1a92ac3-39a4-4fa6-92fc-7041064cc14a","value":{"ELEMENT":"5618eb8b-6d6c-4b1d-8cab-f94533900cc2","element-6066-11e4-a52e-4f735466cecf":"5618eb8b-6d6c-4b1d-8cab-f94533900cc2"}}
[debug] &amp#27;[35m[W3C (71784c92)]&amp#27;[39m Responding to client with driver.findElement() result: {"element-6066-11e4-a52e-4f735466cecf":"5618eb8b-6d6c-4b1d-8cab-f94533900cc2","ELEMENT":"5618eb8b-6d6c-4b1d-8cab-f94533900cc2"}
&amp#27;[35m[HTTP]&amp#27;[39m &amp#27;[37m<-- POST /wd/hub/session/71784c92-b18a-46c1-a290-17ba74bb3393/element &amp#27;[39m&amp#27;[32m200&amp#27;[39m &amp#27;[90m22 ms - 137&amp#27;[39m
&amp#27;[35m[HTTP]&amp#27;[39m &amp#27;[90m&amp#27;[39m
&amp#27;[35m[HTTP]&amp#27;[39m &amp#27;[37m-->&amp#27;[39m &amp#27;[37mPOST&amp#27;[39m &amp#27;[37m/wd/hub/session/71784c92-b18a-46c1-a290-17ba74bb3393/element/5618eb8b-6d6c-4b1d-8cab-f94533900cc2/value&amp#27;[39m
&amp#27;[35m[HTTP]&amp#27;[39m &amp#27;[90m{"id":"5618eb8b-6d6c-4b1d-8cab-f94533900cc2","text":"Vartotojas 01234567890123456789012345678901234567890123456789","value":["V","a","r","t","o","t","o","j","a","s"," ","0","1","2","3","4","5","6","7","8","9","0","1","2","3","4","5","6","7","8","9","0","1","2","3","4","5","6","7","8","9","0","1","2","3","4","5","6","7","8","9","0","1","2","3","4","5","6","7","8","9"]}&amp#27;[39m
[debug] &amp#27;[35m[W3C (71784c92)]&amp#27;[39m Calling AppiumDriver.setValue() with args: [["V","a","r","t","o","t","o","j","a","s"," ","0","1","2","3","4","5","6","7","8","9","0","1","2","3","4","5","6","7","8","9","0","1","2","3","4","5","6","7","8","9","0","1","2","3","4","5","6","7","8","9","0","1","2","3","4","5","6","7","8","9"],"5618eb8b-6d6c-4b1d-8cab-f94533900cc2","71784c92-b18a-46c1-a290-17ba74bb3393"]
[debug] &amp#27;[35m[WD Proxy]&amp#27;[39m Matched '/element/5618eb8b-6d6c-4b1d-8cab-f94533900cc2/value' to command name 'setValue'
[debug] &amp#27;[35m[Protocol Converter]&amp#27;[39m Added 'value' property ["V","a","r","t","o","t","o","j","a","s"," ","0","1","2","3","4","5","6","7","8","9","0","1","2","3","4","5","6","7","8","9","0","1","2","3","4","5","6","7","8","9","0","1","2","3","4","5","6","7","8","9","0","1","2","3","4","5","6","7","8","9"] to 'setValue' request body
[debug] &amp#27;[35m[WD Proxy]&amp#27;[39m Proxying [POST /element/5618eb8b-6d6c-4b1d-8cab-f94533900cc2/value] to [POST http://127.0.0.1:8201/wd/hub/session/e1a92ac3-39a4-4fa6-92fc-7041064cc14a/element/5618eb8b-6d6c-4b1d-8cab-f94533900cc2/value] with body: {"elementId":"5618eb8b-6d6c-4b1d-8cab-f94533900cc2","text":"Vartotojas 01234567890123456789012345678901234567890123456789","replace":false,"value":["V","a","r","t","o","t","o","j","a","s"," ","0","1","2","3","4","5","6","7","8","9","0","1","2","3","4","5","6","7","8","9","0","1","2","3","4","5","6","7","8","9","0","1","2","3","4","5","6","7","8","9","0","1","2","3","4","5","6","7","8","9"]}
[debug] &amp#27;[35m[WD Proxy]&amp#27;[39m Got response with status 200: {"sessionId":"e1a92ac3-39a4-4fa6-92fc-7041064cc14a","value":null}
[debug] &amp#27;[35m[W3C (71784c92)]&amp#27;[39m Responding to client with driver.setValue() result: null
&amp#27;[35m[HTTP]&amp#27;[39m &amp#27;[37m<-- POST /wd/hub/session/71784c92-b18a-46c1-a290-17ba74bb3393/element/5618eb8b-6d6c-4b1d-8cab-f94533900cc2/value &amp#27;[39m&amp#27;[32m200&amp#27;[39m &amp#27;[90m656 ms - 14&amp#27;[39m
&amp#27;[35m[HTTP]&amp#27;[39m &amp#27;[90m&amp#27;[39m
Searching for Username field
&amp#27;[35m[HTTP]&amp#27;[39m &amp#27;[37m-->&amp#27;[39m &amp#27;[37mGET&amp#27;[39m &amp#27;[37m/wd/hub/session/71784c92-b18a-46c1-a290-17ba74bb3393/context&amp#27;[39m
&amp#27;[35m[HTTP]&amp#27;[39m &amp#27;[90m{}&amp#27;[39m
[debug] &amp#27;[35m[W3C (71784c92)]&amp#27;[39m Calling AppiumDriver.getCurrentContext() with args: ["71784c92-b18a-46c1-a290-17ba74bb3393"]
[debug] &amp#27;[35m[W3C (71784c92)]&amp#27;[39m Responding to client with driver.getCurrentContext() result: "NATIVE_APP"
&amp#27;[35m[HTTP]&amp#27;[39m &amp#27;[37m<-- GET /wd/hub/session/71784c92-b18a-46c1-a290-17ba74bb3393/context &amp#27;[39m&amp#27;[32m200&amp#27;[39m &amp#27;[90m1 ms - 22&amp#27;[39m
&amp#27;[35m[HTTP]&amp#27;[39m &amp#27;[90m&amp#27;[39m
&amp#27;[35m[HTTP]&amp#27;[39m &amp#27;[37m-->&amp#27;[39m &amp#27;[37mPOST&amp#27;[39m &amp#27;[37m/wd/hub/session/71784c92-b18a-46c1-a290-17ba74bb3393/element&amp#27;[39m
&amp#27;[35m[HTTP]&amp#27;[39m &amp#27;[90m{"using":"id","value":"com.nordpass.android.app.password.manager:id/username"}&amp#27;[39m
[debug] &amp#27;[35m[W3C (71784c92)]&amp#27;[39m Calling AppiumDriver.findElement() with args: ["id","com.nordpass.android.app.password.manager:id/username","71784c92-b18a-46c1-a290-17ba74bb3393"]
[debug] &amp#27;[35m[BaseDriver]&amp#27;[39m Valid locator strategies for this request: xpath, id, class name, accessibility id, -android uiautomator
[debug] &amp#27;[35m[BaseDriver]&amp#27;[39m Waiting up to 10000 ms for condition
[debug] &amp#27;[35m[WD Proxy]&amp#27;[39m Matched '/element' to command name 'findElement'
[debug] &amp#27;[35m[WD Proxy]&amp#27;[39m Proxying [POST /element] to [POST http://127.0.0.1:8201/wd/hub/session/e1a92ac3-39a4-4fa6-92fc-7041064cc14a/element] with body: {"strategy":"id","selector":"com.nordpass.android.app.password.manager:id/username","context":"","multiple":false}
[debug] &amp#27;[35m[WD Proxy]&amp#27;[39m Got response with status 200: {"sessionId":"e1a92ac3-39a4-4fa6-92fc-7041064cc14a","value":{"ELEMENT":"b7d46cf1-540e-4384-a191-ce9f0958f70d","element-6066-11e4-a52e-4f735466cecf":"b7d46cf1-540e-4384-a191-ce9f0958f70d"}}
[debug] &amp#27;[35m[W3C (71784c92)]&amp#27;[39m Responding to client with driver.findElement() result: {"element-6066-11e4-a52e-4f735466cecf":"b7d46cf1-540e-4384-a191-ce9f0958f70d","ELEMENT":"b7d46cf1-540e-4384-a191-ce9f0958f70d"}
&amp#27;[35m[HTTP]&amp#27;[39m &amp#27;[37m<-- POST /wd/hub/session/71784c92-b18a-46c1-a290-17ba74bb3393/element &amp#27;[39m&amp#27;[32m200&amp#27;[39m &amp#27;[90m637 ms - 137&amp#27;[39m
&amp#27;[35m[HTTP]&amp#27;[39m &amp#27;[90m&amp#27;[39m
&amp#27;[35m[HTTP]&amp#27;[39m &amp#27;[37m-->&amp#27;[39m &amp#27;[37mGET&amp#27;[39m &amp#27;[37m/wd/hub/session/71784c92-b18a-46c1-a290-17ba74bb3393/element/b7d46cf1-540e-4384-a191-ce9f0958f70d/text&amp#27;[39m
&amp#27;[35m[HTTP]&amp#27;[39m &amp#27;[90m{}&amp#27;[39m
&amp#27;[35m[W3C (71784c92)]&amp#27;[39m Driver proxy active, passing request on via HTTP proxy
[debug] &amp#27;[35m[WD Proxy]&amp#27;[39m Matched '/wd/hub/session/71784c92-b18a-46c1-a290-17ba74bb3393/element/b7d46cf1-540e-4384-a191-ce9f0958f70d/text' to command name 'getText'
[debug] &amp#27;[35m[WD Proxy]&amp#27;[39m Proxying [GET /wd/hub/session/71784c92-b18a-46c1-a290-17ba74bb3393/element/b7d46cf1-540e-4384-a191-ce9f0958f70d/text] to [GET http://127.0.0.1:8201/wd/hub/session/e1a92ac3-39a4-4fa6-92fc-7041064cc14a/element/b7d46cf1-540e-4384-a191-ce9f0958f70d/text] with no body
[debug] &amp#27;[35m[WD Proxy]&amp#27;[39m Got response with status 200: {"sessionId":"e1a92ac3-39a4-4fa6-92fc-7041064cc14a","value":"Vartotojas 01234567890123456789012345678901234567890123456789"}
&amp#27;[35m[WD Proxy]&amp#27;[39m Replacing sessionId e1a92ac3-39a4-4fa6-92fc-7041064cc14a with 71784c92-b18a-46c1-a290-17ba74bb3393
&amp#27;[35m[HTTP]&amp#27;[39m &amp#27;[37m<-- GET /wd/hub/session/71784c92-b18a-46c1-a290-17ba74bb3393/element/b7d46cf1-540e-4384-a191-ce9f0958f70d/text &amp#27;[39m&amp#27;[32m200&amp#27;[39m &amp#27;[90m9 ms - 124&amp#27;[39m
&amp#27;[35m[HTTP]&amp#27;[39m &amp#27;[90m&amp#27;[39m
&amp#27;[35m[HTTP]&amp#27;[39m &amp#27;[37m-->&amp#27;[39m &amp#27;[37mPOST&amp#27;[39m &amp#27;[37m/wd/hub/session/71784c92-b18a-46c1-a290-17ba74bb3393/appium/device/hide_keyboard&amp#27;[39m
&amp#27;[35m[HTTP]&amp#27;[39m &amp#27;[90m{}&amp#27;[39m
[debug] &amp#27;[35m[W3C (71784c92)]&amp#27;[39m Calling AppiumDriver.hideKeyboard() with args: [null,null,null,null,"71784c92-b18a-46c1-a290-17ba74bb3393"]
[debug] &amp#27;[35m[ADB]&amp#27;[39m Running 'C:\Users\T1170\AppData\Local\Android\Sdk\platform-tools\adb.exe -P 5037 -s emulator-5554 shell dumpsys input_method'
[debug] &amp#27;[35m[ADB]&amp#27;[39m Running 'C:\Users\T1170\AppData\Local\Android\Sdk\platform-tools\adb.exe -P 5037 -s emulator-5554 shell input keyevent 111'
[debug] &amp#27;[35m[ADB]&amp#27;[39m Running 'C:\Users\T1170\AppData\Local\Android\Sdk\platform-tools\adb.exe -P 5037 -s emulator-5554 shell dumpsys input_method'
[debug] &amp#27;[35m[W3C (71784c92)]&amp#27;[39m Responding to client with driver.hideKeyboard() result: true
&amp#27;[35m[HTTP]&amp#27;[39m &amp#27;[37m<-- POST /wd/hub/session/71784c92-b18a-46c1-a290-17ba74bb3393/appium/device/hide_keyboard &amp#27;[39m&amp#27;[32m200&amp#27;[39m &amp#27;[90m421 ms - 14&amp#27;[39m
&amp#27;[35m[HTTP]&amp#27;[39m &amp#27;[90m&amp#27;[39m
&amp#27;[35m[HTTP]&amp#27;[39m &amp#27;[37m-->&amp#27;[39m &amp#27;[37mGET&amp#27;[39m &amp#27;[37m/wd/hub/session/71784c92-b18a-46c1-a290-17ba74bb3393/screenshot&amp#27;[39m
&amp#27;[35m[HTTP]&amp#27;[39m &amp#27;[90m{}&amp#27;[39m
[debug] &amp#27;[35m[W3C (71784c92)]&amp#27;[39m Calling AppiumDriver.getScreenshot() with args: ["71784c92-b18a-46c1-a290-17ba74bb3393"]
[debug] &amp#27;[35m[WD Proxy]&amp#27;[39m Matched '/screenshot' to command name 'getScreenshot'
[debug] &amp#27;[35m[WD Proxy]&amp#27;[39m Proxying [GET /screenshot] to [GET http://127.0.0.1:8201/wd/hub/session/e1a92ac3-39a4-4fa6-92fc-7041064cc14a/screenshot] with no body
[debug] &amp#27;[35m[WD Proxy]&amp#27;[39m Got response with status 200: {"sessionId":"e1a92ac3-39a4-4fa6-92fc-7041064cc14a","value":"iVBORw0KGgoAAAANSUhEUgAABaAAAAoACAYAAABH9IXPAAAAAXNSR0IArs4c6QAAAARzQklUCAgI\nCHwIZIgAACAASURBVHic7N19lNZ1nfj/18UMAiKMgwTeIYSAN0gi7rqbeI+KSCEGFraGq2LHjTZS\n123bs60UreVdkZaeFbMswVREUTNUcnVDQLMkwXsRMBYFkQEUZxhmmN8ffeEnwVzX3Fzv65qbx+Oc\nzuEzn/fn/Xl5uo5ynnz4XJmIqAsAAAAAAMizDsUeAAAAAACAtkmABgAAAAAgCQEaAAAAAIAkBGgA\nAAAAAJIQoAEAAAAASEKABgAAAAAgCQEaAAAAAIAkBGgAAAAAAJIQoAEAAAAASEKABgAAAAAgCQEa\nAAAAAIAkBGgAAAAAAJIQoAEAAAAASEKABgAAAAAgCQEaAAAAAIAkBGgAAAAAAJIQoAEAAAAASEKA\nBgAAAAAgidJiDwAAAAAA0BL169cvVq5cWewx4uqrr27w2jvvvLNFzLxDJiLqij0EAAAAAEBLcuml\nl8bQoUNj8uTJxR4l6uoannBPPfXUeOqpp9IN00hewQEAAAAA8DGTJk2K2267rdhjtAkCNAAAAADA\n/zNp0qSYMWNGscdoMwRoAAAAAIAQn1MQoAEAAACAdm/y5MlFjc8//OEPo6KiIurq6nb7X2P8z//8\nz27Xr1ixolFfZJhPpUW5KwAAAABACzF58uT48Y9/XLT7T58+PaZMmZJs/379+sXUqVMjk8nE1KlT\nk91nTzwBDQAAAAC0W8WOzxERF154YZu6z8cJ0AAAAABAu9QS4nNExL777luQ+/Tr168g9/k4ARoA\nAAAAaHdaSnxu6wRoAAAAAKBdEZ8LR4AGAAAAANqNK664Yo/xecuWLVFRUbHLz+rq6go1VpslQAMA\nAAAA7cLkyZPjxhtv3O3nH374...
[debug] &amp#27;[35m[W3C (71784c92)]&amp#27;[39m Responding to client with driver.getScreenshot() result: "iVBORw0KGgoAAAANSUhEUgAABaAAAAoACAYAAABH9IXPAAAAAXNSR0IArs4c6QAAAARzQklUCAgI\nCHwIZIgAACAASURBVHic7N19lNZ1nfj/18UMAiKMgwTeIYSAN0gi7rqbeI+KSCEGFraGq2LHjTZS\n123bs60UreVdkZaeFbMswVREUTNUcnVDQLMkwXsRMBYFkQEUZxhmmN8ffeEnwVzX3Fzv65qbx+Oc\nzuEzn/fn/Xl5uo5ynnz4XJmIqAsAAAAAAMizDsUeAAAAAACAtkmABgAAAAAgCQEaAAAAAIAkBGgA\nAAAAAJIQoAEAAAAASEKABgAAAAAgCQEaAAAAAIAkBGgAAAAAAJIQoAEAAAAASEKABgAAAAAgCQEa\nAAAAAIAkBGgAAAAAAJIQoAEAAAAASEKABgAAAAAgCQEaAAAAAIAkBGgAAAAAAJIQoAEAAAAASEKA\nBgAAAAAgidJiDwAAAAAA0BL169cvVq5cWewx4uqrr27w2jvvvLNFzLxDJiLqij0EAAAAAEBLcuml\nl8bQoUNj8uTJxR4l6uoannBPPfXUeOqpp9IN00hewQEAAAAA8DGTJk2K2267rdhjtAkCNAAAAADA\n/zNp0qSYMWNGscdoMwRoAAAAAIAQn1MQoAEAAACAdm/y5MlFjc8//OEPo6KiIurq6nb7X2P8z//8\nz27Xr1ixolFfZJhPpUW5KwAAAABACzF58uT48Y9/XLT7T58+PaZMmZJs/379+sXUqVMjk8nE1KlT\nk91nTzwBDQAAAAC0W8WOzxERF154YZu6z8cJ0AAAAABAu9QS4nNExL777luQ+/Tr168g9/k4ARoA\nAAAAaHdaSnxu6wRoAAAAAKBdEZ8LR4AGAAAAANqNK664Yo/xecuWLVFRUbHLz+rq6go1VpslQAMA\nAAAA7cLkyZPjxhtv3O3nH374YZx22mnx7rvv7vLzTCZTqNHaLAEaAAAAAGjzrrzyyj0++fzhhx/G\niBEj4r...
&amp#27;[35m[HTTP]&amp#27;[39m &amp#27;[37m<-- GET /wd/hub/session/71784c92-b18a-46c1-a290-17ba74bb3393/screenshot &amp#27;[39m&amp#27;[32m200&amp#27;[39m &amp#27;[90m336 ms - 212732&amp#27;[39m
&amp#27;[35m[HTTP]&amp#27;[39m &amp#27;[90m&amp#27;[39m
&amp#27;[35m[HTTP]&amp#27;[39m &amp#27;[37m-->&amp#27;[39m &amp#27;[37mPOST&amp#27;[39m &amp#27;[37m/wd/hub/session/71784c92-b18a-46c1-a290-17ba74bb3393/appium/compare_images&amp#27;[39m
&amp#27;[35m[HTTP]&amp#27;[39m &amp#27;[90m{"mode":"getSimilarity","firstImage":"iVBORw0KGgoAAAANSUhEUgAABaAAAAoACAYAAABH9IXPAAAAAXNSR0IArs4c6QAAAARzQklUCAgICHwIZIgAACAASURBVHic7N19lNZ1nfj/18UMAiKMgwTeIYSAN0gi7rqbeI+KSCEGFraGq2LHjTZS123bs60UreVdkZaeFbMswVREUTNUcnVDQLMkwXsRMBYFkQEUZxhmmN8ffeEnwVzX3Fzv65qbx+OczuEzn/fn/Xl5uo5ynnz4XJmIqAsAAAAAAMizDsUeAAAAAACAtkmABgAAAAAgCQEaAAAAAIAkBGgAAAAAAJIQoAEAAAAASEKABgAAAAAgCQEaAAAAAIAkBGgAAAAAAJIQoAEAAAAASEKABgAAAAAgCQEaAAAAAIAkBGgAAAAAAJIQoAEAAAAASEKABgAAAAAgCQEaAAAAAIAkBGgAAAAAAJIQoAEAAAAASEKABgAAAAAgidJiDwAAAAAA0BL169cvVq5cWewx4uqrr27w2jvvvLNFzLxDJiLqij0EAAAAAEBLcumll8bQoUNj8uTJxR4l6uoannBPPfXUeOqpp9IN00hewQEAAAAA8DGTJk2K2267rdhjtAkCNAAAAADA/zNp0qSYMWNGscdoMwRoAAAAAIAQn1MQoAEAAACAdm/y5MlFjc8//OEPo6KiIurq6nb7X2P8z//8z27Xr1ixolFfZJhPpUW5KwAAAABACzF58uT48Y9/XLT7T58+PaZMmZJs/379+sXUqVMjk8nE1KlTk91nTzwBDQAAAAC0W8WOzxERF154YZu6z8cJ0AAAAABAu9QS4nNExL777luQ+/Tr168g9/k4ARoAAAAAaHdaSnxu6wRoAAAAAKBdEZ8LR4AGAAAAANqNK664Yo/xecuWLVFRUbHLz+rq6go1VpslQAMAAAAA7cLkyZPjxhtv3O3nH374YZx22mnx7rvv7vLzTCZTqNHaLAEaAAAAAGjzrrzyyj0++fz...&amp#27;[39m
[debug] &amp#27;[35m[W3C (71784c92)]&amp#27;[39m Calling AppiumDriver.compareImages() with args: ["getSimilarity","iVBORw0KGgoAAAANSUhEUgAABaAAAAoACAYAAABH9IXPAAAAAXNSR0IArs4c6QAAAARzQklUCAgICHwIZIgAACAASURBVHic7N19lNZ1nfj/18UMAiKMgwTeIYSAN0gi7rqbeI+KSCEGFraGq2LHjTZS123bs60UreVdkZaeFbMswVREUTNUcnVDQLMkwXsRMBYFkQEUZxhmmN8ffeEnwVzX3Fzv65qbx+OczuEzn/fn/Xl5uo5ynnz4XJmIqAsAAAAAAMizDsUeAAAAAACAtkmABgAAAAAgCQEaAAAAAIAkBGgAAAAAAJIQoAEAAAAASEKABgAAAAAgCQEaAAAAAIAkBGgAAAAAAJIQoAEAAAAASEKABgAAAAAgCQEaAAAAAIAkBGgAAAAAAJIQoAEAAAAASEKABgAAAAAgCQEaAAAAAIAkBGgAAAAAAJIQoAEAAAAASEKABgAAAAAgidJiDwAAAAAA0BL169cvVq5cWewx4uqrr27w2jvvvLNFzLxDJiLqij0EAAAAAEBLcumll8bQoUNj8uTJxR4l6uoannBPPfXUeOqpp9IN00hewQEAAAAA8DGTJk2K2267rdhjtAkCNAAAAADA/zNp0qSYMWNGscdoMwRoAAAAAIAQn1MQoAEAAACAdm/y5MlFjc8//OEPo6KiIurq6nb7X2P8z//8z27Xr1ixolFfZJhPpUW5KwAAAABACzF58uT48Y9/XLT7T58+PaZMmZJs/379+sXUqVMjk8nE1KlTk91nTzwBDQAAAAC0W8WOzxERF154YZu6z8cJ0AAAAABAu9QS4nNExL777luQ+/Tr168g9/k4ARoAAAAAaHdaSnxu6wRoAAAAAKBdEZ8LR4AGAAAAANqNK664Yo/xecuWLVFRUbHLz+rq6go1VpslQAMAAAAA7cLkyZPjxhtv3O3nH374YZx22mnx7rvv7vLzTCZTqNHaLAEaAAAAAGjzrrzyyj0++fzhhx/GiBEj4rnnnivCVG2...
[debug] &amp#27;[35m[W3C (71784c92)]&amp#27;[39m Responding to client with driver.compareImages() result: {"score":1,"visualization":"iVBORw0KGgoAAAANSUhEUgAAC0AAAAoACAIAAACtAjTvAAAgAElEQVR4AezBf2jc9eHH8de7RvAH+6Z1fr/33WSrP0s+5rvNtSx/BDmvHn7DR1vNRrSdfhaKTYny6aZrhpnWLteP7J/ZzhDSj7CMflUIHS66zQ03z2NtOvTcbZhOwsUPp9LKsTFWbB2RFW3z/kJAiNxdl9bP9dLk+XgYAQAAAAAAAAAAAAAAoKGMAAAAAAAAAAAAAAAA0FBGAAAAAAAAAAAAAAAAaCgjAAAAAAAAAAAAAAAANJQRAAAAAAAAAAAAAAAAGsoIAAAAAAAAAAAAAAAADWUEAAAAAAAAAAAAAACAhjICAAAAAAAAAAAAAABAQxkBAAAAAAAAAAAAAACgoYwAAAAAAAAAAAAAAADQUEYAAAAAAAAAAAAAAABoKCMAAAAAAAAAAAAAAAA0lBEAAAAAAAAAAAAAAAAayggAAAAAAAAAAAAAAAANZQQAAAAAAAAAAAAAAICGMgIAAAAAAAAAAAAAAEBDGQEAAAAAAAAAAAAAAKChjAAAAAAAAAAAAAAAANBQRgAAAAAAAAAAAAAAAGgoIwAAAAAAsLhceeWVhw8fVp0NDAzotJ5++unDhw8LAAAAAADgzF155ZWHDx9WnQ0MDOi0nn766cOHD+ucMAIAAAAAAIvIli1bbrjhBt/3VWfWWp3W2rVrDxw4IAAAAAAAgDO0ZcuWG264wfd91Zm1Vqe1du3aAwcO6JwwAgAAAAAAi0VPT8/IyEgYhr7vq86stTqttWvXHjhwQAAAAAAAAGeip6dnZGQkDEPf91Vn1lqd1tq1aw8cOKBzwggAAAAAACwKPT09IyMjksIw9H1fdWat1WmtXbv2wIEDAgAAAAAAmLeenp6RkRFJYRj6vq86s9bqtNauXXvgwAGdE0YAAAAAAOD819PTMzIyollhGPq+rzqz1uq01q5de+DAAQEAAAAAAMxPT0/PyMiIZoVh6...
&amp#27;[35m[HTTP]&amp#27;[39m &amp#27;[37m<-- POST /wd/hub/session/71784c92-b18a-46c1-a290-17ba74bb3393/appium/compare_images &amp#27;[39m&amp#27;[32m200&amp#27;[39m &amp#27;[90m428 ms - 743232&amp#27;[39m
&amp#27;[35m[HTTP]&amp#27;[39m &amp#27;[90m&amp#27;[39m
Visual check of 'Edit Username' passed; similarity match was 1,000000
Searching for Password field
&amp#27;[35m[HTTP]&amp#27;[39m &amp#27;[37m-->&amp#27;[39m &amp#27;[37mGET&amp#27;[39m &amp#27;[37m/wd/hub/session/71784c92-b18a-46c1-a290-17ba74bb3393/context&amp#27;[39m
&amp#27;[35m[HTTP]&amp#27;[39m &amp#27;[90m{}&amp#27;[39m
[debug] &amp#27;[35m[W3C (71784c92)]&amp#27;[39m Calling AppiumDriver.getCurrentContext() with args: ["71784c92-b18a-46c1-a290-17ba74bb3393"]
[debug] &amp#27;[35m[W3C (71784c92)]&amp#27;[39m Responding to client with driver.getCurrentContext() result: "NATIVE_APP"
&amp#27;[35m[HTTP]&amp#27;[39m &amp#27;[37m<-- GET /wd/hub/session/71784c92-b18a-46c1-a290-17ba74bb3393/context &amp#27;[39m&amp#27;[32m200&amp#27;[39m &amp#27;[90m1 ms - 22&amp#27;[39m
&amp#27;[35m[HTTP]&amp#27;[39m &amp#27;[90m&amp#27;[39m
&amp#27;[35m[HTTP]&amp#27;[39m &amp#27;[37m-->&amp#27;[39m &amp#27;[37mPOST&amp#27;[39m &amp#27;[37m/wd/hub/session/71784c92-b18a-46c1-a290-17ba74bb3393/element&amp#27;[39m
&amp#27;[35m[HTTP]&amp#27;[39m &amp#27;[90m{"using":"id","value":"com.nordpass.android.app.password.manager:id/password"}&amp#27;[39m
[debug] &amp#27;[35m[W3C (71784c92)]&amp#27;[39m Calling AppiumDriver.findElement() with args: ["id","com.nordpass.android.app.password.manager:id/password","71784c92-b18a-46c1-a290-17ba74bb3393"]
[debug] &amp#27;[35m[BaseDriver]&amp#27;[39m Valid locator strategies for this request: xpath, id, class name, accessibility id, -android uiautomator
[debug] &amp#27;[35m[BaseDriver]&amp#27;[39m Waiting up to 10000 ms for condition
[debug] &amp#27;[35m[WD Proxy]&amp#27;[39m Matched '/element' to command name 'findElement'
[debug] &amp#27;[35m[WD Proxy]&amp#27;[39m Proxying [POST /element] to [POST http://127.0.0.1:8201/wd/hub/session/e1a92ac3-39a4-4fa6-92fc-7041064cc14a/element] with body: {"strategy":"id","selector":"com.nordpass.android.app.password.manager:id/password","context":"","multiple":false}
[debug] &amp#27;[35m[WD Proxy]&amp#27;[39m Got response with status 200: {"sessionId":"e1a92ac3-39a4-4fa6-92fc-7041064cc14a","value":{"ELEMENT":"e9ae0a2d-1c37-4b46-b3f7-70c516f5a6a9","element-6066-11e4-a52e-4f735466cecf":"e9ae0a2d-1c37-4b46-b3f7-70c516f5a6a9"}}
[debug] &amp#27;[35m[W3C (71784c92)]&amp#27;[39m Responding to client with driver.findElement() result: {"element-6066-11e4-a52e-4f735466cecf":"e9ae0a2d-1c37-4b46-b3f7-70c516f5a6a9","ELEMENT":"e9ae0a2d-1c37-4b46-b3f7-70c516f5a6a9"}
&amp#27;[35m[HTTP]&amp#27;[39m &amp#27;[37m<-- POST /wd/hub/session/71784c92-b18a-46c1-a290-17ba74bb3393/element &amp#27;[39m&amp#27;[32m200&amp#27;[39m &amp#27;[90m21 ms - 137&amp#27;[39m
&amp#27;[35m[HTTP]&amp#27;[39m &amp#27;[90m&amp#27;[39m
&amp#27;[35m[HTTP]&amp#27;[39m &amp#27;[37m-->&amp#27;[39m &amp#27;[37mPOST&amp#27;[39m &amp#27;[37m/wd/hub/session/71784c92-b18a-46c1-a290-17ba74bb3393/element/e9ae0a2d-1c37-4b46-b3f7-70c516f5a6a9/click&amp#27;[39m
&amp#27;[35m[HTTP]&amp#27;[39m &amp#27;[90m{"id":"e9ae0a2d-1c37-4b46-b3f7-70c516f5a6a9"}&amp#27;[39m
[debug] &amp#27;[35m[W3C (71784c92)]&amp#27;[39m Calling AppiumDriver.click() with args: ["e9ae0a2d-1c37-4b46-b3f7-70c516f5a6a9","71784c92-b18a-46c1-a290-17ba74bb3393"]
[debug] &amp#27;[35m[WD Proxy]&amp#27;[39m Matched '/element/e9ae0a2d-1c37-4b46-b3f7-70c516f5a6a9/click' to command name 'click'
[debug] &amp#27;[35m[WD Proxy]&amp#27;[39m Proxying [POST /element/e9ae0a2d-1c37-4b46-b3f7-70c516f5a6a9/click] to [POST http://127.0.0.1:8201/wd/hub/session/e1a92ac3-39a4-4fa6-92fc-7041064cc14a/element/e9ae0a2d-1c37-4b46-b3f7-70c516f5a6a9/click] with body: {"element":"e9ae0a2d-1c37-4b46-b3f7-70c516f5a6a9"}
[debug] &amp#27;[35m[WD Proxy]&amp#27;[39m Got response with status 200: {"sessionId":"e1a92ac3-39a4-4fa6-92fc-7041064cc14a","value":null}
[debug] &amp#27;[35m[W3C (71784c92)]&amp#27;[39m Responding to client with driver.click() result: null
&amp#27;[35m[HTTP]&amp#27;[39m &amp#27;[37m<-- POST /wd/hub/session/71784c92-b18a-46c1-a290-17ba74bb3393/element/e9ae0a2d-1c37-4b46-b3f7-70c516f5a6a9/click &amp#27;[39m&amp#27;[32m200&amp#27;[39m &amp#27;[90m39 ms - 14&amp#27;[39m
&amp#27;[35m[HTTP]&amp#27;[39m &amp#27;[90m&amp#27;[39m
Searching for Password field
&amp#27;[35m[HTTP]&amp#27;[39m &amp#27;[37m-->&amp#27;[39m &amp#27;[37mGET&amp#27;[39m &amp#27;[37m/wd/hub/session/71784c92-b18a-46c1-a290-17ba74bb3393/context&amp#27;[39m
&amp#27;[35m[HTTP]&amp#27;[39m &amp#27;[90m{}&amp#27;[39m
[debug] &amp#27;[35m[W3C (71784c92)]&amp#27;[39m Calling AppiumDriver.getCurrentContext() with args: ["71784c92-b18a-46c1-a290-17ba74bb3393"]
[debug] &amp#27;[35m[W3C (71784c92)]&amp#27;[39m Responding to client with driver.getCurrentContext() result: "NATIVE_APP"
&amp#27;[35m[HTTP]&amp#27;[39m &amp#27;[37m<-- GET /wd/hub/session/71784c92-b18a-46c1-a290-17ba74bb3393/context &amp#27;[39m&amp#27;[32m200&amp#27;[39m &amp#27;[90m1 ms - 22&amp#27;[39m
&amp#27;[35m[HTTP]&amp#27;[39m &amp#27;[90m&amp#27;[39m
&amp#27;[35m[HTTP]&amp#27;[39m &amp#27;[37m-->&amp#27;[39m &amp#27;[37mPOST&amp#27;[39m &amp#27;[37m/wd/hub/session/71784c92-b18a-46c1-a290-17ba74bb3393/element&amp#27;[39m
&amp#27;[35m[HTTP]&amp#27;[39m &amp#27;[90m{"using":"id","value":"com.nordpass.android.app.password.manager:id/password"}&amp#27;[39m
[debug] &amp#27;[35m[W3C (71784c92)]&amp#27;[39m Calling AppiumDriver.findElement() with args: ["id","com.nordpass.android.app.password.manager:id/password","71784c92-b18a-46c1-a290-17ba74bb3393"]
[debug] &amp#27;[35m[BaseDriver]&amp#27;[39m Valid locator strategies for this request: xpath, id, class name, accessibility id, -android uiautomator
[debug] &amp#27;[35m[BaseDriver]&amp#27;[39m Waiting up to 10000 ms for condition
[debug] &amp#27;[35m[WD Proxy]&amp#27;[39m Matched '/element' to command name 'findElement'
[debug] &amp#27;[35m[WD Proxy]&amp#27;[39m Proxying [POST /element] to [POST http://127.0.0.1:8201/wd/hub/session/e1a92ac3-39a4-4fa6-92fc-7041064cc14a/element] with body: {"strategy":"id","selector":"com.nordpass.android.app.password.manager:id/password","context":"","multiple":false}
[debug] &amp#27;[35m[WD Proxy]&amp#27;[39m Got response with status 200: {"sessionId":"e1a92ac3-39a4-4fa6-92fc-7041064cc14a","value":{"ELEMENT":"0a306621-b532-481b-8b6c-896d6ca56e70","element-6066-11e4-a52e-4f735466cecf":"0a306621-b532-481b-8b6c-896d6ca56e70"}}
[debug] &amp#27;[35m[W3C (71784c92)]&amp#27;[39m Responding to client with driver.findElement() result: {"element-6066-11e4-a52e-4f735466cecf":"0a306621-b532-481b-8b6c-896d6ca56e70","ELEMENT":"0a306621-b532-481b-8b6c-896d6ca56e70"}
&amp#27;[35m[HTTP]&amp#27;[39m &amp#27;[37m<-- POST /wd/hub/session/71784c92-b18a-46c1-a290-17ba74bb3393/element &amp#27;[39m&amp#27;[32m200&amp#27;[39m &amp#27;[90m767 ms - 137&amp#27;[39m
&amp#27;[35m[HTTP]&amp#27;[39m &amp#27;[90m&amp#27;[39m
&amp#27;[35m[HTTP]&amp#27;[39m &amp#27;[37m-->&amp#27;[39m &amp#27;[37mPOST&amp#27;[39m &amp#27;[37m/wd/hub/session/71784c92-b18a-46c1-a290-17ba74bb3393/element/0a306621-b532-481b-8b6c-896d6ca56e70/value&amp#27;[39m
&amp#27;[35m[HTTP]&amp#27;[39m &amp#27;[90m{"id":"0a306621-b532-481b-8b6c-896d6ca56e70","text":"Slaptazodis01234567890123456789012345678901234567890123456789","value":["S","l","a","p","t","a","z","o","d","i","s","0","1","2","3","4","5","6","7","8","9","0","1","2","3","4","5","6","7","8","9","0","1","2","3","4","5","6","7","8","9","0","1","2","3","4","5","6","7","8","9","0","1","2","3","4","5","6","7","8","9"]}&amp#27;[39m
[debug] &amp#27;[35m[W3C (71784c92)]&amp#27;[39m Calling AppiumDriver.setValue() with args: [["S","l","a","p","t","a","z","o","d","i","s","0","1","2","3","4","5","6","7","8","9","0","1","2","3","4","5","6","7","8","9","0","1","2","3","4","5","6","7","8","9","0","1","2","3","4","5","6","7","8","9","0","1","2","3","4","5","6","7","8","9"],"0a306621-b532-481b-8b6c-896d6ca56e70","71784c92-b18a-46c1-a290-17ba74bb3393"]
[debug] &amp#27;[35m[WD Proxy]&amp#27;[39m Matched '/element/0a306621-b532-481b-8b6c-896d6ca56e70/value' to command name 'setValue'
[debug] &amp#27;[35m[Protocol Converter]&amp#27;[39m Added 'value' property ["S","l","a","p","t","a","z","o","d","i","s","0","1","2","3","4","5","6","7","8","9","0","1","2","3","4","5","6","7","8","9","0","1","2","3","4","5","6","7","8","9","0","1","2","3","4","5","6","7","8","9","0","1","2","3","4","5","6","7","8","9"] to 'setValue' request body
[debug] &amp#27;[35m[WD Proxy]&amp#27;[39m Proxying [POST /element/0a306621-b532-481b-8b6c-896d6ca56e70/value] to [POST http://127.0.0.1:8201/wd/hub/session/e1a92ac3-39a4-4fa6-92fc-7041064cc14a/element/0a306621-b532-481b-8b6c-896d6ca56e70/value] with body: {"elementId":"0a306621-b532-481b-8b6c-896d6ca56e70","text":"Slaptazodis01234567890123456789012345678901234567890123456789","replace":false,"value":["S","l","a","p","t","a","z","o","d","i","s","0","1","2","3","4","5","6","7","8","9","0","1","2","3","4","5","6","7","8","9","0","1","2","3","4","5","6","7","8","9","0","1","2","3","4","5","6","7","8","9","0","1","2","3","4","5","6","7","8","9"]}
[debug] &amp#27;[35m[WD Proxy]&amp#27;[39m Got response with status 200: {"sessionId":"e1a92ac3-39a4-4fa6-92fc-7041064cc14a","value":null}
[debug] &amp#27;[35m[W3C (71784c92)]&amp#27;[39m Responding to client with driver.setValue() result: null
&amp#27;[35m[HTTP]&amp#27;[39m &amp#27;[37m<-- POST /wd/hub/session/71784c92-b18a-46c1-a290-17ba74bb3393/element/0a306621-b532-481b-8b6c-896d6ca56e70/value &amp#27;[39m&amp#27;[32m200&amp#27;[39m &amp#27;[90m648 ms - 14&amp#27;[39m
&amp#27;[35m[HTTP]&amp#27;[39m &amp#27;[90m&amp#27;[39m
Searching for Password field
&amp#27;[35m[HTTP]&amp#27;[39m &amp#27;[37m-->&amp#27;[39m &amp#27;[37mGET&amp#27;[39m &amp#27;[37m/wd/hub/session/71784c92-b18a-46c1-a290-17ba74bb3393/context&amp#27;[39m
&amp#27;[35m[HTTP]&amp#27;[39m &amp#27;[90m{}&amp#27;[39m
[debug] &amp#27;[35m[W3C (71784c92)]&amp#27;[39m Calling AppiumDriver.getCurrentContext() with args: ["71784c92-b18a-46c1-a290-17ba74bb3393"]
[debug] &amp#27;[35m[W3C (71784c92)]&amp#27;[39m Responding to client with driver.getCurrentContext() result: "NATIVE_APP"
&amp#27;[35m[HTTP]&amp#27;[39m &amp#27;[37m<-- GET /wd/hub/session/71784c92-b18a-46c1-a290-17ba74bb3393/context &amp#27;[39m&amp#27;[32m200&amp#27;[39m &amp#27;[90m1 ms - 22&amp#27;[39m
&amp#27;[35m[HTTP]&amp#27;[39m &amp#27;[90m&amp#27;[39m
&amp#27;[35m[HTTP]&amp#27;[39m &amp#27;[37m-->&amp#27;[39m &amp#27;[37mPOST&amp#27;[39m &amp#27;[37m/wd/hub/session/71784c92-b18a-46c1-a290-17ba74bb3393/element&amp#27;[39m
&amp#27;[35m[HTTP]&amp#27;[39m &amp#27;[90m{"using":"id","value":"com.nordpass.android.app.password.manager:id/password"}&amp#27;[39m
[debug] &amp#27;[35m[W3C (71784c92)]&amp#27;[39m Calling AppiumDriver.findElement() with args: ["id","com.nordpass.android.app.password.manager:id/password","71784c92-b18a-46c1-a290-17ba74bb3393"]
[debug] &amp#27;[35m[BaseDriver]&amp#27;[39m Valid locator strategies for this request: xpath, id, class name, accessibility id, -android uiautomator
[debug] &amp#27;[35m[BaseDriver]&amp#27;[39m Waiting up to 10000 ms for condition
[debug] &amp#27;[35m[WD Proxy]&amp#27;[39m Matched '/element' to command name 'findElement'
[debug] &amp#27;[35m[WD Proxy]&amp#27;[39m Proxying [POST /element] to [POST http://127.0.0.1:8201/wd/hub/session/e1a92ac3-39a4-4fa6-92fc-7041064cc14a/element] with body: {"strategy":"id","selector":"com.nordpass.android.app.password.manager:id/password","context":"","multiple":false}
[debug] &amp#27;[35m[WD Proxy]&amp#27;[39m Got response with status 200: {"sessionId":"e1a92ac3-39a4-4fa6-92fc-7041064cc14a","value":{"ELEMENT":"c52e5831-f105-4354-bca1-ab7ab2a04772","element-6066-11e4-a52e-4f735466cecf":"c52e5831-f105-4354-bca1-ab7ab2a04772"}}
[debug] &amp#27;[35m[W3C (71784c92)]&amp#27;[39m Responding to client with driver.findElement() result: {"element-6066-11e4-a52e-4f735466cecf":"c52e5831-f105-4354-bca1-ab7ab2a04772","ELEMENT":"c52e5831-f105-4354-bca1-ab7ab2a04772"}
&amp#27;[35m[HTTP]&amp#27;[39m &amp#27;[37m<-- POST /wd/hub/session/71784c92-b18a-46c1-a290-17ba74bb3393/element &amp#27;[39m&amp#27;[32m200&amp#27;[39m &amp#27;[90m708 ms - 137&amp#27;[39m
&amp#27;[35m[HTTP]&amp#27;[39m &amp#27;[90m&amp#27;[39m
&amp#27;[35m[HTTP]&amp#27;[39m &amp#27;[37m-->&amp#27;[39m &amp#27;[37mGET&amp#27;[39m &amp#27;[37m/wd/hub/session/71784c92-b18a-46c1-a290-17ba74bb3393/element/c52e5831-f105-4354-bca1-ab7ab2a04772/text&amp#27;[39m
&amp#27;[35m[HTTP]&amp#27;[39m &amp#27;[90m{}&amp#27;[39m
&amp#27;[35m[W3C (71784c92)]&amp#27;[39m Driver proxy active, passing request on via HTTP proxy
[debug] &amp#27;[35m[WD Proxy]&amp#27;[39m Matched '/wd/hub/session/71784c92-b18a-46c1-a290-17ba74bb3393/element/c52e5831-f105-4354-bca1-ab7ab2a04772/text' to command name 'getText'
[debug] &amp#27;[35m[WD Proxy]&amp#27;[39m Proxying [GET /wd/hub/session/71784c92-b18a-46c1-a290-17ba74bb3393/element/c52e5831-f105-4354-bca1-ab7ab2a04772/text] to [GET http://127.0.0.1:8201/wd/hub/session/e1a92ac3-39a4-4fa6-92fc-7041064cc14a/element/c52e5831-f105-4354-bca1-ab7ab2a04772/text] with no body
[debug] &amp#27;[35m[WD Proxy]&amp#27;[39m Got response with status 200: {"sessionId":"e1a92ac3-39a4-4fa6-92fc-7041064cc14a","value":"Slaptazodis01234567890123456789012345678901234567890123456789"}
&amp#27;[35m[WD Proxy]&amp#27;[39m Replacing sessionId e1a92ac3-39a4-4fa6-92fc-7041064cc14a with 71784c92-b18a-46c1-a290-17ba74bb3393
&amp#27;[35m[HTTP]&amp#27;[39m &amp#27;[37m<-- GET /wd/hub/session/71784c92-b18a-46c1-a290-17ba74bb3393/element/c52e5831-f105-4354-bca1-ab7ab2a04772/text &amp#27;[39m&amp#27;[32m200&amp#27;[39m &amp#27;[90m11 ms - 124&amp#27;[39m
&amp#27;[35m[HTTP]&amp#27;[39m &amp#27;[90m&amp#27;[39m
&amp#27;[35m[HTTP]&amp#27;[39m &amp#27;[37m-->&amp#27;[39m &amp#27;[37mPOST&amp#27;[39m &amp#27;[37m/wd/hub/session/71784c92-b18a-46c1-a290-17ba74bb3393/appium/device/hide_keyboard&amp#27;[39m
&amp#27;[35m[HTTP]&amp#27;[39m &amp#27;[90m{}&amp#27;[39m
[debug] &amp#27;[35m[W3C (71784c92)]&amp#27;[39m Calling AppiumDriver.hideKeyboard() with args: [null,null,null,null,"71784c92-b18a-46c1-a290-17ba74bb3393"]
[debug] &amp#27;[35m[ADB]&amp#27;[39m Running 'C:\Users\T1170\AppData\Local\Android\Sdk\platform-tools\adb.exe -P 5037 -s emulator-5554 shell dumpsys input_method'
[debug] &amp#27;[35m[ADB]&amp#27;[39m Running 'C:\Users\T1170\AppData\Local\Android\Sdk\platform-tools\adb.exe -P 5037 -s emulator-5554 shell input keyevent 111'
[debug] &amp#27;[35m[ADB]&amp#27;[39m Running 'C:\Users\T1170\AppData\Local\Android\Sdk\platform-tools\adb.exe -P 5037 -s emulator-5554 shell dumpsys input_method'
[debug] &amp#27;[35m[ADB]&amp#27;[39m Running 'C:\Users\T1170\AppData\Local\Android\Sdk\platform-tools\adb.exe -P 5037 -s emulator-5554 shell dumpsys input_method'
[debug] &amp#27;[35m[ADB]&amp#27;[39m Running 'C:\Users\T1170\AppData\Local\Android\Sdk\platform-tools\adb.exe -P 5037 -s emulator-5554 shell dumpsys input_method'
[debug] &amp#27;[35m[ADB]&amp#27;[39m Running 'C:\Users\T1170\AppData\Local\Android\Sdk\platform-tools\adb.exe -P 5037 -s emulator-5554 shell input keyevent 4'
[debug] &amp#27;[35m[ADB]&amp#27;[39m Running 'C:\Users\T1170\AppData\Local\Android\Sdk\platform-tools\adb.exe -P 5037 -s emulator-5554 shell dumpsys input_method'
[debug] &amp#27;[35m[W3C (71784c92)]&amp#27;[39m Responding to client with driver.hideKeyboard() result: true
&amp#27;[35m[HTTP]&amp#27;[39m &amp#27;[37m<-- POST /wd/hub/session/71784c92-b18a-46c1-a290-17ba74bb3393/appium/device/hide_keyboard &amp#27;[39m&amp#27;[32m200&amp#27;[39m &amp#27;[90m1914 ms - 14&amp#27;[39m
&amp#27;[35m[HTTP]&amp#27;[39m &amp#27;[90m&amp#27;[39m
&amp#27;[35m[HTTP]&amp#27;[39m &amp#27;[37m-->&amp#27;[39m &amp#27;[37mGET&amp#27;[39m &amp#27;[37m/wd/hub/session/71784c92-b18a-46c1-a290-17ba74bb3393/screenshot&amp#27;[39m
&amp#27;[35m[HTTP]&amp#27;[39m &amp#27;[90m{}&amp#27;[39m
[debug] &amp#27;[35m[W3C (71784c92)]&amp#27;[39m Calling AppiumDriver.getScreenshot() with args: ["71784c92-b18a-46c1-a290-17ba74bb3393"]
[debug] &amp#27;[35m[WD Proxy]&amp#27;[39m Matched '/screenshot' to command name 'getScreenshot'
[debug] &amp#27;[35m[WD Proxy]&amp#27;[39m Proxying [GET /screenshot] to [GET http://127.0.0.1:8201/wd/hub/session/e1a92ac3-39a4-4fa6-92fc-7041064cc14a/screenshot] with no body
[debug] &amp#27;[35m[WD Proxy]&amp#27;[39m Got response with status 200: {"sessionId":"e1a92ac3-39a4-4fa6-92fc-7041064cc14a","value":"iVBORw0KGgoAAAANSUhEUgAABaAAAAoACAYAAABH9IXPAAAAAXNSR0IArs4c6QAAAARzQklUCAgI\nCHwIZIgAACAASURBVHic7N15eJTl2Tf+MxA2WWIwKi4IouCCC2Bra8WlVUvRigtal7fFR1EPnwcf\nrfpqq337atVq61JRXPqItaV1q1vd6t5qLQJVrFpwQUREU5RFEnaICfP7wx++hElmJsncMyH5fI7D\n48Brrvu6z4ThzOQ791x3SUSkAgAAAAAA8qxDsQsAAAAAAKBtEkADAAAAAJAIATQAAAAAAIkQQAMA\nAAAAkAgBNAAAAAAAiRBAAwAAAACQCAE0AAAAAACJEEADAAAAAJAIATQAAAAAAIkQQAMAAAAAkAgB\nNAAAAAAAiRBAAwAAAACQCAE0AAAAAACJEEADAAAAAJAIATQAAAAAAIkQQAMAAAAAkAgBNAAAAAAA\niRBAAwAAAACQiNJiFwAAAAAA0Br1798/Pvzww2KXEZdeemnOcydNmtQqal6vJCJSxS4CAAAAAKA1\nOeOMM2LIkCExbty4YpcSqVTuEe43v/nNePHFF5MrpolswQEAAAAAsIHTTz89br/99mKX0SYIoAEA\nAAAA/n+nn356TJw4sdhltBkCaAAAAACAED4nQQANAAAAALR748aNK2r4fMMNN0RVVVWkUqm0/5ri\nhRdeSDt+7ty5TbqRYT6VFuWsAAAAAACtxLhx4+Lmm28u2vnHjx8f5557bmLr9+/fPy677LIoKSmJ\nyy67LLHzNMQV0AAAAABAu1Xs8Dki4pRTTmlT59mQABoAAAAAaJdaQ/gcEbH55psX5Dz9+/cvyHk2\nJIAGAAAAANqd1hI+t3UCaAAAAACgXRE+F44AGgAAAABoN84///wGw+eVK1dGVVVVvbFUKlWostos\nATQAAAAA0C6MGzcurr/++rTx...
[debug] &amp#27;[35m[W3C (71784c92)]&amp#27;[39m Responding to client with driver.getScreenshot() result: "iVBORw0KGgoAAAANSUhEUgAABaAAAAoACAYAAABH9IXPAAAAAXNSR0IArs4c6QAAAARzQklUCAgI\nCHwIZIgAACAASURBVHic7N15eJTl2Tf+MxA2WWIwKi4IouCCC2Bra8WlVUvRigtal7fFR1EPnwcf\nrfpqq337atVq61JRXPqItaV1q1vd6t5qLQJVrFpwQUREU5RFEnaICfP7wx++hElmJsncMyH5fI7D\n48Brrvu6z4ThzOQ791x3SUSkAgAAAAAA8qxDsQsAAAAAAKBtEkADAAAAAJAIATQAAAAAAIkQQAMA\nAAAAkAgBNAAAAAAAiRBAAwAAAACQCAE0AAAAAACJEEADAAAAAJAIATQAAAAAAIkQQAMAAAAAkAgB\nNAAAAAAAiRBAAwAAAACQCAE0AAAAAACJEEADAAAAAJAIATQAAAAAAIkQQAMAAAAAkAgBNAAAAAAA\niRBAAwAAAACQiNJiFwAAAAAA0Br1798/Pvzww2KXEZdeemnOcydNmtQqal6vJCJSxS4CAAAAAKA1\nOeOMM2LIkCExbty4YpcSqVTuEe43v/nNePHFF5MrpolswQEAAAAAsIHTTz89br/99mKX0SYIoAEA\nAAAA/n+nn356TJw4sdhltBkCaAAAAACAED4nQQANAAAAALR748aNK2r4fMMNN0RVVVWkUqm0/5ri\nhRdeSDt+7ty5TbqRYT6VFuWsAAAAAACtxLhx4+Lmm28u2vnHjx8f5557bmLr9+/fPy677LIoKSmJ\nyy67LLHzNMQV0AAAAABAu1Xs8Dki4pRTTmlT59mQABoAAAAAaJdaQ/gcEbH55psX5Dz9+/cvyHk2\nJIAGAAAAANqd1hI+t3UCaAAAAACgXRE+F44AGgAAAABoN84///wGw+eVK1dGVVVVvbFUKlWostos\nATQAAAAA0C6MGzcurr/++rTxFStWxLe+9a349NNP642XlJQUqrQ2SwANAAAAALR5F1xwQYNXPq9Y\nsSIOOe...
&amp#27;[35m[HTTP]&amp#27;[39m &amp#27;[37m<-- GET /wd/hub/session/71784c92-b18a-46c1-a290-17ba74bb3393/screenshot &amp#27;[39m&amp#27;[32m200&amp#27;[39m &amp#27;[90m368 ms - 257582&amp#27;[39m
&amp#27;[35m[HTTP]&amp#27;[39m &amp#27;[90m&amp#27;[39m
&amp#27;[35m[HTTP]&amp#27;[39m &amp#27;[37m-->&amp#27;[39m &amp#27;[37mPOST&amp#27;[39m &amp#27;[37m/wd/hub/session/71784c92-b18a-46c1-a290-17ba74bb3393/appium/compare_images&amp#27;[39m
&amp#27;[35m[HTTP]&amp#27;[39m &amp#27;[90m{"mode":"getSimilarity","firstImage":"iVBORw0KGgoAAAANSUhEUgAABaAAAAoACAYAAABH9IXPAAAAAXNSR0IArs4c6QAAAARzQklUCAgICHwIZIgAACAASURBVHic7N15eJTl2Tf+MxA2WWIwKi4IouCCC2Bra8WlVUvRigtal7fFR1EPnwcfrfpqq337atVq61JRXPqItaV1q1vd6t5qLQJVrFpwQUREU5RFEnaICfP7wx++hElmJsncMyH5fI7D48Brrvu6z4ThzOQ791x3SUSkAgAAAAAA8qxDsQsAAAAAAKBtEkADAAAAAJAIATQAAAAAAIkQQAMAAAAAkAgBNAAAAAAAiRBAAwAAAACQCAE0AAAAAACJEEADAAAAAJAIATQAAAAAAIkQQAMAAAAAkAgBNAAAAAAAiRBAAwAAAACQCAE0AAAAAACJEEADAAAAAJAIATQAAAAAAIkQQAMAAAAAkAgBNAAAAAAAiRBAAwAAAACQiNJiFwAAAAAA0Br1798/Pvzww2KXEZdeemnOcydNmtQqal6vJCJSxS4CAAAAAKA1OeOMM2LIkCExbty4YpcSqVTuEe43v/nNePHFF5MrpolswQEAAAAAsIHTTz89br/99mKX0SYIoAEAAAAA/n+nn356TJw4sdhltBkCaAAAAACAED4nQQANAAAAALR748aNK2r4fMMNN0RVVVWkUqm0/5rihRdeSDt+7ty5TbqRYT6VFuWsAAAAAACtxLhx4+Lmm28u2vnHjx8f5557bmLr9+/fPy677LIoKSmJyy67LLHzNMQV0AAAAABAu1Xs8Dki4pRTTmlT59mQABoAAAAAaJdaQ/gcEbH55psX5Dz9+/cvyHk2JIAGAAAAANqd1hI+t3UCaAAAAACgXRE+F44AGgAAAABoN84///wGw+eVK1dGVVVVvbFUKlWostosATQAAAAA0C6MGzcurr/++rTxFStWxLe+9a349NNP642XlJQUqrQ2SwANAAAAALR5F1xwQYN...&amp#27;[39m
[debug] &amp#27;[35m[W3C (71784c92)]&amp#27;[39m Calling AppiumDriver.compareImages() with args: ["getSimilarity","iVBORw0KGgoAAAANSUhEUgAABaAAAAoACAYAAABH9IXPAAAAAXNSR0IArs4c6QAAAARzQklUCAgICHwIZIgAACAASURBVHic7N15eJTl2Tf+MxA2WWIwKi4IouCCC2Bra8WlVUvRigtal7fFR1EPnwcfrfpqq337atVq61JRXPqItaV1q1vd6t5qLQJVrFpwQUREU5RFEnaICfP7wx++hElmJsncMyH5fI7D48Brrvu6z4ThzOQ791x3SUSkAgAAAAAA8qxDsQsAAAAAAKBtEkADAAAAAJAIATQAAAAAAIkQQAMAAAAAkAgBNAAAAAAAiRBAAwAAAACQCAE0AAAAAACJEEADAAAAAJAIATQAAAAAAIkQQAMAAAAAkAgBNAAAAAAAiRBAAwAAAACQCAE0AAAAAACJEEADAAAAAJAIATQAAAAAAIkQQAMAAAAAkAgBNAAAAAAAiRBAAwAAAACQiNJiFwAAAAAA0Br1798/Pvzww2KXEZdeemnOcydNmtQqal6vJCJSxS4CAAAAAKA1OeOMM2LIkCExbty4YpcSqVTuEe43v/nNePHFF5MrpolswQEAAAAAsIHTTz89br/99mKX0SYIoAEAAAAA/n+nn356TJw4sdhltBkCaAAAAACAED4nQQANAAAAALR748aNK2r4fMMNN0RVVVWkUqm0/5rihRdeSDt+7ty5TbqRYT6VFuWsAAAAAACtxLhx4+Lmm28u2vnHjx8f5557bmLr9+/fPy677LIoKSmJyy67LLHzNMQV0AAAAABAu1Xs8Dki4pRTTmlT59mQABoAAAAAaJdaQ/gcEbH55psX5Dz9+/cvyHk2JIAGAAAAANqd1hI+t3UCaAAAAACgXRE+F44AGgAAAABoN84///wGw+eVK1dGVVVVvbFUKlWostosATQAAAAA0C6MGzcurr/++rTxFStWxLe+9a349NNP642XlJQUqrQ2SwANAAAAALR5F1xwQYNXPq9YsSIOOeSQeOWVV4p...
[debug] &amp#27;[35m[W3C (71784c92)]&amp#27;[39m Responding to client with driver.compareImages() result: {"score":1,"visualization":"iVBORw0KGgoAAAANSUhEUgAAC0AAAAoACAIAAACtAjTvAAAgAElEQVR4AezBf2jc9eHH8de7RvAH+6Z1fr/33WSrP0s+5rvNtSx/BDmvHn7DR1vNRrSdfhaKTYny6aZrhpnWLteP7J/ZzhDSj7CMflUIHS66zQ03z2NtOvTcbZhOwsUPp9LKsTFWbB2RFW3z/kJAiNxdl9bP9dLk+XgYAQAAAAAAAAAAAAAAoKGMAAAAAAAAAAAAAAAA0FBGAAAAAAAAAAAAAAAAaCgjAAAAAAAAAAAAAAAANJQRAAAAAAAAAAAAAAAAGsoIAAAAAAAAAAAAAAAADWUEAAAAAAAAAAAAAACAhjICAAAAAAAAAAAAAABAQxkBAAAAAAAAAAAAAACgoYwAAAAAAAAAAAAAAADQUEYAAAAAAAAAAAAAAABoKCMAAAAAAAAAAAAAAAA0lBEAAAAAAAAAAAAAAAAayggAAAAAAAAAAAAAAAANZQQAAAAAAAAAAAAAAICGMgIAAAAAAAAAAAAAAEBDGQEAAAAAAAAAAAAAAKChjAAAAAAAAAAAAAAAANBQRgAAAAAAAAAAAAAAAGgoIwAAAAAAsLhceeWVhw8fVp0NDAzotJ5++unDhw8LAAAAAADgzF155ZWHDx9WnQ0MDOi0nn766cOHD+ucMAIAAAAAAIvIli1bbrjhBt/3VWfWWp3W2rVrDxw4IAAAAAAAgDO0ZcuWG264wfd91Zm1Vqe1du3aAwcO6JwwAgAAAAAAi0VPT8/IyEgYhr7vq86stTqttWvXHjhwQAAAAAAAAGeip6dnZGQkDEPf91Vn1lqd1tq1aw8cOKBzwggAAAAAACwKPT09IyMjksIw9H1fdWat1WmtXbv2wIEDAgAAAAAAmLeenp6RkRFJYRj6vq86s9bqtNauXXvgwAGdE0YAAAAAAOD819PTMzIyollhGPq+rzqz1uq01q5de+DAAQEAAAAAAMxPT0/PyMiIZoVh6...
&amp#27;[35m[HTTP]&amp#27;[39m &amp#27;[37m<-- POST /wd/hub/session/71784c92-b18a-46c1-a290-17ba74bb3393/appium/compare_images &amp#27;[39m&amp#27;[32m200&amp#27;[39m &amp#27;[90m430 ms - 988652&amp#27;[39m
&amp#27;[35m[HTTP]&amp#27;[39m &amp#27;[90m&amp#27;[39m
Visual check of 'Edit Password' passed; similarity match was 1,000000
Searching for Website field
&amp#27;[35m[HTTP]&amp#27;[39m &amp#27;[37m-->&amp#27;[39m &amp#27;[37mGET&amp#27;[39m &amp#27;[37m/wd/hub/session/71784c92-b18a-46c1-a290-17ba74bb3393/context&amp#27;[39m
&amp#27;[35m[HTTP]&amp#27;[39m &amp#27;[90m{}&amp#27;[39m
[debug] &amp#27;[35m[W3C (71784c92)]&amp#27;[39m Calling AppiumDriver.getCurrentContext() with args: ["71784c92-b18a-46c1-a290-17ba74bb3393"]
[debug] &amp#27;[35m[W3C (71784c92)]&amp#27;[39m Responding to client with driver.getCurrentContext() result: "NATIVE_APP"
&amp#27;[35m[HTTP]&amp#27;[39m &amp#27;[37m<-- GET /wd/hub/session/71784c92-b18a-46c1-a290-17ba74bb3393/context &amp#27;[39m&amp#27;[32m200&amp#27;[39m &amp#27;[90m1 ms - 22&amp#27;[39m
&amp#27;[35m[HTTP]&amp#27;[39m &amp#27;[90m&amp#27;[39m
&amp#27;[35m[HTTP]&amp#27;[39m &amp#27;[37m-->&amp#27;[39m &amp#27;[37mPOST&amp#27;[39m &amp#27;[37m/wd/hub/session/71784c92-b18a-46c1-a290-17ba74bb3393/element&amp#27;[39m
&amp#27;[35m[HTTP]&amp#27;[39m &amp#27;[90m{"using":"id","value":"com.nordpass.android.app.password.manager:id/website"}&amp#27;[39m
[debug] &amp#27;[35m[W3C (71784c92)]&amp#27;[39m Calling AppiumDriver.findElement() with args: ["id","com.nordpass.android.app.password.manager:id/website","71784c92-b18a-46c1-a290-17ba74bb3393"]
[debug] &amp#27;[35m[BaseDriver]&amp#27;[39m Valid locator strategies for this request: xpath, id, class name, accessibility id, -android uiautomator
[debug] &amp#27;[35m[BaseDriver]&amp#27;[39m Waiting up to 10000 ms for condition
[debug] &amp#27;[35m[WD Proxy]&amp#27;[39m Matched '/element' to command name 'findElement'
[debug] &amp#27;[35m[WD Proxy]&amp#27;[39m Proxying [POST /element] to [POST http://127.0.0.1:8201/wd/hub/session/e1a92ac3-39a4-4fa6-92fc-7041064cc14a/element] with body: {"strategy":"id","selector":"com.nordpass.android.app.password.manager:id/website","context":"","multiple":false}
[debug] &amp#27;[35m[WD Proxy]&amp#27;[39m Got response with status 200: {"sessionId":"e1a92ac3-39a4-4fa6-92fc-7041064cc14a","value":{"ELEMENT":"333275d8-996c-418f-8b9d-42a7dd729220","element-6066-11e4-a52e-4f735466cecf":"333275d8-996c-418f-8b9d-42a7dd729220"}}
[debug] &amp#27;[35m[W3C (71784c92)]&amp#27;[39m Responding to client with driver.findElement() result: {"element-6066-11e4-a52e-4f735466cecf":"333275d8-996c-418f-8b9d-42a7dd729220","ELEMENT":"333275d8-996c-418f-8b9d-42a7dd729220"}
&amp#27;[35m[HTTP]&amp#27;[39m &amp#27;[37m<-- POST /wd/hub/session/71784c92-b18a-46c1-a290-17ba74bb3393/element &amp#27;[39m&amp#27;[32m200&amp#27;[39m &amp#27;[90m25 ms - 137&amp#27;[39m
&amp#27;[35m[HTTP]&amp#27;[39m &amp#27;[90m&amp#27;[39m
&amp#27;[35m[HTTP]&amp#27;[39m &amp#27;[37m-->&amp#27;[39m &amp#27;[37mPOST&amp#27;[39m &amp#27;[37m/wd/hub/session/71784c92-b18a-46c1-a290-17ba74bb3393/element/333275d8-996c-418f-8b9d-42a7dd729220/click&amp#27;[39m
&amp#27;[35m[HTTP]&amp#27;[39m &amp#27;[90m{"id":"333275d8-996c-418f-8b9d-42a7dd729220"}&amp#27;[39m
[debug] &amp#27;[35m[W3C (71784c92)]&amp#27;[39m Calling AppiumDriver.click() with args: ["333275d8-996c-418f-8b9d-42a7dd729220","71784c92-b18a-46c1-a290-17ba74bb3393"]
[debug] &amp#27;[35m[WD Proxy]&amp#27;[39m Matched '/element/333275d8-996c-418f-8b9d-42a7dd729220/click' to command name 'click'
[debug] &amp#27;[35m[WD Proxy]&amp#27;[39m Proxying [POST /element/333275d8-996c-418f-8b9d-42a7dd729220/click] to [POST http://127.0.0.1:8201/wd/hub/session/e1a92ac3-39a4-4fa6-92fc-7041064cc14a/element/333275d8-996c-418f-8b9d-42a7dd729220/click] with body: {"element":"333275d8-996c-418f-8b9d-42a7dd729220"}
[debug] &amp#27;[35m[WD Proxy]&amp#27;[39m Got response with status 200: {"sessionId":"e1a92ac3-39a4-4fa6-92fc-7041064cc14a","value":null}
[debug] &amp#27;[35m[W3C (71784c92)]&amp#27;[39m Responding to client with driver.click() result: null
&amp#27;[35m[HTTP]&amp#27;[39m &amp#27;[37m<-- POST /wd/hub/session/71784c92-b18a-46c1-a290-17ba74bb3393/element/333275d8-996c-418f-8b9d-42a7dd729220/click &amp#27;[39m&amp#27;[32m200&amp#27;[39m &amp#27;[90m864 ms - 14&amp#27;[39m
&amp#27;[35m[HTTP]&amp#27;[39m &amp#27;[90m&amp#27;[39m
&amp#27;[35m[HTTP]&amp#27;[39m &amp#27;[37m-->&amp#27;[39m &amp#27;[37mGET&amp#27;[39m &amp#27;[37m/wd/hub/session/71784c92-b18a-46c1-a290-17ba74bb3393/appium/device/is_keyboard_shown&amp#27;[39m
&amp#27;[35m[HTTP]&amp#27;[39m &amp#27;[90m{}&amp#27;[39m
[debug] &amp#27;[35m[W3C (71784c92)]&amp#27;[39m Calling AppiumDriver.isKeyboardShown() with args: ["71784c92-b18a-46c1-a290-17ba74bb3393"]
[debug] &amp#27;[35m[ADB]&amp#27;[39m Running 'C:\Users\T1170\AppData\Local\Android\Sdk\platform-tools\adb.exe -P 5037 -s emulator-5554 shell dumpsys input_method'
[debug] &amp#27;[35m[W3C (71784c92)]&amp#27;[39m Responding to client with driver.isKeyboardShown() result: true
&amp#27;[35m[HTTP]&amp#27;[39m &amp#27;[37m<-- GET /wd/hub/session/71784c92-b18a-46c1-a290-17ba74bb3393/appium/device/is_keyboard_shown &amp#27;[39m&amp#27;[32m200&amp#27;[39m &amp#27;[90m135 ms - 14&amp#27;[39m
&amp#27;[35m[HTTP]&amp#27;[39m &amp#27;[90m&amp#27;[39m
Searching for Website field
&amp#27;[35m[HTTP]&amp#27;[39m &amp#27;[37m-->&amp#27;[39m &amp#27;[37mGET&amp#27;[39m &amp#27;[37m/wd/hub/session/71784c92-b18a-46c1-a290-17ba74bb3393/context&amp#27;[39m
&amp#27;[35m[HTTP]&amp#27;[39m &amp#27;[90m{}&amp#27;[39m
[debug] &amp#27;[35m[W3C (71784c92)]&amp#27;[39m Calling AppiumDriver.getCurrentContext() with args: ["71784c92-b18a-46c1-a290-17ba74bb3393"]
[debug] &amp#27;[35m[W3C (71784c92)]&amp#27;[39m Responding to client with driver.getCurrentContext() result: "NATIVE_APP"
&amp#27;[35m[HTTP]&amp#27;[39m &amp#27;[37m<-- GET /wd/hub/session/71784c92-b18a-46c1-a290-17ba74bb3393/context &amp#27;[39m&amp#27;[32m200&amp#27;[39m &amp#27;[90m1 ms - 22&amp#27;[39m
&amp#27;[35m[HTTP]&amp#27;[39m &amp#27;[90m&amp#27;[39m
&amp#27;[35m[HTTP]&amp#27;[39m &amp#27;[37m-->&amp#27;[39m &amp#27;[37mPOST&amp#27;[39m &amp#27;[37m/wd/hub/session/71784c92-b18a-46c1-a290-17ba74bb3393/element&amp#27;[39m
&amp#27;[35m[HTTP]&amp#27;[39m &amp#27;[90m{"using":"id","value":"com.nordpass.android.app.password.manager:id/website"}&amp#27;[39m
[debug] &amp#27;[35m[W3C (71784c92)]&amp#27;[39m Calling AppiumDriver.findElement() with args: ["id","com.nordpass.android.app.password.manager:id/website","71784c92-b18a-46c1-a290-17ba74bb3393"]
[debug] &amp#27;[35m[BaseDriver]&amp#27;[39m Valid locator strategies for this request: xpath, id, class name, accessibility id, -android uiautomator
[debug] &amp#27;[35m[BaseDriver]&amp#27;[39m Waiting up to 10000 ms for condition
[debug] &amp#27;[35m[WD Proxy]&amp#27;[39m Matched '/element' to command name 'findElement'
[debug] &amp#27;[35m[WD Proxy]&amp#27;[39m Proxying [POST /element] to [POST http://127.0.0.1:8201/wd/hub/session/e1a92ac3-39a4-4fa6-92fc-7041064cc14a/element] with body: {"strategy":"id","selector":"com.nordpass.android.app.password.manager:id/website","context":"","multiple":false}
[debug] &amp#27;[35m[WD Proxy]&amp#27;[39m Got response with status 200: {"sessionId":"e1a92ac3-39a4-4fa6-92fc-7041064cc14a","value":{"ELEMENT":"b30257a7-2826-4770-a883-c17688cd5b8b","element-6066-11e4-a52e-4f735466cecf":"b30257a7-2826-4770-a883-c17688cd5b8b"}}
[debug] &amp#27;[35m[W3C (71784c92)]&amp#27;[39m Responding to client with driver.findElement() result: {"element-6066-11e4-a52e-4f735466cecf":"b30257a7-2826-4770-a883-c17688cd5b8b","ELEMENT":"b30257a7-2826-4770-a883-c17688cd5b8b"}
&amp#27;[35m[HTTP]&amp#27;[39m &amp#27;[37m<-- POST /wd/hub/session/71784c92-b18a-46c1-a290-17ba74bb3393/element &amp#27;[39m&amp#27;[32m200&amp#27;[39m &amp#27;[90m105 ms - 137&amp#27;[39m
&amp#27;[35m[HTTP]&amp#27;[39m &amp#27;[90m&amp#27;[39m
&amp#27;[35m[HTTP]&amp#27;[39m &amp#27;[37m-->&amp#27;[39m &amp#27;[37mPOST&amp#27;[39m &amp#27;[37m/wd/hub/session/71784c92-b18a-46c1-a290-17ba74bb3393/element/b30257a7-2826-4770-a883-c17688cd5b8b/value&amp#27;[39m
&amp#27;[35m[HTTP]&amp#27;[39m &amp#27;[90m{"id":"b30257a7-2826-4770-a883-c17688cd5b8b","text":"01234567890123456789012345678901234567890123456789example-site.com","value":["0","1","2","3","4","5","6","7","8","9","0","1","2","3","4","5","6","7","8","9","0","1","2","3","4","5","6","7","8","9","0","1","2","3","4","5","6","7","8","9","0","1","2","3","4","5","6","7","8","9","e","x","a","m","p","l","e","-","s","i","t","e",".","c","o","m"]}&amp#27;[39m
[debug] &amp#27;[35m[W3C (71784c92)]&amp#27;[39m Calling AppiumDriver.setValue() with args: [["0","1","2","3","4","5","6","7","8","9","0","1","2","3","4","5","6","7","8","9","0","1","2","3","4","5","6","7","8","9","0","1","2","3","4","5","6","7","8","9","0","1","2","3","4","5","6","7","8","9","e","x","a","m","p","l","e","-","s","i","t","e",".","c","o","m"],"b30257a7-2826-4770-a883-c17688cd5b8b","71784c92-b18a-46c1-a290-17ba74bb3393"]
[debug] &amp#27;[35m[WD Proxy]&amp#27;[39m Matched '/element/b30257a7-2826-4770-a883-c17688cd5b8b/value' to command name 'setValue'
[debug] &amp#27;[35m[Protocol Converter]&amp#27;[39m Added 'value' property ["0","1","2","3","4","5","6","7","8","9","0","1","2","3","4","5","6","7","8","9","0","1","2","3","4","5","6","7","8","9","0","1","2","3","4","5","6","7","8","9","0","1","2","3","4","5","6","7","8","9","e","x","a","m","p","l","e","-","s","i","t","e",".","c","o","m"] to 'setValue' request body
[debug] &amp#27;[35m[WD Proxy]&amp#27;[39m Proxying [POST /element/b30257a7-2826-4770-a883-c17688cd5b8b/value] to [POST http://127.0.0.1:8201/wd/hub/session/e1a92ac3-39a4-4fa6-92fc-7041064cc14a/element/b30257a7-2826-4770-a883-c17688cd5b8b/value] with body: {"elementId":"b30257a7-2826-4770-a883-c17688cd5b8b","text":"01234567890123456789012345678901234567890123456789example-site.com","replace":false,"value":["0","1","2","3","4","5","6","7","8","9","0","1","2","3","4","5","6","7","8","9","0","1","2","3","4","5","6","7","8","9","0","1","2","3","4","5","6","7","8","9","0","1","2","3","4","5","6","7","8","9","e","x","a","m","p","l","e","-","s","i","t","e",".","c","o","m"]}
[debug] &amp#27;[35m[WD Proxy]&amp#27;[39m Got response with status 200: {"sessionId":"e1a92ac3-39a4-4fa6-92fc-7041064cc14a","value":null}
[debug] &amp#27;[35m[W3C (71784c92)]&amp#27;[39m Responding to client with driver.setValue() result: null
&amp#27;[35m[HTTP]&amp#27;[39m &amp#27;[37m<-- POST /wd/hub/session/71784c92-b18a-46c1-a290-17ba74bb3393/element/b30257a7-2826-4770-a883-c17688cd5b8b/value &amp#27;[39m&amp#27;[32m200&amp#27;[39m &amp#27;[90m724 ms - 14&amp#27;[39m
&amp#27;[35m[HTTP]&amp#27;[39m &amp#27;[90m&amp#27;[39m
Searching for Website field
&amp#27;[35m[HTTP]&amp#27;[39m &amp#27;[37m-->&amp#27;[39m &amp#27;[37mGET&amp#27;[39m &amp#27;[37m/wd/hub/session/71784c92-b18a-46c1-a290-17ba74bb3393/context&amp#27;[39m
&amp#27;[35m[HTTP]&amp#27;[39m &amp#27;[90m{}&amp#27;[39m
[debug] &amp#27;[35m[W3C (71784c92)]&amp#27;[39m Calling AppiumDriver.getCurrentContext() with args: ["71784c92-b18a-46c1-a290-17ba74bb3393"]
[debug] &amp#27;[35m[W3C (71784c92)]&amp#27;[39m Responding to client with driver.getCurrentContext() result: "NATIVE_APP"
&amp#27;[35m[HTTP]&amp#27;[39m &amp#27;[37m<-- GET /wd/hub/session/71784c92-b18a-46c1-a290-17ba74bb3393/context &amp#27;[39m&amp#27;[32m200&amp#27;[39m &amp#27;[90m1 ms - 22&amp#27;[39m
&amp#27;[35m[HTTP]&amp#27;[39m &amp#27;[90m&amp#27;[39m
&amp#27;[35m[HTTP]&amp#27;[39m &amp#27;[37m-->&amp#27;[39m &amp#27;[37mPOST&amp#27;[39m &amp#27;[37m/wd/hub/session/71784c92-b18a-46c1-a290-17ba74bb3393/element&amp#27;[39m
&amp#27;[35m[HTTP]&amp#27;[39m &amp#27;[90m{"using":"id","value":"com.nordpass.android.app.password.manager:id/website"}&amp#27;[39m
[debug] &amp#27;[35m[W3C (71784c92)]&amp#27;[39m Calling AppiumDriver.findElement() with args: ["id","com.nordpass.android.app.password.manager:id/website","71784c92-b18a-46c1-a290-17ba74bb3393"]
[debug] &amp#27;[35m[BaseDriver]&amp#27;[39m Valid locator strategies for this request: xpath, id, class name, accessibility id, -android uiautomator
[debug] &amp#27;[35m[BaseDriver]&amp#27;[39m Waiting up to 10000 ms for condition
[debug] &amp#27;[35m[WD Proxy]&amp#27;[39m Matched '/element' to command name 'findElement'
[debug] &amp#27;[35m[WD Proxy]&amp#27;[39m Proxying [POST /element] to [POST http://127.0.0.1:8201/wd/hub/session/e1a92ac3-39a4-4fa6-92fc-7041064cc14a/element] with body: {"strategy":"id","selector":"com.nordpass.android.app.password.manager:id/website","context":"","multiple":false}
[debug] &amp#27;[35m[WD Proxy]&amp#27;[39m Got response with status 200: {"sessionId":"e1a92ac3-39a4-4fa6-92fc-7041064cc14a","value":{"ELEMENT":"10f189cd-4b0e-460d-9b9f-4dfadb694bc2","element-6066-11e4-a52e-4f735466cecf":"10f189cd-4b0e-460d-9b9f-4dfadb694bc2"}}
[debug] &amp#27;[35m[W3C (71784c92)]&amp#27;[39m Responding to client with driver.findElement() result: {"element-6066-11e4-a52e-4f735466cecf":"10f189cd-4b0e-460d-9b9f-4dfadb694bc2","ELEMENT":"10f189cd-4b0e-460d-9b9f-4dfadb694bc2"}
&amp#27;[35m[HTTP]&amp#27;[39m &amp#27;[37m<-- POST /wd/hub/session/71784c92-b18a-46c1-a290-17ba74bb3393/element &amp#27;[39m&amp#27;[32m200&amp#27;[39m &amp#27;[90m822 ms - 137&amp#27;[39m
&amp#27;[35m[HTTP]&amp#27;[39m &amp#27;[90m&amp#27;[39m
&amp#27;[35m[HTTP]&amp#27;[39m &amp#27;[37m-->&amp#27;[39m &amp#27;[37mGET&amp#27;[39m &amp#27;[37m/wd/hub/session/71784c92-b18a-46c1-a290-17ba74bb3393/element/10f189cd-4b0e-460d-9b9f-4dfadb694bc2/text&amp#27;[39m
&amp#27;[35m[HTTP]&amp#27;[39m &amp#27;[90m{}&amp#27;[39m
&amp#27;[35m[W3C (71784c92)]&amp#27;[39m Driver proxy active, passing request on via HTTP proxy
[debug] &amp#27;[35m[WD Proxy]&amp#27;[39m Matched '/wd/hub/session/71784c92-b18a-46c1-a290-17ba74bb3393/element/10f189cd-4b0e-460d-9b9f-4dfadb694bc2/text' to command name 'getText'
[debug] &amp#27;[35m[WD Proxy]&amp#27;[39m Proxying [GET /wd/hub/session/71784c92-b18a-46c1-a290-17ba74bb3393/element/10f189cd-4b0e-460d-9b9f-4dfadb694bc2/text] to [GET http://127.0.0.1:8201/wd/hub/session/e1a92ac3-39a4-4fa6-92fc-7041064cc14a/element/10f189cd-4b0e-460d-9b9f-4dfadb694bc2/text] with no body
[debug] &amp#27;[35m[WD Proxy]&amp#27;[39m Got response with status 200: {"sessionId":"e1a92ac3-39a4-4fa6-92fc-7041064cc14a","value":"01234567890123456789012345678901234567890123456789example-site.com"}
&amp#27;[35m[WD Proxy]&amp#27;[39m Replacing sessionId e1a92ac3-39a4-4fa6-92fc-7041064cc14a with 71784c92-b18a-46c1-a290-17ba74bb3393
&amp#27;[35m[HTTP]&amp#27;[39m &amp#27;[37m<-- GET /wd/hub/session/71784c92-b18a-46c1-a290-17ba74bb3393/element/10f189cd-4b0e-460d-9b9f-4dfadb694bc2/text &amp#27;[39m&amp#27;[32m200&amp#27;[39m &amp#27;[90m41 ms - 129&amp#27;[39m
&amp#27;[35m[HTTP]&amp#27;[39m &amp#27;[90m&amp#27;[39m
&amp#27;[35m[HTTP]&amp#27;[39m &amp#27;[37m-->&amp#27;[39m &amp#27;[37mPOST&amp#27;[39m &amp#27;[37m/wd/hub/session/71784c92-b18a-46c1-a290-17ba74bb3393/appium/device/hide_keyboard&amp#27;[39m
&amp#27;[35m[HTTP]&amp#27;[39m &amp#27;[90m{}&amp#27;[39m
[debug] &amp#27;[35m[W3C (71784c92)]&amp#27;[39m Calling AppiumDriver.hideKeyboard() with args: [null,null,null,null,"71784c92-b18a-46c1-a290-17ba74bb3393"]
[debug] &amp#27;[35m[ADB]&amp#27;[39m Running 'C:\Users\T1170\AppData\Local\Android\Sdk\platform-tools\adb.exe -P 5037 -s emulator-5554 shell dumpsys input_method'
[debug] &amp#27;[35m[ADB]&amp#27;[39m Running 'C:\Users\T1170\AppData\Local\Android\Sdk\platform-tools\adb.exe -P 5037 -s emulator-5554 shell input keyevent 111'
[debug] &amp#27;[35m[ADB]&amp#27;[39m Running 'C:\Users\T1170\AppData\Local\Android\Sdk\platform-tools\adb.exe -P 5037 -s emulator-5554 shell dumpsys input_method'
[debug] &amp#27;[35m[W3C (71784c92)]&amp#27;[39m Responding to client with driver.hideKeyboard() result: true
&amp#27;[35m[HTTP]&amp#27;[39m &amp#27;[37m<-- POST /wd/hub/session/71784c92-b18a-46c1-a290-17ba74bb3393/appium/device/hide_keyboard &amp#27;[39m&amp#27;[32m200&amp#27;[39m &amp#27;[90m405 ms - 14&amp#27;[39m
&amp#27;[35m[HTTP]&amp#27;[39m &amp#27;[90m&amp#27;[39m
&amp#27;[35m[HTTP]&amp#27;[39m &amp#27;[37m-->&amp#27;[39m &amp#27;[37mGET&amp#27;[39m &amp#27;[37m/wd/hub/session/71784c92-b18a-46c1-a290-17ba74bb3393/screenshot&amp#27;[39m
&amp#27;[35m[HTTP]&amp#27;[39m &amp#27;[90m{}&amp#27;[39m
[debug] &amp#27;[35m[W3C (71784c92)]&amp#27;[39m Calling AppiumDriver.getScreenshot() with args: ["71784c92-b18a-46c1-a290-17ba74bb3393"]
[debug] &amp#27;[35m[WD Proxy]&amp#27;[39m Matched '/screenshot' to command name 'getScreenshot'
[debug] &amp#27;[35m[WD Proxy]&amp#27;[39m Proxying [GET /screenshot] to [GET http://127.0.0.1:8201/wd/hub/session/e1a92ac3-39a4-4fa6-92fc-7041064cc14a/screenshot] with no body
[debug] &amp#27;[35m[WD Proxy]&amp#27;[39m Got response with status 200: {"sessionId":"e1a92ac3-39a4-4fa6-92fc-7041064cc14a","value":"iVBORw0KGgoAAAANSUhEUgAABaAAAAoACAYAAABH9IXPAAAAAXNSR0IArs4c6QAAAARzQklUCAgI\nCHwIZIgAACAASURBVHic7N15dFXlvfj/T0iQmYADiIgiCqKgIlhHnIqKoKIWbNFWqFOXLb11qre3\nXbdXW3tt69DiUL0Va2sFrYoKah3QWmtxHkBBwaogSpFJAggkQIbfH37JjynnnCRnn5Ph9VrLtTjZ\nz372Q7NTXW82zy6IiKoAAAAAAIAsa5HvBQAAAAAA0DQJ0AAAAAAAJEKABgAAAAAgEQI0AAAAAACJ\nEKABAAAAAEiEAA0AAAAAQCIEaAAAAAAAEiFAAwAAAACQCAEaAAAAAIBECNAAAAAAACRCgAYAAAAA\nIBECNAAAAAAAiRCgAQAAAABIhAANAAAAAEAiBGgAAAAAABIhQAMAAAAAkAgBGgAAAACARAjQAAAA\nAAAkoijfCwAAAAAAaIh69uwZH3/8cb6XEVdddVXGY+++++4GseZNCiKiKt+LAAAAAABoSC666KIY\nMGBAjBs3Lt9LiaqqzBPu8ccfH88//3xyi6klW3AAAAAAAGzmwgsvjDvuuCPfy2gSBGgAAAAAgP/n\nwgsvjAkTJuR7GU2GAA0AAAAAEOJzEgRoAAAAAKDZGzduXF7j829/+9soKSmJqqqqbf6pjb///e/b\nnD9//vxavcgwm4ryclUAAAAAgAZi3Lhxceutt+bt+uPHj49LLrkksfl79uwZV199dRQUFMTVV1+d\n2HW2xxPQAAAAAECzle/4HBExduzYJnWdzQnQAAAAAECz1BDic0REp06dcnKdnj175uQ6mxOgAQAA\nAIBmp6HE56ZOgAYAAAAAmhXxOXcEaAAAAACg2bj88su3G5/Xrl0bJSUlW3ytqqoqV8tqsgRoAAAA\nAKBZGDduXNx4443bfH3NmjXx...
[debug] &amp#27;[35m[W3C (71784c92)]&amp#27;[39m Responding to client with driver.getScreenshot() result: "iVBORw0KGgoAAAANSUhEUgAABaAAAAoACAYAAABH9IXPAAAAAXNSR0IArs4c6QAAAARzQklUCAgI\nCHwIZIgAACAASURBVHic7N15dFXlvfj/T0iQmYADiIgiCqKgIlhHnIqKoKIWbNFWqFOXLb11qre3\nXbdXW3tt69DiUL0Va2sFrYoKah3QWmtxHkBBwaogSpFJAggkQIbfH37JjynnnCRnn5Ph9VrLtTjZ\nz372Q7NTXW82zy6IiKoAAAAAAIAsa5HvBQAAAAAA0DQJ0AAAAAAAJEKABgAAAAAgEQI0AAAAAACJ\nEKABAAAAAEiEAA0AAAAAQCIEaAAAAAAAEiFAAwAAAACQCAEaAAAAAIBECNAAAAAAACRCgAYAAAAA\nIBECNAAAAAAAiRCgAQAAAABIhAANAAAAAEAiBGgAAAAAABIhQAMAAAAAkAgBGgAAAACARAjQAAAA\nAAAkoijfCwAAAAAAaIh69uwZH3/8cb6XEVdddVXGY+++++4GseZNCiKiKt+LAAAAAABoSC666KIY\nMGBAjBs3Lt9LiaqqzBPu8ccfH88//3xyi6klW3AAAAAAAGzmwgsvjDvuuCPfy2gSBGgAAAAAgP/n\nwgsvjAkTJuR7GU2GAA0AAAAAEOJzEgRoAAAAAKDZGzduXF7j829/+9soKSmJqqqqbf6pjb///e/b\nnD9//vxavcgwm4ryclUAAAAAgAZi3Lhxceutt+bt+uPHj49LLrkksfl79uwZV199dRQUFMTVV1+d\n2HW2xxPQAAAAAECzle/4HBExduzYJnWdzQnQAAAAAECz1BDic0REp06dcnKdnj175uQ6mxOgAQAA\nAIBmp6HE56ZOgAYAAAAAmhXxOXcEaAAAAACg2bj88su3G5/Xrl0bJSUlW3ytqqoqV8tqsgRoAAAA\nAKBZGDduXNx4443bfH3NmjXx1a9+NRYvXrzF1wsKCnK1tCZLgAYAAAAAmrwrrrhiu08+r1mzJoYM\nGRKvvf...
&amp#27;[35m[HTTP]&amp#27;[39m &amp#27;[37m<-- GET /wd/hub/session/71784c92-b18a-46c1-a290-17ba74bb3393/screenshot &amp#27;[39m&amp#27;[32m200&amp#27;[39m &amp#27;[90m349 ms - 316504&amp#27;[39m
&amp#27;[35m[HTTP]&amp#27;[39m &amp#27;[90m&amp#27;[39m
&amp#27;[35m[HTTP]&amp#27;[39m &amp#27;[37m-->&amp#27;[39m &amp#27;[37mPOST&amp#27;[39m &amp#27;[37m/wd/hub/session/71784c92-b18a-46c1-a290-17ba74bb3393/appium/compare_images&amp#27;[39m
&amp#27;[35m[HTTP]&amp#27;[39m &amp#27;[90m{"mode":"getSimilarity","firstImage":"iVBORw0KGgoAAAANSUhEUgAABaAAAAoACAYAAABH9IXPAAAAAXNSR0IArs4c6QAAAARzQklUCAgICHwIZIgAACAASURBVHic7N15dFXlvfj/T0iQmYADiIgiCqKgIlhHnIqKoKIWbNFWqFOXLb11qre3XbdXW3tt69DiUL0Va2sFrYoKah3QWmtxHkBBwaogSpFJAggkQIbfH37JjynnnCRnn5Ph9VrLtTjZz372Q7NTXW82zy6IiKoAAAAAAIAsa5HvBQAAAAAA0DQJ0AAAAAAAJEKABgAAAAAgEQI0AAAAAACJEKABAAAAAEiEAA0AAAAAQCIEaAAAAAAAEiFAAwAAAACQCAEaAAAAAIBECNAAAAAAACRCgAYAAAAAIBECNAAAAAAAiRCgAQAAAABIhAANAAAAAEAiBGgAAAAAABIhQAMAAAAAkAgBGgAAAACARAjQAAAAAAAkoijfCwAAAAAAaIh69uwZH3/8cb6XEVdddVXGY+++++4GseZNCiKiKt+LAAAAAABoSC666KIYMGBAjBs3Lt9LiaqqzBPu8ccfH88//3xyi6klW3AAAAAAAGzmwgsvjDvuuCPfy2gSBGgAAAAAgP/nwgsvjAkTJuR7GU2GAA0AAAAAEOJzEgRoAAAAAKDZGzduXF7j829/+9soKSmJqqqqbf6pjb///e/bnD9//vxavcgwm4ryclUAAAAAgAZi3Lhxceutt+bt+uPHj49LLrkksfl79uwZV199dRQUFMTVV1+d2HW2xxPQAAAAAECzle/4HBExduzYJnWdzQnQAAAAAECz1BDic0REp06dcnKdnj175uQ6mxOgAQAAAIBmp6HE56ZOgAYAAAAAmhXxOXcEaAAAAACg2bj88su3G5/Xrl0bJSUlW3ytqqoqV8tqsgRoAAAAAKBZGDduXNx4443bfH3NmjXx1a9+NRYvXrzF1wsKCnK1tCZLgAYAAAAAmrwrrrhiu08+r1m...&amp#27;[39m
[debug] &amp#27;[35m[W3C (71784c92)]&amp#27;[39m Calling AppiumDriver.compareImages() with args: ["getSimilarity","iVBORw0KGgoAAAANSUhEUgAABaAAAAoACAYAAABH9IXPAAAAAXNSR0IArs4c6QAAAARzQklUCAgICHwIZIgAACAASURBVHic7N15dFXlvfj/T0iQmYADiIgiCqKgIlhHnIqKoKIWbNFWqFOXLb11qre3XbdXW3tt69DiUL0Va2sFrYoKah3QWmtxHkBBwaogSpFJAggkQIbfH37JjynnnCRnn5Ph9VrLtTjZz372Q7NTXW82zy6IiKoAAAAAAIAsa5HvBQAAAAAA0DQJ0AAAAAAAJEKABgAAAAAgEQI0AAAAAACJEKABAAAAAEiEAA0AAAAAQCIEaAAAAAAAEiFAAwAAAACQCAEaAAAAAIBECNAAAAAAACRCgAYAAAAAIBECNAAAAAAAiRCgAQAAAABIhAANAAAAAEAiBGgAAAAAABIhQAMAAAAAkAgBGgAAAACARAjQAAAAAAAkoijfCwAAAAAAaIh69uwZH3/8cb6XEVdddVXGY+++++4GseZNCiKiKt+LAAAAAABoSC666KIYMGBAjBs3Lt9LiaqqzBPu8ccfH88//3xyi6klW3AAAAAAAGzmwgsvjDvuuCPfy2gSBGgAAAAAgP/nwgsvjAkTJuR7GU2GAA0AAAAAEOJzEgRoAAAAAKDZGzduXF7j829/+9soKSmJqqqqbf6pjb///e/bnD9//vxavcgwm4ryclUAAAAAgAZi3Lhxceutt+bt+uPHj49LLrkksfl79uwZV199dRQUFMTVV1+d2HW2xxPQAAAAAECzle/4HBExduzYJnWdzQnQAAAAAECz1BDic0REp06dcnKdnj175uQ6mxOgAQAAAIBmp6HE56ZOgAYAAAAAmhXxOXcEaAAAAACg2bj88su3G5/Xrl0bJSUlW3ytqqoqV8tqsgRoAAAAAKBZGDduXNx4443bfH3NmjXx1a9+NRYvXrzF1wsKCnK1tCZLgAYAAAAAmrwrrrhiu08+r1mzJoYMGRKvvfZaHlbV9An...
[debug] &amp#27;[35m[W3C (71784c92)]&amp#27;[39m Responding to client with driver.compareImages() result: {"score":1,"visualization":"iVBORw0KGgoAAAANSUhEUgAAC0AAAAoACAIAAACtAjTvAAAgAElEQVR4AezBf2jc9eHH8de7RvAH+6Z1fr/33WSrP0s+5rvNtSx/BDmvHn7DR1vNRrSdfhaKTYny6aZrhpnWLteP7J/ZzhDSj7CMflUIHS66zQ03z2NtOvTcbZhOwsUPp9LKsTFWbB2RFW3z/kJAiNxdl9bP9dLk+XgYAQAAAAAAAAAAAAAAoKGMAAAAAAAAAAAAAAAA0FBGAAAAAAAAAAAAAAAAaCgjAAAAAAAAAAAAAAAANJQRAAAAAAAAAAAAAAAAGsoIAAAAAAAAAAAAAAAADWUEAAAAAAAAAAAAAACAhjICAAAAAAAAAAAAAABAQxkBAAAAAAAAAAAAAACgoYwAAAAAAAAAAAAAAADQUEYAAAAAAAAAAAAAAABoKCMAAAAAAAAAAAAAAAA0lBEAAAAAAAAAAAAAAAAayggAAAAAAAAAAAAAAAANZQQAAAAAAAAAAAAAAICGMgIAAAAAAAAAAAAAAEBDGQEAAAAAAAAAAAAAAKChjAAAAAAAAAAAAAAAANBQRgAAAAAAAAAAAAAAAGgoIwAAAAAAsLhceeWVhw8fVp0NDAzotJ5++unDhw8LAAAAAADgzF155ZWHDx9WnQ0MDOi0nn766cOHD+ucMAIAAAAAAIvIli1bbrjhBt/3VWfWWp3W2rVrDxw4IAAAAAAAgDO0ZcuWG264wfd91Zm1Vqe1du3aAwcO6JwwAgAAAAAAi0VPT8/IyEgYhr7vq86stTqttWvXHjhwQAAAAAAAAGeip6dnZGQkDEPf91Vn1lqd1tq1aw8cOKBzwggAAAAAACwKPT09IyMjksIw9H1fdWat1WmtXbv2wIEDAgAAAAAAmLeenp6RkRFJYRj6vq86s9bqtNauXXvgwAGdE0YAAAAAAOD819PTMzIyollhGPq+rzqz1uq01q5de+DAAQEAAAAAAMxPT0/PyMiIZoVh6...
&amp#27;[35m[HTTP]&amp#27;[39m &amp#27;[37m<-- POST /wd/hub/session/71784c92-b18a-46c1-a290-17ba74bb3393/appium/compare_images &amp#27;[39m&amp#27;[32m200&amp#27;[39m &amp#27;[90m443 ms - 1396600&amp#27;[39m
&amp#27;[35m[HTTP]&amp#27;[39m &amp#27;[90m&amp#27;[39m
Visual check of 'Edit Website' passed; similarity match was 1,000000
Searching for FolderDropDown
&amp#27;[35m[HTTP]&amp#27;[39m &amp#27;[37m-->&amp#27;[39m &amp#27;[37mGET&amp#27;[39m &amp#27;[37m/wd/hub/session/71784c92-b18a-46c1-a290-17ba74bb3393/context&amp#27;[39m
&amp#27;[35m[HTTP]&amp#27;[39m &amp#27;[90m{}&amp#27;[39m
[debug] &amp#27;[35m[W3C (71784c92)]&amp#27;[39m Calling AppiumDriver.getCurrentContext() with args: ["71784c92-b18a-46c1-a290-17ba74bb3393"]
[debug] &amp#27;[35m[W3C (71784c92)]&amp#27;[39m Responding to client with driver.getCurrentContext() result: "NATIVE_APP"
&amp#27;[35m[HTTP]&amp#27;[39m &amp#27;[37m<-- GET /wd/hub/session/71784c92-b18a-46c1-a290-17ba74bb3393/context &amp#27;[39m&amp#27;[32m200&amp#27;[39m &amp#27;[90m1 ms - 22&amp#27;[39m
&amp#27;[35m[HTTP]&amp#27;[39m &amp#27;[90m&amp#27;[39m
&amp#27;[35m[HTTP]&amp#27;[39m &amp#27;[37m-->&amp#27;[39m &amp#27;[37mPOST&amp#27;[39m &amp#27;[37m/wd/hub/session/71784c92-b18a-46c1-a290-17ba74bb3393/element&amp#27;[39m
&amp#27;[35m[HTTP]&amp#27;[39m &amp#27;[90m{"using":"id","value":"com.nordpass.android.app.password.manager:id/dropdownTitle"}&amp#27;[39m
[debug] &amp#27;[35m[W3C (71784c92)]&amp#27;[39m Calling AppiumDriver.findElement() with args: ["id","com.nordpass.android.app.password.manager:id/dropdownTitle","71784c92-b18a-46c1-a290-17ba74bb3393"]
[debug] &amp#27;[35m[BaseDriver]&amp#27;[39m Valid locator strategies for this request: xpath, id, class name, accessibility id, -android uiautomator
[debug] &amp#27;[35m[BaseDriver]&amp#27;[39m Waiting up to 10000 ms for condition
[debug] &amp#27;[35m[WD Proxy]&amp#27;[39m Matched '/element' to command name 'findElement'
[debug] &amp#27;[35m[WD Proxy]&amp#27;[39m Proxying [POST /element] to [POST http://127.0.0.1:8201/wd/hub/session/e1a92ac3-39a4-4fa6-92fc-7041064cc14a/element] with body: {"strategy":"id","selector":"com.nordpass.android.app.password.manager:id/dropdownTitle","context":"","multiple":false}
[debug] &amp#27;[35m[WD Proxy]&amp#27;[39m Got response with status 200: {"sessionId":"e1a92ac3-39a4-4fa6-92fc-7041064cc14a","value":{"ELEMENT":"34c9b0a6-f913-4705-8ef9-7607126a42c4","element-6066-11e4-a52e-4f735466cecf":"34c9b0a6-f913-4705-8ef9-7607126a42c4"}}
[debug] &amp#27;[35m[W3C (71784c92)]&amp#27;[39m Responding to client with driver.findElement() result: {"element-6066-11e4-a52e-4f735466cecf":"34c9b0a6-f913-4705-8ef9-7607126a42c4","ELEMENT":"34c9b0a6-f913-4705-8ef9-7607126a42c4"}
&amp#27;[35m[HTTP]&amp#27;[39m &amp#27;[37m<-- POST /wd/hub/session/71784c92-b18a-46c1-a290-17ba74bb3393/element &amp#27;[39m&amp#27;[32m200&amp#27;[39m &amp#27;[90m24 ms - 137&amp#27;[39m
&amp#27;[35m[HTTP]&amp#27;[39m &amp#27;[90m&amp#27;[39m
&amp#27;[35m[HTTP]&amp#27;[39m &amp#27;[37m-->&amp#27;[39m &amp#27;[37mPOST&amp#27;[39m &amp#27;[37m/wd/hub/session/71784c92-b18a-46c1-a290-17ba74bb3393/element/34c9b0a6-f913-4705-8ef9-7607126a42c4/click&amp#27;[39m
&amp#27;[35m[HTTP]&amp#27;[39m &amp#27;[90m{"id":"34c9b0a6-f913-4705-8ef9-7607126a42c4"}&amp#27;[39m
[debug] &amp#27;[35m[W3C (71784c92)]&amp#27;[39m Calling AppiumDriver.click() with args: ["34c9b0a6-f913-4705-8ef9-7607126a42c4","71784c92-b18a-46c1-a290-17ba74bb3393"]
[debug] &amp#27;[35m[WD Proxy]&amp#27;[39m Matched '/element/34c9b0a6-f913-4705-8ef9-7607126a42c4/click' to command name 'click'
[debug] &amp#27;[35m[WD Proxy]&amp#27;[39m Proxying [POST /element/34c9b0a6-f913-4705-8ef9-7607126a42c4/click] to [POST http://127.0.0.1:8201/wd/hub/session/e1a92ac3-39a4-4fa6-92fc-7041064cc14a/element/34c9b0a6-f913-4705-8ef9-7607126a42c4/click] with body: {"element":"34c9b0a6-f913-4705-8ef9-7607126a42c4"}
[debug] &amp#27;[35m[WD Proxy]&amp#27;[39m Got response with status 200: {"sessionId":"e1a92ac3-39a4-4fa6-92fc-7041064cc14a","value":null}
[debug] &amp#27;[35m[W3C (71784c92)]&amp#27;[39m Responding to client with driver.click() result: null
&amp#27;[35m[HTTP]&amp#27;[39m &amp#27;[37m<-- POST /wd/hub/session/71784c92-b18a-46c1-a290-17ba74bb3393/element/34c9b0a6-f913-4705-8ef9-7607126a42c4/click &amp#27;[39m&amp#27;[32m200&amp#27;[39m &amp#27;[90m49 ms - 14&amp#27;[39m
&amp#27;[35m[HTTP]&amp#27;[39m &amp#27;[90m&amp#27;[39m
&amp#27;[35m[HTTP]&amp#27;[39m &amp#27;[37m-->&amp#27;[39m &amp#27;[37mGET&amp#27;[39m &amp#27;[37m/wd/hub/session/71784c92-b18a-46c1-a290-17ba74bb3393/screenshot&amp#27;[39m
&amp#27;[35m[HTTP]&amp#27;[39m &amp#27;[90m{}&amp#27;[39m
[debug] &amp#27;[35m[W3C (71784c92)]&amp#27;[39m Calling AppiumDriver.getScreenshot() with args: ["71784c92-b18a-46c1-a290-17ba74bb3393"]
[debug] &amp#27;[35m[WD Proxy]&amp#27;[39m Matched '/screenshot' to command name 'getScreenshot'
[debug] &amp#27;[35m[WD Proxy]&amp#27;[39m Proxying [GET /screenshot] to [GET http://127.0.0.1:8201/wd/hub/session/e1a92ac3-39a4-4fa6-92fc-7041064cc14a/screenshot] with no body
[debug] &amp#27;[35m[WD Proxy]&amp#27;[39m Got response with status 200: {"sessionId":"e1a92ac3-39a4-4fa6-92fc-7041064cc14a","value":"iVBORw0KGgoAAAANSUhEUgAABaAAAAoACAYAAABH9IXPAAAAAXNSR0IArs4c6QAAAARzQklUCAgI\nCHwIZIgAACAASURBVHic7N15dFXlvfj/T0iQmYADiIgiCqKgIlhHnIqKoKIWbNFWqFOXLb11qre3\nXbdXW3tt69DiUL0Va2sFrYoKah3QWmtxHkBBwaogSpFJAggkQIbfH37JjynnnCRnn5Ph9VrLtTjZ\nz372Q7NTXW82zy6IiKoAAAAAAIAsa5HvBQAAAAAA0DQJ0AAAAAAAJEKABgAAAAAgEQI0AAAAAACJ\nEKABAAAAAEiEAA0AAAAAQCIEaAAAAAAAEiFAAwAAAACQCAEaAAAAAIBECNAAAAAAACRCgAYAAAAA\nIBECNAAAAAAAiRCgAQAAAABIhAANAAAAAEAiBGgAAAAAABIhQAMAAAAAkAgBGgAAAACARAjQAAAA\nAAAkoijfCwAAAAAAaIh69uwZH3/8cb6XEVdddVXGY+++++4GseZNCiKiKt+LAAAAAABoSC666KIY\nMGBAjBs3Lt9LiaqqzBPu8ccfH88//3xyi6klW3AAAAAAAGzmwgsvjDvuuCPfy2gSBGgAAAAAgP/n\nwgsvjAkTJuR7GU2GAA0AAAAAEOJzEgRoAAAAAKDZGzduXF7j829/+9soKSmJqqqqbf6pjb///e/b\nnD9//vxavcgwm4ryclUAAAAAgAZi3Lhxceutt+bt+uPHj49LLrkksfl79uwZV199dRQUFMTVV1+d\n2HW2xxPQAAAAAECzle/4HBExduzYJnWdzQnQAAAAAECz1BDic0REp06dcnKdnj175uQ6mxOgAQAA\nAIBmp6HE56ZOgAYAAAAAmhXxOXcEaAAAAACg2bj88su3G5/Xrl0bJSUlW3ytqqoqV8tqsgRoAAAA\nAKBZGDduXNx4443bfH3NmjXx...
[debug] &amp#27;[35m[W3C (71784c92)]&amp#27;[39m Responding to client with driver.getScreenshot() result: "iVBORw0KGgoAAAANSUhEUgAABaAAAAoACAYAAABH9IXPAAAAAXNSR0IArs4c6QAAAARzQklUCAgI\nCHwIZIgAACAASURBVHic7N15dFXlvfj/T0iQmYADiIgiCqKgIlhHnIqKoKIWbNFWqFOXLb11qre3\nXbdXW3tt69DiUL0Va2sFrYoKah3QWmtxHkBBwaogSpFJAggkQIbfH37JjynnnCRnn5Ph9VrLtTjZ\nz372Q7NTXW82zy6IiKoAAAAAAIAsa5HvBQAAAAAA0DQJ0AAAAAAAJEKABgAAAAAgEQI0AAAAAACJ\nEKABAAAAAEiEAA0AAAAAQCIEaAAAAAAAEiFAAwAAAACQCAEaAAAAAIBECNAAAAAAACRCgAYAAAAA\nIBECNAAAAAAAiRCgAQAAAABIhAANAAAAAEAiBGgAAAAAABIhQAMAAAAAkAgBGgAAAACARAjQAAAA\nAAAkoijfCwAAAAAAaIh69uwZH3/8cb6XEVdddVXGY+++++4GseZNCiKiKt+LAAAAAABoSC666KIY\nMGBAjBs3Lt9LiaqqzBPu8ccfH88//3xyi6klW3AAAAAAAGzmwgsvjDvuuCPfy2gSBGgAAAAAgP/n\nwgsvjAkTJuR7GU2GAA0AAAAAEOJzEgRoAAAAAKDZGzduXF7j829/+9soKSmJqqqqbf6pjb///e/b\nnD9//vxavcgwm4ryclUAAAAAgAZi3Lhxceutt+bt+uPHj49LLrkksfl79uwZV199dRQUFMTVV1+d\n2HW2xxPQAAAAAECzle/4HBExduzYJnWdzQnQAAAAAECz1BDic0REp06dcnKdnj175uQ6mxOgAQAA\nAIBmp6HE56ZOgAYAAAAAmhXxOXcEaAAAAACg2bj88su3G5/Xrl0bJSUlW3ytqqoqV8tqsgRoAAAA\nAKBZGDduXNx4443bfH3NmjXx1a9+NRYvXrzF1wsKCnK1tCZLgAYAAAAAmrwrrrhiu08+r1mzJoYM\nGRKvvf...
&amp#27;[35m[HTTP]&amp#27;[39m &amp#27;[37m<-- GET /wd/hub/session/71784c92-b18a-46c1-a290-17ba74bb3393/screenshot &amp#27;[39m&amp#27;[32m200&amp#27;[39m &amp#27;[90m343 ms - 259046&amp#27;[39m
&amp#27;[35m[HTTP]&amp#27;[39m &amp#27;[90m&amp#27;[39m
&amp#27;[35m[HTTP]&amp#27;[39m &amp#27;[37m-->&amp#27;[39m &amp#27;[37mPOST&amp#27;[39m &amp#27;[37m/wd/hub/session/71784c92-b18a-46c1-a290-17ba74bb3393/appium/compare_images&amp#27;[39m
&amp#27;[35m[HTTP]&amp#27;[39m &amp#27;[90m{"mode":"getSimilarity","firstImage":"iVBORw0KGgoAAAANSUhEUgAABaAAAAoACAYAAABH9IXPAAAAAXNSR0IArs4c6QAAAARzQklUCAgICHwIZIgAACAASURBVHic7N15dFXlvfj/T0iQmYADiIgiCqKgIlhHnIqKoKIWbNFWqFOXLb11qre3XbdXW3tt69DiUL0Va2sFrYoKah3QWmtxHkBBwaogSpFJAggkQIbfH37JjynnnCRnn5Ph9VrLtTjZz372Q7NTXW82zy6IiKoAAAAAAIAsa5HvBQAAAAAA0DQJ0AAAAAAAJEKABgAAAAAgEQI0AAAAAACJEKABAAAAAEiEAA0AAAAAQCIEaAAAAAAAEiFAAwAAAACQCAEaAAAAAIBECNAAAAAAACRCgAYAAAAAIBECNAAAAAAAiRCgAQAAAABIhAANAAAAAEAiBGgAAAAAABIhQAMAAAAAkAgBGgAAAACARAjQAAAAAAAkoijfCwAAAAAAaIh69uwZH3/8cb6XEVdddVXGY+++++4GseZNCiKiKt+LAAAAAABoSC666KIYMGBAjBs3Lt9LiaqqzBPu8ccfH88//3xyi6klW3AAAAAAAGzmwgsvjDvuuCPfy2gSBGgAAAAAgP/nwgsvjAkTJuR7GU2GAA0AAAAAEOJzEgRoAAAAAKDZGzduXF7j829/+9soKSmJqqqqbf6pjb///e/bnD9//vxavcgwm4ryclUAAAAAgAZi3Lhxceutt+bt+uPHj49LLrkksfl79uwZV199dRQUFMTVV1+d2HW2xxPQAAAAAECzle/4HBExduzYJnWdzQnQAAAAAECz1BDic0REp06dcnKdnj175uQ6mxOgAQAAAIBmp6HE56ZOgAYAAAAAmhXxOXcEaAAAAACg2bj88su3G5/Xrl0bJSUlW3ytqqoqV8tqsgRoAAAAAKBZGDduXNx4443bfH3NmjXx1a9+NRYvXrzF1wsKCnK1tCZLgAYAAAAAmrwrrrhiu08+r1m...&amp#27;[39m
[debug] &amp#27;[35m[W3C (71784c92)]&amp#27;[39m Calling AppiumDriver.compareImages() with args: ["getSimilarity","iVBORw0KGgoAAAANSUhEUgAABaAAAAoACAYAAABH9IXPAAAAAXNSR0IArs4c6QAAAARzQklUCAgICHwIZIgAACAASURBVHic7N15dFXlvfj/T0iQmYADiIgiCqKgIlhHnIqKoKIWbNFWqFOXLb11qre3XbdXW3tt69DiUL0Va2sFrYoKah3QWmtxHkBBwaogSpFJAggkQIbfH37JjynnnCRnn5Ph9VrLtTjZz372Q7NTXW82zy6IiKoAAAAAAIAsa5HvBQAAAAAA0DQJ0AAAAAAAJEKABgAAAAAgEQI0AAAAAACJEKABAAAAAEiEAA0AAAAAQCIEaAAAAAAAEiFAAwAAAACQCAEaAAAAAIBECNAAAAAAACRCgAYAAAAAIBECNAAAAAAAiRCgAQAAAABIhAANAAAAAEAiBGgAAAAAABIhQAMAAAAAkAgBGgAAAACARAjQAAAAAAAkoijfCwAAAAAAaIh69uwZH3/8cb6XEVdddVXGY+++++4GseZNCiKiKt+LAAAAAABoSC666KIYMGBAjBs3Lt9LiaqqzBPu8ccfH88//3xyi6klW3AAAAAAAGzmwgsvjDvuuCPfy2gSBGgAAAAAgP/nwgsvjAkTJuR7GU2GAA0AAAAAEOJzEgRoAAAAAKDZGzduXF7j829/+9soKSmJqqqqbf6pjb///e/bnD9//vxavcgwm4ryclUAAAAAgAZi3Lhxceutt+bt+uPHj49LLrkksfl79uwZV199dRQUFMTVV1+d2HW2xxPQAAAAAECzle/4HBExduzYJnWdzQnQAAAAAECz1BDic0REp06dcnKdnj175uQ6mxOgAQAAAIBmp6HE56ZOgAYAAAAAmhXxOXcEaAAAAACg2bj88su3G5/Xrl0bJSUlW3ytqqoqV8tqsgRoAAAAAKBZGDduXNx4443bfH3NmjXx1a9+NRYvXrzF1wsKCnK1tCZLgAYAAAAAmrwrrrhiu08+r1mzJoYMGRKvvfZaHlbV9An...
[debug] &amp#27;[35m[W3C (71784c92)]&amp#27;[39m Responding to client with driver.compareImages() result: {"score":1,"visualization":"iVBORw0KGgoAAAANSUhEUgAAC0AAAAoACAIAAACtAjTvAAAgAElEQVR4AezBf2jc9eHH8de7RvAH+6Z1fr/33WSrP0s+5rvNtSx/BDmvHn7DR1vNRrSdfhaKTYny6aZrhpnWLteP7J/ZzhDSj7CMflUIHS66zQ03z2NtOvTcbZhOwsUPp9LKsTFWbB2RFW3z/kJAiNxdl9bP9dLk+XgYAQAAAAAAAAAAAAAAoKGMAAAAAAAAAAAAAAAA0FBGAAAAAAAAAAAAAAAAaCgjAAAAAAAAAAAAAAAANJQRAAAAAAAAAAAAAAAAGsoIAAAAAAAAAAAAAAAADWUEAAAAAAAAAAAAAACAhjICAAAAAAAAAAAAAABAQxkBAAAAAAAAAAAAAACgoYwAAAAAAAAAAAAAAADQUEYAAAAAAAAAAAAAAABoKCMAAAAAAAAAAAAAAAA0lBEAAAAAAAAAAAAAAAAayggAAAAAAAAAAAAAAAANZQQAAAAAAAAAAAAAAICGMgIAAAAAAAAAAAAAAEBDGQEAAAAAAAAAAAAAAKChjAAAAAAAAAAAAAAAANBQRgAAAAAAAAAAAAAAAGgoIwAAAAAAsLhceeWVhw8fVp0NDAzotJ5++unDhw8LAAAAAADgzF155ZWHDx9WnQ0MDOi0nn766cOHD+ucMAIAAAAAAIvIli1bbrjhBt/3VWfWWp3W2rVrDxw4IAAAAAAAgDO0ZcuWG264wfd91Zm1Vqe1du3aAwcO6JwwAgAAAAAAi0VPT8/IyEgYhr7vq86stTqttWvXHjhwQAAAAAAAAGeip6dnZGQkDEPf91Vn1lqd1tq1aw8cOKBzwggAAAAAACwKPT09IyMjksIw9H1fdWat1WmtXbv2wIEDAgAAAAAAmLeenp6RkRFJYRj6vq86s9bqtNauXXvgwAGdE0YAAAAAAOD819PTMzIyollhGPq+rzqz1uq01q5de+DAAQEAAAAAAMxPT0/PyMiIZoVh6...
&amp#27;[35m[HTTP]&amp#27;[39m &amp#27;[37m<-- POST /wd/hub/session/71784c92-b18a-46c1-a290-17ba74bb3393/appium/compare_images &amp#27;[39m&amp#27;[32m200&amp#27;[39m &amp#27;[90m460 ms - 1075352&amp#27;[39m
&amp#27;[35m[HTTP]&amp#27;[39m &amp#27;[90m&amp#27;[39m
Visual check of 'Edit Folder_dropdown' passed; similarity match was 1,000000
Searching for none folder
&amp#27;[35m[HTTP]&amp#27;[39m &amp#27;[37m-->&amp#27;[39m &amp#27;[37mGET&amp#27;[39m &amp#27;[37m/wd/hub/session/71784c92-b18a-46c1-a290-17ba74bb3393/context&amp#27;[39m
&amp#27;[35m[HTTP]&amp#27;[39m &amp#27;[90m{}&amp#27;[39m
[debug] &amp#27;[35m[W3C (71784c92)]&amp#27;[39m Calling AppiumDriver.getCurrentContext() with args: ["71784c92-b18a-46c1-a290-17ba74bb3393"]
[debug] &amp#27;[35m[W3C (71784c92)]&amp#27;[39m Responding to client with driver.getCurrentContext() result: "NATIVE_APP"
&amp#27;[35m[HTTP]&amp#27;[39m &amp#27;[37m<-- GET /wd/hub/session/71784c92-b18a-46c1-a290-17ba74bb3393/context &amp#27;[39m&amp#27;[32m200&amp#27;[39m &amp#27;[90m1 ms - 22&amp#27;[39m
&amp#27;[35m[HTTP]&amp#27;[39m &amp#27;[90m&amp#27;[39m
&amp#27;[35m[HTTP]&amp#27;[39m &amp#27;[37m-->&amp#27;[39m &amp#27;[37mPOST&amp#27;[39m &amp#27;[37m/wd/hub/session/71784c92-b18a-46c1-a290-17ba74bb3393/element&amp#27;[39m
&amp#27;[35m[HTTP]&amp#27;[39m &amp#27;[90m{"using":"xpath","value":"//android.widget.TextView[contains(@text, 'None')]"}&amp#27;[39m
[debug] &amp#27;[35m[W3C (71784c92)]&amp#27;[39m Calling AppiumDriver.findElement() with args: ["xpath","//android.widget.TextView[contains(@text, 'None')]","71784c92-b18a-46c1-a290-17ba74bb3393"]
[debug] &amp#27;[35m[BaseDriver]&amp#27;[39m Valid locator strategies for this request: xpath, id, class name, accessibility id, -android uiautomator
[debug] &amp#27;[35m[BaseDriver]&amp#27;[39m Waiting up to 10000 ms for condition
[debug] &amp#27;[35m[WD Proxy]&amp#27;[39m Matched '/element' to command name 'findElement'
[debug] &amp#27;[35m[WD Proxy]&amp#27;[39m Proxying [POST /element] to [POST http://127.0.0.1:8201/wd/hub/session/e1a92ac3-39a4-4fa6-92fc-7041064cc14a/element] with body: {"strategy":"xpath","selector":"//android.widget.TextView[contains(@text, 'None')]","context":"","multiple":false}
[debug] &amp#27;[35m[WD Proxy]&amp#27;[39m Got response with status 200: {"sessionId":"e1a92ac3-39a4-4fa6-92fc-7041064cc14a","value":{"ELEMENT":"b9d27191-35e4-446b-815a-63d9eb8b2db6","element-6066-11e4-a52e-4f735466cecf":"b9d27191-35e4-446b-815a-63d9eb8b2db6"}}
[debug] &amp#27;[35m[W3C (71784c92)]&amp#27;[39m Responding to client with driver.findElement() result: {"element-6066-11e4-a52e-4f735466cecf":"b9d27191-35e4-446b-815a-63d9eb8b2db6","ELEMENT":"b9d27191-35e4-446b-815a-63d9eb8b2db6"}
&amp#27;[35m[HTTP]&amp#27;[39m &amp#27;[37m<-- POST /wd/hub/session/71784c92-b18a-46c1-a290-17ba74bb3393/element &amp#27;[39m&amp#27;[32m200&amp#27;[39m &amp#27;[90m142 ms - 137&amp#27;[39m
&amp#27;[35m[HTTP]&amp#27;[39m &amp#27;[90m&amp#27;[39m
&amp#27;[35m[HTTP]&amp#27;[39m &amp#27;[37m-->&amp#27;[39m &amp#27;[37mPOST&amp#27;[39m &amp#27;[37m/wd/hub/session/71784c92-b18a-46c1-a290-17ba74bb3393/element/b9d27191-35e4-446b-815a-63d9eb8b2db6/click&amp#27;[39m
&amp#27;[35m[HTTP]&amp#27;[39m &amp#27;[90m{"id":"b9d27191-35e4-446b-815a-63d9eb8b2db6"}&amp#27;[39m
[debug] &amp#27;[35m[W3C (71784c92)]&amp#27;[39m Calling AppiumDriver.click() with args: ["b9d27191-35e4-446b-815a-63d9eb8b2db6","71784c92-b18a-46c1-a290-17ba74bb3393"]
[debug] &amp#27;[35m[WD Proxy]&amp#27;[39m Matched '/element/b9d27191-35e4-446b-815a-63d9eb8b2db6/click' to command name 'click'
[debug] &amp#27;[35m[WD Proxy]&amp#27;[39m Proxying [POST /element/b9d27191-35e4-446b-815a-63d9eb8b2db6/click] to [POST http://127.0.0.1:8201/wd/hub/session/e1a92ac3-39a4-4fa6-92fc-7041064cc14a/element/b9d27191-35e4-446b-815a-63d9eb8b2db6/click] with body: {"element":"b9d27191-35e4-446b-815a-63d9eb8b2db6"}
[debug] &amp#27;[35m[WD Proxy]&amp#27;[39m Got response with status 200: {"sessionId":"e1a92ac3-39a4-4fa6-92fc-7041064cc14a","value":null}
[debug] &amp#27;[35m[W3C (71784c92)]&amp#27;[39m Responding to client with driver.click() result: null
&amp#27;[35m[HTTP]&amp#27;[39m &amp#27;[37m<-- POST /wd/hub/session/71784c92-b18a-46c1-a290-17ba74bb3393/element/b9d27191-35e4-446b-815a-63d9eb8b2db6/click &amp#27;[39m&amp#27;[32m200&amp#27;[39m &amp#27;[90m48 ms - 14&amp#27;[39m
&amp#27;[35m[HTTP]&amp#27;[39m &amp#27;[90m&amp#27;[39m
&amp#27;[35m[HTTP]&amp#27;[39m &amp#27;[37m-->&amp#27;[39m &amp#27;[37mGET&amp#27;[39m &amp#27;[37m/wd/hub/session/71784c92-b18a-46c1-a290-17ba74bb3393/screenshot&amp#27;[39m
&amp#27;[35m[HTTP]&amp#27;[39m &amp#27;[90m{}&amp#27;[39m
[debug] &amp#27;[35m[W3C (71784c92)]&amp#27;[39m Calling AppiumDriver.getScreenshot() with args: ["71784c92-b18a-46c1-a290-17ba74bb3393"]
[debug] &amp#27;[35m[WD Proxy]&amp#27;[39m Matched '/screenshot' to command name 'getScreenshot'
[debug] &amp#27;[35m[WD Proxy]&amp#27;[39m Proxying [GET /screenshot] to [GET http://127.0.0.1:8201/wd/hub/session/e1a92ac3-39a4-4fa6-92fc-7041064cc14a/screenshot] with no body
[debug] &amp#27;[35m[WD Proxy]&amp#27;[39m Got response with status 200: {"sessionId":"e1a92ac3-39a4-4fa6-92fc-7041064cc14a","value":"iVBORw0KGgoAAAANSUhEUgAABaAAAAoACAYAAABH9IXPAAAAAXNSR0IArs4c6QAAAARzQklUCAgI\nCHwIZIgAACAASURBVHic7N15dFXlvfj/T0iQmYADiIgiCqKgIlhHnIqKoKIWbNFWqFOXLb11qre3\nXbdXW3tt69DiUL0Va2sFrYoKah3QWmtxHkBBwaogSpFJAggkQIbfH37JjynnnCRnn5Ph9VrLtTjZ\nz372Q7NTXW82zy6IiKoAAAAAAIAsa5HvBQAAAAAA0DQJ0AAAAAAAJEKABgAAAAAgEQI0AAAAAACJ\nEKABAAAAAEiEAA0AAAAAQCIEaAAAAAAAEiFAAwAAAACQCAEaAAAAAIBECNAAAAAAACRCgAYAAAAA\nIBECNAAAAAAAiRCgAQAAAABIhAANAAAAAEAiBGgAAAAAABIhQAMAAAAAkAgBGgAAAACARAjQAAAA\nAAAkoijfCwAAAAAAaIh69uwZH3/8cb6XEVdddVXGY+++++4GseZNCiKiKt+LAAAAAABoSC666KIY\nMGBAjBs3Lt9LiaqqzBPu8ccfH88//3xyi6klW3AAAAAAAGzmwgsvjDvuuCPfy2gSBGgAAAAAgP/n\nwgsvjAkTJuR7GU2GAA0AAAAAEOJzEgRoAAAAAKDZGzduXF7j829/+9soKSmJqqqqbf6pjb///e/b\nnD9//vxavcgwm4ryclUAAAAAgAZi3Lhxceutt+bt+uPHj49LLrkksfl79uwZV199dRQUFMTVV1+d\n2HW2xxPQAAAAAECzle/4HBExduzYJnWdzQnQAAAAAECz1BDic0REp06dcnKdnj175uQ6mxOgAQAA\nAIBmp6HE56ZOgAYAAAAAmhXxOXcEaAAAAACg2bj88su3G5/Xrl0bJSUlW3ytqqoqV8tqsgRoAAAA\nAKBZGDduXNx4443bfH3NmjXx...
[debug] &amp#27;[35m[W3C (71784c92)]&amp#27;[39m Responding to client with driver.getScreenshot() result: "iVBORw0KGgoAAAANSUhEUgAABaAAAAoACAYAAABH9IXPAAAAAXNSR0IArs4c6QAAAARzQklUCAgI\nCHwIZIgAACAASURBVHic7N15dFXlvfj/T0iQmYADiIgiCqKgIlhHnIqKoKIWbNFWqFOXLb11qre3\nXbdXW3tt69DiUL0Va2sFrYoKah3QWmtxHkBBwaogSpFJAggkQIbfH37JjynnnCRnn5Ph9VrLtTjZ\nz372Q7NTXW82zy6IiKoAAAAAAIAsa5HvBQAAAAAA0DQJ0AAAAAAAJEKABgAAAAAgEQI0AAAAAACJ\nEKABAAAAAEiEAA0AAAAAQCIEaAAAAAAAEiFAAwAAAACQCAEaAAAAAIBECNAAAAAAACRCgAYAAAAA\nIBECNAAAAAAAiRCgAQAAAABIhAANAAAAAEAiBGgAAAAAABIhQAMAAAAAkAgBGgAAAACARAjQAAAA\nAAAkoijfCwAAAAAAaIh69uwZH3/8cb6XEVdddVXGY+++++4GseZNCiKiKt+LAAAAAABoSC666KIY\nMGBAjBs3Lt9LiaqqzBPu8ccfH88//3xyi6klW3AAAAAAAGzmwgsvjDvuuCPfy2gSBGgAAAAAgP/n\nwgsvjAkTJuR7GU2GAA0AAAAAEOJzEgRoAAAAAKDZGzduXF7j829/+9soKSmJqqqqbf6pjb///e/b\nnD9//vxavcgwm4ryclUAAAAAgAZi3Lhxceutt+bt+uPHj49LLrkksfl79uwZV199dRQUFMTVV1+d\n2HW2xxPQAAAAAECzle/4HBExduzYJnWdzQnQAAAAAECz1BDic0REp06dcnKdnj175uQ6mxOgAQAA\nAIBmp6HE56ZOgAYAAAAAmhXxOXcEaAAAAACg2bj88su3G5/Xrl0bJSUlW3ytqqoqV8tqsgRoAAAA\nAKBZGDduXNx4443bfH3NmjXx1a9+NRYvXrzF1wsKCnK1tCZLgAYAAAAAmrwrrrhiu08+r1mzJoYM\nGRKvvf...
&amp#27;[35m[HTTP]&amp#27;[39m &amp#27;[37m<-- GET /wd/hub/session/71784c92-b18a-46c1-a290-17ba74bb3393/screenshot &amp#27;[39m&amp#27;[32m200&amp#27;[39m &amp#27;[90m370 ms - 312760&amp#27;[39m
&amp#27;[35m[HTTP]&amp#27;[39m &amp#27;[90m&amp#27;[39m
&amp#27;[35m[HTTP]&amp#27;[39m &amp#27;[37m-->&amp#27;[39m &amp#27;[37mPOST&amp#27;[39m &amp#27;[37m/wd/hub/session/71784c92-b18a-46c1-a290-17ba74bb3393/appium/compare_images&amp#27;[39m
&amp#27;[35m[HTTP]&amp#27;[39m &amp#27;[90m{"mode":"getSimilarity","firstImage":"iVBORw0KGgoAAAANSUhEUgAABaAAAAoACAYAAABH9IXPAAAAAXNSR0IArs4c6QAAAARzQklUCAgICHwIZIgAACAASURBVHic7N15dFXlvfj/T0iQmYADiIgiCqKgIlhHnIqKoKIWbNFWqFOXLb11qre3XbdXW3tt69DiUL0Va2sFrYoKah3QWmtxHkBBwaogSpFJAggkQIbfH37JjynnnCRnn5Ph9VrLtTjZz372Q7NTXW82zy6IiKoAAAAAAIAsa5HvBQAAAAAA0DQJ0AAAAAAAJEKABgAAAAAgEQI0AAAAAACJEKABAAAAAEiEAA0AAAAAQCIEaAAAAAAAEiFAAwAAAACQCAEaAAAAAIBECNAAAAAAACRCgAYAAAAAIBECNAAAAAAAiRCgAQAAAABIhAANAAAAAEAiBGgAAAAAABIhQAMAAAAAkAgBGgAAAACARAjQAAAAAAAkoijfCwAAAAAAaIh69uwZH3/8cb6XEVdddVXGY+++++4GseZNCiKiKt+LAAAAAABoSC666KIYMGBAjBs3Lt9LiaqqzBPu8ccfH88//3xyi6klW3AAAAAAAGzmwgsvjDvuuCPfy2gSBGgAAAAAgP/nwgsvjAkTJuR7GU2GAA0AAAAAEOJzEgRoAAAAAKDZGzduXF7j829/+9soKSmJqqqqbf6pjb///e/bnD9//vxavcgwm4ryclUAAAAAgAZi3Lhxceutt+bt+uPHj49LLrkksfl79uwZV199dRQUFMTVV1+d2HW2xxPQAAAAAECzle/4HBExduzYJnWdzQnQAAAAAECz1BDic0REp06dcnKdnj175uQ6mxOgAQAAAIBmp6HE56ZOgAYAAAAAmhXxOXcEaAAAAACg2bj88su3G5/Xrl0bJSUlW3ytqqoqV8tqsgRoAAAAAKBZGDduXNx4443bfH3NmjXx1a9+NRYvXrzF1wsKCnK1tCZLgAYAAAAAmrwrrrhiu08+r1m...&amp#27;[39m
[debug] &amp#27;[35m[W3C (71784c92)]&amp#27;[39m Calling AppiumDriver.compareImages() with args: ["getSimilarity","iVBORw0KGgoAAAANSUhEUgAABaAAAAoACAYAAABH9IXPAAAAAXNSR0IArs4c6QAAAARzQklUCAgICHwIZIgAACAASURBVHic7N15dFXlvfj/T0iQmYADiIgiCqKgIlhHnIqKoKIWbNFWqFOXLb11qre3XbdXW3tt69DiUL0Va2sFrYoKah3QWmtxHkBBwaogSpFJAggkQIbfH37JjynnnCRnn5Ph9VrLtTjZz372Q7NTXW82zy6IiKoAAAAAAIAsa5HvBQAAAAAA0DQJ0AAAAAAAJEKABgAAAAAgEQI0AAAAAACJEKABAAAAAEiEAA0AAAAAQCIEaAAAAAAAEiFAAwAAAACQCAEaAAAAAIBECNAAAAAAACRCgAYAAAAAIBECNAAAAAAAiRCgAQAAAABIhAANAAAAAEAiBGgAAAAAABIhQAMAAAAAkAgBGgAAAACARAjQAAAAAAAkoijfCwAAAAAAaIh69uwZH3/8cb6XEVdddVXGY+++++4GseZNCiKiKt+LAAAAAABoSC666KIYMGBAjBs3Lt9LiaqqzBPu8ccfH88//3xyi6klW3AAAAAAAGzmwgsvjDvuuCPfy2gSBGgAAAAAgP/nwgsvjAkTJuR7GU2GAA0AAAAAEOJzEgRoAAAAAKDZGzduXF7j829/+9soKSmJqqqqbf6pjb///e/bnD9//vxavcgwm4ryclUAAAAAgAZi3Lhxceutt+bt+uPHj49LLrkksfl79uwZV199dRQUFMTVV1+d2HW2xxPQAAAAAECzle/4HBExduzYJnWdzQnQAAAAAECz1BDic0REp06dcnKdnj175uQ6mxOgAQAAAIBmp6HE56ZOgAYAAAAAmhXxOXcEaAAAAACg2bj88su3G5/Xrl0bJSUlW3ytqqoqV8tqsgRoAAAAAKBZGDduXNx4443bfH3NmjXx1a9+NRYvXrzF1wsKCnK1tCZLgAYAAAAAmrwrrrhiu08+r1mzJoYMGRKvvfZaHlbV9An...
[debug] &amp#27;[35m[W3C (71784c92)]&amp#27;[39m Responding to client with driver.compareImages() result: {"score":0.9999989867210388,"visualization":"iVBORw0KGgoAAAANSUhEUgAAC0AAAAoACAIAAACtAjTvAAAgAElEQVR4AezBf2jc9eHH8de7RvAH+6Z1fr/33WSrP0s+5rvNtSx/BDmvHn7DR1vNRrSdfhaKTYny6aZrhpnWLteP7J/ZzhDSj7CMflUIHS66zQ03z2NtOvTcbZhOwsUPp9LKsTFWbB2RFW3z/kJAiNxdl9bP9dLk+XgYAQAAAAAAAAAAAAAAoKGMAAAAAAAAAAAAAAAA0FBGAAAAAAAAAAAAAAAAaCgjAAAAAAAAAAAAAAAANJQRAAAAAAAAAAAAAAAAGsoIAAAAAAAAAAAAAAAADWUEAAAAAAAAAAAAAACAhjICAAAAAAAAAAAAAABAQxkBAAAAAAAAAAAAAACgoYwAAAAAAAAAAAAAAADQUEYAAAAAAAAAAAAAAABoKCMAAAAAAAAAAAAAAAA0lBEAAAAAAAAAAAAAAAAayggAAAAAAAAAAAAAAAANZQQAAAAAAAAAAAAAAICGMgIAAAAAAAAAAAAAAEBDGQEAAAAAAAAAAAAAAKChjAAAAAAAAAAAAAAAANBQRgAAAAAAAAAAAAAAAGgoIwAAAAAAsLhceeWVhw8fVp0NDAzotJ5++unDhw8LAAAAAADgzF155ZWHDx9WnQ0MDOi0nn766cOHD+ucMAIAAAAAAIvIli1bbrjhBt/3VWfWWp3W2rVrDxw4IAAAAAAAgDO0ZcuWG264wfd91Zm1Vqe1du3aAwcO6JwwAgAAAAAAi0VPT8/IyEgYhr7vq86stTqttWvXHjhwQAAAAAAAAGeip6dnZGQkDEPf91Vn1lqd1tq1aw8cOKBzwggAAAAAACwKPT09IyMjksIw9H1fdWat1WmtXbv2wIEDAgAAAAAAmLeenp6RkRFJYRj6vq86s9bqtNauXXvgwAGdE0YAAAAAAOD819PTMzIyollhGPq+rzqz1uq01q5de+DAAQEAAAAA...
&amp#27;[35m[HTTP]&amp#27;[39m &amp#27;[37m<-- POST /wd/hub/session/71784c92-b18a-46c1-a290-17ba74bb3393/appium/compare_images &amp#27;[39m&amp#27;[32m200&amp#27;[39m &amp#27;[90m447 ms - 1380917&amp#27;[39m
&amp#27;[35m[HTTP]&amp#27;[39m &amp#27;[90m&amp#27;[39m
Visual check of 'Selected None folder' passed; similarity match was 0,999999
&amp#27;[35m[HTTP]&amp#27;[39m &amp#27;[37m-->&amp#27;[39m &amp#27;[37mPOST&amp#27;[39m &amp#27;[37m/wd/hub/session/71784c92-b18a-46c1-a290-17ba74bb3393/appium/device/hide_keyboard&amp#27;[39m
&amp#27;[35m[HTTP]&amp#27;[39m &amp#27;[90m{}&amp#27;[39m
[debug] &amp#27;[35m[W3C (71784c92)]&amp#27;[39m Calling AppiumDriver.hideKeyboard() with args: [null,null,null,null,"71784c92-b18a-46c1-a290-17ba74bb3393"]
[debug] &amp#27;[35m[ADB]&amp#27;[39m Running 'C:\Users\T1170\AppData\Local\Android\Sdk\platform-tools\adb.exe -P 5037 -s emulator-5554 shell dumpsys input_method'
&amp#27;[35m[AndroidDriver]&amp#27;[39m Keyboard has no UI; no closing necessary
[debug] &amp#27;[35m[W3C (71784c92)]&amp#27;[39m Responding to client with driver.hideKeyboard() result: null
&amp#27;[35m[HTTP]&amp#27;[39m &amp#27;[37m<-- POST /wd/hub/session/71784c92-b18a-46c1-a290-17ba74bb3393/appium/device/hide_keyboard &amp#27;[39m&amp#27;[32m200&amp#27;[39m &amp#27;[90m118 ms - 14&amp#27;[39m
&amp#27;[35m[HTTP]&amp#27;[39m &amp#27;[90m&amp#27;[39m
Searching for Add New Folder DropDown Close
&amp#27;[35m[HTTP]&amp#27;[39m &amp#27;[37m-->&amp#27;[39m &amp#27;[37mGET&amp#27;[39m &amp#27;[37m/wd/hub/session/71784c92-b18a-46c1-a290-17ba74bb3393/screenshot&amp#27;[39m
&amp#27;[35m[HTTP]&amp#27;[39m &amp#27;[90m{}&amp#27;[39m
[debug] &amp#27;[35m[W3C (71784c92)]&amp#27;[39m Calling AppiumDriver.getScreenshot() with args: ["71784c92-b18a-46c1-a290-17ba74bb3393"]
[debug] &amp#27;[35m[WD Proxy]&amp#27;[39m Matched '/screenshot' to command name 'getScreenshot'
[debug] &amp#27;[35m[WD Proxy]&amp#27;[39m Proxying [GET /screenshot] to [GET http://127.0.0.1:8201/wd/hub/session/e1a92ac3-39a4-4fa6-92fc-7041064cc14a/screenshot] with no body
[debug] &amp#27;[35m[WD Proxy]&amp#27;[39m Got response with status 200: {"sessionId":"e1a92ac3-39a4-4fa6-92fc-7041064cc14a","value":"iVBORw0KGgoAAAANSUhEUgAABaAAAAoACAYAAABH9IXPAAAAAXNSR0IArs4c6QAAAARzQklUCAgI\nCHwIZIgAACAASURBVHic7N15dFXlvfj/T0iQmYADiIgiCqKgIlhHnIqKoKIWbNFWqFOXLb11qre3\nXbdXW3tt69DiUL0Va2sFrYoKah3QWmtxHkBBwaogSpFJAggkQIbfH37JjynnnCRnn5Ph9VrLtTjZ\nz372Q7NTXW82zy6IiKoAAAAAAIAsa5HvBQAAAAAA0DQJ0AAAAAAAJEKABgAAAAAgEQI0AAAAAACJ\nEKABAAAAAEiEAA0AAAAAQCIEaAAAAAAAEiFAAwAAAACQCAEaAAAAAIBECNAAAAAAACRCgAYAAAAA\nIBECNAAAAAAAiRCgAQAAAABIhAANAAAAAEAiBGgAAAAAABIhQAMAAAAAkAgBGgAAAACARAjQAAAA\nAAAkoijfCwAAAAAAaIh69uwZH3/8cb6XEVdddVXGY+++++4GseZNCiKiKt+LAAAAAABoSC666KIY\nMGBAjBs3Lt9LiaqqzBPu8ccfH88//3xyi6klW3AAAAAAAGzmwgsvjDvuuCPfy2gSBGgAAAAAgP/n\nwgsvjAkTJuR7GU2GAA0AAAAAEOJzEgRoAAAAAKDZGzduXF7j829/+9soKSmJqqqqbf6pjb///e/b\nnD9//vxavcgwm4ryclUAAAAAgAZi3Lhxceutt+bt+uPHj49LLrkksfl79uwZV199dRQUFMTVV1+d\n2HW2xxPQAAAAAECzle/4HBExduzYJnWdzQnQAAAAAECz1BDic0REp06dcnKdnj175uQ6mxOgAQAA\nAIBmp6HE56ZOgAYAAAAAmhXxOXcEaAAAAACg2bj88su3G5/Xrl0bJSUlW3ytqqoqV8tqsgRoAAAA\nAKBZGDduXNx4443bfH3NmjXx...
[debug] &amp#27;[35m[W3C (71784c92)]&amp#27;[39m Responding to client with driver.getScreenshot() result: "iVBORw0KGgoAAAANSUhEUgAABaAAAAoACAYAAABH9IXPAAAAAXNSR0IArs4c6QAAAARzQklUCAgI\nCHwIZIgAACAASURBVHic7N15dFXlvfj/T0iQmYADiIgiCqKgIlhHnIqKoKIWbNFWqFOXLb11qre3\nXbdXW3tt69DiUL0Va2sFrYoKah3QWmtxHkBBwaogSpFJAggkQIbfH37JjynnnCRnn5Ph9VrLtTjZ\nz372Q7NTXW82zy6IiKoAAAAAAIAsa5HvBQAAAAAA0DQJ0AAAAAAAJEKABgAAAAAgEQI0AAAAAACJ\nEKABAAAAAEiEAA0AAAAAQCIEaAAAAAAAEiFAAwAAAACQCAEaAAAAAIBECNAAAAAAACRCgAYAAAAA\nIBECNAAAAAAAiRCgAQAAAABIhAANAAAAAEAiBGgAAAAAABIhQAMAAAAAkAgBGgAAAACARAjQAAAA\nAAAkoijfCwAAAAAAaIh69uwZH3/8cb6XEVdddVXGY+++++4GseZNCiKiKt+LAAAAAABoSC666KIY\nMGBAjBs3Lt9LiaqqzBPu8ccfH88//3xyi6klW3AAAAAAAGzmwgsvjDvuuCPfy2gSBGgAAAAAgP/n\nwgsvjAkTJuR7GU2GAA0AAAAAEOJzEgRoAAAAAKDZGzduXF7j829/+9soKSmJqqqqbf6pjb///e/b\nnD9//vxavcgwm4ryclUAAAAAgAZi3Lhxceutt+bt+uPHj49LLrkksfl79uwZV199dRQUFMTVV1+d\n2HW2xxPQAAAAAECzle/4HBExduzYJnWdzQnQAAAAAECz1BDic0REp06dcnKdnj175uQ6mxOgAQAA\nAIBmp6HE56ZOgAYAAAAAmhXxOXcEaAAAAACg2bj88su3G5/Xrl0bJSUlW3ytqqoqV8tqsgRoAAAA\nAKBZGDduXNx4443bfH3NmjXx1a9+NRYvXrzF1wsKCnK1tCZLgAYAAAAAmrwrrrhiu08+r1mzJoYM\nGRKvvf...
&amp#27;[35m[HTTP]&amp#27;[39m &amp#27;[37m<-- GET /wd/hub/session/71784c92-b18a-46c1-a290-17ba74bb3393/screenshot &amp#27;[39m&amp#27;[32m200&amp#27;[39m &amp#27;[90m409 ms - 312846&amp#27;[39m
&amp#27;[35m[HTTP]&amp#27;[39m &amp#27;[90m&amp#27;[39m
&amp#27;[35m[HTTP]&amp#27;[39m &amp#27;[37m-->&amp#27;[39m &amp#27;[37mPOST&amp#27;[39m &amp#27;[37m/wd/hub/session/71784c92-b18a-46c1-a290-17ba74bb3393/appium/compare_images&amp#27;[39m
&amp#27;[35m[HTTP]&amp#27;[39m &amp#27;[90m{"mode":"getSimilarity","firstImage":"iVBORw0KGgoAAAANSUhEUgAABaAAAAoACAYAAABH9IXPAAAAAXNSR0IArs4c6QAAAARzQklUCAgICHwIZIgAACAASURBVHic7N15dFXlvfj/T0iQmYADiIgiCqKgIlhHnIqKoKIWbNFWqFOXLb11qre3XbdXW3tt69DiUL0Va2sFrYoKah3QWmtxHkBBwaogSpFJAggkQIbfH37JjynnnCRnn5Ph9VrLtTjZz372Q7NTXW82zy6IiKoAAAAAAIAsa5HvBQAAAAAA0DQJ0AAAAAAAJEKABgAAAAAgEQI0AAAAAACJEKABAAAAAEiEAA0AAAAAQCIEaAAAAAAAEiFAAwAAAACQCAEaAAAAAIBECNAAAAAAACRCgAYAAAAAIBECNAAAAAAAiRCgAQAAAABIhAANAAAAAEAiBGgAAAAAABIhQAMAAAAAkAgBGgAAAACARAjQAAAAAAAkoijfCwAAAAAAaIh69uwZH3/8cb6XEVdddVXGY+++++4GseZNCiKiKt+LAAAAAABoSC666KIYMGBAjBs3Lt9LiaqqzBPu8ccfH88//3xyi6klW3AAAAAAAGzmwgsvjDvuuCPfy2gSBGgAAAAAgP/nwgsvjAkTJuR7GU2GAA0AAAAAEOJzEgRoAAAAAKDZGzduXF7j829/+9soKSmJqqqqbf6pjb///e/bnD9//vxavcgwm4ryclUAAAAAgAZi3Lhxceutt+bt+uPHj49LLrkksfl79uwZV199dRQUFMTVV1+d2HW2xxPQAAAAAECzle/4HBExduzYJnWdzQnQAAAAAECz1BDic0REp06dcnKdnj175uQ6mxOgAQAAAIBmp6HE56ZOgAYAAAAAmhXxOXcEaAAAAACg2bj88su3G5/Xrl0bJSUlW3ytqqoqV8tqsgRoAAAAAKBZGDduXNx4443bfH3NmjXx1a9+NRYvXrzF1wsKCnK1tCZLgAYAAAAAmrwrrrhiu08+r1m...&amp#27;[39m
[debug] &amp#27;[35m[W3C (71784c92)]&amp#27;[39m Calling AppiumDriver.compareImages() with args: ["getSimilarity","iVBORw0KGgoAAAANSUhEUgAABaAAAAoACAYAAABH9IXPAAAAAXNSR0IArs4c6QAAAARzQklUCAgICHwIZIgAACAASURBVHic7N15dFXlvfj/T0iQmYADiIgiCqKgIlhHnIqKoKIWbNFWqFOXLb11qre3XbdXW3tt69DiUL0Va2sFrYoKah3QWmtxHkBBwaogSpFJAggkQIbfH37JjynnnCRnn5Ph9VrLtTjZz372Q7NTXW82zy6IiKoAAAAAAIAsa5HvBQAAAAAA0DQJ0AAAAAAAJEKABgAAAAAgEQI0AAAAAACJEKABAAAAAEiEAA0AAAAAQCIEaAAAAAAAEiFAAwAAAACQCAEaAAAAAIBECNAAAAAAACRCgAYAAAAAIBECNAAAAAAAiRCgAQAAAABIhAANAAAAAEAiBGgAAAAAABIhQAMAAAAAkAgBGgAAAACARAjQAAAAAAAkoijfCwAAAAAAaIh69uwZH3/8cb6XEVdddVXGY+++++4GseZNCiKiKt+LAAAAAABoSC666KIYMGBAjBs3Lt9LiaqqzBPu8ccfH88//3xyi6klW3AAAAAAAGzmwgsvjDvuuCPfy2gSBGgAAAAAgP/nwgsvjAkTJuR7GU2GAA0AAAAAEOJzEgRoAAAAAKDZGzduXF7j829/+9soKSmJqqqqbf6pjb///e/bnD9//vxavcgwm4ryclUAAAAAgAZi3Lhxceutt+bt+uPHj49LLrkksfl79uwZV199dRQUFMTVV1+d2HW2xxPQAAAAAECzle/4HBExduzYJnWdzQnQAAAAAECz1BDic0REp06dcnKdnj175uQ6mxOgAQAAAIBmp6HE56ZOgAYAAAAAmhXxOXcEaAAAAACg2bj88su3G5/Xrl0bJSUlW3ytqqoqV8tqsgRoAAAAAKBZGDduXNx4443bfH3NmjXx1a9+NRYvXrzF1wsKCnK1tCZLgAYAAAAAmrwrrrhiu08+r1mzJoYMGRKvvfZaHlbV9An...
[debug] &amp#27;[35m[W3C (71784c92)]&amp#27;[39m Responding to client with driver.compareImages() result: {"score":0.9997492432594299,"visualization":"iVBORw0KGgoAAAANSUhEUgAAC0AAAAoACAIAAACtAjTvAAAgAElEQVR4AezBf2jc9eHH8de7RvAH+6Z1fr/33WSrP0s+5rvNtSx/BDmvHn7DR1vNRrSdfhaKTYny6aZrhpnWLteP7J/ZzhDSj7CMflUIHS66zQ03z2NtOvTcbZhOwsUPp9LKsTFWbB2RFW3z/kJAiNxdl9bP9dLk+XgYAQAAAAAAAAAAAAAAoKGMAAAAAAAAAAAAAAAA0FBGAAAAAAAAAAAAAAAAaCgjAAAAAAAAAAAAAAAANJQRAAAAAAAAAAAAAAAAGsoIAAAAAAAAAAAAAAAADWUEAAAAAAAAAAAAAACAhjICAAAAAAAAAAAAAABAQxkBAAAAAAAAAAAAAACgoYwAAAAAAAAAAAAAAADQUEYAAAAAAAAAAAAAAABoKCMAAAAAAAAAAAAAAAA0lBEAAAAAAAAAAAAAAAAayggAAAAAAAAAAAAAAAANZQQAAAAAAAAAAAAAAICGMgIAAAAAAAAAAAAAAEBDGQEAAAAAAAAAAAAAAKChjAAAAAAAAAAAAAAAANBQRgAAAAAAAAAAAAAAAGgoIwAAAAAAsLhceeWVhw8fVp0NDAzotJ5++unDhw8LAAAAAADgzF155ZWHDx9WnQ0MDOi0nn766cOHD+ucMAIAAAAAAIvIli1bbrjhBt/3VWfWWp3W2rVrDxw4IAAAAAAAgDO0ZcuWG264wfd91Zm1Vqe1du3aAwcO6JwwAgAAAAAAi0VPT8/IyEgYhr7vq86stTqttWvXHjhwQAAAAAAAAGeip6dnZGQkDEPf91Vn1lqd1tq1aw8cOKBzwggAAAAAACwKPT09IyMjksIw9H1fdWat1WmtXbv2wIEDAgAAAAAAmLeenp6RkRFJYRj6vq86s9bqtNauXXvgwAGdE0YAAAAAAOD819PTMzIyollhGPq+rzqz1uq01q5de+DAAQEAAAAA...
&amp#27;[35m[HTTP]&amp#27;[39m &amp#27;[37m<-- POST /wd/hub/session/71784c92-b18a-46c1-a290-17ba74bb3393/appium/compare_images &amp#27;[39m&amp#27;[32m200&amp#27;[39m &amp#27;[90m440 ms - 1383453&amp#27;[39m
&amp#27;[35m[HTTP]&amp#27;[39m &amp#27;[90m&amp#27;[39m
Visual check of 'Finish with none folder' passed; similarity match was 0,999749
Searching for Note field
&amp#27;[35m[HTTP]&amp#27;[39m &amp#27;[37m-->&amp#27;[39m &amp#27;[37mGET&amp#27;[39m &amp#27;[37m/wd/hub/session/71784c92-b18a-46c1-a290-17ba74bb3393/context&amp#27;[39m
&amp#27;[35m[HTTP]&amp#27;[39m &amp#27;[90m{}&amp#27;[39m
[debug] &amp#27;[35m[W3C (71784c92)]&amp#27;[39m Calling AppiumDriver.getCurrentContext() with args: ["71784c92-b18a-46c1-a290-17ba74bb3393"]
[debug] &amp#27;[35m[W3C (71784c92)]&amp#27;[39m Responding to client with driver.getCurrentContext() result: "NATIVE_APP"
&amp#27;[35m[HTTP]&amp#27;[39m &amp#27;[37m<-- GET /wd/hub/session/71784c92-b18a-46c1-a290-17ba74bb3393/context &amp#27;[39m&amp#27;[32m200&amp#27;[39m &amp#27;[90m1 ms - 22&amp#27;[39m
&amp#27;[35m[HTTP]&amp#27;[39m &amp#27;[90m&amp#27;[39m
&amp#27;[35m[HTTP]&amp#27;[39m &amp#27;[37m-->&amp#27;[39m &amp#27;[37mPOST&amp#27;[39m &amp#27;[37m/wd/hub/session/71784c92-b18a-46c1-a290-17ba74bb3393/element&amp#27;[39m
&amp#27;[35m[HTTP]&amp#27;[39m &amp#27;[90m{"using":"id","value":"com.nordpass.android.app.password.manager:id/note"}&amp#27;[39m
[debug] &amp#27;[35m[W3C (71784c92)]&amp#27;[39m Calling AppiumDriver.findElement() with args: ["id","com.nordpass.android.app.password.manager:id/note","71784c92-b18a-46c1-a290-17ba74bb3393"]
[debug] &amp#27;[35m[BaseDriver]&amp#27;[39m Valid locator strategies for this request: xpath, id, class name, accessibility id, -android uiautomator
[debug] &amp#27;[35m[BaseDriver]&amp#27;[39m Waiting up to 10000 ms for condition
[debug] &amp#27;[35m[WD Proxy]&amp#27;[39m Matched '/element' to command name 'findElement'
[debug] &amp#27;[35m[WD Proxy]&amp#27;[39m Proxying [POST /element] to [POST http://127.0.0.1:8201/wd/hub/session/e1a92ac3-39a4-4fa6-92fc-7041064cc14a/element] with body: {"strategy":"id","selector":"com.nordpass.android.app.password.manager:id/note","context":"","multiple":false}
[debug] &amp#27;[35m[WD Proxy]&amp#27;[39m Got response with status 200: {"sessionId":"e1a92ac3-39a4-4fa6-92fc-7041064cc14a","value":{"ELEMENT":"6232c2cf-4769-4731-93a5-0cb5fbaf5108","element-6066-11e4-a52e-4f735466cecf":"6232c2cf-4769-4731-93a5-0cb5fbaf5108"}}
[debug] &amp#27;[35m[W3C (71784c92)]&amp#27;[39m Responding to client with driver.findElement() result: {"element-6066-11e4-a52e-4f735466cecf":"6232c2cf-4769-4731-93a5-0cb5fbaf5108","ELEMENT":"6232c2cf-4769-4731-93a5-0cb5fbaf5108"}
&amp#27;[35m[HTTP]&amp#27;[39m &amp#27;[37m<-- POST /wd/hub/session/71784c92-b18a-46c1-a290-17ba74bb3393/element &amp#27;[39m&amp#27;[32m200&amp#27;[39m &amp#27;[90m21 ms - 137&amp#27;[39m
&amp#27;[35m[HTTP]&amp#27;[39m &amp#27;[90m&amp#27;[39m
&amp#27;[35m[HTTP]&amp#27;[39m &amp#27;[37m-->&amp#27;[39m &amp#27;[37mPOST&amp#27;[39m &amp#27;[37m/wd/hub/session/71784c92-b18a-46c1-a290-17ba74bb3393/element/6232c2cf-4769-4731-93a5-0cb5fbaf5108/click&amp#27;[39m
&amp#27;[35m[HTTP]&amp#27;[39m &amp#27;[90m{"id":"6232c2cf-4769-4731-93a5-0cb5fbaf5108"}&amp#27;[39m
[debug] &amp#27;[35m[W3C (71784c92)]&amp#27;[39m Calling AppiumDriver.click() with args: ["6232c2cf-4769-4731-93a5-0cb5fbaf5108","71784c92-b18a-46c1-a290-17ba74bb3393"]
[debug] &amp#27;[35m[WD Proxy]&amp#27;[39m Matched '/element/6232c2cf-4769-4731-93a5-0cb5fbaf5108/click' to command name 'click'
[debug] &amp#27;[35m[WD Proxy]&amp#27;[39m Proxying [POST /element/6232c2cf-4769-4731-93a5-0cb5fbaf5108/click] to [POST http://127.0.0.1:8201/wd/hub/session/e1a92ac3-39a4-4fa6-92fc-7041064cc14a/element/6232c2cf-4769-4731-93a5-0cb5fbaf5108/click] with body: {"element":"6232c2cf-4769-4731-93a5-0cb5fbaf5108"}
[debug] &amp#27;[35m[WD Proxy]&amp#27;[39m Got response with status 200: {"sessionId":"e1a92ac3-39a4-4fa6-92fc-7041064cc14a","value":null}
[debug] &amp#27;[35m[W3C (71784c92)]&amp#27;[39m Responding to client with driver.click() result: null
&amp#27;[35m[HTTP]&amp#27;[39m &amp#27;[37m<-- POST /wd/hub/session/71784c92-b18a-46c1-a290-17ba74bb3393/element/6232c2cf-4769-4731-93a5-0cb5fbaf5108/click &amp#27;[39m&amp#27;[32m200&amp#27;[39m &amp#27;[90m54 ms - 14&amp#27;[39m
&amp#27;[35m[HTTP]&amp#27;[39m &amp#27;[90m&amp#27;[39m
&amp#27;[35m[HTTP]&amp#27;[39m &amp#27;[37m-->&amp#27;[39m &amp#27;[37mGET&amp#27;[39m &amp#27;[37m/wd/hub/session/71784c92-b18a-46c1-a290-17ba74bb3393/appium/device/is_keyboard_shown&amp#27;[39m
&amp#27;[35m[HTTP]&amp#27;[39m &amp#27;[90m{}&amp#27;[39m
[debug] &amp#27;[35m[W3C (71784c92)]&amp#27;[39m Calling AppiumDriver.isKeyboardShown() with args: ["71784c92-b18a-46c1-a290-17ba74bb3393"]
[debug] &amp#27;[35m[ADB]&amp#27;[39m Running 'C:\Users\T1170\AppData\Local\Android\Sdk\platform-tools\adb.exe -P 5037 -s emulator-5554 shell dumpsys input_method'
[debug] &amp#27;[35m[W3C (71784c92)]&amp#27;[39m Responding to client with driver.isKeyboardShown() result: true
&amp#27;[35m[HTTP]&amp#27;[39m &amp#27;[37m<-- GET /wd/hub/session/71784c92-b18a-46c1-a290-17ba74bb3393/appium/device/is_keyboard_shown &amp#27;[39m&amp#27;[32m200&amp#27;[39m &amp#27;[90m341 ms - 14&amp#27;[39m
Searching for Note field
&amp#27;[35m[HTTP]&amp#27;[39m &amp#27;[90m&amp#27;[39m
&amp#27;[35m[HTTP]&amp#27;[39m &amp#27;[37m-->&amp#27;[39m &amp#27;[37mGET&amp#27;[39m &amp#27;[37m/wd/hub/session/71784c92-b18a-46c1-a290-17ba74bb3393/context&amp#27;[39m
&amp#27;[35m[HTTP]&amp#27;[39m &amp#27;[90m{}&amp#27;[39m
[debug] &amp#27;[35m[W3C (71784c92)]&amp#27;[39m Calling AppiumDriver.getCurrentContext() with args: ["71784c92-b18a-46c1-a290-17ba74bb3393"]
[debug] &amp#27;[35m[W3C (71784c92)]&amp#27;[39m Responding to client with driver.getCurrentContext() result: "NATIVE_APP"
&amp#27;[35m[HTTP]&amp#27;[39m &amp#27;[37m<-- GET /wd/hub/session/71784c92-b18a-46c1-a290-17ba74bb3393/context &amp#27;[39m&amp#27;[32m200&amp#27;[39m &amp#27;[90m2 ms - 22&amp#27;[39m
&amp#27;[35m[HTTP]&amp#27;[39m &amp#27;[90m&amp#27;[39m
&amp#27;[35m[HTTP]&amp#27;[39m &amp#27;[37m-->&amp#27;[39m &amp#27;[37mPOST&amp#27;[39m &amp#27;[37m/wd/hub/session/71784c92-b18a-46c1-a290-17ba74bb3393/element&amp#27;[39m
&amp#27;[35m[HTTP]&amp#27;[39m &amp#27;[90m{"using":"id","value":"com.nordpass.android.app.password.manager:id/note"}&amp#27;[39m
[debug] &amp#27;[35m[W3C (71784c92)]&amp#27;[39m Calling AppiumDriver.findElement() with args: ["id","com.nordpass.android.app.password.manager:id/note","71784c92-b18a-46c1-a290-17ba74bb3393"]
[debug] &amp#27;[35m[BaseDriver]&amp#27;[39m Valid locator strategies for this request: xpath, id, class name, accessibility id, -android uiautomator
[debug] &amp#27;[35m[BaseDriver]&amp#27;[39m Waiting up to 10000 ms for condition
[debug] &amp#27;[35m[WD Proxy]&amp#27;[39m Matched '/element' to command name 'findElement'
[debug] &amp#27;[35m[WD Proxy]&amp#27;[39m Proxying [POST /element] to [POST http://127.0.0.1:8201/wd/hub/session/e1a92ac3-39a4-4fa6-92fc-7041064cc14a/element] with body: {"strategy":"id","selector":"com.nordpass.android.app.password.manager:id/note","context":"","multiple":false}
[debug] &amp#27;[35m[WD Proxy]&amp#27;[39m Got response with status 200: {"sessionId":"e1a92ac3-39a4-4fa6-92fc-7041064cc14a","value":{"ELEMENT":"0be14dad-0c03-4f0a-bf3c-b94b5f222869","element-6066-11e4-a52e-4f735466cecf":"0be14dad-0c03-4f0a-bf3c-b94b5f222869"}}
[debug] &amp#27;[35m[W3C (71784c92)]&amp#27;[39m Responding to client with driver.findElement() result: {"element-6066-11e4-a52e-4f735466cecf":"0be14dad-0c03-4f0a-bf3c-b94b5f222869","ELEMENT":"0be14dad-0c03-4f0a-bf3c-b94b5f222869"}
&amp#27;[35m[HTTP]&amp#27;[39m &amp#27;[37m<-- POST /wd/hub/session/71784c92-b18a-46c1-a290-17ba74bb3393/element &amp#27;[39m&amp#27;[32m200&amp#27;[39m &amp#27;[90m719 ms - 137&amp#27;[39m
&amp#27;[35m[HTTP]&amp#27;[39m &amp#27;[90m&amp#27;[39m
&amp#27;[35m[HTTP]&amp#27;[39m &amp#27;[37m-->&amp#27;[39m &amp#27;[37mPOST&amp#27;[39m &amp#27;[37m/wd/hub/session/71784c92-b18a-46c1-a290-17ba74bb3393/element/0be14dad-0c03-4f0a-bf3c-b94b5f222869/value&amp#27;[39m
&amp#27;[35m[HTTP]&amp#27;[39m &amp#27;[90m{"id":"0be14dad-0c03-4f0a-bf3c-b94b5f222869","text":"Sed ut perspiciatis unde omnis iste natus error sit voluptatem accusantium doloremque laudantium, totam rem aperiam, eaque ipsa quae ab illo inventore veritatis et quasi architecto beatae vitae dicta sunt explicabo. Nemo enim ipsam voluptatem quia voluptas sit aspernatur aut odit aut fugit, sed quia consequuntur magni dolores eos qui ratione voluptatem sequi nesciunt. Neque porro quisquam est, qui dolorem ipsum quia dolor sit amet, consectetur, adipisci velit, sed quia non numquam eius modi tempora incidunt ut labore et dolore magnam aliquam quaerat voluptatem. Ut enim ad minima veniam, quis nostrum exercitationem ullam corporis suscipit laboriosam, nisi ut aliquid ex ea commodi consequatur? Quis autem vel eum iure reprehenderit qui in ea voluptate velit esse quam nihil molestiae consequatur, vel illum qui dolorem eum fugiat quo voluptas nulla pariatur? At vero eos et accusamus et iusto odio dignissimos ducimus qui blanditiis praesentium voluptatum delen...&amp#27;[39m
[debug] &amp#27;[35m[W3C (71784c92)]&amp#27;[39m Calling AppiumDriver.setValue() with args: [["S","e","d"," ","u","t"," ","p","e","r","s","p","i","c","i","a","t","i","s"," ","u","n","d","e"," ","o","m","n","i","s"," ","i","s","t","e"," ","n","a","t","u","s"," ","e","r","r","o","r"," ","s","i","t"," ","v","o","l","u","p","t","a","t","e","m"," ","a","c","c","u","s","a","n","t","i","u","m"," ","d","o","l","o","r","e","m","q","u","e"," ","l","a","u","d","a","n","t","i","u","m",","," ","t","o","t","a","m"," ","r","e","m"," ","a","p","e","r","i","a","m",","," ","e","a","q","u","e"," ","i","p","s","a"," ","q","u","a","e"," ","a","b"," ","i","l","l","o"," ","i","n","v","e","n","t","o","r","e"," ","v","e","r","i","t","a","t","i","s"," ","e","t"," ","q","u","a","s","i"," ","a","r","c","h","i","t","e","c","t","o"," ","b","e","a","t","a","e"," ","v","i","t","a","e"," ","d","i","c","t","a"," ","s","u","n","t"," ","e","x","p","l","i","c","a","b","o","."," ","N","e","m","o"," ","e","n","i","m"," ","i","p","s","a","m"," ","v","o","l","u","p","t","a","t","e","m"," ","q","u","i","a"," ","v","o","l","u","p","t","a"...
[debug] &amp#27;[35m[WD Proxy]&amp#27;[39m Matched '/element/0be14dad-0c03-4f0a-bf3c-b94b5f222869/value' to command name 'setValue'
[debug] &amp#27;[35m[Protocol Converter]&amp#27;[39m Added 'value' property ["S","e","d"," ","u","t"," ","p","e","r","s","p","i","c","i","a","t","i","s"," ","u","n","d","e"," ","o","m","n","i","s"," ","i","s","t","e"," ","n","a","t","u","s"," ","e","r","r","o","r"," ","s","i","t"," ","v","o","l","u","p","t","a","t","e","m"," ","a","c","c","u","s","a","n","t","i","u","m"," ","d","o","l","o","r","e","m","q","u","e"," ","l","a","u","d","a","n","t","i","u","m",","," ","t","o","t","a","m"," ","r","e","m"," ","a","p","e","r","i","a","m",","," ","e","a","q","u","e"," ","i","p","s","a"," ","q","u","a","e"," ","a","b"," ","i","l","l","o"," ","i","n","v","e","n","t","o","r","e"," ","v","e","r","i","t","a","t","i","s"," ","e","t"," ","q","u","a","s","i"," ","a","r","c","h","i","t","e","c","t","o"," ","b","e","a","t","a","e"," ","v","i","t","a","e"," ","d","i","c","t","a"," ","s","u","n","t"," ","e","x","p","l","i","c","a","b","o","."," ","N","e","m","o"," ","e","n","i","m"," ","i","p","s","a","m"," ","v","o","l","u","p","t","a","t","e","m"," ","q","u","i","a"," ","v","o","l","u","p","t","a","s"," ","s","i","t"," ","a","s","p","e","r","n","a","t","u","r"," ","a","u","t"," ","o","d","i","t"," ","a","u","t"," ","f","u","g","i","t",","," ","s","e","d"," ","q","u","i","a"," ","c","o","n","s","e","q","u","u","n","t","u","r"," ","m","a","g","n","i"," ","d","o","l","o","r","e","s"," ","e","o","s"," ","q","u","i"," ","r","a","t","i","o","n","e"," ","v","o","l","u","p","t","a","t","e","m"," ","s","e","q","u","i"," ","n","e","s","c","i","u","n","t","."," ","N","e","q","u","e"," ","p","o","r","r","o"," ","q","u","i","s","q","u","a","m"," ","e","s","t",","," ","q","u","i"," ","d","o","l","o","r","e","m"," ","i","p","s","u","m"," ","q","u","i","a"," ","d","o","l","o","r"," ","s","i","t"," ","a","m","e","t",","," ","c","o","n","s","e","c","t","e","t","u","r",","," ","a","d","i","p","i","s","c","i"," ","v","e","l","i","t",","," ","s","e","d"," ","q","u","i","a"," ","n","o","n"," ","n","u","m","q","u","a","m"," ","e","i","u","s"," ","m","o","d","i"," ","t","e","m","p","o","r","a"," ","i","n","c","i","d","u","n","t"," ","u","t"," ","l","a","b","o","r","e"," ","e","t"," ","d","o","l","o","r","e"," ","m","a","g","n","a","m"," ","a","l","i","q","u","a","m"," ","q","u","a","e","r","a","t"," ","v","o","l","u","p","t","a","t","e","m","."," ","U","t"," ","e","n","i","m"," ","a","d"," ","m","i","n","i","m","a"," ","v","e","n","i","a","m",","," ","q","u","i","s"," ","n","o","s","t","r","u","m"," ","e","x","e","r","c","i","t","a","t","i","o","n","e","m"," ","u","l","l","a","m"," ","c","o","r","p","o","r","i","s"," ","s","u","s","c","i","p","i","t"," ","l","a","b","o","r","i","o","s","a","m",","," ","n","i","s","i"," ","u","t"," ","a","l","i","q","u","i","d"," ","e","x"," ","e","a"," ","c","o","m","m","o","d","i"," ","c","o","n","s","e","q","u","a","t","u","r","?"," ","Q","u","i","s"," ","a","u","t","e","m"," ","v","e","l"," ","e","u","m"," ","i","u","r","e"," ","r","e","p","r","e","h","e","n","d","e","r","i","t"," ","q","u","i"," ","i","n"," ","e","a"," ","v","o","l","u","p","t","a","t","e"," ","v","e","l","i","t"," ","e","s","s","e"," ","q","u","a","m"," ","n","i","h","i","l"," ","m","o","l","e","s","t","i","a","e"," ","c","o","n","s","e","q","u","a","t","u","r",","," ","v","e","l"," ","i","l","l","u","m"," ","q","u","i"," ","d","o","l","o","r","e","m"," ","e","u","m"," ","f","u","g","i","a","t"," ","q","u","o"," ","v","o","l","u","p","t","a","s"," ","n","u","l","l","a"," ","p","a","r","i","a","t","u","r","?"," ","A","t"," ","v","e","r","o"," ","e","o","s"," ","e","t"," ","a","c","c","u","s","a","m","u","s"," ","e","t"," ","i","u","s","t","o"," ","o","d","i","o"," ","d","i","g","n","i","s","s","i","m","o","s"," ","d","u","c","i","m","u","s"," ","q","u","i"," ","b","l","a","n","d","i","t","i","i","s"," ","p","r","a","e","s","e","n","t","i","u","m"," ","v","o","l","u","p","t","a","t","u","m"," ","d","e","l","e","n","i","t","i"," ","a","t","q","u","e"," ","c","o","r","r","u","p","t","i"," ","q","u","o","s"," ","d","o","l","o","r","e","s"," ","e","t"," ","q","u","a","s"," ","m","o","l","e","s","t","i","a","s"," ","e","x","c","e","p","t","u","r","i"," ","s","i","n","t"," ","o","c","c","a","e","c","a","t","i"," ","c","u","p","i","d","i","t","a","t","e"," ","n","o","n"," ","p","r","o","v","i","d","e","n","t",","," ","s","i","m","i","l","i","q","u","e"," ","s","u","n","t"," ","i","n"," ","c","u","l","p","a"," ","q","u","i"," ","o","f","f","i","c","i","a"," ","d","e","s","e","r","u","n","t"," ","m","o","l","l","i","t","i","a"," ","a","n","i","m","i",","," ","i","d"," ","e","s","t"," ","l","a","b","o","r","u","m"," ","e","t"," ","d","o","l","o","r","u","m"," ","f","u","g","a","."," ","E","t"," ","h","a","r","u","m"," ","q","u","i","d","e","m"," ","r","e","r","u","m"," ","f","a","c","i","l","i","s"," ","e","s","t"," ","e","t"," ","e","x","p","e","d","i","t","a"," ","d","i","s","t","i","n","c","t","i","o","."," ","N","a","m"," ","l","i","b","e","r","o"," ","t","e","m","p","o","r","e",","," ","c","u","m"," ","s","o","l","u","t","a"," ","n","o","b","i","s"," ","e","s","t"," ","e","l","i","g","e","n","d","i"," ","o","p","t","i","o"," ","c","u","m","q","u","e"," ","n","i","h","i","l"," ","i","m","p","e","d","i","t"," ","q","u","o"," ","m","i","n","u","s"," ","i","d"," ","q","u","o","d"," ","m","a","x","i","m","e"," ","p","l","a","c","e","a","t"," ","f","a","c","e","r","e"," ","p","o","s","s","i","m","u","s",","," ","o","m","n","i","s"," ","v","o","l","u","p","t","a","s"," ","a","s","s","u","m","e","n","d","a"," ","e","s","t",","," ","o","m","n","i","s"," ","d","o","l","o","r"," ","r","e","p","e","l","l","e","n","d","u","s","."," ","T","e","m","p","o","r","i","b","u","s"," ","a","u","t","e","m"," ","q","u","i","b","u","s","d","a","m"," ","e","t"," ","a","u","t"," ","o","f","f","i","c","i","i","s"," ","d","e","b","i","t","i","s"," ","a","u","t"," ","r","e","r","u","m"," ","n","e","c","e","s","s","i","t","a","t","i","b","u","s"," ","s","a","e","p","e"," ","e","v","e","n","i","e","t"," ","u","t"," ","e","t"," ","v","o","l","u","p","t","a","t","e","s"," ","r","e","p","u","d","i","a","n","d","a","e"," ","s","i","n","t"," ","e","t"," ","m","o","l","e","s","t","i","a","e"," ","n","o","n"," ","r","e","c","u","s","a","n","d","a","e","."," ","I","t","a","q","u","e"," ","e","a","r","u","m"," ","r","e","r","u","m"," ","h","i","c"," ","t","e","n","e","t","u","r"," ","a"," ","s","a","p","i","e","n","t","e"," ","d","e","l","e","c","t","u","s",","," ","u","t"," ","a","u","t"," ","r","e","i","c","i","e","n","d","i","s"," ","v","o","l","u","p","t","a","t","i","b","u","s"," ","m","a","i","o","r","e","s"," ","a","l","i","a","s"," ","c","o","n","s","e","q","u","a","t","u","r"," ","a","u","t"," ","p","e","r","f","e","r","e","n","d","i","s"," ","d","o","l","o","r","i","b","u","s"," ","a","s","p","e","r","i","o","r","e","s"," ","r","e","p","e","l","l","a","t","."," ","S","e","d"," ","u","t"," ","p","e","r","s","p","i","c","i","a","t","i","s"," ","u","n","d","e"," ","o","m","n","i","s"," ","i","s","t","e"," ","n","a","t","u","s"," ","e","r","r","o","r"," ","s","i","t"," ","v","o","l","u","p","t","a","t","e","m"," ","a","c","c","u","s","a","n","t","i","u","m"," ","d","o","l","o","r","e","m","q","u","e"," ","l","a","u","d","a","n","t","i","u","m",","," ","t","o","t","a","m"," ","r","e","m"," ","a","p","e","r","i","a","m",","," ","e","a","q","u","e"," ","i","p","s","a"," ","q","u","a","e"," ","a","b"," ","i","l","l","o"," ","i","n","v","e","n","t","o","r","e"," ","v","e","r","i","t","a","t","i","s"," ","e","t"," ","q","u","a","s","i"," ","a","r","c","h","i","t","e","c","t","o"," ","b","e","a","t","a","e"," ","v","i","t","a","e"," ","d","i","c","t","a"," ","s","u","n","t"," ","e","x","p","l","i","c","a","b","o","."," ","N","e","m","o"," ","e","n","i","m"," ","i","p","s","a","m"," ","v","o","l","u","p","t","a","t","e","m"," ","q","u","i","a"," ","v","o","l","u","p","t","a","s"," ","s","i","t"," ","a","s","p","e","r","n","a","t","u","r"," ","a","u","t"," ","o","d","i","t"," ","a","u","t"," ","f","u","g","i","t",","," ","s","e","d"," ","q","u","i","a"," ","c","o","n","s","e","q","u","u","n","t","u","r"," ","m","a","g","n","i"," ","d","o","l","o","r","e","s"," ","e","o","s"," ","q","u","i"," ","r","a","t","i","o","n","e"," ","v","o","l","u","p","t","a","t","e","m"," ","s","e","q","u","i"," ","n","e","s","c","i","u","n","t","."," ","N","e","q","u","e"," ","p","o","r","r","o"," ","q","u","i","s","q","u","a","m"," ","e","s","t",","," ","q","u","i"," ","d","o","l","o","r","e","m"," ","i","p","s","u","m"," ","q","u","i","a"," ","d","o","l","o","r"," ","s","i","t"," ","a","m","e","t",","," ","c","o","n","s","e","c","t","e","t","u","r",","," ","a","d","i","p","i","s","c","i"," ","v","e","l","i","t",","," ","s","e","d"," ","q","u","i","a"," ","n","o","n"," ","n","u","m","q","u","a","m"," ","e","i","u","s"," ","m","o","d","i"," ","t","e","m","p","o","r","a"," ","i","n","c","i","d","u","n","t"," ","u","t"," ","l","a","b","o","r","e"," ","e","t"," ","d","o","l","o","r","e"," ","m","a","g","n","a","m"," ","a","l","i","q","u","a","m"," ","q","u","a","e","r","a","t"," ","v","o","l","u","p","t","a","t","e","m","."," ","U","t"," ","e","n","i","m"," ","a","d"," ","m","i","n","i","m","a"," ","v","e","n","i","a","m",","," ","q","u","i","s"," ","n","o","s","t","r","u","m"," ","e","x","e","r","c","i","t","a","t","i","o","n","e","m"," ","u","l","l","a","m"," ","c","o","r","p","o","r","i","s"," ","s","u","s","c","i","p","i","t"," ","l","a","b","o","r","i","o","s","a","m",","," ","n","i","s","i"," ","u","t"," ","a","l","i","q","u","i","d"," ","e","x"," ","e","a"," ","c","o","m","m","o","d","i"," ","c","o","n","s","e","q","u","a","t","u","r","?"," ","Q","u","i","s"," ","a","u","t","e","m"," ","v","e","l"," ","e","u","m"," ","i","u","r","e"," ","r","e","p","r","e","h","e","n","d","e","r","i","t"," ","q","u","i"," ","i","n"," ","e","a"," ","v","o","l","u","p","t","a","t","e"," ","v","e","l","i","t"," ","e","s","s","e"," ","q","u","a","m"," ","n","i","h","i","l"," ","m","o","l","e","s","t","i","a","e"," ","c","o","n","s","e","q","u","a","t","u","r",","," ","v","e","l"," ","i","l","l","u","m"," ","q","u","i"," ","d","o","l","o","r","e","m"," ","e","u","m"," ","f","u","g","i","a","t"," ","q","u","o"," ","v","o","l","u","p","t","a","s"," ","n","u","l","l","a"," ","p","a","r","i","a","t","u","r","?"," ","A","t"," ","v","e","r","o"," ","e","o","s"," ","e","t"," ","a","c","c","u","s","a","m","u","s"," ","e","t"," ","i","u","s","t","o"," ","o","d","i","o"," ","d","i","g","n","i","s","s","i","m","o","s"," ","d","u","c","i","m","u","s"," ","q","u","i"," ","b","l","a","n","d","i","t","i","i","s"," ","p","r","a","e","s","e","n","t","i","u","m"," ","v","o","l","u","p","t","a","t","u","m"," ","d","e","l","e","n","i","t","i"," ","a","t","q","u","e"," ","c","o","r","r","u","p","t","i"," ","q","u","o","s"," ","d","o","l","o","r","e","s"," ","e","t"," ","q","u","a","s"," ","m","o","l","e","s","t","i","a","s"," ","e","x","c","e","p","t","u","r","i"," ","s","i","n","t"," ","o","c","c","a","e","c","a","t","i"," ","c","u","p","i","d","i","t","a","t","e"," ","n","o","n"," ","p","r","o","v","i","d","e","n","t",","," ","s","i","m","i","l","i","q","u","e"," ","s","u","n","t"," ","i","n"," ","c","u","l","p","a"," ","q","u","i"," ","o","f","f","i","c","i","a"," ","d","e","s","e","r","u","n","t"," ","m","o","l","l","i","t","i","a"," ","a","n","i","m","i",","," ","i","d"," ","e","s","t"," ","l","a","b","o","r","u","m"," ","e","t"," ","d","o","l","o","r","u","m"," ","f","u","g","a","."," ","E","t"," ","h","a","r","u","m"," ","q","u","i","d","e","m"," ","r","e","r","u","m"," ","f","a","c","i","l","i","s"," ","e","s","t"," ","e","t"," ","e","x","p","e","d","i","t","a"," ","d","i","s","t","i","n","c","t","i","o","."," ","N","a","m"," ","l","i","b","e","r","o"," ","t","e","m","p","o","r","e",","," ","c","u","m"," ","s","o","l","u","t","a"," ","n","o","b","i","s"," ","e","s","t"," ","e","l","i","g","e","n","d","i"," ","o","p","t","i","o"," ","c","u","m","q","u","e"," ","n","i","h","i","l"," ","i","m","p","e","d","i","t"," ","q","u","o"," ","m","i","n","u","s"," ","i","d"," ","q","u","o","d"," ","m","a","x","i","m","e"," ","p","l","a","c","e","a","t"," ","f","a","c","e","r","e"," ","p","o","s","s","i","m","u","s",","," ","o","m","n","i","s"," ","v","o","l","u","p","t","a","s"," ","a","s","s","u","m","e","n","d","a"," ","e","s","t",","," ","o","m","n","i","s"," ","d","o","l","o","r"," ","r","e","p","e","l","l","e","n","d","u","s","."," ","T","e","m","p","o","r","i","b","u","s"," ","a","u","t","e","m"," ","q","u","i","b","u","s","d","a","m"," ","e","t"," ","a","u","t"," ","o","f","f","i","c","i","i","s"," ","d","e","b","i","t","i","s"," ","a","u","t"," ","r","e","r","u","m"," ","n","e","c","e","s","s","i","t","a","t","i","b","u","s"," ","s","a","e","p","e"," ","e","v","e","n","i","e","t"," ","u","t"," ","e","t"," ","v","o","l","u","p","t","a","t","e","s"," ","r","e","p","u","d","i","a","n","d","a","e"," ","s","i","n","t"," ","e","t"," ","m","o","l","e","s","t","i","a","e"," ","n","o","n"," ","r","e","c","u","s","a","n","d","a","e","."," ","I","t","a","q","u","e"," ","e","a","r","u","m"," ","r","e","r","u","m"," ","h","i","c"," ","t","e","n","e","t","u","r"," ","a"," ","s","a","p","i","e","n","t","e"," ","d","e","l","e","c","t","u","s",","," ","u","t"," ","a","u","t"," ","r","e","i","c","i","e","n","d","i","s"," ","v","o","l","u","p","t","a","t","i","b","u","s"," ","m","a","i","o","r","e","s"," ","a","l","i","a","s"," ","c","o","n","s","e","q","u","a","t","u","r"," ","a","u","t"," ","p","e","r","f","e","r","e","n","d","i","s"," ","d","o","l","o","r","i","b","u","s"," ","a","s","p","e","r","i","o","r","e","s"," ","r","e","p","e","l","l","a","t",".","S","e","d"," ","u","t"] to 'setValue' request body
[debug] &amp#27;[35m[WD Proxy]&amp#27;[39m Proxying [POST /element/0be14dad-0c03-4f0a-bf3c-b94b5f222869/value] to [POST http://127.0.0.1:8201/wd/hub/session/e1a92ac3-39a4-4fa6-92fc-7041064cc14a/element/0be14dad-0c03-4f0a-bf3c-b94b5f222869/value] with body: {"elementId":"0be14dad-0c03-4f0a-bf3c-b94b5f222869","text":"Sed ut perspiciatis unde omnis iste natus error sit voluptatem accusantium doloremque laudantium, totam rem aperiam, eaque ipsa quae ab illo inventore veritatis et quasi architecto beatae vitae dicta sunt explicabo. Nemo enim ipsam voluptatem quia voluptas sit aspernatur aut odit aut fugit, sed quia consequuntur magni dolores eos qui ratione voluptatem sequi nesciunt. Neque porro quisquam est, qui dolorem ipsum quia dolor sit amet, consectetur, adipisci velit, sed quia non numquam eius modi tempora incidunt ut labore et dolore magnam aliquam quaerat voluptatem. Ut enim ad minima veniam, quis nostrum exercitationem ullam corporis suscipit laboriosam, nisi ut aliquid ex ea commodi consequatur? Quis autem vel eum iure reprehenderit qui in ea voluptate velit esse quam nihil molestiae consequatur, vel illum qui dolorem eum fugiat quo voluptas nulla pariatur? At vero eos et accusamus et iusto odio dignissimos ducimus qui blanditiis praesentium voluptatu...
[debug] &amp#27;[35m[WD Proxy]&amp#27;[39m Got response with status 200: {"sessionId":"e1a92ac3-39a4-4fa6-92fc-7041064cc14a","value":null}
[debug] &amp#27;[35m[W3C (71784c92)]&amp#27;[39m Responding to client with driver.setValue() result: null
&amp#27;[35m[HTTP]&amp#27;[39m &amp#27;[37m<-- POST /wd/hub/session/71784c92-b18a-46c1-a290-17ba74bb3393/element/0be14dad-0c03-4f0a-bf3c-b94b5f222869/value &amp#27;[39m&amp#27;[32m200&amp#27;[39m &amp#27;[90m836 ms - 14&amp#27;[39m
&amp#27;[35m[HTTP]&amp#27;[39m &amp#27;[90m&amp#27;[39m
Searching for Note field
&amp#27;[35m[HTTP]&amp#27;[39m &amp#27;[37m-->&amp#27;[39m &amp#27;[37mGET&amp#27;[39m &amp#27;[37m/wd/hub/session/71784c92-b18a-46c1-a290-17ba74bb3393/context&amp#27;[39m
&amp#27;[35m[HTTP]&amp#27;[39m &amp#27;[90m{}&amp#27;[39m
[debug] &amp#27;[35m[W3C (71784c92)]&amp#27;[39m Calling AppiumDriver.getCurrentContext() with args: ["71784c92-b18a-46c1-a290-17ba74bb3393"]
[debug] &amp#27;[35m[W3C (71784c92)]&amp#27;[39m Responding to client with driver.getCurrentContext() result: "NATIVE_APP"
&amp#27;[35m[HTTP]&amp#27;[39m &amp#27;[37m<-- GET /wd/hub/session/71784c92-b18a-46c1-a290-17ba74bb3393/context &amp#27;[39m&amp#27;[32m200&amp#27;[39m &amp#27;[90m1 ms - 22&amp#27;[39m
&amp#27;[35m[HTTP]&amp#27;[39m &amp#27;[90m&amp#27;[39m
&amp#27;[35m[HTTP]&amp#27;[39m &amp#27;[37m-->&amp#27;[39m &amp#27;[37mPOST&amp#27;[39m &amp#27;[37m/wd/hub/session/71784c92-b18a-46c1-a290-17ba74bb3393/element&amp#27;[39m
&amp#27;[35m[HTTP]&amp#27;[39m &amp#27;[90m{"using":"id","value":"com.nordpass.android.app.password.manager:id/note"}&amp#27;[39m
[debug] &amp#27;[35m[W3C (71784c92)]&amp#27;[39m Calling AppiumDriver.findElement() with args: ["id","com.nordpass.android.app.password.manager:id/note","71784c92-b18a-46c1-a290-17ba74bb3393"]
[debug] &amp#27;[35m[BaseDriver]&amp#27;[39m Valid locator strategies for this request: xpath, id, class name, accessibility id, -android uiautomator
[debug] &amp#27;[35m[BaseDriver]&amp#27;[39m Waiting up to 10000 ms for condition
[debug] &amp#27;[35m[WD Proxy]&amp#27;[39m Matched '/element' to command name 'findElement'
[debug] &amp#27;[35m[WD Proxy]&amp#27;[39m Proxying [POST /element] to [POST http://127.0.0.1:8201/wd/hub/session/e1a92ac3-39a4-4fa6-92fc-7041064cc14a/element] with body: {"strategy":"id","selector":"com.nordpass.android.app.password.manager:id/note","context":"","multiple":false}
[debug] &amp#27;[35m[WD Proxy]&amp#27;[39m Got response with status 200: {"sessionId":"e1a92ac3-39a4-4fa6-92fc-7041064cc14a","value":{"ELEMENT":"8f1455b9-7d74-4608-8d54-bb7b8686b210","element-6066-11e4-a52e-4f735466cecf":"8f1455b9-7d74-4608-8d54-bb7b8686b210"}}
[debug] &amp#27;[35m[W3C (71784c92)]&amp#27;[39m Responding to client with driver.findElement() result: {"element-6066-11e4-a52e-4f735466cecf":"8f1455b9-7d74-4608-8d54-bb7b8686b210","ELEMENT":"8f1455b9-7d74-4608-8d54-bb7b8686b210"}
&amp#27;[35m[HTTP]&amp#27;[39m &amp#27;[37m<-- POST /wd/hub/session/71784c92-b18a-46c1-a290-17ba74bb3393/element &amp#27;[39m&amp#27;[32m200&amp#27;[39m &amp#27;[90m706 ms - 137&amp#27;[39m
&amp#27;[35m[HTTP]&amp#27;[39m &amp#27;[90m&amp#27;[39m
&amp#27;[35m[HTTP]&amp#27;[39m &amp#27;[37m-->&amp#27;[39m &amp#27;[37mGET&amp#27;[39m &amp#27;[37m/wd/hub/session/71784c92-b18a-46c1-a290-17ba74bb3393/element/8f1455b9-7d74-4608-8d54-bb7b8686b210/text&amp#27;[39m
&amp#27;[35m[HTTP]&amp#27;[39m &amp#27;[90m{}&amp#27;[39m
&amp#27;[35m[W3C (71784c92)]&amp#27;[39m Driver proxy active, passing request on via HTTP proxy
[debug] &amp#27;[35m[WD Proxy]&amp#27;[39m Matched '/wd/hub/session/71784c92-b18a-46c1-a290-17ba74bb3393/element/8f1455b9-7d74-4608-8d54-bb7b8686b210/text' to command name 'getText'
[debug] &amp#27;[35m[WD Proxy]&amp#27;[39m Proxying [GET /wd/hub/session/71784c92-b18a-46c1-a290-17ba74bb3393/element/8f1455b9-7d74-4608-8d54-bb7b8686b210/text] to [GET http://127.0.0.1:8201/wd/hub/session/e1a92ac3-39a4-4fa6-92fc-7041064cc14a/element/8f1455b9-7d74-4608-8d54-bb7b8686b210/text] with no body
[debug] &amp#27;[35m[WD Proxy]&amp#27;[39m Got response with status 200: {"sessionId":"e1a92ac3-39a4-4fa6-92fc-7041064cc14a","value":"Sed ut perspiciatis unde omnis iste natus error sit voluptatem accusantium doloremque laudantium, totam rem aperiam, eaque ipsa quae ab illo inventore veritatis et quasi architecto beatae vitae dicta sunt explicabo. Nemo enim ipsam voluptatem quia voluptas sit aspernatur aut odit aut fugit, sed quia consequuntur magni dolores eos qui ratione voluptatem sequi nesciunt. Neque porro quisquam est, qui dolorem ipsum quia dolor sit amet, consectetur, adipisci velit, sed quia non numquam eius modi tempora incidunt ut labore et dolore magnam aliquam quaerat voluptatem. Ut enim ad minima veniam, quis nostrum exercitationem ullam corporis suscipit laboriosam, nisi ut aliquid ex ea commodi consequatur? Quis autem vel eum iure reprehenderit qui in ea voluptate velit esse quam nihil molestiae consequatur, vel illum qui dolorem eum fugiat quo voluptas nulla pariatur? At vero eos et accusamus et iusto odio dignissimos ducimus qui blanditiis praesentium voluptat...
&amp#27;[35m[WD Proxy]&amp#27;[39m Replacing sessionId e1a92ac3-39a4-4fa6-92fc-7041064cc14a with 71784c92-b18a-46c1-a290-17ba74bb3393
&amp#27;[35m[HTTP]&amp#27;[39m &amp#27;[37m<-- GET /wd/hub/session/71784c92-b18a-46c1-a290-17ba74bb3393/element/8f1455b9-7d74-4608-8d54-bb7b8686b210/text &amp#27;[39m&amp#27;[32m200&amp#27;[39m &amp#27;[90m33 ms - 3490&amp#27;[39m
&amp#27;[35m[HTTP]&amp#27;[39m &amp#27;[90m&amp#27;[39m
&amp#27;[35m[HTTP]&amp#27;[39m &amp#27;[37m-->&amp#27;[39m &amp#27;[37mPOST&amp#27;[39m &amp#27;[37m/wd/hub/session/71784c92-b18a-46c1-a290-17ba74bb3393/appium/device/hide_keyboard&amp#27;[39m
&amp#27;[35m[HTTP]&amp#27;[39m &amp#27;[90m{}&amp#27;[39m
[debug] &amp#27;[35m[W3C (71784c92)]&amp#27;[39m Calling AppiumDriver.hideKeyboard() with args: [null,null,null,null,"71784c92-b18a-46c1-a290-17ba74bb3393"]
[debug] &amp#27;[35m[ADB]&amp#27;[39m Running 'C:\Users\T1170\AppData\Local\Android\Sdk\platform-tools\adb.exe -P 5037 -s emulator-5554 shell dumpsys input_method'
[debug] &amp#27;[35m[ADB]&amp#27;[39m Running 'C:\Users\T1170\AppData\Local\Android\Sdk\platform-tools\adb.exe -P 5037 -s emulator-5554 shell input keyevent 111'
[debug] &amp#27;[35m[ADB]&amp#27;[39m Running 'C:\Users\T1170\AppData\Local\Android\Sdk\platform-tools\adb.exe -P 5037 -s emulator-5554 shell dumpsys input_method'
[debug] &amp#27;[35m[W3C (71784c92)]&amp#27;[39m Responding to client with driver.hideKeyboard() result: true
&amp#27;[35m[HTTP]&amp#27;[39m &amp#27;[37m<-- POST /wd/hub/session/71784c92-b18a-46c1-a290-17ba74bb3393/appium/device/hide_keyboard &amp#27;[39m&amp#27;[32m200&amp#27;[39m &amp#27;[90m411 ms - 14&amp#27;[39m
&amp#27;[35m[HTTP]&amp#27;[39m &amp#27;[90m&amp#27;[39m
&amp#27;[35m[HTTP]&amp#27;[39m &amp#27;[37m-->&amp#27;[39m &amp#27;[37mGET&amp#27;[39m &amp#27;[37m/wd/hub/session/71784c92-b18a-46c1-a290-17ba74bb3393/screenshot&amp#27;[39m
&amp#27;[35m[HTTP]&amp#27;[39m &amp#27;[90m{}&amp#27;[39m
[debug] &amp#27;[35m[W3C (71784c92)]&amp#27;[39m Calling AppiumDriver.getScreenshot() with args: ["71784c92-b18a-46c1-a290-17ba74bb3393"]
[debug] &amp#27;[35m[WD Proxy]&amp#27;[39m Matched '/screenshot' to command name 'getScreenshot'
[debug] &amp#27;[35m[WD Proxy]&amp#27;[39m Proxying [GET /screenshot] to [GET http://127.0.0.1:8201/wd/hub/session/e1a92ac3-39a4-4fa6-92fc-7041064cc14a/screenshot] with no body
[debug] &amp#27;[35m[WD Proxy]&amp#27;[39m Got response with status 200: {"sessionId":"e1a92ac3-39a4-4fa6-92fc-7041064cc14a","value":"iVBORw0KGgoAAAANSUhEUgAABaAAAAoACAYAAABH9IXPAAAAAXNSR0IArs4c6QAAAARzQklUCAgI\nCHwIZIgAACAASURBVHic7N13nFTlvT/w77ILCAgLiCAqoFIsWNF4jaISMaBiB6+iERX0XhWDhZjE\naALGFKMxEmPwRmNBAzYkVlQsMVcD2KJRVFCkKKErvcqyvz+88GPd3Zktc2a2vN+vl6+XnOc5z/nO\n7HOmfObMM3kRURwAAAAAAJBhDXJdAAAAAAAAdZMAGgAAAACARAigAQAAAABIhAAaAAAAAIBECKAB\nAAAAAEiEABoAAAAAgEQIoAEAAAAASIQAGgAAAACARAigAQAAAABIhAAaAAAAAIBECKABAAAAAEiE\nABoAAAAAgEQIoAEAAAAASIQAGgAAAACARAigAQAAAABIhAAaAAAAAIBECKABAAAAAEiEABoAAAAA\ngEQU5LoAAAAAAICaaLfddos5c+bkuowYMWJEhfuOGTOmRtS8RV5EFOe6CAAAAACAmuSiiy6KAw88\nMIYOHZrrUqK4uOIR7ne+85145ZVXkiumkizBAQAAAACwjQsvvDDuvPPOXJdRJwigAQAAAAD+z4UX\nXhh33XVXrsuoMwTQAAAAAAAhfE6CABoAAAAAqPeGDh2a0/D51ltvjWXLlkVxcXGp/yrjb3/7W6n9\nZ8+eXakfMsykgpwcFQAAAACghhg6dGjcfvvtOTv+qFGj4vLLL09s/N122y1GjhwZeXl5MXLkyMSO\nUxZXQAMAAAAA9Vauw+eIiPPOO69OHWdbAmgAAAAAoF6qCeFzRETLli2zcpzddtstK8fZlgAaAAAA\nAKh3akr4XNcJoAEAAACAekX4nD0CaAAAAACg3rjqqqvKDJ/XrFkTy5YtK7GtuLg4W2XVWQJoAAAA\nAKBeGDp0aNxyyy2ltq9evTqO...
[debug] &amp#27;[35m[W3C (71784c92)]&amp#27;[39m Responding to client with driver.getScreenshot() result: "iVBORw0KGgoAAAANSUhEUgAABaAAAAoACAYAAABH9IXPAAAAAXNSR0IArs4c6QAAAARzQklUCAgI\nCHwIZIgAACAASURBVHic7N13nFTlvT/w77ILCAgLiCAqoFIsWNF4jaISMaBiB6+iERX0XhWDhZjE\naALGFKMxEmPwRmNBAzYkVlQsMVcD2KJRVFCkKKErvcqyvz+88GPd3Zktc2a2vN+vl6+XnOc5z/nO\n7HOmfObMM3kRURwAAAAAAJBhDXJdAAAAAAAAdZMAGgAAAACARAigAQAAAABIhAAaAAAAAIBECKAB\nAAAAAEiEABoAAAAAgEQIoAEAAAAASIQAGgAAAACARAigAQAAAABIhAAaAAAAAIBECKABAAAAAEiE\nABoAAAAAgEQIoAEAAAAASIQAGgAAAACARAigAQAAAABIhAAaAAAAAIBECKABAAAAAEiEABoAAAAA\ngEQU5LoAAAAAAICaaLfddos5c+bkuowYMWJEhfuOGTOmRtS8RV5EFOe6CAAAAACAmuSiiy6KAw88\nMIYOHZrrUqK4uOIR7ne+85145ZVXkiumkizBAQAAAACwjQsvvDDuvPPOXJdRJwigAQAAAAD+z4UX\nXhh33XVXrsuoMwTQAAAAAAAhfE6CABoAAAAAqPeGDh2a0/D51ltvjWXLlkVxcXGp/yrjb3/7W6n9\nZ8+eXakfMsykgpwcFQAAAACghhg6dGjcfvvtOTv+qFGj4vLLL09s/N122y1GjhwZeXl5MXLkyMSO\nUxZXQAMAAAAA9Vauw+eIiPPOO69OHWdbAmgAAAAAoF6qCeFzRETLli2zcpzddtstK8fZlgAaAAAA\nAKh3akr4XNcJoAEAAACAekX4nD0CaAAAAACg3rjqqqvKDJ/XrFkTy5YtK7GtuLg4W2XVWQJoAAAA\nAKBeGDp0aNxyyy2ltq9evTqOOeaYWLhwYYnteXl52SqtzhJAAwAAAAB13vDhw8u88nn16tXRu3fv\neOONN3...
&amp#27;[35m[HTTP]&amp#27;[39m &amp#27;[37m<-- GET /wd/hub/session/71784c92-b18a-46c1-a290-17ba74bb3393/screenshot &amp#27;[39m&amp#27;[32m200&amp#27;[39m &amp#27;[90m385 ms - 481190&amp#27;[39m
&amp#27;[35m[HTTP]&amp#27;[39m &amp#27;[90m&amp#27;[39m
&amp#27;[35m[HTTP]&amp#27;[39m &amp#27;[37m-->&amp#27;[39m &amp#27;[37mPOST&amp#27;[39m &amp#27;[37m/wd/hub/session/71784c92-b18a-46c1-a290-17ba74bb3393/appium/compare_images&amp#27;[39m
&amp#27;[35m[HTTP]&amp#27;[39m &amp#27;[90m{"mode":"getSimilarity","firstImage":"iVBORw0KGgoAAAANSUhEUgAABaAAAAoACAYAAABH9IXPAAAAAXNSR0IArs4c6QAAAARzQklUCAgICHwIZIgAACAASURBVHic7N13nFTlvT/w77ILCAgLiCAqoFIsWNF4jaISMaBiB6+iERX0XhWDhZjEaALGFKMxEmPwRmNBAzYkVlQsMVcD2KJRVFCkKKErvcqyvz+88GPd3Zktc2a2vN+vl6+XnOc5z/nO7HOmfObMM3kRURwAAAAAAJBhDXJdAAAAAAAAdZMAGgAAAACARAigAQAAAABIhAAaAAAAAIBECKABAAAAAEiEABoAAAAAgEQIoAEAAAAASIQAGgAAAACARAigAQAAAABIhAAaAAAAAIBECKABAAAAAEiEABoAAAAAgEQIoAEAAAAASIQAGgAAAACARAigAQAAAABIhAAaAAAAAIBECKABAAAAAEiEABoAAAAAgEQU5LoAAAAAAICaaLfddos5c+bkuowYMWJEhfuOGTOmRtS8RV5EFOe6CAAAAACAmuSiiy6KAw88MIYOHZrrUqK4uOIR7ne+85145ZVXkiumkizBAQAAAACwjQsvvDDuvPPOXJdRJwigAQAAAAD+z4UXXhh33XVXrsuoMwTQAAAAAAAhfE6CABoAAAAAqPeGDh2a0/D51ltvjWXLlkVxcXGp/yrjb3/7W6n9Z8+eXakfMsykgpwcFQAAAACghhg6dGjcfvvtOTv+qFGj4vLLL09s/N122y1GjhwZeXl5MXLkyMSOUxZXQAMAAAAA9Vauw+eIiPPOO69OHWdbAmgAAAAAoF6qCeFzRETLli2zcpzddtstK8fZlgAaAAAAAKh3akr4XNcJoAEAAACAekX4nD0CaAAAAACg3rjqqqvKDJ/XrFkTy5YtK7GtuLg4W2XVWQJoAAAAAKBeGDp0aNxyyy2ltq9evTqOOeaYWLhwYYnteXl52SqtzhJAAwAAAAB13vDhw8u88nn16tX...&amp#27;[39m
[debug] &amp#27;[35m[W3C (71784c92)]&amp#27;[39m Calling AppiumDriver.compareImages() with args: ["getSimilarity","iVBORw0KGgoAAAANSUhEUgAABaAAAAoACAYAAABH9IXPAAAAAXNSR0IArs4c6QAAAARzQklUCAgICHwIZIgAACAASURBVHic7N13nFTlvT/w77ILCAgLiCAqoFIsWNF4jaISMaBiB6+iERX0XhWDhZjEaALGFKMxEmPwRmNBAzYkVlQsMVcD2KJRVFCkKKErvcqyvz+88GPd3Zktc2a2vN+vl6+XnOc5z/nO7HOmfObMM3kRURwAAAAAAJBhDXJdAAAAAAAAdZMAGgAAAACARAigAQAAAABIhAAaAAAAAIBECKABAAAAAEiEABoAAAAAgEQIoAEAAAAASIQAGgAAAACARAigAQAAAABIhAAaAAAAAIBECKABAAAAAEiEABoAAAAAgEQIoAEAAAAASIQAGgAAAACARAigAQAAAABIhAAaAAAAAIBECKABAAAAAEiEABoAAAAAgEQU5LoAAAAAAICaaLfddos5c+bkuowYMWJEhfuOGTOmRtS8RV5EFOe6CAAAAACAmuSiiy6KAw88MIYOHZrrUqK4uOIR7ne+85145ZVXkiumkizBAQAAAACwjQsvvDDuvPPOXJdRJwigAQAAAAD+z4UXXhh33XVXrsuoMwTQAAAAAAAhfE6CABoAAAAAqPeGDh2a0/D51ltvjWXLlkVxcXGp/yrjb3/7W6n9Z8+eXakfMsykgpwcFQAAAACghhg6dGjcfvvtOTv+qFGj4vLLL09s/N122y1GjhwZeXl5MXLkyMSOUxZXQAMAAAAA9Vauw+eIiPPOO69OHWdbAmgAAAAAoF6qCeFzRETLli2zcpzddtstK8fZlgAaAAAAAKh3akr4XNcJoAEAAACAekX4nD0CaAAAAACg3rjqqqvKDJ/XrFkTy5YtK7GtuLg4W2XVWQJoAAAAAKBeGDp0aNxyyy2ltq9evTqOOeaYWLhwYYnteXl52SqtzhJAAwAAAAB13vDhw8u88nn16tXRu3fveOONN3JQVd0ngAY...
[debug] &amp#27;[35m[W3C (71784c92)]&amp#27;[39m Responding to client with driver.compareImages() result: {"score":0.999999463558197,"visualization":"iVBORw0KGgoAAAANSUhEUgAAC0AAAAoACAIAAACtAjTvAAAgAElEQVR4AezBf2jc9eHH8de7RvAH+6Z1fr/33WSrP0s+5rvNtSx/BDmvHn7DR1vNRrSdfhaKTYny6aZrhpnWLteP7J/ZzhDSj7CMflUIHS66zQ03z2NtOvTcbZhOwsUPp9LKsTFWbB2RFW3z/kJAiNxdl9bP9dLk+XgYAQAAAAAAAAAAAAAAoKGMAAAAAAAAAAAAAAAA0FBGAAAAAAAAAAAAAAAAaCgjAAAAAAAAAAAAAAAANJQRAAAAAAAAAAAAAAAAGsoIAAAAAAAAAAAAAAAADWUEAAAAAAAAAAAAAACAhjICAAAAAAAAAAAAAABAQxkBAAAAAAAAAAAAAACgoYwAAAAAAAAAAAAAAADQUEYAAAAAAAAAAAAAAABoKCMAAAAAAAAAAAAAAAA0lBEAAAAAAAAAAAAAAAAayggAAAAAAAAAAAAAAAANZQQAAAAAAAAAAAAAAICGMgIAAAAAAAAAAAAAAEBDGQEAAAAAAAAAAAAAAKChjAAAAAAAAAAAAAAAANBQRgAAAAAAAAAAAAAAAGgoIwAAAAAAsLhceeWVhw8fVp0NDAzotJ5++unDhw8LAAAAAADgzF155ZWHDx9WnQ0MDOi0nn766cOHD+ucMAIAAAAAAIvIli1bbrjhBt/3VWfWWp3W2rVrDxw4IAAAAAAAgDO0ZcuWG264wfd91Zm1Vqe1du3aAwcO6JwwAgAAAAAAi0VPT8/IyEgYhr7vq86stTqttWvXHjhwQAAAAAAAAGeip6dnZGQkDEPf91Vn1lqd1tq1aw8cOKBzwggAAAAAACwKPT09IyMjksIw9H1fdWat1WmtXbv2wIEDAgAAAAAAmLeenp6RkRFJYRj6vq86s9bqtNauXXvgwAGdE0YAAAAAAOD819PTMzIyollhGPq+rzqz1uq01q5de+DAAQEAAAAAA...
&amp#27;[35m[HTTP]&amp#27;[39m &amp#27;[37m<-- POST /wd/hub/session/71784c92-b18a-46c1-a290-17ba74bb3393/appium/compare_images &amp#27;[39m&amp#27;[32m200&amp#27;[39m &amp#27;[90m481 ms - 2490056&amp#27;[39m
&amp#27;[35m[HTTP]&amp#27;[39m &amp#27;[90m&amp#27;[39m
Visual check of 'Edit Note Field' passed; similarity match was 0,999999
Searching for Done button
&amp#27;[35m[HTTP]&amp#27;[39m &amp#27;[37m-->&amp#27;[39m &amp#27;[37mGET&amp#27;[39m &amp#27;[37m/wd/hub/session/71784c92-b18a-46c1-a290-17ba74bb3393/context&amp#27;[39m
&amp#27;[35m[HTTP]&amp#27;[39m &amp#27;[90m{}&amp#27;[39m
[debug] &amp#27;[35m[W3C (71784c92)]&amp#27;[39m Calling AppiumDriver.getCurrentContext() with args: ["71784c92-b18a-46c1-a290-17ba74bb3393"]
[debug] &amp#27;[35m[W3C (71784c92)]&amp#27;[39m Responding to client with driver.getCurrentContext() result: "NATIVE_APP"
&amp#27;[35m[HTTP]&amp#27;[39m &amp#27;[37m<-- GET /wd/hub/session/71784c92-b18a-46c1-a290-17ba74bb3393/context &amp#27;[39m&amp#27;[32m200&amp#27;[39m &amp#27;[90m1 ms - 22&amp#27;[39m
&amp#27;[35m[HTTP]&amp#27;[39m &amp#27;[90m&amp#27;[39m
&amp#27;[35m[HTTP]&amp#27;[39m &amp#27;[37m-->&amp#27;[39m &amp#27;[37mPOST&amp#27;[39m &amp#27;[37m/wd/hub/session/71784c92-b18a-46c1-a290-17ba74bb3393/element&amp#27;[39m
&amp#27;[35m[HTTP]&amp#27;[39m &amp#27;[90m{"using":"accessibility id","value":"Done"}&amp#27;[39m
[debug] &amp#27;[35m[W3C (71784c92)]&amp#27;[39m Calling AppiumDriver.findElement() with args: ["accessibility id","Done","71784c92-b18a-46c1-a290-17ba74bb3393"]
[debug] &amp#27;[35m[BaseDriver]&amp#27;[39m Valid locator strategies for this request: xpath, id, class name, accessibility id, -android uiautomator
[debug] &amp#27;[35m[BaseDriver]&amp#27;[39m Waiting up to 10000 ms for condition
[debug] &amp#27;[35m[WD Proxy]&amp#27;[39m Matched '/element' to command name 'findElement'
[debug] &amp#27;[35m[WD Proxy]&amp#27;[39m Proxying [POST /element] to [POST http://127.0.0.1:8201/wd/hub/session/e1a92ac3-39a4-4fa6-92fc-7041064cc14a/element] with body: {"strategy":"accessibility id","selector":"Done","context":"","multiple":false}
[debug] &amp#27;[35m[WD Proxy]&amp#27;[39m Got response with status 200: {"sessionId":"e1a92ac3-39a4-4fa6-92fc-7041064cc14a","value":{"ELEMENT":"0a67c3a3-b571-416c-b3ae-70cd78bb001e","element-6066-11e4-a52e-4f735466cecf":"0a67c3a3-b571-416c-b3ae-70cd78bb001e"}}
[debug] &amp#27;[35m[W3C (71784c92)]&amp#27;[39m Responding to client with driver.findElement() result: {"element-6066-11e4-a52e-4f735466cecf":"0a67c3a3-b571-416c-b3ae-70cd78bb001e","ELEMENT":"0a67c3a3-b571-416c-b3ae-70cd78bb001e"}
&amp#27;[35m[HTTP]&amp#27;[39m &amp#27;[37m<-- POST /wd/hub/session/71784c92-b18a-46c1-a290-17ba74bb3393/element &amp#27;[39m&amp#27;[32m200&amp#27;[39m &amp#27;[90m41 ms - 137&amp#27;[39m
&amp#27;[35m[HTTP]&amp#27;[39m &amp#27;[90m&amp#27;[39m
&amp#27;[35m[HTTP]&amp#27;[39m &amp#27;[37m-->&amp#27;[39m &amp#27;[37mPOST&amp#27;[39m &amp#27;[37m/wd/hub/session/71784c92-b18a-46c1-a290-17ba74bb3393/element/0a67c3a3-b571-416c-b3ae-70cd78bb001e/click&amp#27;[39m
&amp#27;[35m[HTTP]&amp#27;[39m &amp#27;[90m{"id":"0a67c3a3-b571-416c-b3ae-70cd78bb001e"}&amp#27;[39m
[debug] &amp#27;[35m[W3C (71784c92)]&amp#27;[39m Calling AppiumDriver.click() with args: ["0a67c3a3-b571-416c-b3ae-70cd78bb001e","71784c92-b18a-46c1-a290-17ba74bb3393"]
[debug] &amp#27;[35m[WD Proxy]&amp#27;[39m Matched '/element/0a67c3a3-b571-416c-b3ae-70cd78bb001e/click' to command name 'click'
[debug] &amp#27;[35m[WD Proxy]&amp#27;[39m Proxying [POST /element/0a67c3a3-b571-416c-b3ae-70cd78bb001e/click] to [POST http://127.0.0.1:8201/wd/hub/session/e1a92ac3-39a4-4fa6-92fc-7041064cc14a/element/0a67c3a3-b571-416c-b3ae-70cd78bb001e/click] with body: {"element":"0a67c3a3-b571-416c-b3ae-70cd78bb001e"}
[debug] &amp#27;[35m[WD Proxy]&amp#27;[39m Got response with status 200: {"sessionId":"e1a92ac3-39a4-4fa6-92fc-7041064cc14a","value":null}
[debug] &amp#27;[35m[W3C (71784c92)]&amp#27;[39m Responding to client with driver.click() result: null
&amp#27;[35m[HTTP]&amp#27;[39m &amp#27;[37m<-- POST /wd/hub/session/71784c92-b18a-46c1-a290-17ba74bb3393/element/0a67c3a3-b571-416c-b3ae-70cd78bb001e/click &amp#27;[39m&amp#27;[32m200&amp#27;[39m &amp#27;[90m41 ms - 14&amp#27;[39m
&amp#27;[35m[HTTP]&amp#27;[39m &amp#27;[90m&amp#27;[39m
No baseline found for 'Edit Final UP' check; capturing baseline instead of checking
&amp#27;[35m[HTTP]&amp#27;[39m &amp#27;[37m-->&amp#27;[39m &amp#27;[37mGET&amp#27;[39m &amp#27;[37m/wd/hub/session/71784c92-b18a-46c1-a290-17ba74bb3393/screenshot&amp#27;[39m
&amp#27;[35m[HTTP]&amp#27;[39m &amp#27;[90m{}&amp#27;[39m
[debug] &amp#27;[35m[W3C (71784c92)]&amp#27;[39m Calling AppiumDriver.getScreenshot() with args: ["71784c92-b18a-46c1-a290-17ba74bb3393"]
[debug] &amp#27;[35m[WD Proxy]&amp#27;[39m Matched '/screenshot' to command name 'getScreenshot'
[debug] &amp#27;[35m[WD Proxy]&amp#27;[39m Proxying [GET /screenshot] to [GET http://127.0.0.1:8201/wd/hub/session/e1a92ac3-39a4-4fa6-92fc-7041064cc14a/screenshot] with no body
[debug] &amp#27;[35m[WD Proxy]&amp#27;[39m Got response with status 200: {"sessionId":"e1a92ac3-39a4-4fa6-92fc-7041064cc14a","value":"iVBORw0KGgoAAAANSUhEUgAABaAAAAoACAYAAABH9IXPAAAAAXNSR0IArs4c6QAAAARzQklUCAgI\nCHwIZIgAACAASURBVHic7N13nFTlvT/w77ILCAgLiCAqoFIsWNF4jaISMaBiB6+iERX0XhWDhZjE\naALGFKMxEmPwRmNBAzYkVlQsMVcD2KJRVFCkKKErvcqyvz+88GPd3Zktc2a2vN+vl6+XnOc5z/nO\n7HOmfObMM3kRURwAAAAAAJBhDXJdAAAAAAAAdZMAGgAAAACARAigAQAAAABIhAAaAAAAAIBECKAB\nAAAAAEiEABoAAAAAgEQIoAEAAAAASIQAGgAAAACARAigAQAAAABIhAAaAAAAAIBECKABAAAAAEiE\nABoAAAAAgEQIoAEAAAAASIQAGgAAAACARAigAQAAAABIhAAaAAAAAIBECKABAAAAAEiEABoAAAAA\ngEQU5LoAAAAAAICaaLfddos5c+bkuowYMWJEhfuOGTOmRtS8RV5EFOe6CAAAAACAmuSiiy6KAw88\nMIYOHZrrUqK4uOIR7ne+85145ZVXkiumkizBAQAAAACwjQsvvDDuvPPOXJdRJwigAQAAAAD+z4UX\nXhh33XVXrsuoMwTQAAAAAAAhfE6CABoAAAAAqPeGDh2a0/D51ltvjWXLlkVxcXGp/yrjb3/7W6n9\nZ8+eXakfMsykgpwcFQAAAACghhg6dGjcfvvtOTv+qFGj4vLLL09s/N122y1GjhwZeXl5MXLkyMSO\nUxZXQAMAAAAA9Vauw+eIiPPOO69OHWdbAmgAAAAAoF6qCeFzRETLli2zcpzddtstK8fZlgAaAAAA\nAKh3akr4XNcJoAEAAACAekX4nD0CaAAAAACg3rjqqqvKDJ/XrFkTy5YtK7GtuLg4W2XVWQJoAAAA\nAKBeGDp0aNxyyy2ltq9evTqO...
[debug] &amp#27;[35m[W3C (71784c92)]&amp#27;[39m Responding to client with driver.getScreenshot() result: "iVBORw0KGgoAAAANSUhEUgAABaAAAAoACAYAAABH9IXPAAAAAXNSR0IArs4c6QAAAARzQklUCAgI\nCHwIZIgAACAASURBVHic7N13nFTlvT/w77ILCAgLiCAqoFIsWNF4jaISMaBiB6+iERX0XhWDhZjE\naALGFKMxEmPwRmNBAzYkVlQsMVcD2KJRVFCkKKErvcqyvz+88GPd3Zktc2a2vN+vl6+XnOc5z/nO\n7HOmfObMM3kRURwAAAAAAJBhDXJdAAAAAAAAdZMAGgAAAACARAigAQAAAABIhAAaAAAAAIBECKAB\nAAAAAEiEABoAAAAAgEQIoAEAAAAASIQAGgAAAACARAigAQAAAABIhAAaAAAAAIBECKABAAAAAEiE\nABoAAAAAgEQIoAEAAAAASIQAGgAAAACARAigAQAAAABIhAAaAAAAAIBECKABAAAAAEiEABoAAAAA\ngEQU5LoAAAAAAICaaLfddos5c+bkuowYMWJEhfuOGTOmRtS8RV5EFOe6CAAAAACAmuSiiy6KAw88\nMIYOHZrrUqK4uOIR7ne+85145ZVXkiumkizBAQAAAACwjQsvvDDuvPPOXJdRJwigAQAAAAD+z4UX\nXhh33XVXrsuoMwTQAAAAAAAhfE6CABoAAAAAqPeGDh2a0/D51ltvjWXLlkVxcXGp/yrjb3/7W6n9\nZ8+eXakfMsykgpwcFQAAAACghhg6dGjcfvvtOTv+qFGj4vLLL09s/N122y1GjhwZeXl5MXLkyMSO\nUxZXQAMAAAAA9Vauw+eIiPPOO69OHWdbAmgAAAAAoF6qCeFzRETLli2zcpzddtstK8fZlgAaAAAA\nAKh3akr4XNcJoAEAAACAekX4nD0CaAAAAACg3rjqqqvKDJ/XrFkTy5YtK7GtuLg4W2XVWQJoAAAA\nAKBeGDp0aNxyyy2ltq9evTqOOeaYWLhwYYnteXl52SqtzhJAAwAAAAB13vDhw8u88nn16tXRu3fv\neOONN3...
&amp#27;[35m[HTTP]&amp#27;[39m &amp#27;[37m<-- GET /wd/hub/session/71784c92-b18a-46c1-a290-17ba74bb3393/screenshot &amp#27;[39m&amp#27;[32m200&amp#27;[39m &amp#27;[90m557 ms - 481190&amp#27;[39m
&amp#27;[35m[HTTP]&amp#27;[39m &amp#27;[90m&amp#27;[39m
&amp#27;[35m[HTTP]&amp#27;[39m &amp#27;[37m-->&amp#27;[39m &amp#27;[37mPOST&amp#27;[39m &amp#27;[37m/wd/hub/session/71784c92-b18a-46c1-a290-17ba74bb3393/element&amp#27;[39m
&amp#27;[35m[HTTP]&amp#27;[39m &amp#27;[90m{"using":"-android uiautomator","value":"new UiScrollable(new UiSelector()).scrollIntoView(text(\"asperiores repellat.Sed ut\"));"}&amp#27;[39m
[debug] &amp#27;[35m[W3C (71784c92)]&amp#27;[39m Calling AppiumDriver.findElement() with args: ["-android uiautomator","new UiScrollable(new UiSelector()).scrollIntoView(text(\"asperiores repellat.Sed ut\"));","71784c92-b18a-46c1-a290-17ba74bb3393"]
[debug] &amp#27;[35m[BaseDriver]&amp#27;[39m Valid locator strategies for this request: xpath, id, class name, accessibility id, -android uiautomator
[debug] &amp#27;[35m[BaseDriver]&amp#27;[39m Waiting up to 10000 ms for condition
[debug] &amp#27;[35m[WD Proxy]&amp#27;[39m Matched '/element' to command name 'findElement'
[debug] &amp#27;[35m[WD Proxy]&amp#27;[39m Proxying [POST /element] to [POST http://127.0.0.1:8201/wd/hub/session/e1a92ac3-39a4-4fa6-92fc-7041064cc14a/element] with body: {"strategy":"-android uiautomator","selector":"new UiScrollable(new UiSelector()).scrollIntoView(text(\"asperiores repellat.Sed ut\"));","context":"","multiple":false}
&amp#27;[35m[WD Proxy]&amp#27;[39m Got response with status 404: {"sessionId":"e1a92ac3-39a4-4fa6-92fc-7041064cc14a","value":{"error":"no such element","message":"An element could not be located on the page using the given search parameters","stacktrace":"io.appium.uiautomator2.common.exceptions.ElementNotFoundException: An element could not be located on the page using the given search parameters\n\tat io.appium.uiautomator2.handler.FindElement.safeHandle(FindElement.java:73)\n\tat io.appium.uiautomator2.handler.request.SafeRequestHandler.handle(SafeRequestHandler.java:41)\n\tat io.appium.uiautomator2.server.AppiumServlet.handleRequest(AppiumServlet.java:257)\n\tat io.appium.uiautomator2.server.AppiumServlet.handleHttpRequest(AppiumServlet.java:247)\n\tat io.appium.uiautomator2.http.ServerHandler.channelRead(ServerHandler.java:50)\n\tat io.netty.channel.AbstractChannelHandlerContext.invokeChannelRead(AbstractChannelHandlerContext.java:366)\n\tat io.netty.channel.AbstractChannelHandlerContext.invokeChannelRead(AbstractChannelHandlerContext.java:352)\n\tat io.netty.chann...
[debug] &amp#27;[35m[W3C]&amp#27;[39m Matched W3C error code 'no such element' to NoSuchElementError
[debug] &amp#27;[35m[BaseDriver]&amp#27;[39m Waited for 2742 ms so far
[debug] &amp#27;[35m[WD Proxy]&amp#27;[39m Matched '/element' to command name 'findElement'
[debug] &amp#27;[35m[WD Proxy]&amp#27;[39m Proxying [POST /element] to [POST http://127.0.0.1:8201/wd/hub/session/e1a92ac3-39a4-4fa6-92fc-7041064cc14a/element] with body: {"strategy":"-android uiautomator","selector":"new UiScrollable(new UiSelector()).scrollIntoView(text(\"asperiores repellat.Sed ut\"));","context":"","multiple":false}
&amp#27;[35m[WD Proxy]&amp#27;[39m Got response with status 404: {"sessionId":"e1a92ac3-39a4-4fa6-92fc-7041064cc14a","value":{"error":"no such element","message":"An element could not be located on the page using the given search parameters","stacktrace":"io.appium.uiautomator2.common.exceptions.ElementNotFoundException: An element could not be located on the page using the given search parameters\n\tat io.appium.uiautomator2.handler.FindElement.safeHandle(FindElement.java:73)\n\tat io.appium.uiautomator2.handler.request.SafeRequestHandler.handle(SafeRequestHandler.java:41)\n\tat io.appium.uiautomator2.server.AppiumServlet.handleRequest(AppiumServlet.java:257)\n\tat io.appium.uiautomator2.server.AppiumServlet.handleHttpRequest(AppiumServlet.java:247)\n\tat io.appium.uiautomator2.http.ServerHandler.channelRead(ServerHandler.java:50)\n\tat io.netty.channel.AbstractChannelHandlerContext.invokeChannelRead(AbstractChannelHandlerContext.java:366)\n\tat io.netty.channel.AbstractChannelHandlerContext.invokeChannelRead(AbstractChannelHandlerContext.java:352)\n\tat io.netty.chann...
[debug] &amp#27;[35m[W3C]&amp#27;[39m Matched W3C error code 'no such element' to NoSuchElementError
[debug] &amp#27;[35m[BaseDriver]&amp#27;[39m Waited for 5554 ms so far
[debug] &amp#27;[35m[WD Proxy]&amp#27;[39m Matched '/element' to command name 'findElement'
[debug] &amp#27;[35m[WD Proxy]&amp#27;[39m Proxying [POST /element] to [POST http://127.0.0.1:8201/wd/hub/session/e1a92ac3-39a4-4fa6-92fc-7041064cc14a/element] with body: {"strategy":"-android uiautomator","selector":"new UiScrollable(new UiSelector()).scrollIntoView(text(\"asperiores repellat.Sed ut\"));","context":"","multiple":false}
&amp#27;[35m[WD Proxy]&amp#27;[39m Got response with status 404: {"sessionId":"e1a92ac3-39a4-4fa6-92fc-7041064cc14a","value":{"error":"no such element","message":"An element could not be located on the page using the given search parameters","stacktrace":"io.appium.uiautomator2.common.exceptions.ElementNotFoundException: An element could not be located on the page using the given search parameters\n\tat io.appium.uiautomator2.handler.FindElement.safeHandle(FindElement.java:73)\n\tat io.appium.uiautomator2.handler.request.SafeRequestHandler.handle(SafeRequestHandler.java:41)\n\tat io.appium.uiautomator2.server.AppiumServlet.handleRequest(AppiumServlet.java:257)\n\tat io.appium.uiautomator2.server.AppiumServlet.handleHttpRequest(AppiumServlet.java:247)\n\tat io.appium.uiautomator2.http.ServerHandler.channelRead(ServerHandler.java:50)\n\tat io.netty.channel.AbstractChannelHandlerContext.invokeChannelRead(AbstractChannelHandlerContext.java:366)\n\tat io.netty.channel.AbstractChannelHandlerContext.invokeChannelRead(AbstractChannelHandlerContext.java:352)\n\tat io.netty.chann...
[debug] &amp#27;[35m[W3C]&amp#27;[39m Matched W3C error code 'no such element' to NoSuchElementError
[debug] &amp#27;[35m[BaseDriver]&amp#27;[39m Waited for 8371 ms so far
[debug] &amp#27;[35m[WD Proxy]&amp#27;[39m Matched '/element' to command name 'findElement'
[debug] &amp#27;[35m[WD Proxy]&amp#27;[39m Proxying [POST /element] to [POST http://127.0.0.1:8201/wd/hub/session/e1a92ac3-39a4-4fa6-92fc-7041064cc14a/element] with body: {"strategy":"-android uiautomator","selector":"new UiScrollable(new UiSelector()).scrollIntoView(text(\"asperiores repellat.Sed ut\"));","context":"","multiple":false}
&amp#27;[35m[WD Proxy]&amp#27;[39m Got response with status 404: {"sessionId":"e1a92ac3-39a4-4fa6-92fc-7041064cc14a","value":{"error":"no such element","message":"An element could not be located on the page using the given search parameters","stacktrace":"io.appium.uiautomator2.common.exceptions.ElementNotFoundException: An element could not be located on the page using the given search parameters\n\tat io.appium.uiautomator2.handler.FindElement.safeHandle(FindElement.java:73)\n\tat io.appium.uiautomator2.handler.request.SafeRequestHandler.handle(SafeRequestHandler.java:41)\n\tat io.appium.uiautomator2.server.AppiumServlet.handleRequest(AppiumServlet.java:257)\n\tat io.appium.uiautomator2.server.AppiumServlet.handleHttpRequest(AppiumServlet.java:247)\n\tat io.appium.uiautomator2.http.ServerHandler.channelRead(ServerHandler.java:50)\n\tat io.netty.channel.AbstractChannelHandlerContext.invokeChannelRead(AbstractChannelHandlerContext.java:366)\n\tat io.netty.channel.AbstractChannelHandlerContext.invokeChannelRead(AbstractChannelHandlerContext.java:352)\n\tat io.netty.chann...
[debug] &amp#27;[35m[W3C]&amp#27;[39m Matched W3C error code 'no such element' to NoSuchElementError
[debug] &amp#27;[35m[W3C (71784c92)]&amp#27;[39m Encountered internal error running command: NoSuchElementError: An element could not be located on the page using the given search parameters.
[debug] &amp#27;[35m[W3C (71784c92)]&amp#27;[39m     at AndroidUiautomator2Driver.findElOrEls (C:\Users\T1170\AppData\Roaming\npm\node_modules\appium\node_modules\appium-android-driver\lib\commands\find.js:75:11)
[debug] &amp#27;[35m[W3C (71784c92)]&amp#27;[39m     at processTicksAndRejections (internal/process/task_queues.js:97:5)
&amp#27;[35m[HTTP]&amp#27;[39m &amp#27;[37m<-- POST /wd/hub/session/71784c92-b18a-46c1-a290-17ba74bb3393/element &amp#27;[39m&amp#27;[33m404&amp#27;[39m &amp#27;[90m11197 ms - 492&amp#27;[39m
&amp#27;[35m[HTTP]&amp#27;[39m &amp#27;[90m&amp#27;[39m
&amp#27;[35m[HTTP]&amp#27;[39m &amp#27;[37m-->&amp#27;[39m &amp#27;[37mGET&amp#27;[39m &amp#27;[37m/wd/hub/session/71784c92-b18a-46c1-a290-17ba74bb3393/screenshot&amp#27;[39m
&amp#27;[35m[HTTP]&amp#27;[39m &amp#27;[90m{}&amp#27;[39m
[debug] &amp#27;[35m[W3C (71784c92)]&amp#27;[39m Calling AppiumDriver.getScreenshot() with args: ["71784c92-b18a-46c1-a290-17ba74bb3393"]
[debug] &amp#27;[35m[WD Proxy]&amp#27;[39m Matched '/screenshot' to command name 'getScreenshot'
[debug] &amp#27;[35m[WD Proxy]&amp#27;[39m Proxying [GET /screenshot] to [GET http://127.0.0.1:8201/wd/hub/session/e1a92ac3-39a4-4fa6-92fc-7041064cc14a/screenshot] with no body
[debug] &amp#27;[35m[WD Proxy]&amp#27;[39m Got response with status 200: {"sessionId":"e1a92ac3-39a4-4fa6-92fc-7041064cc14a","value":"iVBORw0KGgoAAAANSUhEUgAABaAAAAoACAYAAABH9IXPAAAAAXNSR0IArs4c6QAAAARzQklUCAgI\nCHwIZIgAACAASURBVHic7N1PbJR3fvjxz2Bjj52AEwMBbNQlCVqxDO5GjULUKoSk3RL2sKukWsnd\nXJDa7YlD/2wvnJpbL1ttD+2llSJxipBWSqoeSqKqBcwl7CUrMElWzpJW2JgEmxATxjZ/5nfYX9KA\nbeI/85nHnnm9pJXwMzPf54P0HLxvvvlOKSJqAQAAAAAAdbau6AEAAAAAAGhOAjQAAAAAACkEaAAA\nAAAAUgjQAAAAAACkEKABAAAAAEghQAMAAAAAkEKABgAAAAAghQANAAAAAEAKARoAAAAAgBQCNAAA\nAAAAKQRoAAAAAABSCNAAAAAAAKQQoAEAAAAASCFAAwAAAACQQoAGAAAAACCFAA0AAAAAQAoBGgAA\nAACAFAI0AAAAAAAp2oseAAAAAABgNdq5c2d8/PHHRY8Rf/d3f7fo9x47dmxVzPylUkTUih4CAAAA\nAGA1+Yu/+It46qmn4siRI0WPErXa4hPuiy++GCdPnswbZokcwQEAAAAA8DU/+clP4l/+5V+KHqMp\nCNAAAAAAAP/fT37yk/jXf/3XosdoGgI0AAAAAECIzxkEaAAAAACg5R05cqTQ+Pzzn/88rl27FrVa\nbc7/luK///u/53z+4sWLS/oiw3pqL+SuAAAAAACrxJEjR+Kf/umfCrv/P/7jP8Zf/uVfpq2/c+fO\neO2116JUKsVrr72Wdp/52AENAAAAALSsouNzRMThw4eb6j5fJ0ADAAAAAC1pNcTniIhHHnmkIffZ\nuXNnQ+7zdQI0AAAAANByVkt8bnYCNAAAAADQUsTnxhGgAQAAAICW8Td/8zfzxucvvvgirl27ds+1\nWq3WqLGalgANAAAAALSEI0eO...
[debug] &amp#27;[35m[W3C (71784c92)]&amp#27;[39m Responding to client with driver.getScreenshot() result: "iVBORw0KGgoAAAANSUhEUgAABaAAAAoACAYAAABH9IXPAAAAAXNSR0IArs4c6QAAAARzQklUCAgI\nCHwIZIgAACAASURBVHic7N1PbJR3fvjxz2Bjj52AEwMBbNQlCVqxDO5GjULUKoSk3RL2sKukWsnd\nXJDa7YlD/2wvnJpbL1ttD+2llSJxipBWSqoeSqKqBcwl7CUrMElWzpJW2JgEmxATxjZ/5nfYX9KA\nbeI/85nHnnm9pJXwMzPf54P0HLxvvvlOKSJqAQAAAAAAdbau6AEAAAAAAGhOAjQAAAAAACkEaAAA\nAAAAUgjQAAAAAACkEKABAAAAAEghQAMAAAAAkEKABgAAAAAghQANAAAAAEAKARoAAAAAgBQCNAAA\nAAAAKQRoAAAAAABSCNAAAAAAAKQQoAEAAAAASCFAAwAAAACQQoAGAAAAACCFAA0AAAAAQAoBGgAA\nAACAFAI0AAAAAAAp2oseAAAAAABgNdq5c2d8/PHHRY8Rf/d3f7fo9x47dmxVzPylUkTUih4CAAAA\nAGA1+Yu/+It46qmn4siRI0WPErXa4hPuiy++GCdPnswbZokcwQEAAAAA8DU/+clP4l/+5V+KHqMp\nCNAAAAAAAP/fT37yk/jXf/3XosdoGgI0AAAAAECIzxkEaAAAAACg5R05cqTQ+Pzzn/88rl27FrVa\nbc7/luK///u/53z+4sWLS/oiw3pqL+SuAAAAAACrxJEjR+Kf/umfCrv/P/7jP8Zf/uVfpq2/c+fO\neO2116JUKsVrr72Wdp/52AENAAAAALSsouNzRMThw4eb6j5fJ0ADAAAAAC1pNcTniIhHHnmkIffZ\nuXNnQ+7zdQI0AAAAANByVkt8bnYCNAAAAADQUsTnxhGgAQAAAICW8Td/8zfzxucvvvgirl27ds+1\nWq3WqLGalgANAAAAALSEI0eOxD/8wz/MuX7jxo34wz/8wxgfH7/neqlUatRoTUuABgAAAACa3k9/\n+tN5dz...
&amp#27;[35m[HTTP]&amp#27;[39m &amp#27;[37m<-- GET /wd/hub/session/71784c92-b18a-46c1-a290-17ba74bb3393/screenshot &amp#27;[39m&amp#27;[32m200&amp#27;[39m &amp#27;[90m346 ms - 240344&amp#27;[39m
&amp#27;[35m[HTTP]&amp#27;[39m &amp#27;[90m&amp#27;[39m
]]></system-out>
    <system-err><![CDATA[rugp. 24, 2020 5:31:37 POPIET io.appium.java_client.remote.AppiumCommandExecutor$1 lambda$0
INFO: Detected dialect: W3C
]]></system-err>
  </testcase>
</testsuite>