<?xml version="1.0" encoding="UTF-8"?>
<!-- Generated by org.testng.reporters.JUnitReportReporter -->
<testsuite hostname="T1170" failures="0" tests="1" name="practise.SecureNoteItem_Create_Edit_Delete" time="89.415" errors="0" timestamp="07 Sep 2020 13:06:25 GMT" skipped="0">
  <testcase classname="practise.SecureNoteItem_Create_Edit_Delete" name="SecureNoteTest" time="89.415"/>
</testsuite> <!-- practise.SecureNoteItem_Create_Edit_Delete -->
