<?xml version="1.0" encoding="UTF-8"?>
<!-- Generated by org.testng.reporters.JUnitReportReporter -->
<testsuite hostname="T1170" failures="0" tests="1" name="practise.SecureNoteItem_Create_Edit_Delete" time="62.728" errors="0" timestamp="08 Sep 2020 08:03:01 GMT" skipped="0">
  <testcase classname="practise.SecureNoteItem_Create_Edit_Delete" name="SecureNoteTest" time="62.728"/>
</testsuite> <!-- practise.SecureNoteItem_Create_Edit_Delete -->
